0.01 0 0.00010165 0.000168964 0.000208028 0.000275341 0.000376991
0.51 0 0.00518412 0.00861713 0.0106094 0.0140424 0.0192265
1.01 0 0.0102665 0.0170652 0.0210106 0.0278093 0.0380758
1.51 0 0.0153489 0.0255131 0.0314117 0.0415759 0.0569248
2.01 0 0.020431 0.0339608 0.0418124 0.0553422 0.0757732
2.52 0 0.0256147 0.042577 0.0524208 0.0693831 0.0949978
3.03 0 0.030798 0.0511929 0.0630285 0.0834234 0.114221
3.54 0 0.0359811 0.0598082 0.0736357 0.0974628 0.133444
4.05 0 0.0411637 0.0684228 0.0842421 0.111501 0.152665
4.56 0 0.046346 0.0770368 0.0948476 0.125538 0.171884
5.07 0 0.0515278 0.08565 0.105452 0.139574 0.191102
5.58 0 0.0531589 0.0879518 0.122366 0.157159 0.210318
6.09 0 0.0532309 0.0880709 0.141461 0.176301 0.229532
6.6 0 0.0533029 0.0881901 0.160553 0.19544 0.248743
7.11 0 0.0533749 0.0883092 0.179642 0.214577 0.267952
7.62 0 0.0534469 0.0884283 0.198729 0.233711 0.287157
8.13 0 0.0535189 0.0885474 0.217813 0.252842 0.306361
8.64 0 0.0535909 0.0886665 0.236894 0.27197 0.32556
9.15 0 0.0536628 0.0887855 0.255971 0.291094 0.344757
9.66 0 0.0537348 0.0889046 0.275045 0.310215 0.36395
10.17 0 0.0538067 0.0890236 0.294116 0.329332 0.383139
10.68 0 0.0538786 0.0891425 0.313182 0.348446 0.402324
11.19 0 0.0539505 0.0892615 0.332244 0.367555 0.421506
11.7 0 0.0540224 0.0893804 0.351302 0.38666 0.440682
12.21 0 0.0540942 0.0894993 0.370355 0.405761 0.459855
12.72 0 0.0541661 0.0896182 0.389404 0.424856 0.479022
13.23 0 0.0542379 0.089737 0.408448 0.443947 0.498185
13.74 0 0.0543097 0.0898559 0.427487 0.463033 0.517343
14.25 0 0.0543815 0.0899746 0.44652 0.482113 0.536495
14.76 0 0.0544533 0.0900934 0.465548 0.501188 0.555642
15.27 0 0.054525 0.0902121 0.484571 0.520258 0.574783
15.78 0 0.0545968 0.0903307 0.503587 0.539321 0.593918
16.28 0 0.0546671 0.0904471 0.522225 0.558005 0.612672
16.78 0 0.0547373 0.0905633 0.540856 0.576682 0.63142
17.28 0 0.0548076 0.0906796 0.559482 0.595354 0.650162
17.78 0 0.0548778 0.0907957 0.578101 0.614019 0.668897
18.28 0 0.054948 0.0909119 0.596714 0.632678 0.687626
18.78 0 0.0550182 0.091028 0.61532 0.651329 0.706348
19.28 0 0.0550883 0.0911441 0.633918 0.669974 0.725062
19.78 0 0.0551585 0.0912601 0.65251 0.688612 0.74377
20.28 0 0.0552286 0.0913761 0.671095 0.707242 0.762471
20.78 0 0.0552986 0.091492 0.689672 0.725865 0.781164
21.28 0 0.0553687 0.0916079 0.708241 0.74448 0.799849
21.78 0 0.0554387 0.0917237 0.726803 0.763088 0.818526
22.28 0 0.0555087 0.0918395 0.745356 0.781687 0.837196
22.78 0 0.0555786 0.0919552 0.763901 0.800278 0.855857
23.28 0 0.0556485 0.0920709 0.782438 0.818861 0.874509
23.78 0 0.0557184 0.0921865 0.800966 0.837435 0.893153
24.28 0 0.0557883 0.0923021 0.819486 0.856 0.911788
24.78 0 0.0558581 0.0924176 0.837997 0.874556 0.930414
25.28 0 0.0559279 0.092533 0.856498 0.893103 0.949031
25.78 0 0.0559976 0.0926484 0.87499 0.911641 0.967639
26.28 0 0.0560673 0.0927638 0.893473 0.930169 0.986237
26.78 0 0.056137 0.0928791 0.911946 0.948688 1.00482
27.28 0 0.0562066 0.0929943 0.930409 0.967197 1.0234
27.78 0 0.0562762 0.0931094 0.948862 0.985695 1.04197
28.28 0 0.0563458 0.0932245 0.967305 1.00418 1.06053
28.78 0 0.0564153 0.0933395 0.985738 1.02266 1.07908
29.28 0 0.0564848 0.0934545 1.00416 1.04113 1.09761
29.78 0 0.0565542 0.0935694 1.02257 1.05959 1.11614
30.28 0 0.0566236 0.0936842 1.04097 1.07803 1.13465
30.78 0 0.056693 0.093799 1.05936 1.09647 1.15316
31.28 0 0.0567623 0.0939137 1.07774 1.11489 1.17165
31.78 0 0.0568316 0.0940283 1.0961 1.1333 1.19013
32.29 0 0.0569022 0.0941451 1.11483 1.15207 1.20897
32.8 0 0.0569728 0.0942619 1.13353 1.17082 1.2278
33.31 0 0.0570433 0.0943785 1.15223 1.18957 1.24661
33.82 0 0.0571138 0.0944951 1.17092 1.2083 1.26541
34.33 0 0.0571842 0.0946116 1.18959 1.22701 1.2842
34.84 0 0.0572545 0.0947281 1.20824 1.24572 1.30297
35.35 0 0.0573249 0.0948444 1.22689 1.26441 1.32173
35.86 0 0.0573951 0.0949607 1.24552 1.28309 1.34048
36.37 0 0.0574654 0.0950769 1.26414 1.30175 1.35921
36.88 0 0.0575355 0.095193 1.28274 1.3204 1.37793
37.39 0 0.0576056 0.095309 1.30133 1.33903 1.39664
37.9 0 0.0576757 0.0954249 1.31991 1.35766 1.41533
38.41 0 0.0577457 0.0955407 1.33847 1.37626 1.43401
38.92 0 0.0578157 0.0956564 1.35701 1.39485 1.45267
39.43 0 0.0578856 0.0957721 1.37554 1.41343 1.47132
39.94 0 0.0579554 0.0958876 1.39406 1.43199 1.48995
40.45 0 0.0580252 0.0960031 1.41256 1.45054 1.50856
40.96 0 0.0580949 0.0961184 1.43105 1.46907 1.52717
41.47 0 0.0581646 0.0962337 1.44952 1.48759 1.54575
41.98 0 0.0582342 0.0963489 1.46797 1.50609 1.56432
42.49 0 0.0583037 0.0964639 1.48641 1.52457 1.58287
43 0 0.0583732 0.0965789 1.50483 1.54304 1.60141
43.51 0 0.0584426 0.0966938 1.52324 1.56149 1.61993
44.02 0 0.058512 0.0968085 1.54163 1.57992 1.63844
44.53 0 0.0585813 0.0969232 1.56 1.59834 1.65692
45.04 0 0.0586505 0.0970377 1.57836 1.61674 1.67539
45.55 0 0.0587197 0.0971522 1.5967 1.63513 1.69385
46.06 0 0.0587888 0.0972665 1.61502 1.65349 1.71228
46.57 0 0.0588578 0.0973807 1.63332 1.67184 1.7307
47.08 0 0.0589268 0.0974948 1.65161 1.69018 1.7491
47.59 0 0.0589957 0.0976088 1.66988 1.70849 1.76748
48.1 0 0.0590645 0.0977227 1.68813 1.72678 1.78585
48.61 0 0.0591333 0.0978365 1.70636 1.74506 1.80419
49.12 0 0.059202 0.0979502 1.72457 1.76332 1.82252
49.63 0 0.0592706 0.0980637 1.74277 1.78156 1.84083
50.14 0 0.0593392 0.0981771 1.76094 1.79978 1.85912
50.65 0 0.0594077 0.0982904 1.7791 1.81798 1.87739
51.16 0 0.0594761 0.0984036 1.79724 1.83617 1.89564
51.67 0 0.0595444 0.0985167 1.81536 1.85433 1.91387
52.18 0 0.0596127 0.0986296 1.83346 1.87247 1.93209
52.69 0 0.0596809 0.0987425 1.85154 1.8906 1.95028
53.2 0 0.059749 0.0988552 1.8696 1.9087 1.96845
53.71 0 0.059817 0.0989677 1.88764 1.92679 1.9866
54.22 0 0.059885 0.0990802 1.90566 1.94485 2.00474
54.73 0 0.0599529 0.0991925 1.92366 1.96289 2.02285
55.24 0 0.0600213 0.0993057 1.94163 1.98092 2.04094
55.75 0 0.0600884 0.0994168 1.95959 1.99892 2.05901
56.26 0 0.0601561 0.0995287 1.97753 2.0169 2.07706
56.77 0 0.0602237 0.0996405 1.99544 2.03486 2.09508
57.28 0 0.0602911 0.0997522 2.01334 2.0528 2.11309
57.79 0 0.0603586 0.0998637 2.03121 2.07071 2.13107
58.3 0 0.0604259 0.0999751 2.04906 2.08861 2.14903
58.81 0 0.0604931 0.100086 2.06689 2.10648 2.16697
59.32 0 0.0605603 0.100197 2.08469 2.12433 2.18489
59.83 0 0.0606274 0.100308 2.10248 2.14216 2.20279
60.34 0 0.0606944 0.100419 2.12024 2.15997 2.22066
60.85 0 0.0607613 0.10053 2.13798 2.17775 2.23851
61.36 0 0.0608281 0.100641 2.1557 2.19551 2.25634
61.87 0 0.0608948 0.100751 2.17339 2.21325 2.27414
62.38 0 0.0609615 0.100861 2.19106 2.23096 2.29192
62.89 0 0.061028 0.100971 2.20871 2.24865 2.30968
63.4 0 0.0610945 0.101081 2.22633 2.26632 2.32741
63.91 0 0.0611609 0.101191 2.24393 2.28396 2.34512
64.41 0 0.0612259 0.101299 2.26116 2.30123 2.36246
64.91 0 0.0612908 0.101406 2.27837 2.31848 2.37977
65.41 0 0.0613556 0.101513 2.29555 2.33571 2.39706
65.91 0 0.0614203 0.10162 2.31271 2.35291 2.41433
66.41 0 0.061485 0.101727 2.32985 2.37009 2.43158
66.91 0 0.0615495 0.101834 2.34696 2.38725 2.4488
67.41 0 0.061614 0.101941 2.36405 2.40438 2.46599
67.91 0 0.0616783 0.102047 2.38112 2.42149 2.48317
68.41 0 0.0617426 0.102154 2.39816 2.43857 2.50031
68.91 0 0.0618068 0.10226 2.41518 2.45563 2.51743
69.41 0 0.0618709 0.102366 2.43217 2.47266 2.53453
69.91 0 0.0619349 0.102472 2.44913 2.48967 2.55161
70.41 0 0.0619988 0.102577 2.46608 2.50665 2.56865
70.91 0 0.0620626 0.102683 2.48299 2.52361 2.58567
71.41 0 0.0621263 0.102788 2.49988 2.54055 2.60267
71.91 0 0.0621899 0.102894 2.51675 2.55745 2.61964
72.41 0 0.0622534 0.102999 2.53359 2.57433 2.63659
72.91 0 0.0623168 0.103104 2.5504 2.59119 2.65351
73.41 0 0.0623802 0.103208 2.56719 2.60802 2.6704
73.91 0 0.0624434 0.103313 2.58395 2.62482 2.68727
74.41 0 0.0625065 0.103417 2.60069 2.6416 2.70411
74.91 0 0.0625695 0.103522 2.6174 2.65835 2.72092
75.41 0 0.0626324 0.103626 2.63408 2.67507 2.73771
75.91 0 0.0626953 0.10373 2.65074 2.69177 2.75447
76.41 0 0.0627583 0.103834 2.66736 2.70844 2.7712
76.91 0 0.0628206 0.103937 2.68397 2.72508 2.7879
77.41 0 0.0628831 0.104041 2.70054 2.7417 2.80458
77.91 0 0.0629455 0.104144 2.71709 2.75828 2.82123
78.41 0 0.0630078 0.104247 2.7336 2.77484 2.83785
78.91 0 0.06307 0.10435 2.7501 2.79138 2.85445
79.41 0 0.0631321 0.104453 2.76656 2.80788 2.87101
79.91 0 0.0631941 0.104555 2.78299 2.82435 2.88755
80.41 0 0.0632564 0.104659 2.7994 2.8408 2.90406
80.91 0 0.063318 0.10476 2.81578 2.85722 2.92054
81.41 0 0.0633794 0.104862 2.83213 2.87361 2.93699
81.91 0 0.063441 0.104964 2.84845 2.88997 2.95341
82.41 0 0.0635024 0.105065 2.86474 2.9063 2.9698
82.91 0 0.0635638 0.105167 2.881 2.9226 2.98617
83.41 0 0.063625 0.105268 2.89723 2.93888 3.0025
83.91 0 0.0636861 0.105369 2.91344 2.95512 3.01881
84.41 0 0.0637473 0.105471 2.92961 2.97134 3.03508
84.91 0 0.063808 0.105571 2.94576 2.98752 3.05133
85.41 0 0.0638688 0.105671 2.96187 3.00367 3.06754
85.91 0 0.0639296 0.105772 2.97796 3.0198 3.08373
86.41 0 0.06399 0.105872 2.99401 3.03589 3.09988
86.91 0 0.0640504 0.105972 3.01003 3.05195 3.11601
87.41 0 0.0641108 0.106072 3.02603 3.06799 3.1321
87.91 0 0.064171 0.106171 3.04199 3.08399 3.14816
88.41 0 0.0642311 0.106271 3.05792 3.09996 3.16419
88.91 0 0.064291 0.10637 3.07382 3.1159 3.18019
89.41 0 0.0643509 0.106469 3.08969 3.13181 3.19616
89.91 0 0.0644107 0.106568 3.10553 3.14768 3.2121
90.41 0 0.0644702 0.106666 3.12133 3.16353 3.228
90.91 0 0.0645702 0.106858 3.13702 3.1793 3.24387
91.41 0 0.0648695 0.107488 3.15223 3.19485 3.25971
91.91 0 0.0653565 0.108299 3.16723 3.21017 3.27552
92.41 0 0.0658426 0.109108 3.18219 3.22546 3.2913
92.91 0 0.0663276 0.109915 3.19713 3.24072 3.30704
93.41 0 0.0668117 0.11072 3.21204 3.25594 3.32276
93.91 0 0.0672947 0.111524 3.22691 3.27114 3.33844
94.41 0 0.0677768 0.112326 3.24175 3.2863 3.35408
94.91 0 0.0682577 0.113126 3.25657 3.30144 3.36969
95.41 0 0.0687378 0.113925 3.27135 3.31654 3.38527
95.91 0 0.0692167 0.114722 3.2861 3.3316 3.40082
96.41 0 0.0696946 0.115517 3.30081 3.34664 3.41633
96.91 0 0.0701715 0.116311 3.3155 3.36164 3.43181
97.41 0 0.0706473 0.117103 3.33015 3.37661 3.44726
97.91 0 0.0711221 0.117893 3.34477 3.39154 3.46267
98.41 0 0.0715959 0.118681 3.35936 3.40645 3.47804
98.91 0 0.0720686 0.119468 3.37392 3.42132 3.49338
99.41 0 0.0725399 0.120252 3.38844 3.43615 3.50869
99.91 0 0.0730107 0.121036 3.40293 3.45096 3.52397
100.41 0 0.0734802 0.121817 3.41739 3.46572 3.5392
100.91 0 0.0739486 0.122596 3.43181 3.48046 3.55441
101.41 0 0.0744159 0.123374 3.4462 3.49516 3.56958
101.91 0 0.0748822 0.12415 3.46056 3.50983 3.58471
102.41 0 0.0753472 0.124923 3.47488 3.52446 3.59981
102.91 0 0.0758114 0.125696 3.48917 3.53906 3.61487
103.41 0 0.0762743 0.126466 3.50343 3.55362 3.6299
103.91 0 0.0767362 0.127235 3.51765 3.56815 3.64489
104.41 0 0.0771969 0.128002 3.53184 3.58265 3.65984
104.91 0 0.0776565 0.128766 3.54599 3.5971 3.67476
105.41 0 0.078115 0.129529 3.56011 3.61153 3.68964
105.91 0 0.0785724 0.13029 3.5742 3.62592 3.70449
106.41 0 0.0790287 0.13105 3.58825 3.64027 3.7193
106.91 0 0.0794838 0.131807 3.60226 3.65459 3.73407
107.41 0 0.0799378 0.132563 3.61624 3.66887 3.74881
107.91 0 0.0803907 0.133316 3.63019 3.68312 3.76351
108.41 0 0.0808424 0.134068 3.6441 3.69733 3.77817
108.91 0 0.081293 0.134818 3.65797 3.7115 3.79279
109.41 0 0.0817424 0.135565 3.67181 3.72564 3.80738
109.91 0 0.0821906 0.136311 3.68562 3.73974 3.82193
110.41 0 0.0826375 0.137055 3.69939 3.7538 3.83644
110.91 0 0.0830836 0.137797 3.71312 3.76783 3.85091
111.41 0 0.0835284 0.138537 3.72681 3.78182 3.86535
111.91 0 0.083972 0.139276 3.74047 3.79578 3.87975
112.41 0 0.0844144 0.140012 3.7541 3.80969 3.89411
112.91 0 0.0848556 0.140746 3.76768 3.82357 3.90843
113.41 0 0.0852956 0.141478 3.78123 3.83742 3.92271
113.91 0 0.0857344 0.142208 3.79475 3.85122 3.93695
114.41 0 0.0861721 0.142937 3.80822 3.86499 3.95116
114.91 0 0.0866085 0.143663 3.82166 3.87872 3.96533
115.41 0 0.0870437 0.144387 3.83507 3.89241 3.97945
115.91 0 0.0874778 0.145109 3.84843 3.90606 3.99354
116.41 0 0.0879106 0.145829 3.86176 3.91968 4.00759
116.91 0 0.0883421 0.146548 3.87505 3.93325 4.0216
117.41 0 0.0887725 0.147264 3.8883 3.94679 4.03556
117.91 0 0.0892016 0.147978 3.90152 3.96029 4.04949
118.41 0 0.0896295 0.14869 3.91469 3.97375 4.06338
118.91 0 0.0900562 0.1494 3.92783 3.98718 4.07723
119.41 0 0.0904816 0.150108 3.94093 4.00056 4.09104
119.91 0 0.0909058 0.150814 3.95399 4.0139 4.10481
120.41 0 0.0913288 0.151517 3.96702 4.02721 4.11854
120.91 0 0.0917505 0.152219 3.98 4.04047 4.13222
121.41 0 0.0921709 0.152919 3.99295 4.0537 4.14587
121.91 0 0.09259 0.153616 4.00586 4.06689 4.15948
122.41 0 0.0930078 0.154312 4.01873 4.08003 4.17304
122.91 0 0.093424 0.155004 4.03156 4.09314 4.18656
123.41 0 0.0938388 0.155695 4.04435 4.10621 4.20004
123.91 0 0.0942524 0.156383 4.0571 4.11923 4.21348
124.41 0 0.0946647 0.157069 4.06981 4.13222 4.22688
124.91 0 0.0950757 0.157753 4.08249 4.14517 4.24024
125.41 0 0.0954855 0.158435 4.09512 4.15807 4.25356
125.91 0 0.0958939 0.159115 4.10771 4.17094 4.26683
126.41 0 0.096301 0.159792 4.12027 4.18376 4.28006
126.91 0 0.0967069 0.160468 4.13278 4.19654 4.29325
127.41 0 0.0971114 0.161141 4.14525 4.20928 4.3064
127.91 0 0.0975146 0.161812 4.15769 4.22199 4.3195
128.42 0 0.0979246 0.162494 4.17033 4.2349 4.33282
128.93 0 0.0983332 0.163174 4.18293 4.24777 4.3461
129.44 0 0.0987404 0.163852 4.19548 4.26059 4.35933
129.95 0 0.0991462 0.164528 4.20799 4.27338 4.37252
130.46 0 0.0995506 0.165201 4.22046 4.28611 4.38566
130.97 0 0.0999537 0.165871 4.23289 4.29881 4.39876
131.48 0 0.100355 0.16654 4.24528 4.31146 4.41182
131.99 0 0.100755 0.167205 4.25762 4.32407 4.42482
132.5 0 0.101153 0.167868 4.26992 4.33663 4.43779
133.01 0 0.10155 0.168528 4.28218 4.34915 4.4507
133.52 0 0.101945 0.169186 4.29439 4.36163 4.46357
134.03 0 0.102339 0.169842 4.30656 4.37406 4.4764
134.54 0 0.102731 0.170495 4.31868 4.38645 4.48918
135.05 0 0.103122 0.171146 4.33077 4.39879 4.50191
135.56 0 0.103512 0.171795 4.3428 4.41109 4.5146
136.07 0 0.1039 0.172441 4.3548 4.42334 4.52724
136.58 0 0.104287 0.173085 4.36675 4.43555 4.53983
137.09 0 0.104673 0.173727 4.37866 4.44771 4.55238
137.6 0 0.105057 0.174366 4.39052 4.45983 4.56488
138.11 0 0.105439 0.175003 4.40233 4.4719 4.57734
138.62 0 0.10582 0.175637 4.41411 4.48392 4.58974
139.13 0 0.1062 0.176269 4.42583 4.4959 4.6021
139.64 0 0.106578 0.176899 4.43752 4.50784 4.61442
140.15 0 0.106955 0.177526 4.44916 4.51973 4.62668
140.66 0 0.10733 0.178151 4.46075 4.53157 4.6389
141.17 0 0.107703 0.178771 4.4723 4.54337 4.65107
141.68 0 0.108074 0.17939 4.4838 4.55512 4.66319
142.19 0 0.108444 0.180006 4.49526 4.56682 4.67527
142.7 0 0.108812 0.180619 4.50667 4.57848 4.68729
143.21 0 0.109179 0.18123 4.51804 4.59009 4.69927
143.72 0 0.109544 0.181839 4.52936 4.60166 4.7112
144.23 0 0.109908 0.182445 4.54064 4.61317 4.72308
144.74 0 0.11027 0.183048 4.55187 4.62465 4.73492
145.25 0 0.110631 0.183649 4.56305 4.63607 4.7467
145.76 0 0.110991 0.184248 4.57419 4.64745 4.75844
146.27 0 0.111349 0.184844 4.58528 4.65877 4.77012
146.78 0 0.111705 0.185438 4.59632 4.67006 4.78176
147.29 0 0.11206 0.186029 4.60732 4.68129 4.79335
147.8 0 0.112414 0.186617 4.61827 4.69248 4.80489
148.31 0 0.112765 0.187204 4.62918 4.70361 4.81638
148.82 0 0.113116 0.187787 4.64003 4.71471 4.82782
149.33 0 0.113465 0.188368 4.65084 4.72575 4.83921
149.84 0 0.113812 0.188947 4.66161 4.73674 4.85055
150.35 0 0.114158 0.189523 4.67232 4.74769 4.86185
150.86 0 0.114502 0.190095 4.68299 4.75859 4.87309
151.37 0 0.114843 0.190664 4.69362 4.76944 4.88428
151.88 0 0.115183 0.191231 4.70419 4.78024 4.89542
152.39 0 0.115521 0.191794 4.71472 4.79099 4.90651
152.9 0 0.115858 0.192356 4.7252 4.8017 4.91755
153.41 0 0.116193 0.192914 4.73563 4.81235 4.92854
153.92 0 0.116527 0.193471 4.74601 4.82296 4.93948
154.43 0 0.116859 0.194024 4.75635 4.83351 4.95037
154.94 0 0.117189 0.194575 4.76664 4.84402 4.96121
155.45 0 0.117518 0.195123 4.77688 4.85448 4.972
155.96 0 0.117846 0.195669 4.78707 4.86489 4.98274
156.47 0 0.118172 0.196212 4.79721 4.87525 4.99342
156.98 0 0.118496 0.196753 4.8073 4.88556 5.00405
157.49 0 0.118819 0.197291 4.81735 4.89582 5.01464
158 0 0.11914 0.197826 4.82734 4.90603 5.02517
158.51 0 0.11946 0.198359 4.83729 4.91619 5.03565
159.02 0 0.119778 0.198889 4.84719 4.9263 5.04608
159.53 0 0.120094 0.199417 4.85703 4.93636 5.05645
160.04 0 0.120409 0.199942 4.86683 4.94637 5.06678
160.55 0 0.120722 0.200464 4.87658 4.95633 5.07705
161.06 0 0.121034 0.200983 4.88628 4.96623 5.08727
161.57 0 0.121344 0.2015 4.89593 4.97609 5.09743
162.08 0 0.121653 0.202014 4.90554 4.9859 5.10755
162.59 0 0.121959 0.202525 4.91509 4.99565 5.11761
163.1 0 0.122262 0.203031 4.92459 5.00536 5.12762
163.61 0 0.122564 0.203535 4.93405 5.01502 5.13758
164.12 0 0.122865 0.204037 4.94345 5.02462 5.14749
164.63 0 0.123164 0.204535 4.9528 5.03417 5.15734
165.14 0 0.123461 0.205031 4.96211 5.04368 5.16714
165.65 0 0.123756 0.205525 4.97136 5.05313 5.17688
166.16 0 0.12405 0.206015 4.98056 5.06253 5.18658
166.67 0 0.124343 0.206503 4.98971 5.07187 5.19622
167.18 0 0.124634 0.206988 4.99881 5.08117 5.2058
167.69 0 0.124923 0.207471 5.00786 5.09041 5.21533
168.2 0 0.12521 0.20795 5.01686 5.0996 5.22481
168.71 0 0.125496 0.208427 5.02581 5.10874 5.23424
169.22 0 0.12578 0.208902 5.03471 5.11783 5.24361
169.73 0 0.126063 0.209373 5.04356 5.12687 5.25293
170.24 0 0.126344 0.209842 5.05235 5.13585 5.26219
170.75 0 0.126623 0.210308 5.06109 5.14478 5.2714
171.26 0 0.126901 0.210772 5.06979 5.15366 5.28056
171.77 0 0.127177 0.211232 5.07843 5.16248 5.28966
172.28 0 0.127451 0.21169 5.08702 5.17126 5.29871
172.79 0 0.127724 0.212145 5.09556 5.17998 5.3077
173.3 0 0.127995 0.212598 5.10404 5.18864 5.31664
173.81 0 0.128265 0.213047 5.11248 5.19726 5.32552
174.32 0 0.128533 0.213494 5.12086 5.20582 5.33435
174.83 0 0.128799 0.213938 5.12919 5.21433 5.34313
175.34 0 0.129063 0.21438 5.13747 5.22278 5.35185
175.85 0 0.129326 0.214818 5.14569 5.23118 5.36051
176.36 0 0.129587 0.215254 5.15387 5.23953 5.36912
176.87 0 0.129847 0.215687 5.16199 5.24783 5.37767
177.38 0 0.130104 0.216117 5.17006 5.25607 5.38617
177.89 0 0.13036 0.216544 5.17807 5.26426 5.39462
178.4 0 0.130615 0.216969 5.18604 5.27239 5.40301
178.91 0 0.130866 0.217388 5.19395 5.28047 5.41134
179.42 0 0.131115 0.217805 5.20181 5.2885 5.41962
179.93 0 0.131363 0.218219 5.20962 5.29648 5.42784
180.44 0 0.131609 0.21863 5.21737 5.3044 5.436
180.95 0 0.131853 0.219038 5.22508 5.31226 5.44411
181.46 0 0.132096 0.219444 5.23272 5.32007 5.45217
181.97 0 0.132337 0.219847 5.24032 5.32783 5.46017
182.48 0 0.132576 0.220247 5.24786 5.33553 5.46811
182.99 0 0.132814 0.220644 5.25535 5.34318 5.476
183.5 0 0.13305 0.221038 5.26279 5.35078 5.48383
184.01 0 0.133284 0.221429 5.27017 5.35831 5.4916
184.52 0 0.133516 0.221818 5.2775 5.3658 5.49932
185.03 0 0.133747 0.222204 5.28477 5.37323 5.50698
185.54 0 0.133976 0.222587 5.29199 5.3806 5.51458
186.05 0 0.134204 0.222967 5.29916 5.38792 5.52213
186.56 0 0.13443 0.223344 5.30628 5.39519 5.52962
187.07 0 0.134654 0.223718 5.31334 5.4024 5.53705
187.58 0 0.134876 0.22409 5.32034 5.40955 5.54443
188.09 0 0.135096 0.224458 5.32729 5.41665 5.55175
188.6 0 0.135315 0.224824 5.33419 5.4237 5.55901
189.11 0 0.135532 0.225187 5.34103 5.43069 5.56622
189.62 0 0.135748 0.225547 5.34782 5.43762 5.57337
190.13 0 0.135961 0.225904 5.35456 5.4445 5.58046
190.64 0 0.136173 0.226258 5.36124 5.45132 5.5875
191.15 0 0.136384 0.22661 5.36786 5.45809 5.59447
191.66 0 0.136592 0.226958 5.37443 5.4648 5.60139
192.17 0 0.136799 0.227304 5.38095 5.47146 5.60825
192.68 0 0.137004 0.227646 5.38741 5.47806 5.61506
193.19 0 0.137207 0.227986 5.39382 5.4846 5.62181
193.7 0 0.137409 0.228323 5.40017 5.49109 5.6285
194.21 0 0.137609 0.228657 5.40647 5.49752 5.63513
194.72 0 0.137807 0.228988 5.41271 5.50389 5.6417
195.23 0 0.138003 0.229316 5.4189 5.51021 5.64822
195.74 0 0.138197 0.229641 5.42503 5.51648 5.65467
196.25 0 0.13839 0.229963 5.43111 5.52268 5.66107
196.76 0 0.138581 0.230282 5.43713 5.52883 5.66741
197.27 0 0.138771 0.230599 5.4431 5.53493 5.6737
197.78 0 0.138958 0.230912 5.44901 5.54096 5.67992
198.29 0 0.139144 0.231223 5.45487 5.54695 5.68609
198.8 0 0.139328 0.23153 5.46067 5.55287 5.6922
199.31 0 0.13951 0.231835 5.46641 5.55874 5.69825
199.82 0 0.139691 0.232137 5.4721 5.56455 5.70424
200.33 0 0.13987 0.232435 5.47774 5.5703 5.71017
200.84 0 0.140047 0.232731 5.48331 5.576 5.71605
201.35 0 0.140222 0.233024 5.48884 5.58164 5.72186
201.86 0 0.140395 0.233314 5.4943 5.58722 5.72762
202.37 0 0.140567 0.233601 5.49971 5.59275 5.73332
202.88 0 0.140737 0.233885 5.50507 5.59822 5.73895
203.39 0 0.140905 0.234166 5.51037 5.60363 5.74453
203.9 0 0.141071 0.234444 5.51561 5.60898 5.75006
204.41 0 0.141236 0.234719 5.5208 5.61428 5.75552
204.92 0 0.141399 0.234991 5.52593 5.61952 5.76092
205.43 0 0.14156 0.23526 5.531 5.6247 5.76626
205.94 0 0.141719 0.235526 5.53602 5.62983 5.77155
206.45 0 0.141876 0.235789 5.54098 5.6349 5.77677
206.96 0 0.142032 0.236049 5.54589 5.63991 5.78194
207.47 0 0.142186 0.236306 5.55074 5.64486 5.78705
207.98 0 0.142338 0.23656 5.55553 5.64976 5.79209
208.49 0 0.142487 0.23681 5.56027 5.65459 5.79708
209 0 0.142635 0.237057 5.56495 5.65937 5.80201
209.51 0 0.14278 0.237301 5.56958 5.6641 5.80688
210.02 0 0.142924 0.237542 5.57414 5.66876 5.81169
210.53 0 0.143066 0.23778 5.57866 5.67337 5.81644
211.04 0 0.143207 0.238015 5.58311 5.67792 5.82113
211.55 0 0.143345 0.238247 5.58751 5.68241 5.82575
212.06 0 0.143482 0.238476 5.59185 5.68684 5.83032
212.57 0 0.143617 0.238702 5.59613 5.69122 5.83484
213.08 0 0.14375 0.238925 5.60036 5.69553 5.83929
213.59 0 0.143882 0.239145 5.60453 5.69979 5.84368
214.1 0 0.144011 0.239362 5.60864 5.70399 5.84801
214.61 0 0.144139 0.239576 5.6127 5.70814 5.85228
215.12 0 0.144265 0.239787 5.6167 5.71222 5.85649
215.63 0 0.144389 0.239995 5.62064 5.71625 5.86064
216.14 0 0.144512 0.2402 5.62453 5.72021 5.86473
216.65 0 0.144632 0.240401 5.62835 5.72412 5.86875
217.16 0 0.144751 0.2406 5.63212 5.72797 5.87272
217.67 0 0.144868 0.240796 5.63584 5.73176 5.87663
218.18 0 0.144983 0.240989 5.63949 5.7355 5.88048
218.69 0 0.145097 0.241179 5.64309 5.73917 5.88427
219.2 0 0.145208 0.241366 5.64663 5.74279 5.888
219.71 0 0.145318 0.241549 5.65012 5.74635 5.89167
220.22 0 0.145426 0.24173 5.65354 5.74985 5.89527
220.73 0 0.145532 0.241908 5.65691 5.75329 5.89882
221.24 0 0.145637 0.242083 5.66022 5.75667 5.9023
221.75 0 0.145739 0.242254 5.66348 5.75999 5.90573
222.26 0 0.14584 0.242423 5.66667 5.76325 5.90909
222.77 0 0.145939 0.242588 5.66981 5.76646 5.9124
223.28 0 0.146036 0.242751 5.67289 5.7696 5.91564
223.79 0 0.146131 0.24291 5.67591 5.77269 5.91882
224.3 0 0.146224 0.243067 5.67888 5.77572 5.92194
224.81 0 0.146316 0.24322 5.68179 5.77869 5.92501
225.32 0 0.146406 0.24337 5.68463 5.7816 5.92801
225.83 0 0.146494 0.243518 5.68743 5.78445 5.93094
226.34 0 0.14658 0.243662 5.69016 5.78724 5.93382
226.85 0 0.146664 0.243803 5.69284 5.78998 5.93664
227.36 0 0.146747 0.243941 5.69545 5.79265 5.9394
227.87 0 0.146827 0.244076 5.69802 5.79526 5.94209
228.38 0 0.146906 0.244208 5.70052 5.79782 5.94473
228.89 0 0.146983 0.244337 5.70296 5.80032 5.9473
229.4 0 0.147058 0.244463 5.70535 5.80275 5.94981
229.91 0 0.147132 0.244586 5.70768 5.80513 5.95226
230.42 0 0.147203 0.244705 5.70995 5.80745 5.95465
230.93 0 0.147273 0.244822 5.71216 5.80971 5.95698
231.44 0 0.147341 0.244936 5.71431 5.81191 5.95925
231.95 0 0.147407 0.245046 5.71641 5.81405 5.96145
232.46 0 0.147471 0.245154 5.71845 5.81613 5.9636
232.97 0 0.147533 0.245258 5.72043 5.81815 5.96568
233.48 0 0.147594 0.24536 5.72235 5.82011 5.96771
233.99 0 0.147653 0.245458 5.72421 5.82202 5.96967
234.5 0 0.14771 0.245553 5.72602 5.82386 5.97157
235.01 0 0.147765 0.245645 5.72776 5.82564 5.97341
235.52 0 0.147818 0.245734 5.72945 5.82737 5.97518
236.03 0 0.147869 0.24582 5.73108 5.82903 5.9769
236.54 0 0.147919 0.245903 5.73265 5.83064 5.97856
237.05 0 0.147966 0.245983 5.73417 5.83218 5.98015
237.56 0 0.148012 0.24606 5.73562 5.83367 5.98168
238.07 0 0.148056 0.246133 5.73702 5.8351 5.98315
238.58 0 0.148098 0.246204 5.73836 5.83646 5.98456
239.09 0 0.148139 0.246272 5.73964 5.83777 5.98591
239.6 0 0.148177 0.246336 5.74086 5.83902 5.98719
240.11 0 0.148214 0.246397 5.74202 5.84021 5.98842
240.62 0 0.148249 0.246456 5.74313 5.84133 5.98958
241.13 0 0.148282 0.246511 5.74417 5.8424 5.99068
241.64 0 0.148313 0.246563 5.74516 5.84341 5.99172
242.15 0 0.148342 0.246612 5.74609 5.84436 5.9927
242.66 0 0.14837 0.246658 5.74696 5.84525 5.99362
243.17 0 0.148395 0.246701 5.74778 5.84608 5.99448
243.68 0 0.148419 0.246741 5.74853 5.84685 5.99527
244.19 0 0.148441 0.246777 5.74923 5.84756 5.996
244.7 0 0.148461 0.246811 5.74986 5.84821 5.99667
245.21 0 0.148479 0.246842 5.75044 5.8488 5.99728
245.72 0 0.148496 0.246869 5.75096 5.84933 5.99783
246.23 0 0.14851 0.246893 5.75142 5.84981 5.99832
246.74 0 0.148523 0.246915 5.75183 5.85022 5.99874
247.25 0 0.148534 0.246933 5.75217 5.85057 5.9991
247.76 0 0.148543 0.246948 5.75246 5.85086 5.99941
248.27 0 0.14855 0.24696 5.75269 5.8511 5.99965
248.78 0 0.148555 0.246969 5.75285 5.85127 5.99982
249.29 0 0.148559 0.246975 5.75297 5.85138 5.99994
