0.01 0.000376991 0 0 0 0 0
0.51 0.0192265 0 0 0 0 0
1.01 0.0380758 0 0 0 0 0
1.51 0.0569248 0 0 0 0 0
2.01 0.0757732 0 0 0 0 0
2.52 0.0949978 0 0 0 0 0
3.03 0.114221 0 0 0 0 0
3.54 0.133444 0 0 0 0 0
4.05 0.152665 0 0 0 0 0
4.56 0.171884 0 0 0 0 0
5.07 0.191102 0 0 0 0 0
5.58 0.210318 0 0 0 0 0
6.09 0.229532 0 0 0 0 0
6.6 0.248743 0 0 0 0 0
7.11 0.267952 0 0 0 0 0
7.62 0.287157 0 0 0 0 0
8.13 0.306361 0 0 0 0 0
8.64 0.32556 0 0 0 0 0
9.15 0.344757 0 0 0 0 0
9.66 0.36395 0 0 0 0 0
10.17 0.383139 0 0 0 0 0
10.68 0.402324 0 0 0 0 0
11.19 0.421506 0 0 0 0 0
11.7 0.440682 0 0 0 0 0
12.21 0.459855 0 0 0 0 0
12.72 0.479022 0 0 0 0 0
13.23 0.498185 0 0 0 0 0
13.74 0.517343 0 0 0 0 0
14.25 0.536495 0 0 0 0 0
14.76 0.555642 0 0 0 0 0
15.27 0.574783 0 0 0 0 0
15.78 0.593918 0 0 0 0 0
16.28 0.612672 0 0 0 0 0
16.78 0.63142 0 0 0 0 0
17.28 0.650162 0 0 0 0 0
17.78 0.668897 0 0 0 0 0
18.28 0.687626 0 0 0 0 0
18.78 0.706348 0 0 0 0 0
19.28 0.725062 0 0 0 0 0
19.78 0.74377 0 0 0 0 0
20.28 0.762471 0 0 0 0 0
20.78 0.781164 0 0 0 0 0
21.28 0.799849 0 0 0 0 0
21.78 0.818526 0 0 0 0 0
22.28 0.837196 0 0 0 0 0
22.78 0.855857 0 0 0 0 0
23.28 0.874509 0 0 0 0 0
23.78 0.893153 0 0 0 0 0
24.28 0.911788 0 0 0 0 0
24.78 0.930414 0 0 0 0 0
25.28 0.949031 0 0 0 0 0
25.78 0.967639 0 0 0 0 0
26.28 0.986237 0 0 0 0 0
26.78 1.00482 0 0 0 0 0
27.28 1.0234 0 0 0 0 0
27.78 1.04197 0 0 0 0 0
28.28 1.06053 0 0 0 0 0
28.78 1.07908 0 0 0 0 0
29.28 1.09761 0 0 0 0 0
29.78 1.11614 0 0 0 0 0
30.28 1.13465 0 0 0 0 0
30.78 1.15316 0 0 0 0 0
31.28 1.17165 0 0 0 0 0
31.78 1.19013 0 0 0 0 0
32.29 1.20897 0 0 0 0 0
32.8 1.2278 0 0 0 0 0
33.31 1.24661 0 0 0 0 0
33.82 1.26541 0 0 0 0 0
34.33 1.2842 0 0 0 0 0
34.84 1.30297 0 0 0 0 0
35.35 1.32173 0 0 0 0 0
35.86 1.34048 0 0 0 0 0
36.37 1.35921 0 0 0 0 0
36.88 1.37793 0 0 0 0 0
37.39 1.39664 0 0 0 0 0
37.9 1.41533 0 0 0 0 0
38.41 1.43401 0 0 0 0 0
38.92 1.45267 0 0 0 0 0
39.43 1.47132 0 0 0 0 0
39.94 1.48995 0 0 0 0 0
40.45 1.50856 0 0 0 0 0
40.96 1.52717 0 0 0 0 0
41.47 1.54575 0 0 0 0 0
41.98 1.56432 0 0 0 0 0
42.49 1.58287 0 0 0 0 0
43 1.60141 0 0 0 0 0
43.51 1.61993 0 0 0 0 0
44.02 1.63844 0 0 0 0 0
44.53 1.65692 0 0 0 0 0
45.04 1.67539 0 0 0 0 0
45.55 1.69385 0 0 0 0 0
46.06 1.71228 0 0 0 0 0
46.57 1.7307 0 0 0 0 0
47.08 1.7491 0 0 0 0 0
47.59 1.76748 0 0 0 0 0
48.1 1.78585 0 0 0 0 0
48.61 1.80419 0 0 0 0 0
49.12 1.82252 0 0 0 0 0
49.63 1.84083 0 0 0 0 0
50.14 1.85912 0 0 0 0 0
50.65 1.87739 0 0 0 0 0
51.16 1.89564 0 0 0 0 0
51.67 1.91387 0 0 0 0 0
52.18 1.93209 0 0 0 0 0
52.69 1.95028 0 0 0 0 0
53.2 1.96845 0 0 0 0 0
53.71 1.9866 0 0 0 0 0
54.22 2.00474 0 0 0 0 0
54.73 2.02285 0 0 0 0 0
55.24 2.04094 0 0 0 0 0
55.75 2.05901 0 0 0 0 0
56.26 2.07706 0 0 0 0 0
56.77 2.09508 0 0 0 0 0
57.28 2.11309 0 0 0 0 0
57.79 2.13107 0 0 0 0 0
58.3 2.14903 0 0 0 0 0
58.81 2.16697 0 0 0 0 0
59.32 2.18489 0 0 0 0 0
59.83 2.20279 0 0 0 0 0
60.34 2.22066 0 0 0 0 0
60.85 2.23851 0 0 0 0 0
61.36 2.25634 0 0 0 0 0
61.87 2.27414 0 0 0 0 0
62.38 2.29192 0 0 0 0 0
62.89 2.30968 0 0 0 0 0
63.4 2.32741 0 0 0 0 0
63.91 2.34512 0 0 0 0 0
64.41 2.36246 0 0 0 0 0
64.91 2.37977 0 0 0 0 0
65.41 2.39706 0 0 0 0 0
65.91 2.41433 0 0 0 0 0
66.41 2.43158 0 0 0 0 0
66.91 2.4488 0 0 0 0 0
67.41 2.46599 0 0 0 0 0
67.91 2.48317 0 0 0 0 0
68.41 2.50031 0 0 0 0 0
68.91 2.51743 0 0 0 0 0
69.41 2.53453 0 0 0 0 0
69.91 2.55161 0 0 0 0 0
70.41 2.56865 0 0 0 0 0
70.91 2.58567 0 0 0 0 0
71.41 2.60267 0 0 0 0 0
71.91 2.61964 0 0 0 0 0
72.41 2.63659 0 0 0 0 0
72.91 2.65351 0 0 0 0 0
73.41 2.6704 0 0 0 0 0
73.91 2.68727 0 0 0 0 0
74.41 2.70411 0 0 0 0 0
74.91 2.72092 0 0 0 0 0
75.41 2.73771 0 0 0 0 0
75.91 2.75447 0 0 0 0 0
76.41 2.7712 0 0 0 0 0
76.91 2.7879 0 0 0 0 0
77.41 2.80458 0 0 0 0 0
77.91 2.82123 0 0 0 0 0
78.41 2.83785 0 0 0 0 0
78.91 2.85445 0 0 0 0 0
79.41 2.87101 0 0 0 0 0
79.91 2.88755 0 0 0 0 0
80.41 2.90406 0 0 0 0 0
80.91 2.92054 0 0 0 0 0
81.41 2.93699 0 0 0 0 0
81.91 2.95341 0 0 0 0 0
82.41 2.9698 0 0 0 0 0
82.91 2.98617 0 0 0 0 0
83.41 3.0025 0 0 0 0 0
83.91 3.01881 0 0 0 0 0
84.41 3.03508 0 0 0 0 0
84.91 3.05133 0 0 0 0 0
85.41 3.06754 0 0 0 0 0
85.91 3.08373 0 0 0 0 0
86.41 3.09988 0 0 0 0 0
86.91 3.11601 0 0 0 0 0
87.41 3.1321 0 0 0 0 0
87.91 3.14816 0 0 0 0 0
88.41 3.16419 0 0 0 0 0
88.91 3.18019 0 0 0 0 0
89.41 3.19616 0 0 0 0 0
89.91 3.2121 0 0 0 0 0
90.41 3.228 0 0 0 0 0
90.91 3.24387 0 0 0 0 0
91.41 3.25971 0 0 0 0 0
91.91 3.27552 0 0 0 0 0
92.41 3.2913 0 0 0 0 0
92.91 3.30704 0 0 0 0 0
93.41 3.32276 0 0 0 0 0
93.91 3.33844 0 0 0 0 0
94.41 3.35408 0 0 0 0 0
94.91 3.36969 0 0 0 0 0
95.41 3.38527 0 0 0 0 0
95.91 3.40082 0 0 0 0 0
96.41 3.41633 0 0 0 0 0
96.91 3.43181 0 0 0 0 0
97.41 3.44726 0 0 0 0 0
97.91 3.46267 0 0 0 0 0
98.41 3.47804 0 0 0 0 0
98.91 3.49338 0 0 0 0 0
99.41 3.50869 0 0 0 0 0
99.91 3.52397 0 0 0 0 0
100.41 3.5392 0 0 0 0 0
100.91 3.55441 0 0 0 0 0
101.41 3.56958 0 0 0 0 0
101.91 3.58471 0 0 0 0 0
102.41 3.59981 0 0 0 0 0
102.91 3.61487 0 0 0 0 0
103.41 3.6299 0 0 0 0 0
103.91 3.64489 0 0 0 0 0
104.41 3.65984 0 0 0 0 0
104.91 3.67476 0 0 0 0 0
105.41 3.68964 0 0 0 0 0
105.91 3.70449 0 0 0 0 0
106.41 3.7193 0 0 0 0 0
106.91 3.73407 0 0 0 0 0
107.41 3.74881 0 0 0 0 0
107.91 3.76351 0 0 0 0 0
108.41 3.77817 0 0 0 0 0
108.91 3.79279 0 0 0 0 0
109.41 3.80738 0 0 0 0 0
109.91 3.82193 0 0 0 0 0
110.41 3.83644 0 0 0 0 0
110.91 3.85091 0 0 0 0 0
111.41 3.86535 0 0 0 0 0
111.91 3.87975 0 0 0 0 0
112.41 3.89411 0 0 0 0 0
112.91 3.90843 0 0 0 0 0
113.41 3.92271 0 0 0 0 0
113.91 3.93695 0 0 0 0 0
114.41 3.95116 0 0 0 0 0
114.91 3.96533 0 0 0 0 0
115.41 3.97945 0 0 0 0 0
115.91 3.99354 0 0 0 0 0
116.41 4.00759 0 0 0 0 0
116.91 4.0216 0 0 0 0 0
117.41 4.03556 0 0 0 0 0
117.91 4.04949 0 0 0 0 0
118.41 4.06338 0 0 0 0 0
118.91 4.07723 0 0 0 0 0
119.41 4.09104 0 0 0 0 0
119.91 4.10481 0 0 0 0 0
120.41 4.11854 0 0 0 0 0
120.91 4.13222 0 0 0 0 0
121.41 4.14587 0 0 0 0 0
121.91 4.15948 0 0 0 0 0
122.41 4.17304 0 0 0 0 0
122.91 4.18656 0 0 0 0 0
123.41 4.20004 0 0 0 0 0
123.91 4.21348 0 0 0 0 0
124.41 4.22688 0 0 0 0 0
124.91 4.24024 0 0 0 0 0
125.41 4.25356 0 0 0 0 0
125.91 4.26683 0 0 0 0 0
126.41 4.28006 0 0 0 0 0
126.91 4.29325 0 0 0 0 0
127.41 4.3064 0 0 0 0 0
127.91 4.3195 0 0 0 0 0
128.42 4.33282 0 0 0 0 0
128.93 4.3461 0 0 0 0 0
129.44 4.35933 0 0 0 0 0
129.95 4.37252 0 0 0 0 0
130.46 4.38566 0 0 0 0 0
130.97 4.39876 0 0 0 0 0
131.48 4.41182 0 0 0 0 0
131.99 4.42482 0 0 0 0 0
132.5 4.43779 0 0 0 0 0
133.01 4.4507 0 0 0 0 0
133.52 4.46357 0 0 0 0 0
134.03 4.4764 0 0 0 0 0
134.54 4.48918 0 0 0 0 0
135.05 4.50191 0 0 0 0 0
135.56 4.5146 0 0 0 0 0
136.07 4.52724 0 0 0 0 0
136.58 4.53983 0 0 0 0 0
137.09 4.55238 0 0 0 0 0
137.6 4.56488 0 0 0 0 0
138.11 4.57734 0 0 0 0 0
138.62 4.58974 0 0 0 0 0
139.13 4.6021 0 0 0 0 0
139.64 4.61442 0 0 0 0 0
140.15 4.62668 0 0 0 0 0
140.66 4.6389 0 0 0 0 0
141.17 4.65107 0 0 0 0 0
141.68 4.66319 0 0 0 0 0
142.19 4.67527 0 0 0 0 0
142.7 4.68729 0 0 0 0 0
143.21 4.69927 0 0 0 0 0
143.72 4.7112 0 0 0 0 0
144.23 4.72308 0 0 0 0 0
144.74 4.73492 0 0 0 0 0
145.25 4.7467 0 0 0 0 0
145.76 4.75844 0 0 0 0 0
146.27 4.77012 0 0 0 0 0
146.78 4.78176 0 0 0 0 0
147.29 4.79335 0 0 0 0 0
147.8 4.80489 0 0 0 0 0
148.31 4.81638 0 0 0 0 0
148.82 4.82782 0 0 0 0 0
149.33 4.83921 0 0 0 0 0
149.84 4.85055 0 0 0 0 0
150.35 4.86185 0 0 0 0 0
150.86 4.87309 0 0 0 0 0
151.37 4.88428 0 0 0 0 0
151.88 4.89542 0 0 0 0 0
152.39 4.90651 0 0 0 0 0
152.9 4.91755 0 0 0 0 0
153.41 4.92854 0 0 0 0 0
153.92 4.93948 0 0 0 0 0
154.43 4.95037 0 0 0 0 0
154.94 4.96121 0 0 0 0 0
155.45 4.972 0 0 0 0 0
155.96 4.98274 0 0 0 0 0
156.47 4.99342 0 0 0 0 0
156.98 5.00405 0 0 0 0 0
157.49 5.01464 0 0 0 0 0
158 5.02517 0 0 0 0 0
158.51 5.03565 0 0 0 0 0
159.02 5.04608 0 0 0 0 0
159.53 5.05645 0 0 0 0 0
160.04 5.06678 0 0 0 0 0
160.55 5.07705 0 0 0 0 0
161.06 5.08727 0 0 0 0 0
161.57 5.09743 0 0 0 0 0
162.08 5.10755 0 0 0 0 0
162.59 5.11761 0 0 0 0 0
163.1 5.12762 0 0 0 0 0
163.61 5.13758 0 0 0 0 0
164.12 5.14749 0 0 0 0 0
164.63 5.15734 0 0 0 0 0
165.14 5.16714 0 0 0 0 0
165.65 5.17688 0 0 0 0 0
166.16 5.18658 0 0 0 0 0
166.67 5.19622 0 0 0 0 0
167.18 5.2058 0 0 0 0 0
167.69 5.21533 0 0 0 0 0
168.2 5.22481 0 0 0 0 0
168.71 5.23424 0 0 0 0 0
169.22 5.24361 0 0 0 0 0
169.73 5.25293 0 0 0 0 0
170.24 5.26219 0 0 0 0 0
170.75 5.2714 0 0 0 0 0
171.26 5.28056 0 0 0 0 0
171.77 5.28966 0 0 0 0 0
172.28 5.29871 0 0 0 0 0
172.79 5.3077 0 0 0 0 0
173.3 5.31664 0 0 0 0 0
173.81 5.32552 0 0 0 0 0
174.32 5.33435 0 0 0 0 0
174.83 5.34313 0 0 0 0 0
175.34 5.35185 0 0 0 0 0
175.85 5.36051 0 0 0 0 0
176.36 5.36912 0 0 0 0 0
176.87 5.37767 0 0 0 0 0
177.38 5.38617 0 0 0 0 0
177.89 5.39462 0 0 0 0 0
178.4 5.40301 0 0 0 0 0
178.91 5.41134 0 0 0 0 0
179.42 5.41962 0 0 0 0 0
179.93 5.42784 0 0 0 0 0
180.44 5.436 0 0 0 0 0
180.95 5.44411 0 0 0 0 0
181.46 5.45217 0 0 0 0 0
181.97 5.46017 0 0 0 0 0
182.48 5.46811 0 0 0 0 0
182.99 5.476 0 0 0 0 0
183.5 5.48383 0 0 0 0 0
184.01 5.4916 0 0 0 0 0
184.52 5.49932 0 0 0 0 0
185.03 5.50698 0 0 0 0 0
185.54 5.51458 0 0 0 0 0
186.05 5.52213 0 0 0 0 0
186.56 5.52962 0 0 0 0 0
187.07 5.53705 0 0 0 0 0
187.58 5.54443 0 0 0 0 0
188.09 5.55175 0 0 0 0 0
188.6 5.55901 0 0 0 0 0
189.11 5.56622 0 0 0 0 0
189.62 5.57337 0 0 0 0 0
190.13 5.58046 0 0 0 0 0
190.64 5.5875 0 0 0 0 0
191.15 5.59447 0 0 0 0 0
191.66 5.60139 0 0 0 0 0
192.17 5.60825 0 0 0 0 0
192.68 5.61506 0 0 0 0 0
193.19 5.62181 0 0 0 0 0
193.7 5.6285 0 0 0 0 0
194.21 5.63513 0 0 0 0 0
194.72 5.6417 0 0 0 0 0
195.23 5.64822 0 0 0 0 0
195.74 5.65467 0 0 0 0 0
196.25 5.66107 0 0 0 0 0
196.76 5.66741 0 0 0 0 0
197.27 5.6737 0 0 0 0 0
197.78 5.67992 0 0 0 0 0
198.29 5.68609 0 0 0 0 0
198.8 5.6922 0 0 0 0 0
199.31 5.69825 0 0 0 0 0
199.82 5.70424 0 0 0 0 0
200.33 5.71017 0 0 0 0 0
200.84 5.71605 0 0 0 0 0
201.35 5.72186 0 0 0 0 0
201.86 5.72762 0 0 0 0 0
202.37 5.73332 0 0 0 0 0
202.88 5.73895 0 0 0 0 0
203.39 5.74453 0 0 0 0 0
203.9 5.75006 0 0 0 0 0
204.41 5.75552 0 0 0 0 0
204.92 5.76092 0 0 0 0 0
205.43 5.76626 0 0 0 0 0
205.94 5.77155 0 0 0 0 0
206.45 5.77677 0 0 0 0 0
206.96 5.78194 0 0 0 0 0
207.47 5.78705 0 0 0 0 0
207.98 5.79209 0 0 0 0 0
208.49 5.79708 0 0 0 0 0
209 5.80201 0 0 0 0 0
209.51 5.80688 0 0 0 0 0
210.02 5.81169 0 0 0 0 0
210.53 5.81644 0 0 0 0 0
211.04 5.82113 0 0 0 0 0
211.55 5.82575 0 0 0 0 0
212.06 5.83032 0 0 0 0 0
212.57 5.83484 0 0 0 0 0
213.08 5.83929 0 0 0 0 0
213.59 5.84368 0 0 0 0 0
214.1 5.84801 0 0 0 0 0
214.61 5.85228 0 0 0 0 0
215.12 5.85649 0 0 0 0 0
215.63 5.86064 0 0 0 0 0
216.14 5.86473 0 0 0 0 0
216.65 5.86875 0 0 0 0 0
217.16 5.87272 0 0 0 0 0
217.67 5.87663 0 0 0 0 0
218.18 5.88048 0 0 0 0 0
218.69 5.88427 0 0 0 0 0
219.2 5.888 0 0 0 0 0
219.71 5.89167 0 0 0 0 0
220.22 5.89527 0 0 0 0 0
220.73 5.89882 0 0 0 0 0
221.24 5.9023 0 0 0 0 0
221.75 5.90573 0 0 0 0 0
222.26 5.90909 0 0 0 0 0
222.77 5.9124 0 0 0 0 0
223.28 5.91564 0 0 0 0 0
223.79 5.91882 0 0 0 0 0
224.3 5.92194 0 0 0 0 0
224.81 5.92501 0 0 0 0 0
225.32 5.92801 0 0 0 0 0
225.83 5.93094 0 0 0 0 0
226.34 5.93382 0 0 0 0 0
226.85 5.93664 0 0 0 0 0
227.36 5.9394 0 0 0 0 0
227.87 5.94209 0 0 0 0 0
228.38 5.94473 0 0 0 0 0
228.89 5.9473 0 0 0 0 0
229.4 5.94981 0 0 0 0 0
229.91 5.95226 0 0 0 0 0
230.42 5.95465 0 0 0 0 0
230.93 5.95698 0 0 0 0 0
231.44 5.95925 0 0 0 0 0
231.95 5.96145 0 0 0 0 0
232.46 5.9636 0 0 0 0 0
232.97 5.96568 0 0 0 0 0
233.48 5.96771 0 0 0 0 0
233.99 5.96967 0 0 0 0 0
234.5 5.97157 0 0 0 0 0
235.01 5.97341 0 0 0 0 0
235.52 5.97518 0 0 0 0 0
236.03 5.9769 0 0 0 0 0
236.54 5.97856 0 0 0 0 0
237.05 5.98015 0 0 0 0 0
237.56 5.98168 0 0 0 0 0
238.07 5.98315 0 0 0 0 0
238.58 5.98456 0 0 0 0 0
239.09 5.98591 0 0 0 0 0
239.6 5.98719 0 0 0 0 0
240.11 5.98842 0 0 0 0 0
240.62 5.98958 0 0 0 0 0
241.13 5.99068 0 0 0 0 0
241.64 5.99172 0 0 0 0 0
242.15 5.9927 0 0 0 0 0
242.66 5.99362 0 0 0 0 0
243.17 5.99448 0 0 0 0 0
243.68 5.99527 0 0 0 0 0
244.19 5.996 0 0 0 0 0
244.7 5.99667 0 0 0 0 0
245.21 5.99728 0 0 0 0 0
245.72 5.99783 0 0 0 0 0
246.23 5.99832 0 0 0 0 0
246.74 5.99874 0 0 0 0 0
247.25 5.9991 0 0 0 0 0
247.76 5.99941 0 0 0 0 0
248.27 5.99965 0 0 0 0 0
248.78 5.99982 0 0 0 0 0
249.29 5.99994 0 0 0 0 0
