0.01 -0.0013549 0 0 0 -0.00101618 0 0.0013549 0 0 0 -0.00101618 0
0.51 -0.0690999 0 0 0 -0.0518249 0 0.0690999 0 0 0 -0.0518249 0
1.01 -0.136844 0 0 0 -0.102633 0 0.136844 0 0 0 -0.102633 0
1.51 -0.204586 0 0 0 -0.153439 0 0.204586 0 0 0 -0.153439 0
2.01 -0.272324 0 0 0 -0.204243 0 0.272324 0 0 0 -0.204243 0
2.52 -0.341413 0 0 0 -0.25606 0 0.341413 0 0 0 -0.25606 0
3.03 -0.410497 0 0 0 -0.307873 0 0.410497 0 0 0 -0.307873 0
3.54 -0.479574 0 0 0 -0.359681 0 0.479574 0 0 0 -0.359681 0
4.05 -0.548643 0 0 0 -0.411483 0 0.548643 0 0 0 -0.411483 0
4.56 -0.617704 0 0 0 -0.463278 0 0.617704 0 0 0 -0.463278 0
5.07 -0.686755 0 0 0 -0.515066 0 0.686755 0 0 0 -0.515066 0
5.58 -0.755794 0 0 0 -0.566846 0 0.755794 0 0 0 -0.566846 0
6.09 -0.824822 0 0 0 -0.618616 0 0.824822 0 0 0 -0.618616 0
6.6 -0.893836 0 0 0 -0.670377 0 0.893836 0 0 0 -0.670377 0
7.11 -0.962836 0 0 0 -0.722127 0 0.962836 0 0 0 -0.722127 0
7.62 -1.03182 0 0 0 -0.773865 0 1.03182 0 0 0 -0.773865 0
8.13 -1.10079 0 0 0 -0.825591 0 1.10079 0 0 0 -0.825591 0
8.64 -1.16974 0 0 0 -0.877304 0 1.16974 0 0 0 -0.877304 0
9.15 -1.23867 0 0 0 -0.929002 0 1.23867 0 0 0 -0.929002 0
9.66 -1.30758 0 0 0 -0.980686 0 1.30758 0 0 0 -0.980686 0
10.17 -1.37647 0 0 0 -1.03235 0 1.37647 0 0 0 -1.03235 0
10.68 -1.44534 0 0 0 -1.08401 0 1.44534 0 0 0 -1.08401 0
11.19 -1.51419 0 0 0 -1.13564 0 1.51419 0 0 0 -1.13564 0
11.7 -1.58301 0 0 0 -1.18726 0 1.58301 0 0 0 -1.18726 0
12.21 -1.6518 0 0 0 -1.23885 0 1.6518 0 0 0 -1.23885 0
12.72 -1.72057 0 0 0 -1.29043 0 1.72057 0 0 0 -1.29043 0
13.23 -1.78931 0 0 0 -1.34199 0 1.78931 0 0 0 -1.34199 0
13.74 -1.85803 0 0 0 -1.39352 0 1.85803 0 0 0 -1.39352 0
14.25 -1.92671 0 0 0 -1.44503 0 1.92671 0 0 0 -1.44503 0
14.76 -1.99536 0 0 0 -1.49652 0 1.99536 0 0 0 -1.49652 0
15.27 -2.06398 0 0 0 -1.54799 0 2.06398 0 0 0 -1.54799 0
15.78 -2.13257 0 0 0 -1.59943 0 2.13257 0 0 0 -1.59943 0
16.28 -2.19978 0 0 0 -1.64983 0 2.19978 0 0 0 -1.64983 0
16.78 -2.26695 0 0 0 -1.70021 0 2.26695 0 0 0 -1.70021 0
17.28 -2.33409 0 0 0 -1.75057 0 2.33409 0 0 0 -1.75057 0
17.78 -2.4012 0 0 0 -1.8009 0 2.4012 0 0 0 -1.8009 0
18.28 -2.46826 0 0 0 -1.8512 0 2.46826 0 0 0 -1.8512 0
18.78 -2.53529 0 0 0 -1.90147 0 2.53529 0 0 0 -1.90147 0
19.28 -2.60228 0 0 0 -1.95171 0 2.60228 0 0 0 -1.95171 0
19.78 -2.66923 0 0 0 -2.00192 0 2.66923 0 0 0 -2.00192 0
20.28 -2.73614 0 0 0 -2.05211 0 2.73614 0 0 0 -2.05211 0
20.78 -2.80301 0 0 0 -2.10226 0 2.80301 0 0 0 -2.10226 0
21.28 -2.86983 0 0 0 -2.15237 0 2.86983 0 0 0 -2.15237 0
21.78 -2.93661 0 0 0 -2.20246 0 2.93661 0 0 0 -2.20246 0
22.28 -3.00334 0 0 0 -2.25251 0 3.00334 0 0 0 -2.25251 0
22.78 -3.07003 0 0 0 -2.30252 0 3.07003 0 0 0 -2.30252 0
23.28 -3.13667 0 0 0 -2.3525 0 3.13667 0 0 0 -2.3525 0
23.78 -3.20326 0 0 0 -2.40245 0 3.20326 0 0 0 -2.40245 0
24.28 -3.2698 0 0 0 -2.45235 0 3.2698 0 0 0 -2.45235 0
24.78 -3.3363 0 0 0 -2.50222 0 3.3363 0 0 0 -2.50222 0
25.28 -3.40274 0 0 0 -2.55205 0 3.40274 0 0 0 -2.55205 0
25.78 -3.46912 0 0 0 -2.60184 0 3.46912 0 0 0 -2.60184 0
26.28 -3.53546 0 0 0 -2.65159 0 3.53546 0 0 0 -2.65159 0
26.78 -3.60174 0 0 0 -2.7013 0 3.60174 0 0 0 -2.7013 0
27.28 -3.66796 0 0 0 -2.75097 0 3.66796 0 0 0 -2.75097 0
27.78 -3.73413 0 0 0 -2.8006 0 3.73413 0 0 0 -2.8006 0
28.28 -3.80024 0 0 0 -2.85018 0 3.80024 0 0 0 -2.85018 0
28.78 -3.86629 0 0 0 -2.89972 0 3.86629 0 0 0 -2.89972 0
29.28 -3.93228 0 0 0 -2.94921 0 3.93228 0 0 0 -2.94921 0
29.78 -3.99821 0 0 0 -2.99866 0 3.99821 0 0 0 -2.99866 0
30.28 -4.06408 0 0 0 -3.04806 0 4.06408 0 0 0 -3.04806 0
30.78 -4.12989 0 0 0 -3.09742 0 4.12989 0 0 0 -3.09742 0
31.28 -4.19563 0 0 0 -3.14673 0 4.19563 0 0 0 -3.14673 0
31.78 -4.26131 0 0 0 -3.19598 0 4.26131 0 0 0 -3.19598 0
32.29 -4.32824 0 0 0 -3.24618 0 4.32824 0 0 0 -3.24618 0
32.8 -4.39509 0 0 0 -3.29632 0 4.39509 0 0 0 -3.29632 0
33.31 -4.46188 0 0 0 -3.34641 0 4.46188 0 0 0 -3.34641 0
33.82 -4.52859 0 0 0 -3.39644 0 4.52859 0 0 0 -3.39644 0
34.33 -4.59523 0 0 0 -3.44642 0 4.59523 0 0 0 -3.44642 0
34.84 -4.6618 0 0 0 -3.49635 0 4.6618 0 0 0 -3.49635 0
35.35 -4.72829 0 0 0 -3.54622 0 4.72829 0 0 0 -3.54622 0
35.86 -4.7947 0 0 0 -3.59603 0 4.7947 0 0 0 -3.59603 0
36.37 -4.86104 0 0 0 -3.64578 0 4.86104 0 0 0 -3.64578 0
36.88 -4.9273 0 0 0 -3.69548 0 4.9273 0 0 0 -3.69548 0
37.39 -4.99349 0 0 0 -3.74511 0 4.99349 0 0 0 -3.74511 0
37.9 -5.05959 0 0 0 -3.79469 0 5.05959 0 0 0 -3.79469 0
38.41 -5.12561 0 0 0 -3.84421 0 5.12561 0 0 0 -3.84421 0
38.92 -5.19155 0 0 0 -3.89366 0 5.19155 0 0 0 -3.89366 0
39.43 -5.2574 0 0 0 -3.94305 0 5.2574 0 0 0 -3.94305 0
39.94 -5.32317 0 0 0 -3.99238 0 5.32317 0 0 0 -3.99238 0
40.45 -5.38886 0 0 0 -4.04164 0 5.38886 0 0 0 -4.04164 0
40.96 -5.45446 0 0 0 -4.09084 0 5.45446 0 0 0 -4.09084 0
41.47 -5.51997 0 0 0 -4.13998 0 5.51997 0 0 0 -4.13998 0
41.98 -5.58539 0 0 0 -4.18904 0 5.58539 0 0 0 -4.18904 0
42.49 -5.65072 0 0 0 -4.23804 0 5.65072 0 0 0 -4.23804 0
43 -5.71597 0 0 0 -4.28697 0 5.71597 0 0 0 -4.28697 0
43.51 -5.78112 0 0 0 -4.33584 0 5.78112 0 0 0 -4.33584 0
44.02 -5.84617 0 0 0 -4.38463 0 5.84617 0 0 0 -4.38463 0
44.53 -5.91114 0 0 0 -4.43335 0 5.91114 0 0 0 -4.43335 0
45.04 -5.97601 0 0 0 -4.48201 0 5.97601 0 0 0 -4.48201 0
45.55 -6.04078 0 0 0 -4.53059 0 6.04078 0 0 0 -4.53059 0
46.06 -6.10546 0 0 0 -4.57909 0 6.10546 0 0 0 -4.57909 0
46.57 -6.17004 0 0 0 -4.62753 0 6.17004 0 0 0 -4.62753 0
47.08 -6.23452 0 0 0 -4.67589 0 6.23452 0 0 0 -4.67589 0
47.59 -6.2989 0 0 0 -4.72417 0 6.2989 0 0 0 -4.72417 0
48.1 -6.36317 0 0 0 -4.77238 0 6.36317 0 0 0 -4.77238 0
48.61 -6.42735 0 0 0 -4.82051 0 6.42735 0 0 0 -4.82051 0
49.12 -6.49142 0 0 0 -4.86857 0 6.49142 0 0 0 -4.86857 0
49.63 -6.55539 0 0 0 -4.91654 0 6.55539 0 0 0 -4.91654 0
50.14 -6.61926 0 0 0 -4.96444 0 6.61926 0 0 0 -4.96444 0
50.65 -6.68301 0 0 0 -5.01226 0 6.68301 0 0 0 -5.01226 0
51.16 -6.74666 0 0 0 -5.06 0 6.74666 0 0 0 -5.06 0
51.67 -6.81021 0 0 0 -5.10766 0 6.81021 0 0 0 -5.10766 0
52.18 -6.87364 0 0 0 -5.15523 0 6.87364 0 0 0 -5.15523 0
52.69 -6.93696 0 0 0 -5.20272 0 6.93696 0 0 0 -5.20272 0
53.2 -7.00017 0 0 0 -5.25013 0 7.00017 0 0 0 -5.25013 0
53.71 -7.06327 0 0 0 -5.29746 0 7.06327 0 0 0 -5.29746 0
54.22 -7.12626 0 0 0 -5.34469 0 7.12626 0 0 0 -5.34469 0
54.73 -7.18913 0 0 0 -5.39185 0 7.18913 0 0 0 -5.39185 0
55.24 -7.25189 0 0 0 -5.43892 0 7.25189 0 0 0 -5.43892 0
55.75 -7.31453 0 0 0 -5.4859 0 7.31453 0 0 0 -5.4859 0
56.26 -7.37705 0 0 0 -5.53279 0 7.37705 0 0 0 -5.53279 0
56.77 -7.43945 0 0 0 -5.57959 0 7.43945 0 0 0 -5.57959 0
57.28 -7.50174 0 0 0 -5.6263 0 7.50174 0 0 0 -5.6263 0
57.79 -7.5639 0 0 0 -5.67293 0 7.5639 0 0 0 -5.67293 0
58.3 -7.62595 0 0 0 -5.71946 0 7.62595 0 0 0 -5.71946 0
58.81 -7.68787 0 0 0 -5.7659 0 7.68787 0 0 0 -5.7659 0
59.32 -7.74966 0 0 0 -5.81225 0 7.74966 0 0 0 -5.81225 0
59.83 -7.81134 0 0 0 -5.8585 0 7.81134 0 0 0 -5.8585 0
60.34 -7.87288 0 0 0 -5.90466 0 7.87288 0 0 0 -5.90466 0
60.85 -7.93431 0 0 0 -5.95073 0 7.93431 0 0 0 -5.95073 0
61.36 -7.9956 0 0 0 -5.9967 0 7.9956 0 0 0 -5.9967 0
61.87 -8.05676 0 0 0 -6.04257 0 8.05676 0 0 0 -6.04257 0
62.38 -8.1178 0 0 0 -6.08835 0 8.1178 0 0 0 -6.08835 0
62.89 -8.17871 0 0 0 -6.13403 0 8.17871 0 0 0 -6.13403 0
63.4 -8.23948 0 0 0 -6.17961 0 8.23948 0 0 0 -6.17961 0
63.91 -8.30013 0 0 0 -6.22509 0 8.30013 0 0 0 -6.22509 0
64.41 -8.35945 0 0 0 -6.26959 0 8.35945 0 0 0 -6.26959 0
64.91 -8.41865 0 0 0 -6.31398 0 8.41865 0 0 0 -6.31398 0
65.41 -8.47771 0 0 0 -6.35828 0 8.47771 0 0 0 -6.35828 0
65.91 -8.53665 0 0 0 -6.40248 0 8.53665 0 0 0 -6.40248 0
66.41 -8.59545 0 0 0 -6.44659 0 8.59545 0 0 0 -6.44659 0
66.91 -8.65412 0 0 0 -6.49059 0 8.65412 0 0 0 -6.49059 0
67.41 -8.71266 0 0 0 -6.53449 0 8.71266 0 0 0 -6.53449 0
67.91 -8.77106 0 0 0 -6.5783 0 8.77106 0 0 0 -6.5783 0
68.41 -8.82933 0 0 0 -6.622 0 8.82933 0 0 0 -6.622 0
68.91 -8.88746 0 0 0 -6.66559 0 8.88746 0 0 0 -6.66559 0
69.41 -8.94545 0 0 0 -6.70909 0 8.94545 0 0 0 -6.70909 0
69.91 -9.00331 0 0 0 -6.75248 0 9.00331 0 0 0 -6.75248 0
70.41 -9.06103 0 0 0 -6.79577 0 9.06103 0 0 0 -6.79577 0
70.91 -9.11861 0 0 0 -6.83895 0 9.11861 0 0 0 -6.83895 0
71.41 -9.17604 0 0 0 -6.88203 0 9.17604 0 0 0 -6.88203 0
71.91 -9.23334 0 0 0 -6.925 0 9.23334 0 0 0 -6.925 0
72.41 -9.29049 0 0 0 -6.96787 0 9.29049 0 0 0 -6.96787 0
72.91 -9.3475 0 0 0 -7.01063 0 9.3475 0 0 0 -7.01063 0
73.41 -9.40437 0 0 0 -7.05328 0 9.40437 0 0 0 -7.05328 0
73.91 -9.46109 0 0 0 -7.09582 0 9.46109 0 0 0 -7.09582 0
74.41 -9.51767 0 0 0 -7.13825 0 9.51767 0 0 0 -7.13825 0
74.91 -9.57409 0 0 0 -7.18057 0 9.57409 0 0 0 -7.18057 0
75.41 -9.63037 0 0 0 -7.22278 0 9.63037 0 0 0 -7.22278 0
75.91 -9.68651 0 0 0 -7.26488 0 9.68651 0 0 0 -7.26488 0
76.41 -9.74249 0 0 0 -7.30687 0 9.74249 0 0 0 -7.30687 0
76.91 -9.79832 0 0 0 -7.34874 0 9.79832 0 0 0 -7.34874 0
77.41 -9.854 0 0 0 -7.3905 0 9.854 0 0 0 -7.3905 0
77.91 -9.90953 0 0 0 -7.43215 0 9.90953 0 0 0 -7.43215 0
78.41 -9.96491 0 0 0 -7.47368 0 9.96491 0 0 0 -7.47368 0
78.91 -10.0201 0 0 0 -7.5151 0 10.0201 0 0 0 -7.5151 0
79.41 -10.0752 0 0 0 -7.5564 0 10.0752 0 0 0 -7.5564 0
79.91 -10.1301 0 0 0 -7.59759 0 10.1301 0 0 0 -7.59759 0
80.41 -10.1849 0 0 0 -7.63865 0 10.1849 0 0 0 -7.63865 0
80.91 -10.2395 0 0 0 -7.6796 0 10.2395 0 0 0 -7.6796 0
81.41 -10.2939 0 0 0 -7.72043 0 10.2939 0 0 0 -7.72043 0
81.91 -10.3482 0 0 0 -7.76115 0 10.3482 0 0 0 -7.76115 0
82.41 -10.4023 0 0 0 -7.80174 0 10.4023 0 0 0 -7.80174 0
82.91 -10.4563 0 0 0 -7.84221 0 10.4563 0 0 0 -7.84221 0
83.41 -10.5101 0 0 0 -7.88256 0 10.5101 0 0 0 -7.88256 0
83.91 -10.5637 0 0 0 -7.92279 0 10.5637 0 0 0 -7.92279 0
84.41 -10.6172 0 0 0 -7.9629 0 10.6172 0 0 0 -7.9629 0
84.91 -10.6705 0 0 0 -8.00289 0 10.6705 0 0 0 -8.00289 0
85.41 -10.7237 0 0 0 -8.04275 0 10.7237 0 0 0 -8.04275 0
85.91 -10.7766 0 0 0 -8.08248 0 10.7766 0 0 0 -8.08248 0
86.41 -10.8295 0 0 0 -8.1221 0 10.8295 0 0 0 -8.1221 0
86.91 -10.8821 0 0 0 -8.16159 0 10.8821 0 0 0 -8.16159 0
87.41 -10.9346 0 0 0 -8.20095 0 10.9346 0 0 0 -8.20095 0
87.91 -10.9869 0 0 0 -8.24018 0 10.9869 0 0 0 -8.24018 0
88.41 -11.0391 0 0 0 -8.27929 0 11.0391 0 0 0 -8.27929 0
88.91 -11.091 0 0 0 -8.31827 0 11.091 0 0 0 -8.31827 0
89.41 -11.1428 0 0 0 -8.35712 0 11.1428 0 0 0 -8.35712 0
89.91 -11.1945 0 0 0 -8.39585 0 11.1945 0 0 0 -8.39585 0
90.41 -11.2459 0 0 0 -8.43444 0 11.2459 0 0 0 -8.43444 0
90.91 -11.2972 0 0 0 -8.4729 0 11.2972 0 0 0 -8.4729 0
91.41 -11.3483 0 0 0 -8.51124 0 11.3483 0 0 0 -8.51124 0
91.91 -11.3993 0 0 0 -8.54944 0 11.3993 0 0 0 -8.54944 0
92.41 -11.45 0 0 0 -8.58751 0 11.45 0 0 0 -8.58751 0
92.91 -11.5006 0 0 0 -8.62545 0 11.5006 0 0 0 -8.62545 0
93.41 -11.551 0 0 0 -8.66325 0 11.551 0 0 0 -8.66325 0
93.91 -11.6012 0 0 0 -8.70092 0 11.6012 0 0 0 -8.70092 0
94.41 -11.6513 0 0 0 -8.73846 0 11.6513 0 0 0 -8.73846 0
94.91 -11.7011 0 0 0 -8.77586 0 11.7011 0 0 0 -8.77586 0
95.41 -11.7508 0 0 0 -8.81313 0 11.7508 0 0 0 -8.81313 0
95.91 -11.8003 0 0 0 -8.85026 0 11.8003 0 0 0 -8.85026 0
96.41 -11.8497 0 0 0 -8.88725 0 11.8497 0 0 0 -8.88725 0
96.91 -11.8988 0 0 0 -8.92411 0 11.8988 0 0 0 -8.92411 0
97.41 -11.9478 0 0 0 -8.96083 0 11.9478 0 0 0 -8.96083 0
97.91 -11.9965 0 0 0 -8.99741 0 11.9965 0 0 0 -8.99741 0
98.41 -12.0451 0 0 0 -9.03385 0 12.0451 0 0 0 -9.03385 0
98.91 -12.0935 0 0 0 -9.07016 0 12.0935 0 0 0 -9.07016 0
99.41 -12.1418 0 0 0 -9.10632 0 12.1418 0 0 0 -9.10632 0
99.91 -12.1898 0 0 0 -9.14234 0 12.1898 0 0 0 -9.14234 0
