0.01 2.35619e-07 0 0 0 0 0
0.51 1.20166e-05 0 0 0 0 0
1.01 2.37973e-05 0 0 0 0 0
1.51 3.55777e-05 0 0 0 0 0
2.01 4.73575e-05 0 0 0 0 0
2.52 5.93722e-05 0 0 0 0 0
3.03 7.1386e-05 0 0 0 0 0
3.54 8.33985e-05 0 0 0 0 0
4.05 9.54098e-05 0 0 0 0 0
4.56 0.00010742 0 0 0 0 0
5.07 0.000119427 0 0 0 0 0
5.58 0.000131434 0 0 0 0 0
6.09 0.000143438 0 0 0 0 0
6.6 0.000155439 0 0 0 0 0
7.11 0.000167438 0 0 0 0 0
7.62 0.000179435 0 0 0 0 0
8.13 0.000191428 0 0 0 0 0
8.64 0.000203419 0 0 0 0 0
9.15 0.000215406 0 0 0 0 0
9.66 0.00022739 0 0 0 0 0
10.17 0.00023937 0 0 0 0 0
10.68 0.000251347 0 0 0 0 0
11.19 0.000263319 0 0 0 0 0
11.7 0.000275287 0 0 0 0 0
12.21 0.000287251 0 0 0 0 0
12.72 0.00029921 0 0 0 0 0
13.23 0.000311164 0 0 0 0 0
13.74 0.000323113 0 0 0 0 0
14.25 0.000335057 0 0 0 0 0
14.76 0.000346996 0 0 0 0 0
15.27 0.000358929 0 0 0 0 0
15.78 0.000370856 0 0 0 0 0
16.28 0.000382544 0 0 0 0 0
16.78 0.000394226 0 0 0 0 0
17.28 0.000405902 0 0 0 0 0
17.78 0.000417571 0 0 0 0 0
18.28 0.000429234 0 0 0 0 0
18.78 0.000440891 0 0 0 0 0
19.28 0.00045254 0 0 0 0 0
19.78 0.000464183 0 0 0 0 0
20.28 0.000475818 0 0 0 0 0
20.78 0.000487447 0 0 0 0 0
21.28 0.000499067 0 0 0 0 0
21.78 0.00051068 0 0 0 0 0
22.28 0.000522285 0 0 0 0 0
22.78 0.000533882 0 0 0 0 0
23.28 0.000545471 0 0 0 0 0
23.78 0.000557051 0 0 0 0 0
24.28 0.000568623 0 0 0 0 0
24.78 0.000580186 0 0 0 0 0
25.28 0.00059174 0 0 0 0 0
25.78 0.000603285 0 0 0 0 0
26.28 0.000614821 0 0 0 0 0
26.78 0.000626347 0 0 0 0 0
27.28 0.000637863 0 0 0 0 0
27.78 0.00064937 0 0 0 0 0
28.28 0.000660867 0 0 0 0 0
28.78 0.000672353 0 0 0 0 0
29.28 0.000683829 0 0 0 0 0
29.78 0.000695295 0 0 0 0 0
30.28 0.000706749 0 0 0 0 0
30.78 0.000718193 0 0 0 0 0
31.28 0.000729626 0 0 0 0 0
31.78 0.000741048 0 0 0 0 0
32.29 0.000752686 0 0 0 0 0
32.8 0.000764312 0 0 0 0 0
33.31 0.000775926 0 0 0 0 0
33.82 0.000787528 0 0 0 0 0
34.33 0.000799116 0 0 0 0 0
34.84 0.000810692 0 0 0 0 0
35.35 0.000822255 0 0 0 0 0
35.86 0.000833805 0 0 0 0 0
36.37 0.000845342 0 0 0 0 0
36.88 0.000856864 0 0 0 0 0
37.39 0.000868373 0 0 0 0 0
37.9 0.000879869 0 0 0 0 0
38.41 0.00089135 0 0 0 0 0
38.92 0.000902816 0 0 0 0 0
39.43 0.000914269 0 0 0 0 0
39.94 0.000925706 0 0 0 0 0
40.45 0.000937129 0 0 0 0 0
40.96 0.000948537 0 0 0 0 0
41.47 0.000959929 0 0 0 0 0
41.98 0.000971306 0 0 0 0 0
42.49 0.000982668 0 0 0 0 0
43 0.000994014 0 0 0 0 0
43.51 0.00100534 0 0 0 0 0
44.02 0.00101666 0 0 0 0 0
44.53 0.00102795 0 0 0 0 0
45.04 0.00103924 0 0 0 0 0
45.55 0.0010505 0 0 0 0 0
46.06 0.00106175 0 0 0 0 0
46.57 0.00107298 0 0 0 0 0
47.08 0.00108419 0 0 0 0 0
47.59 0.00109539 0 0 0 0 0
48.1 0.00110656 0 0 0 0 0
48.61 0.00111772 0 0 0 0 0
49.12 0.00112887 0 0 0 0 0
49.63 0.00113999 0 0 0 0 0
50.14 0.0011511 0 0 0 0 0
50.65 0.00116218 0 0 0 0 0
51.16 0.00117325 0 0 0 0 0
51.67 0.0011843 0 0 0 0 0
52.18 0.00119533 0 0 0 0 0
52.69 0.00120635 0 0 0 0 0
53.2 0.00121734 0 0 0 0 0
53.71 0.00122831 0 0 0 0 0
54.22 0.00123927 0 0 0 0 0
54.73 0.0012502 0 0 0 0 0
55.24 0.00126111 0 0 0 0 0
55.75 0.00127201 0 0 0 0 0
56.26 0.00128288 0 0 0 0 0
56.77 0.00129373 0 0 0 0 0
57.28 0.00130456 0 0 0 0 0
57.79 0.00131537 0 0 0 0 0
58.3 0.00132616 0 0 0 0 0
58.81 0.00133693 0 0 0 0 0
59.32 0.00134768 0 0 0 0 0
59.83 0.0013584 0 0 0 0 0
60.34 0.0013691 0 0 0 0 0
60.85 0.00137979 0 0 0 0 0
61.36 0.00139044 0 0 0 0 0
61.87 0.00140108 0 0 0 0 0
62.38 0.0014117 0 0 0 0 0
62.89 0.00142229 0 0 0 0 0
63.4 0.00143286 0 0 0 0 0
63.91 0.0014434 0 0 0 0 0
64.41 0.00145372 0 0 0 0 0
64.91 0.00146401 0 0 0 0 0
65.41 0.00147428 0 0 0 0 0
65.91 0.00148453 0 0 0 0 0
66.41 0.00149476 0 0 0 0 0
66.91 0.00150496 0 0 0 0 0
67.41 0.00151514 0 0 0 0 0
67.91 0.0015253 0 0 0 0 0
68.41 0.00153543 0 0 0 0 0
68.91 0.00154554 0 0 0 0 0
69.41 0.00155563 0 0 0 0 0
69.91 0.00156569 0 0 0 0 0
70.41 0.00157572 0 0 0 0 0
70.91 0.00158574 0 0 0 0 0
71.41 0.00159573 0 0 0 0 0
71.91 0.00160569 0 0 0 0 0
72.41 0.00161563 0 0 0 0 0
72.91 0.00162554 0 0 0 0 0
73.41 0.00163543 0 0 0 0 0
73.91 0.0016453 0 0 0 0 0
74.41 0.00165513 0 0 0 0 0
74.91 0.00166495 0 0 0 0 0
75.41 0.00167473 0 0 0 0 0
75.91 0.0016845 0 0 0 0 0
76.41 0.00169423 0 0 0 0 0
76.91 0.00170394 0 0 0 0 0
77.41 0.00171362 0 0 0 0 0
77.91 0.00172328 0 0 0 0 0
78.41 0.00173291 0 0 0 0 0
78.91 0.00174251 0 0 0 0 0
79.41 0.00175209 0 0 0 0 0
79.91 0.00176164 0 0 0 0 0
80.41 0.00177116 0 0 0 0 0
80.91 0.00178066 0 0 0 0 0
81.41 0.00179012 0 0 0 0 0
81.91 0.00179956 0 0 0 0 0
82.41 0.00180898 0 0 0 0 0
82.91 0.00181836 0 0 0 0 0
83.41 0.00182772 0 0 0 0 0
83.91 0.00183705 0 0 0 0 0
84.41 0.00184634 0 0 0 0 0
84.91 0.00185562 0 0 0 0 0
85.41 0.00186486 0 0 0 0 0
85.91 0.00187407 0 0 0 0 0
86.41 0.00188326 0 0 0 0 0
86.91 0.00189241 0 0 0 0 0
87.41 0.00190154 0 0 0 0 0
87.91 0.00191064 0 0 0 0 0
88.41 0.00191971 0 0 0 0 0
88.91 0.00192874 0 0 0 0 0
89.41 0.00193775 0 0 0 0 0
89.91 0.00194673 0 0 0 0 0
90.41 0.00195568 0 0 0 0 0
90.91 0.0019646 0 0 0 0 0
91.41 0.00197349 0 0 0 0 0
91.91 0.00198234 0 0 0 0 0
92.41 0.00199117 0 0 0 0 0
92.91 0.00199997 0 0 0 0 0
93.41 0.00200873 0 0 0 0 0
93.91 0.00201747 0 0 0 0 0
94.41 0.00202617 0 0 0 0 0
94.91 0.00203484 0 0 0 0 0
95.41 0.00204349 0 0 0 0 0
95.91 0.00205209 0 0 0 0 0
96.41 0.00206067 0 0 0 0 0
96.91 0.00206922 0 0 0 0 0
97.41 0.00207773 0 0 0 0 0
97.91 0.00208622 0 0 0 0 0
98.41 0.00209466 0 0 0 0 0
98.91 0.00210308 0 0 0 0 0
99.41 0.00211147 0 0 0 0 0
99.91 0.00211982 0 0 0 0 0
