0.01 3.76991e-07 0 0 0 0 0
0.51 1.92265e-05 0 0 0 0 0
1.01 3.80758e-05 0 0 0 0 0
1.51 5.69248e-05 0 0 0 0 0
2.01 7.57732e-05 0 0 0 0 0
2.52 9.49978e-05 0 0 0 0 0
3.03 0.000114221 0 0 0 0 0
3.54 0.000133444 0 0 0 0 0
4.05 0.000152665 0 0 0 0 0
4.56 0.000171884 0 0 0 0 0
5.07 0.000191102 0 0 0 0 0
5.58 0.000210318 0 0 0 0 0
6.09 0.000229532 0 0 0 0 0
6.6 0.000248743 0 0 0 0 0
7.11 0.000267952 0 0 0 0 0
7.62 0.000287157 0 0 0 0 0
8.13 0.000306361 0 0 0 0 0
8.64 0.00032556 0 0 0 0 0
9.15 0.000344757 0 0 0 0 0
9.66 0.00036395 0 0 0 0 0
10.17 0.000383139 0 0 0 0 0
10.68 0.000402324 0 0 0 0 0
11.19 0.000421506 0 0 0 0 0
11.7 0.000440682 0 0 0 0 0
12.21 0.000459855 0 0 0 0 0
12.72 0.000479022 0 0 0 0 0
13.23 0.000498185 0 0 0 0 0
13.74 0.000517343 0 0 0 0 0
14.25 0.000536495 0 0 0 0 0
14.76 0.000555642 0 0 0 0 0
15.27 0.000574783 0 0 0 0 0
15.78 0.000593918 0 0 0 0 0
16.28 0.000612672 0 0 0 0 0
16.78 0.00063142 0 0 0 0 0
17.28 0.000650162 0 0 0 0 0
17.78 0.000668897 0 0 0 0 0
18.28 0.000687626 0 0 0 0 0
18.78 0.000706348 0 0 0 0 0
19.28 0.000725062 0 0 0 0 0
19.78 0.00074377 0 0 0 0 0
20.28 0.000762471 0 0 0 0 0
20.78 0.000781164 0 0 0 0 0
21.28 0.000799849 0 0 0 0 0
21.78 0.000818526 0 0 0 0 0
22.28 0.000837196 0 0 0 0 0
22.78 0.000855857 0 0 0 0 0
23.28 0.000874509 0 0 0 0 0
23.78 0.000893153 0 0 0 0 0
24.28 0.000911788 0 0 0 0 0
24.78 0.000930414 0 0 0 0 0
25.28 0.000949031 0 0 0 0 0
25.78 0.000967639 0 0 0 0 0
26.28 0.000986237 0 0 0 0 0
26.78 0.00100482 0 0 0 0 0
27.28 0.0010234 0 0 0 0 0
27.78 0.00104197 0 0 0 0 0
28.28 0.00106053 0 0 0 0 0
28.78 0.00107908 0 0 0 0 0
29.28 0.00109761 0 0 0 0 0
29.78 0.00111614 0 0 0 0 0
30.28 0.00113465 0 0 0 0 0
30.78 0.00115316 0 0 0 0 0
31.28 0.00117165 0 0 0 0 0
31.78 0.00119013 0 0 0 0 0
32.29 0.00120897 0 0 0 0 0
32.8 0.0012278 0 0 0 0 0
33.31 0.00124661 0 0 0 0 0
33.82 0.00126541 0 0 0 0 0
34.33 0.0012842 0 0 0 0 0
34.84 0.00130297 0 0 0 0 0
35.35 0.00132173 0 0 0 0 0
35.86 0.00134048 0 0 0 0 0
36.37 0.00135921 0 0 0 0 0
36.88 0.00137793 0 0 0 0 0
37.39 0.00139664 0 0 0 0 0
37.9 0.00141533 0 0 0 0 0
38.41 0.00143401 0 0 0 0 0
38.92 0.00145267 0 0 0 0 0
39.43 0.00147132 0 0 0 0 0
39.94 0.00148995 0 0 0 0 0
40.45 0.00150856 0 0 0 0 0
40.96 0.00152717 0 0 0 0 0
41.47 0.00154575 0 0 0 0 0
41.98 0.00156432 0 0 0 0 0
42.49 0.00158287 0 0 0 0 0
43 0.00160141 0 0 0 0 0
43.51 0.00161993 0 0 0 0 0
44.02 0.00163844 0 0 0 0 0
44.53 0.00165692 0 0 0 0 0
45.04 0.00167539 0 0 0 0 0
45.55 0.00169385 0 0 0 0 0
46.06 0.00171228 0 0 0 0 0
46.57 0.0017307 0 0 0 0 0
47.08 0.0017491 0 0 0 0 0
47.59 0.00176748 0 0 0 0 0
48.1 0.00178585 0 0 0 0 0
48.61 0.00180419 0 0 0 0 0
49.12 0.00182252 0 0 0 0 0
49.63 0.00184083 0 0 0 0 0
50.14 0.00185912 0 0 0 0 0
50.65 0.00187739 0 0 0 0 0
51.16 0.00189564 0 0 0 0 0
51.67 0.00191387 0 0 0 0 0
52.18 0.00193209 0 0 0 0 0
52.69 0.00195028 0 0 0 0 0
53.2 0.00196845 0 0 0 0 0
53.71 0.0019866 0 0 0 0 0
54.22 0.00200474 0 0 0 0 0
54.73 0.00202285 0 0 0 0 0
55.24 0.00204094 0 0 0 0 0
55.75 0.00205901 0 0 0 0 0
56.26 0.00207706 0 0 0 0 0
56.77 0.00209508 0 0 0 0 0
57.28 0.00211309 0 0 0 0 0
57.79 0.00213107 0 0 0 0 0
58.3 0.00214903 0 0 0 0 0
58.81 0.00216697 0 0 0 0 0
59.32 0.00218489 0 0 0 0 0
59.83 0.00220279 0 0 0 0 0
60.34 0.00222066 0 0 0 0 0
60.85 0.00223851 0 0 0 0 0
61.36 0.00225634 0 0 0 0 0
61.87 0.00227414 0 0 0 0 0
62.38 0.00229192 0 0 0 0 0
62.89 0.00230968 0 0 0 0 0
63.4 0.00232741 0 0 0 0 0
63.91 0.00234512 0 0 0 0 0
64.41 0.00236246 0 0 0 0 0
64.91 0.00237977 0 0 0 0 0
65.41 0.00239706 0 0 0 0 0
65.91 0.00241433 0 0 0 0 0
66.41 0.00243158 0 0 0 0 0
66.91 0.0024488 0 0 0 0 0
67.41 0.00246599 0 0 0 0 0
67.91 0.00248317 0 0 0 0 0
68.41 0.00250031 0 0 0 0 0
68.91 0.00251743 0 0 0 0 0
69.41 0.00253453 0 0 0 0 0
69.91 0.00255161 0 0 0 0 0
70.41 0.00256865 0 0 0 0 0
70.91 0.00258567 0 0 0 0 0
71.41 0.00260267 0 0 0 0 0
71.91 0.00261964 0 0 0 0 0
72.41 0.00263659 0 0 0 0 0
72.91 0.00265351 0 0 0 0 0
73.41 0.0026704 0 0 0 0 0
73.91 0.00268727 0 0 0 0 0
74.41 0.00270411 0 0 0 0 0
74.91 0.00272092 0 0 0 0 0
75.41 0.00273771 0 0 0 0 0
75.91 0.00275447 0 0 0 0 0
76.41 0.0027712 0 0 0 0 0
76.91 0.0027879 0 0 0 0 0
77.41 0.00280458 0 0 0 0 0
77.91 0.00282123 0 0 0 0 0
78.41 0.00283785 0 0 0 0 0
78.91 0.00285445 0 0 0 0 0
79.41 0.00287101 0 0 0 0 0
79.91 0.00288755 0 0 0 0 0
80.41 0.00290406 0 0 0 0 0
80.91 0.00292054 0 0 0 0 0
81.41 0.00293699 0 0 0 0 0
81.91 0.00295341 0 0 0 0 0
82.41 0.0029698 0 0 0 0 0
82.91 0.00298617 0 0 0 0 0
83.41 0.0030025 0 0 0 0 0
83.91 0.00301881 0 0 0 0 0
84.41 0.00303508 0 0 0 0 0
84.91 0.00305133 0 0 0 0 0
85.41 0.00306754 0 0 0 0 0
85.91 0.00308373 0 0 0 0 0
86.41 0.00309988 0 0 0 0 0
86.91 0.00311601 0 0 0 0 0
87.41 0.0031321 0 0 0 0 0
87.91 0.00314816 0 0 0 0 0
88.41 0.00316419 0 0 0 0 0
88.91 0.00318019 0 0 0 0 0
89.41 0.00319616 0 0 0 0 0
89.91 0.0032121 0 0 0 0 0
90.41 0.003228 0 0 0 0 0
90.91 0.00324387 0 0 0 0 0
91.41 0.00325971 0 0 0 0 0
91.91 0.00327552 0 0 0 0 0
92.41 0.0032913 0 0 0 0 0
92.91 0.00330704 0 0 0 0 0
93.41 0.00332276 0 0 0 0 0
93.91 0.00333844 0 0 0 0 0
94.41 0.00335408 0 0 0 0 0
94.91 0.00336969 0 0 0 0 0
95.41 0.00338527 0 0 0 0 0
95.91 0.00340082 0 0 0 0 0
96.41 0.00341633 0 0 0 0 0
96.91 0.00343181 0 0 0 0 0
97.41 0.00344726 0 0 0 0 0
97.91 0.00346267 0 0 0 0 0
98.41 0.00347804 0 0 0 0 0
98.91 0.00349338 0 0 0 0 0
99.41 0.00350869 0 0 0 0 0
99.91 0.00352397 0 0 0 0 0
100.41 0.0035392 0 0 0 0 0
100.91 0.00355441 0 0 0 0 0
101.41 0.00356958 0 0 0 0 0
101.91 0.00358471 0 0 0 0 0
102.41 0.00359981 0 0 0 0 0
102.91 0.00361487 0 0 0 0 0
103.41 0.0036299 0 0 0 0 0
103.91 0.00364489 0 0 0 0 0
104.41 0.00365984 0 0 0 0 0
104.91 0.00367476 0 0 0 0 0
105.41 0.00368964 0 0 0 0 0
105.91 0.00370449 0 0 0 0 0
106.41 0.0037193 0 0 0 0 0
106.91 0.00373407 0 0 0 0 0
107.41 0.00374881 0 0 0 0 0
107.91 0.00376351 0 0 0 0 0
108.41 0.00377817 0 0 0 0 0
108.91 0.00379279 0 0 0 0 0
109.41 0.00380738 0 0 0 0 0
109.91 0.00382193 0 0 0 0 0
110.41 0.00383644 0 0 0 0 0
110.91 0.00385091 0 0 0 0 0
111.41 0.00386535 0 0 0 0 0
111.91 0.00387975 0 0 0 0 0
112.41 0.00389411 0 0 0 0 0
112.91 0.00390843 0 0 0 0 0
113.41 0.00392271 0 0 0 0 0
113.91 0.00393695 0 0 0 0 0
114.41 0.00395116 0 0 0 0 0
114.91 0.00396533 0 0 0 0 0
115.41 0.00397945 0 0 0 0 0
115.91 0.00399354 0 0 0 0 0
116.41 0.00400759 0 0 0 0 0
116.91 0.0040216 0 0 0 0 0
117.41 0.00403556 0 0 0 0 0
117.91 0.00404949 0 0 0 0 0
118.41 0.00406338 0 0 0 0 0
118.91 0.00407723 0 0 0 0 0
119.41 0.00409104 0 0 0 0 0
119.91 0.00410481 0 0 0 0 0
120.41 0.00411854 0 0 0 0 0
120.91 0.00413222 0 0 0 0 0
121.41 0.00414587 0 0 0 0 0
121.91 0.00415948 0 0 0 0 0
122.41 0.00417304 0 0 0 0 0
122.91 0.00418656 0 0 0 0 0
123.41 0.00420004 0 0 0 0 0
123.91 0.00421348 0 0 0 0 0
124.41 0.00422688 0 0 0 0 0
124.91 0.00424024 0 0 0 0 0
125.41 0.00425356 0 0 0 0 0
125.91 0.00426683 0 0 0 0 0
126.41 0.00428006 0 0 0 0 0
126.91 0.00429325 0 0 0 0 0
127.41 0.0043064 0 0 0 0 0
127.91 0.0043195 0 0 0 0 0
128.42 0.00433282 0 0 0 0 0
128.93 0.0043461 0 0 0 0 0
129.44 0.00435933 0 0 0 0 0
129.95 0.00437252 0 0 0 0 0
130.46 0.00438566 0 0 0 0 0
130.97 0.00439876 0 0 0 0 0
131.48 0.00441182 0 0 0 0 0
131.99 0.00442482 0 0 0 0 0
132.5 0.00443779 0 0 0 0 0
133.01 0.0044507 0 0 0 0 0
133.52 0.00446357 0 0 0 0 0
134.03 0.0044764 0 0 0 0 0
134.54 0.00448918 0 0 0 0 0
135.05 0.00450191 0 0 0 0 0
135.56 0.0045146 0 0 0 0 0
136.07 0.00452724 0 0 0 0 0
136.58 0.00453983 0 0 0 0 0
137.09 0.00455238 0 0 0 0 0
137.6 0.00456488 0 0 0 0 0
138.11 0.00457734 0 0 0 0 0
138.62 0.00458974 0 0 0 0 0
139.13 0.0046021 0 0 0 0 0
139.64 0.00461442 0 0 0 0 0
140.15 0.00462668 0 0 0 0 0
140.66 0.0046389 0 0 0 0 0
141.17 0.00465107 0 0 0 0 0
141.68 0.00466319 0 0 0 0 0
142.19 0.00467527 0 0 0 0 0
142.7 0.00468729 0 0 0 0 0
143.21 0.00469927 0 0 0 0 0
143.72 0.0047112 0 0 0 0 0
144.23 0.00472308 0 0 0 0 0
144.74 0.00473492 0 0 0 0 0
145.25 0.0047467 0 0 0 0 0
145.76 0.00475844 0 0 0 0 0
146.27 0.00477012 0 0 0 0 0
146.78 0.00478176 0 0 0 0 0
147.29 0.00479335 0 0 0 0 0
147.8 0.00480489 0 0 0 0 0
148.31 0.00481638 0 0 0 0 0
148.82 0.00482782 0 0 0 0 0
149.33 0.00483921 0 0 0 0 0
149.84 0.00485055 0 0 0 0 0
150.35 0.00486185 0 0 0 0 0
150.86 0.00487309 0 0 0 0 0
151.37 0.00488428 0 0 0 0 0
151.88 0.00489542 0 0 0 0 0
152.39 0.00490651 0 0 0 0 0
152.9 0.00491755 0 0 0 0 0
153.41 0.00492854 0 0 0 0 0
153.92 0.00493948 0 0 0 0 0
154.43 0.00495037 0 0 0 0 0
154.94 0.00496121 0 0 0 0 0
155.45 0.004972 0 0 0 0 0
155.96 0.00498274 0 0 0 0 0
156.47 0.00499342 0 0 0 0 0
156.98 0.00500405 0 0 0 0 0
157.49 0.00501464 0 0 0 0 0
158 0.00502517 0 0 0 0 0
158.51 0.00503565 0 0 0 0 0
159.02 0.00504608 0 0 0 0 0
159.53 0.00505645 0 0 0 0 0
160.04 0.00506678 0 0 0 0 0
160.55 0.00507705 0 0 0 0 0
161.06 0.00508727 0 0 0 0 0
161.57 0.00509743 0 0 0 0 0
162.08 0.00510755 0 0 0 0 0
162.59 0.00511761 0 0 0 0 0
163.1 0.00512762 0 0 0 0 0
163.61 0.00513758 0 0 0 0 0
164.12 0.00514749 0 0 0 0 0
164.63 0.00515734 0 0 0 0 0
165.14 0.00516714 0 0 0 0 0
165.65 0.00517688 0 0 0 0 0
166.16 0.00518658 0 0 0 0 0
166.67 0.00519622 0 0 0 0 0
167.18 0.0052058 0 0 0 0 0
167.69 0.00521533 0 0 0 0 0
168.2 0.00522481 0 0 0 0 0
168.71 0.00523424 0 0 0 0 0
169.22 0.00524361 0 0 0 0 0
169.73 0.00525293 0 0 0 0 0
170.24 0.00526219 0 0 0 0 0
170.75 0.0052714 0 0 0 0 0
171.26 0.00528056 0 0 0 0 0
171.77 0.00528966 0 0 0 0 0
172.28 0.00529871 0 0 0 0 0
172.79 0.0053077 0 0 0 0 0
173.3 0.00531664 0 0 0 0 0
173.81 0.00532552 0 0 0 0 0
174.32 0.00533435 0 0 0 0 0
174.83 0.00534313 0 0 0 0 0
175.34 0.00535185 0 0 0 0 0
175.85 0.00536051 0 0 0 0 0
176.36 0.00536912 0 0 0 0 0
176.87 0.00537767 0 0 0 0 0
177.38 0.00538617 0 0 0 0 0
177.89 0.00539462 0 0 0 0 0
178.4 0.00540301 0 0 0 0 0
178.91 0.00541134 0 0 0 0 0
179.42 0.00541962 0 0 0 0 0
179.93 0.00542784 0 0 0 0 0
180.44 0.005436 0 0 0 0 0
180.95 0.00544411 0 0 0 0 0
181.46 0.00545217 0 0 0 0 0
181.97 0.00546017 0 0 0 0 0
182.48 0.00546811 0 0 0 0 0
182.99 0.005476 0 0 0 0 0
183.5 0.00548383 0 0 0 0 0
184.01 0.0054916 0 0 0 0 0
184.52 0.00549932 0 0 0 0 0
185.03 0.00550698 0 0 0 0 0
185.54 0.00551458 0 0 0 0 0
186.05 0.00552213 0 0 0 0 0
186.56 0.00552962 0 0 0 0 0
187.07 0.00553705 0 0 0 0 0
187.58 0.00554443 0 0 0 0 0
188.09 0.00555175 0 0 0 0 0
188.6 0.00555901 0 0 0 0 0
189.11 0.00556622 0 0 0 0 0
189.62 0.00557337 0 0 0 0 0
190.13 0.00558046 0 0 0 0 0
190.64 0.0055875 0 0 0 0 0
191.15 0.00559447 0 0 0 0 0
191.66 0.00560139 0 0 0 0 0
192.17 0.00560825 0 0 0 0 0
192.68 0.00561506 0 0 0 0 0
193.19 0.00562181 0 0 0 0 0
193.7 0.0056285 0 0 0 0 0
194.21 0.00563513 0 0 0 0 0
194.72 0.0056417 0 0 0 0 0
195.23 0.00564822 0 0 0 0 0
195.74 0.00565467 0 0 0 0 0
196.25 0.00566107 0 0 0 0 0
196.76 0.00566741 0 0 0 0 0
197.27 0.0056737 0 0 0 0 0
197.78 0.00567992 0 0 0 0 0
198.29 0.00568609 0 0 0 0 0
198.8 0.0056922 0 0 0 0 0
199.31 0.00569825 0 0 0 0 0
199.82 0.00570424 0 0 0 0 0
200.33 0.00571017 0 0 0 0 0
200.84 0.00571605 0 0 0 0 0
201.35 0.00572186 0 0 0 0 0
201.86 0.00572762 0 0 0 0 0
202.37 0.00573332 0 0 0 0 0
202.88 0.00573895 0 0 0 0 0
203.39 0.00574453 0 0 0 0 0
203.9 0.00575006 0 0 0 0 0
204.41 0.00575552 0 0 0 0 0
204.92 0.00576092 0 0 0 0 0
205.43 0.00576626 0 0 0 0 0
205.94 0.00577155 0 0 0 0 0
206.45 0.00577677 0 0 0 0 0
206.96 0.00578194 0 0 0 0 0
207.47 0.00578705 0 0 0 0 0
207.98 0.00579209 0 0 0 0 0
208.49 0.00579708 0 0 0 0 0
209 0.00580201 0 0 0 0 0
209.51 0.00580688 0 0 0 0 0
210.02 0.00581169 0 0 0 0 0
210.53 0.00581644 0 0 0 0 0
211.04 0.00582113 0 0 0 0 0
211.55 0.00582575 0 0 0 0 0
212.06 0.00583032 0 0 0 0 0
212.57 0.00583484 0 0 0 0 0
213.08 0.00583929 0 0 0 0 0
213.59 0.00584368 0 0 0 0 0
214.1 0.00584801 0 0 0 0 0
214.61 0.00585228 0 0 0 0 0
215.12 0.00585649 0 0 0 0 0
215.63 0.00586064 0 0 0 0 0
216.14 0.00586473 0 0 0 0 0
216.65 0.00586875 0 0 0 0 0
217.16 0.00587272 0 0 0 0 0
217.67 0.00587663 0 0 0 0 0
218.18 0.00588048 0 0 0 0 0
218.69 0.00588427 0 0 0 0 0
219.2 0.005888 0 0 0 0 0
219.71 0.00589167 0 0 0 0 0
220.22 0.00589527 0 0 0 0 0
220.73 0.00589882 0 0 0 0 0
221.24 0.0059023 0 0 0 0 0
221.75 0.00590573 0 0 0 0 0
222.26 0.00590909 0 0 0 0 0
222.77 0.0059124 0 0 0 0 0
223.28 0.00591564 0 0 0 0 0
223.79 0.00591882 0 0 0 0 0
224.3 0.00592194 0 0 0 0 0
224.81 0.00592501 0 0 0 0 0
225.32 0.00592801 0 0 0 0 0
225.83 0.00593094 0 0 0 0 0
226.34 0.00593382 0 0 0 0 0
226.85 0.00593664 0 0 0 0 0
227.36 0.0059394 0 0 0 0 0
227.87 0.00594209 0 0 0 0 0
228.38 0.00594473 0 0 0 0 0
228.89 0.0059473 0 0 0 0 0
229.4 0.00594981 0 0 0 0 0
229.91 0.00595226 0 0 0 0 0
230.42 0.00595465 0 0 0 0 0
230.93 0.00595698 0 0 0 0 0
231.44 0.00595925 0 0 0 0 0
231.95 0.00596145 0 0 0 0 0
232.46 0.0059636 0 0 0 0 0
232.97 0.00596568 0 0 0 0 0
233.48 0.00596771 0 0 0 0 0
233.99 0.00596967 0 0 0 0 0
234.5 0.00597157 0 0 0 0 0
235.01 0.00597341 0 0 0 0 0
235.52 0.00597518 0 0 0 0 0
236.03 0.0059769 0 0 0 0 0
236.54 0.00597856 0 0 0 0 0
237.05 0.00598015 0 0 0 0 0
237.56 0.00598168 0 0 0 0 0
238.07 0.00598315 0 0 0 0 0
238.58 0.00598456 0 0 0 0 0
239.09 0.00598591 0 0 0 0 0
239.6 0.00598719 0 0 0 0 0
240.11 0.00598842 0 0 0 0 0
240.62 0.00598958 0 0 0 0 0
241.13 0.00599068 0 0 0 0 0
241.64 0.00599172 0 0 0 0 0
242.15 0.0059927 0 0 0 0 0
242.66 0.00599362 0 0 0 0 0
243.17 0.00599448 0 0 0 0 0
243.68 0.00599527 0 0 0 0 0
244.19 0.005996 0 0 0 0 0
244.7 0.00599667 0 0 0 0 0
245.21 0.00599728 0 0 0 0 0
245.72 0.00599783 0 0 0 0 0
246.23 0.00599832 0 0 0 0 0
246.74 0.00599874 0 0 0 0 0
247.25 0.0059991 0 0 0 0 0
247.76 0.00599941 0 0 0 0 0
248.27 0.00599965 0 0 0 0 0
248.78 0.00599982 0 0 0 0 0
249.29 0.00599994 0 0 0 0 0
249.8 0.006 0 0 0 0 0
