0.01 2.49316e-07 -2.65158e-23 -6.26298e-19 -3.33144e-41 -8.24504e-19 5.58015e-23
0.51 1.27151e-05 -2.02135e-22 -6.37861e-19 -3.59698e-26 -9.00561e-19 1.06972e-21
1.01 2.51808e-05 -2.90004e-22 -6.04382e-19 1.04473e-25 -6.3413e-19 3.67673e-21
1.51 3.76462e-05 -2.63618e-22 -6.53703e-19 -2.36556e-25 -1.31552e-18 4.76204e-21
2.01 5.01113e-05 -2.65478e-22 -6.34941e-19 3.27727e-25 -1.57136e-18 5.46458e-21
2.52 6.28251e-05 -2.01219e-22 -6.1137e-19 1.33258e-26 -7.54002e-19 -3.42339e-21
3.03 7.55383e-05 2.07535e-22 -6.29032e-19 -1.38352e-25 -7.3319e-19 -8.21429e-21
3.54 8.82507e-05 -1.33775e-21 -5.92566e-19 1.99231e-25 -5.61487e-19 4.0924e-21
4.05 0.000100962 -2.26302e-21 -6.45751e-19 4.82206e-25 -1.35488e-18 2.30598e-20
4.56 0.000113673 1.09939e-21 -5.52116e-19 1.28678e-26 8.01035e-20 -9.13726e-21
5.07 0.000126382 2.65638e-21 -6.37056e-19 -4.37997e-26 -1.64413e-18 -5.1029e-21
5.58 0.00013909 -2.08819e-21 -6.32613e-19 -2.89885e-26 -9.94177e-19 -8.89906e-21
6.09 0.000151797 -3.24658e-22 -6.30948e-19 4.3851e-25 -1.67347e-18 -7.30133e-21
6.6 0.000164502 -3.55926e-21 -5.38988e-19 5.74771e-25 1.13757e-18 -8.95557e-21
7.11 0.000176722 -3.24942e-21 7.85332e-07 9.64999e-25 4.97932e-07 2.09021e-20
7.62 0.000189383 -1.65281e-21 -2.52824e-08 -6.62454e-25 1.49374e-05 3.2506e-20
8.13 0.000200771 1.00182e-21 1.28526e-07 1.85608e-25 -8.35106e-07 1.10361e-21
8.64 0.000211391 1.23712e-21 7.6941e-07 1.82538e-25 1.11816e-05 -9.918e-21
9.15 0.000223198 1.56764e-21 -3.75668e-07 -2.63936e-24 -1.51092e-06 -9.21208e-22
9.66 0.000231869 1.75351e-21 -2.46069e-08 3.03342e-25 -5.47902e-07 4.7563e-21
10.17 0.000238692 1.92905e-21 -1.58099e-08 6.06577e-25 -3.26845e-07 2.66051e-20
10.68 0.000247518 -1.075e-21 -4.38599e-07 -7.52552e-25 -2.32139e-07 1.82923e-21
11.19 0.000256595 5.22863e-21 1.7134e-07 -3.37104e-25 -1.32588e-05 -1.90203e-20
11.7 0.000265013 4.31595e-21 -1.51911e-07 1.20633e-26 -3.17635e-06 -2.98187e-20
12.21 0.000277401 5.17925e-21 2.15994e-07 2.57099e-25 5.18206e-07 -3.93454e-20
12.72 0.000284229 6.81747e-21 3.62355e-07 2.48201e-25 -9.19325e-06 -4.05977e-20
13.23 0.000292831 9.06212e-21 1.64868e-07 -2.45858e-24 1.06602e-05 -7.80695e-20
13.74 0.000300833 4.91784e-21 -5.12032e-08 -5.96355e-25 3.30904e-06 -6.77533e-20
14.25 0.000309935 2.22949e-21 -4.62146e-10 -1.2752e-24 -2.98024e-08 -4.17565e-20
14.76 0.000319172 7.88262e-21 3.64549e-10 -1.34946e-25 7.1455e-08 -7.09008e-20
15.27 0.000328854 7.95185e-21 -3.15058e-07 -1.19913e-24 -1.9077e-05 -8.387e-20
15.78 0.000338514 4.06778e-21 -1.00757e-06 -2.69307e-24 7.13415e-06 -4.14602e-20
16.28 0.000347829 2.09645e-21 -2.21882e-07 1.87325e-25 -2.41584e-06 -3.96658e-20
16.78 0.000357725 5.21314e-21 2.24679e-07 6.13058e-25 1.57235e-05 -5.13538e-20
17.28 0.000367507 5.91373e-21 -2.61308e-09 -2.23316e-24 -8.4979e-08 -4.01621e-20
17.78 0.000375989 9.50225e-21 3.70631e-10 -1.422e-24 4.50161e-08 -5.96358e-20
18.28 0.00038665 5.50202e-21 -3.74281e-07 -3.23691e-24 6.98961e-07 -7.271e-20
18.78 0.000394697 6.88978e-21 -9.82273e-08 2.79421e-24 -2.03886e-06 -4.37352e-20
19.28 0.000403531 7.02689e-21 1.66561e-07 7.68608e-25 1.08006e-05 -7.33769e-20
19.78 0.000413713 7.50273e-21 -1.2702e-11 -2.09218e-24 6.8273e-10 -4.5095e-20
20.28 0.000422138 1.04732e-20 -2.06e-07 -2.80679e-24 2.84949e-07 -9.46973e-20
20.78 0.000431317 1.08825e-20 6.6896e-10 -5.29133e-25 -9.51321e-08 -8.52297e-20
21.28 0.000440637 7.78688e-21 -1.56237e-07 1.21701e-24 -3.17524e-06 -7.28415e-20
21.78 0.000450569 9.25355e-21 1.74229e-07 1.64307e-24 4.6998e-06 -6.11311e-20
22.28 0.000459512 1.23253e-20 -4.52348e-09 -7.60213e-25 8.67329e-06 -7.56596e-20
22.78 0.000467496 7.07944e-21 2.18742e-09 1.2789e-24 -1.43007e-07 -3.68193e-20
23.28 0.000478959 9.80654e-21 -6.22279e-07 -2.16045e-24 -1.582e-05 -3.99821e-20
23.78 0.000487434 1.13913e-20 -1.72628e-09 3.12488e-24 2.04332e-08 -8.53462e-20
24.28 0.000498707 1.32611e-20 3.16173e-07 1.48052e-24 6.92758e-06 -6.7527e-20
24.78 0.000509571 1.41276e-20 4.63102e-07 -4.7849e-25 -9.44051e-07 -6.5443e-20
25.28 0.000518585 8.50376e-21 2.53438e-09 -5.36552e-25 -1.25187e-07 -3.7569e-20
25.78 0.00052763 5.69196e-21 3.3308e-07 2.24081e-25 6.76688e-06 -6.91883e-20
26.28 0.000534779 7.82846e-21 8.26776e-08 -1.35803e-24 -8.70987e-06 -3.85193e-20
26.78 0.000542875 7.54856e-21 -2.18427e-07 -2.68694e-25 -2.34043e-06 -4.39636e-20
27.28 0.000553854 7.62969e-21 4.66604e-07 -1.58824e-24 9.09043e-06 -5.43228e-20
27.78 0.000562893 1.10588e-20 -1.27537e-07 2.64143e-24 8.31693e-06 -4.023e-20
28.28 0.000571566 8.63902e-21 2.2146e-07 2.34562e-24 2.33162e-06 -5.24961e-20
28.78 0.000581846 9.00131e-21 -5.90723e-07 2.8733e-25 -3.07641e-06 -6.27733e-20
29.28 0.000591204 6.73741e-21 -1.75744e-09 -2.29708e-24 -3.57782e-08 -2.96847e-20
29.78 0.000599466 1.26998e-20 -1.40395e-07 -8.5388e-25 -8.68148e-06 -6.73864e-20
30.28 0.000609757 9.58718e-21 -4.32539e-09 -2.47923e-24 7.64371e-06 -1.05471e-20
30.78 0.000620071 5.25e-21 3.15288e-07 8.90811e-26 6.41543e-06 -1.72129e-20
31.28 0.000627779 7.86853e-21 4.47273e-10 1.28292e-24 9.21055e-09 -2.90854e-20
31.78 0.000636853 1.09091e-20 -1.27263e-12 6.33409e-25 -1.03582e-10 -4.20062e-20
32.29 0.000646671 4.65983e-21 -1.48726e-07 -1.46257e-25 -1.57289e-06 -1.78765e-20
32.8 0.000656031 4.81162e-21 -2.18194e-07 1.6353e-24 -2.29369e-06 -7.18209e-21
33.31 0.000665514 1.05993e-20 -4.84817e-07 3.0104e-25 1.12246e-05 -6.18647e-20
33.82 0.000675353 4.48722e-21 6.42695e-10 -2.03429e-24 1.32103e-08 -4.93409e-20
34.33 0.000683647 9.65909e-21 -6.22039e-07 2.88535e-24 -2.53771e-06 -5.08306e-20
34.84 0.000693159 7.73586e-21 1.71972e-07 -1.30269e-24 -1.1948e-05 -7.63596e-20
35.35 0.000702693 1.27142e-20 -1.87871e-10 2.74815e-24 -1.67765e-08 -8.80871e-20
35.86 0.000709459 6.69633e-21 7.15777e-08 1.1366e-24 7.121e-06 -5.53054e-20
36.37 0.000721647 7.95156e-21 1.20616e-07 -3.03282e-25 -2.67793e-06 -2.38731e-20
36.88 0.000730287 9.79157e-21 5.34925e-10 -2.05071e-25 -3.49811e-08 -9.11438e-20
37.39 0.00074126 6.54376e-21 -1.29849e-07 -1.70119e-24 -7.84211e-06 -5.73618e-20
37.9 0.00074971 8.27636e-21 -1.32444e-09 2.56848e-24 -6.6552e-08 -7.28317e-20
38.41 0.000758797 4.7094e-21 -3.63475e-07 -7.59234e-25 1.4798e-07 -6.58492e-20
38.92 0.000767653 1.17897e-20 5.12812e-07 -8.43889e-27 -4.18494e-06 -9.22652e-20
39.43 0.000778084 7.18503e-21 1.56779e-07 -3.88477e-25 1.02484e-05 -5.28985e-20
39.94 0.000788021 1.25769e-20 2.75957e-07 2.19421e-24 -5.71008e-06 -1.17556e-19
40.45 0.000796562 9.36674e-21 5.44831e-08 1.54969e-24 3.59099e-06 -6.41831e-20
40.96 0.000805018 7.90239e-21 5.15874e-08 -9.8151e-25 -3.35037e-06 -7.27314e-20
41.47 0.000812985 8.73536e-21 -6.65552e-09 1.35325e-24 -9.98767e-08 -7.38665e-20
41.98 0.000824593 1.07096e-20 5.43239e-10 2.55044e-24 -3.49827e-08 -6.39964e-20
42.49 0.000837048 7.68457e-21 5.52694e-08 3.50221e-24 -3.57017e-06 -7.00302e-20
43 0.000844889 1.03435e-20 -2.53796e-07 1.35573e-24 -5.15944e-06 -3.16161e-20
43.51 0.000853344 8.38523e-21 8.41664e-07 6.8305e-25 2.55023e-05 -4.16611e-20
44.02 0.000860705 8.91753e-21 2.76643e-07 6.33868e-25 1.14834e-06 -2.77655e-20
44.53 0.000871038 1.02606e-20 -1.43826e-07 1.2075e-24 -9.53374e-06 -4.88212e-20
45.04 0.000879782 1.14677e-20 3.33213e-08 1.61181e-24 -6.88804e-08 -1.52846e-20
45.55 0.000889735 9.06559e-21 8.21625e-07 -1.49865e-24 -5.12968e-06 -3.20082e-20
46.06 0.000898064 4.99959e-21 3.84127e-07 5.09852e-25 1.12139e-06 -3.1267e-20
46.57 0.000907388 1.08093e-20 1.07754e-07 9.08404e-25 -4.79657e-06 -5.97727e-20
47.08 0.000917692 8.00565e-21 1.36513e-07 -1.10338e-24 2.82704e-06 -3.98568e-20
47.59 0.000925804 6.46805e-21 -2.13835e-07 -8.87212e-25 -2.22869e-06 -2.83247e-20
48.1 0.000933628 1.13344e-20 -3.34237e-09 2.97972e-24 -5.84966e-08 -5.11834e-20
48.61 0.000943436 7.73559e-21 4.02569e-07 4.52469e-25 5.90317e-06 -2.70119e-20
49.12 0.000954131 8.11953e-21 9.39362e-10 -2.9674e-26 -6.02535e-08 -3.99102e-20
49.63 0.000963 9.31854e-21 3.31621e-08 -4.8048e-25 -2.13998e-06 -2.96115e-20
50.14 0.000971901 5.62698e-21 5.46105e-10 8.39866e-25 -1.29964e-08 -2.2711e-20
50.65 0.000981671 7.18346e-21 -2.11024e-07 -1.15942e-24 -1.47532e-05 -2.12506e-20
51.16 0.000990929 1.32259e-20 -1.20171e-09 6.19404e-25 7.0629e-08 -7.15685e-20
51.67 0.000998211 1.27945e-20 -1.12361e-07 2.05769e-24 -1.78243e-05 -7.024e-20
52.18 0.00100771 1.02295e-20 1.19815e-07 3.98842e-24 -2.62514e-06 -2.14921e-20
52.69 0.0010165 1.41934e-20 7.95498e-07 -6.93086e-25 5.61077e-06 -2.85634e-20
53.2 0.00102451 1.37779e-20 3.82283e-07 1.8457e-25 1.39691e-06 -4.90534e-20
53.71 0.00103264 1.37743e-20 -5.35603e-08 3.39641e-24 3.37021e-06 -2.12881e-20
54.22 0.00104305 1.66796e-20 -1.70548e-08 -8.54701e-26 3.16692e-06 -7.06586e-20
54.73 0.00105408 1.58857e-20 4.8245e-08 9.17636e-25 -9.93523e-06 -8.19404e-20
55.24 0.00106269 1.34926e-20 7.92411e-10 3.43695e-24 1.62084e-08 -7.44407e-20
55.75 0.001071 1.22792e-20 1.8517e-07 2.1395e-24 1.25543e-05 -5.82953e-20
56.26 0.00108053 1.65728e-20 2.6248e-10 2.14082e-24 1.58173e-08 -7.27483e-20
56.77 0.00108989 1.75399e-20 -4.15629e-07 2.16257e-24 2.33548e-06 -1.02206e-19
57.28 0.00109689 1.25599e-20 4.69348e-09 1.64679e-25 1.06302e-07 -9.12072e-20
57.79 0.00110773 1.56547e-20 2.80225e-08 2.21397e-24 -1.10173e-05 -7.33481e-20
58.3 0.00111567 1.5751e-20 -9.13197e-08 9.14731e-25 -5.89789e-06 -1.11517e-19
58.81 0.00112515 1.42999e-20 -7.64804e-07 2.86147e-24 2.17921e-07 -9.5303e-20
59.32 0.0011339 2.40731e-20 4.49464e-10 1.50156e-24 9.15637e-09 -1.37016e-19
59.83 0.00114396 1.3158e-20 5.16696e-07 -9.50753e-25 -1.67437e-06 -1.22168e-19
60.34 0.00115275 1.66492e-20 3.84809e-08 7.70235e-26 -8.27847e-07 -1.17314e-19
60.85 0.00116146 1.84986e-20 -1.84093e-07 1.10075e-24 -1.24744e-05 -1.23732e-19
61.36 0.00117107 2.22718e-20 2.84597e-07 3.02449e-24 1.83504e-05 -1.13556e-19
61.87 0.00117971 2.26533e-20 5.69632e-09 2.65695e-24 3.13122e-07 -1.20059e-19
62.38 0.00118746 1.59319e-20 1.70472e-07 1.24234e-24 -2.41054e-07 -8.15637e-20
62.89 0.00119708 1.76062e-20 1.95555e-07 3.25713e-24 1.31766e-05 -1.01675e-19
63.4 0.00120458 1.40067e-20 6.31633e-07 5.86469e-25 -1.0039e-06 -9.65898e-20
63.91 0.00121521 2.02075e-20 4.85586e-08 2.21064e-24 1.31825e-05 -1.22489e-19
64.41 0.00122455 1.96049e-20 4.28975e-07 2.95555e-24 -7.12403e-07 -1.46922e-19
64.91 0.00123214 2.32196e-20 2.16179e-10 2.09726e-24 -1.59463e-08 -1.76405e-19
65.41 0.00124141 2.28015e-20 -2.50754e-09 5.10465e-25 -5.1164e-08 -1.34491e-19
65.91 0.00124913 1.94194e-20 -2.06166e-07 2.76331e-24 -2.00744e-06 -1.21824e-19
66.41 0.00125747 2.5533e-20 -8.40566e-10 3.65125e-24 -1.70953e-08 -1.45547e-19
66.91 0.00126621 1.9438e-20 2.04118e-07 2.95821e-24 2.1548e-06 -1.36326e-19
67.41 0.0012752 1.93432e-20 4.34663e-10 1.05842e-24 3.17819e-08 -1.12981e-19
67.91 0.00128456 2.14074e-20 7.48398e-08 2.24047e-24 -7.42406e-06 -1.31923e-19
68.41 0.00129358 2.33538e-20 -2.18386e-07 3.29844e-24 4.41954e-07 -1.35375e-19
68.91 0.00130047 1.87651e-20 -7.6858e-08 3.72195e-24 -4.99414e-06 -1.24064e-19
69.41 0.00130872 1.66225e-20 7.53135e-08 1.62942e-24 4.83095e-06 -1.36163e-19
69.91 0.0013181 1.40235e-20 -1.34893e-07 2.02823e-24 -8.68367e-06 -1.205e-19
70.41 0.00132551 1.87637e-20 4.57898e-07 -1.9288e-24 2.27403e-07 -1.52051e-19
70.91 0.00133582 1.86663e-20 2.31667e-08 2.59431e-24 -2.9413e-06 -1.40197e-19
71.41 0.00134323 1.88576e-20 -2.02052e-07 1.68182e-24 -2.13581e-06 -1.30247e-19
71.91 0.00135281 1.74558e-20 6.45857e-08 4.7444e-24 -4.45574e-06 -1.03262e-19
72.41 0.00136118 1.95929e-20 -3.08716e-07 5.73665e-24 -6.2751e-06 -1.04937e-19
72.91 0.0013684 1.99855e-20 3.52162e-10 1.36501e-24 -3.92311e-08 -1.48618e-19
73.41 0.00137688 1.65439e-20 9.4027e-10 9.15502e-25 -2.83541e-10 -9.79939e-20
73.91 0.00138412 1.611e-20 -9.11866e-08 3.23219e-24 5.89776e-06 -1.10182e-19
74.41 0.00139418 1.75276e-20 -4.11568e-07 2.66158e-24 -7.54389e-07 -1.2092e-19
74.91 0.00140256 1.84995e-20 3.58902e-07 5.56221e-24 1.96444e-06 -8.86794e-20
75.41 0.0014103 1.79371e-20 4.17251e-07 9.50092e-26 8.49788e-06 -1.14623e-19
75.91 0.0014189 1.8041e-20 -2.86784e-07 2.73278e-24 3.94232e-07 -1.28946e-19
76.41 0.0014284 2.19409e-20 1.83628e-07 2.97366e-26 -3.52881e-07 -1.43008e-19
76.91 0.0014356 2.13013e-20 3.79799e-10 4.34014e-25 -3.97976e-08 -1.37478e-19
77.41 0.00144494 1.65236e-20 -2.49334e-07 6.74617e-25 -1.53378e-05 -1.45283e-19
77.91 0.00145323 2.00921e-20 -5.63336e-07 -1.71274e-24 3.05455e-06 -1.56477e-19
78.41 0.00146312 1.46018e-20 3.93037e-07 2.60789e-24 5.38948e-06 -1.29895e-19
78.91 0.00146971 1.76661e-20 1.21516e-07 -2.01337e-25 7.77547e-06 -1.37955e-19
79.41 0.00147764 1.77719e-20 2.11158e-07 -1.11816e-24 -3.44608e-07 -1.4209e-19
79.91 0.00148525 2.12919e-20 -1.63226e-07 2.49934e-25 2.22349e-07 -1.35728e-19
80.41 0.00149511 1.76633e-20 5.19227e-07 -1.52758e-24 -9.02131e-07 -1.14547e-19
80.91 0.00150238 1.53366e-20 -1.24218e-07 2.47994e-26 2.59429e-06 -1.37951e-19
81.41 0.00151064 2.43896e-20 5.92837e-07 1.1252e-24 -9.61901e-07 -1.95118e-19
81.91 0.00151893 1.8675e-20 -1.41719e-07 2.52754e-24 1.37858e-06 -1.31247e-19
82.41 0.00152701 1.70989e-20 1.23173e-07 2.14337e-24 -2.58804e-06 -1.40027e-19
82.91 0.00153514 2.00538e-20 2.08365e-07 -1.32271e-24 -3.33476e-07 -1.26564e-19
83.41 0.00154306 1.92951e-20 -3.85257e-07 1.10673e-24 -3.9061e-06 -1.29792e-19
83.91 0.00154951 1.62507e-20 -1.93514e-07 1.60772e-24 -2.03424e-06 -1.16575e-19
84.41 0.00155706 2.04627e-20 -5.58369e-09 2.73459e-25 -1.13588e-07 -1.40044e-19
84.91 0.00156691 1.74098e-20 2.32926e-07 1.59304e-24 8.18853e-06 -1.32127e-19
85.41 0.00157589 2.39119e-20 5.83031e-07 -1.41728e-24 2.99712e-06 -1.28344e-19
85.91 0.00158199 2.00133e-20 3.79062e-07 2.20426e-24 3.99317e-06 -1.23081e-19
86.41 0.00159203 1.79484e-20 7.69443e-08 2.31931e-24 1.56146e-06 -9.92774e-20
86.91 0.00160027 2.05614e-20 -1.22303e-07 9.38879e-25 2.52497e-06 -1.34888e-19
87.41 0.00160891 1.89974e-20 2.93069e-07 3.99161e-24 -6.38161e-07 -1.19774e-19
87.91 0.00161618 1.7869e-20 6.95687e-10 3.68261e-24 -4.49042e-08 -1.2374e-19
88.41 0.00162542 1.55628e-20 2.17261e-07 2.6338e-24 -4.40162e-06 -8.1374e-20
88.91 0.00163105 1.72557e-20 -5.58321e-08 3.07735e-24 -6.14032e-07 -1.04472e-19
89.41 0.001638 1.60281e-20 3.78483e-07 2.40039e-24 -5.60461e-07 -9.79055e-20
89.91 0.00164776 1.49431e-20 1.22107e-09 1.68903e-24 2.47967e-08 -8.94986e-20
90.41 0.00165532 1.38584e-20 1.77414e-07 1.42215e-24 1.10091e-05 -8.93777e-20
90.91 0.00166216 6.04097e-21 -3.20655e-07 1.64913e-24 -7.66923e-07 -8.37673e-20
91.41 0.00167247 1.39315e-20 9.73574e-08 2.19863e-24 3.57664e-06 -1.01754e-19
91.91 0.00168114 1.28334e-20 -1.47295e-07 3.15663e-24 1.56238e-06 -1.00098e-19
92.41 0.00168975 1.56097e-20 -1.19997e-07 -1.58305e-25 -5.38885e-06 -1.11767e-19
92.91 0.00169847 1.22126e-20 1.9599e-07 7.90634e-25 -1.72215e-07 -6.3901e-20
93.41 0.00170722 1.07599e-20 -4.21805e-08 2.74651e-24 2.73475e-06 -8.07617e-20
93.91 0.00171589 1.42731e-20 5.68587e-08 3.54294e-25 8.06632e-06 -9.39108e-20
94.41 0.00172413 5.86492e-21 1.79406e-07 3.88827e-24 1.39122e-06 -7.24601e-20
94.91 0.00173231 1.44902e-20 -1.96783e-07 1.31645e-24 -4.03469e-06 -9.90302e-20
95.41 0.00174123 1.07964e-20 9.31597e-08 -3.50125e-26 6.43289e-06 -1.24167e-19
95.91 0.00175018 1.23359e-20 -2.6906e-07 2.14122e-24 3.79235e-06 -1.48856e-19
96.41 0.00175824 9.3651e-21 -1.00208e-08 1.22471e-24 6.45864e-07 -1.16795e-19
96.91 0.00176703 1.15291e-20 4.47929e-08 -1.76787e-24 -2.90258e-06 -1.06877e-19
97.41 0.00177504 8.86224e-21 -1.78577e-07 -5.99875e-26 -1.20323e-06 -1.339e-19
97.91 0.00178372 1.57506e-20 1.36057e-07 2.47516e-24 3.91006e-06 -1.10798e-19
98.41 0.00179188 9.2651e-21 4.41515e-08 7.93788e-25 9.03532e-07 -6.5196e-20
98.91 0.0017999 1.38898e-20 2.78652e-07 3.35996e-25 7.53289e-06 -1.04548e-19
99.41 0.00180866 1.33267e-20 4.47617e-10 2.54944e-24 2.76833e-08 -1.21749e-19
99.91 0.00181689 1.64418e-20 -1.02008e-08 6.59659e-25 6.55145e-07 -9.3377e-20
100.41 0.00182596 8.61238e-21 -8.22215e-08 -6.23464e-26 3.33735e-06 -8.30108e-20
100.91 0.0018335 1.81604e-20 2.73377e-07 4.0738e-25 2.21023e-06 -1.33161e-19
101.41 0.00184177 1.0758e-20 -6.47989e-08 -1.26778e-25 -8.39304e-07 -9.35349e-20
101.91 0.00185047 1.43229e-20 -3.55158e-07 2.81815e-25 3.07346e-06 -8.90217e-20
102.41 0.00185843 2.10162e-20 8.63576e-08 9.76481e-25 -5.391e-06 -1.28248e-19
102.91 0.00186663 1.29311e-20 2.78328e-07 1.09249e-24 2.2072e-06 -5.98798e-20
103.41 0.00187511 1.0321e-20 -3.76564e-08 1.47756e-24 2.40723e-06 -9.31642e-20
103.91 0.00188318 1.2272e-20 5.72719e-08 4.44235e-24 6.10745e-06 -9.10997e-20
104.41 0.00189113 1.00987e-20 -2.53444e-08 -5.74114e-25 -4.92112e-07 -6.37704e-20
104.91 0.00189929 1.94186e-20 -2.79248e-08 -7.29397e-25 -5.78127e-07 -1.37235e-19
105.41 0.00190794 1.53576e-20 6.20174e-08 -1.96662e-25 1.14665e-05 -1.01398e-19
105.91 0.00191582 1.22709e-20 -3.21784e-08 1.12042e-25 2.07779e-06 -8.95591e-20
106.41 0.00192444 1.08621e-20 -1.01673e-07 2.27607e-24 6.76421e-06 -2.74696e-20
106.91 0.00193164 1.17174e-20 -4.57264e-08 -3.13038e-24 -9.11135e-07 -6.41504e-20
107.41 0.00193963 1.22286e-20 -2.56677e-08 1.49069e-25 -5.24873e-07 -4.65281e-20
107.91 0.00194792 1.23869e-20 1.65284e-07 -8.66144e-25 1.12402e-05 -6.00043e-20
108.41 0.00195556 1.36391e-20 1.09496e-07 -2.07482e-24 2.26293e-06 -7.09337e-20
108.91 0.00196389 8.68402e-21 -2.51666e-08 4.29831e-24 -5.24568e-07 -2.15229e-20
109.41 0.00197156 7.63242e-21 -1.47922e-07 2.54445e-24 -6.64294e-06 -3.46684e-20
109.91 0.00198002 1.06367e-20 -5.10414e-07 1.55742e-24 5.5103e-08 -7.417e-20
110.41 0.00198781 8.15103e-21 6.93099e-07 -2.92894e-24 1.60884e-07 -6.35863e-20
110.91 0.00199572 1.05211e-20 -1.25464e-07 -2.7938e-24 -1.01461e-06 -7.50253e-20
111.41 0.00200361 6.36761e-21 -8.5233e-07 -1.28291e-25 -5.45139e-07 -1.59941e-20
111.91 0.00201119 1.17722e-20 2.4485e-08 -9.83642e-25 6.51522e-06 -4.95644e-20
112.41 0.0020189 1.38864e-20 1.14909e-07 -6.10075e-25 2.3577e-06 -7.60891e-20
112.91 0.00202736 9.3956e-21 2.41344e-07 -5.33723e-25 -2.72764e-06 -6.64121e-20
113.41 0.00203504 1.80607e-21 1.99148e-07 1.04076e-24 -1.41952e-06 -1.19471e-20
113.91 0.00204242 1.23558e-20 3.61788e-08 8.90562e-26 -3.3706e-06 -8.27228e-20
114.41 0.00205031 6.77479e-21 6.60225e-08 9.31634e-26 3.52192e-06 -6.13103e-20
114.91 0.00205816 8.6336e-21 2.31146e-07 1.48058e-24 -2.93716e-06 -6.06239e-20
115.41 0.00206561 1.09496e-20 -2.43997e-07 1.44298e-24 -3.56648e-06 -6.50529e-20
115.91 0.00207325 6.26932e-21 3.86641e-07 5.47793e-25 8.00627e-06 -6.54825e-20
116.41 0.00208129 4.47349e-21 2.27815e-07 2.94284e-24 -3.56289e-06 -4.76877e-20
116.91 0.00208876 9.20013e-21 -3.12034e-07 -2.62674e-24 1.60218e-07 -3.0491e-20
117.41 0.00209664 1.48782e-21 1.20211e-07 2.72682e-25 1.09049e-05 -4.55793e-20
117.91 0.00210425 6.92424e-21 -1.7407e-08 -1.32946e-24 1.28118e-06 7.44583e-22
118.41 0.00211083 1.15034e-20 5.78558e-07 5.98049e-25 1.2385e-05 -8.58599e-20
118.91 0.00211953 1.09174e-20 -1.78982e-07 5.46212e-24 4.6896e-07 -1.08758e-19
119.41 0.00212701 2.60293e-21 2.99511e-08 1.63408e-24 -2.20011e-06 -7.96037e-21
119.91 0.00213463 6.94355e-21 4.64836e-08 4.83485e-24 -3.02064e-06 -6.56356e-20
120.41 0.00214145 8.68422e-21 2.17612e-07 2.2553e-25 6.32029e-07 -5.66345e-20
120.91 0.00214932 1.08851e-20 1.13054e-07 -2.55287e-25 -2.00554e-06 -5.63829e-20
121.41 0.0021565 8.31405e-21 -6.14469e-08 4.19705e-24 -1.28417e-06 -3.85337e-20
121.91 0.00216417 1.53984e-20 1.61756e-07 1.52734e-24 -2.69928e-07 -7.54318e-20
122.41 0.00217163 7.59865e-21 -1.29131e-07 3.01082e-24 -2.28353e-06 -3.6076e-20
122.91 0.00217905 1.02367e-20 -1.76345e-07 -3.27631e-24 -3.6804e-06 -4.70567e-20
123.41 0.00218634 2.80574e-21 -1.08035e-07 2.83398e-25 -7.19998e-06 -1.83831e-20
123.91 0.0021935 9.7507e-21 -2.03721e-07 2.34083e-26 -1.28958e-06 -5.01552e-20
124.41 0.00220048 3.65764e-21 9.78469e-08 7.08685e-25 2.06854e-06 -3.60365e-20
124.91 0.00220843 6.66002e-21 1.12028e-07 2.13244e-24 -3.30345e-06 -6.99217e-20
125.41 0.00221536 3.00993e-21 -2.75752e-10 2.62623e-24 -5.93122e-09 -4.82484e-20
125.91 0.00222259 2.77445e-21 -8.52449e-08 2.49052e-24 -1.78049e-06 -6.14767e-21
126.41 0.00223018 8.4809e-21 -2.08594e-08 1.34318e-24 1.35251e-06 -4.19008e-20
126.91 0.00223705 6.04179e-21 -2.81101e-07 2.29399e-24 -1.49276e-06 -4.61843e-20
127.41 0.00224471 1.73177e-20 3.96839e-08 2.67481e-24 -2.58196e-06 -5.51701e-20
127.91 0.0022516 1.84416e-22 -1.58334e-07 4.9958e-25 9.60254e-07 -3.65633e-20
128.42 0.00225888 4.02518e-21 9.60161e-09 3.34386e-24 -6.25194e-07 1.39389e-20
128.93 0.00226617 1.31392e-20 -2.18259e-07 1.81767e-24 6.39272e-07 -1.7085e-20
129.44 0.00227353 6.38431e-21 1.93705e-07 7.64308e-25 -5.97009e-07 -6.16834e-21
129.95 0.00228037 1.24126e-20 -3.86791e-07 1.05445e-24 -3.21657e-06 -3.3696e-20
130.46 0.0022874 -2.82616e-22 1.70224e-07 1.88949e-24 3.57668e-06 6.70783e-22
130.97 0.00229488 3.55851e-21 1.40514e-07 -6.75099e-25 -1.11797e-06 -2.16059e-20
131.48 0.00230177 7.28183e-21 5.65372e-08 -6.26936e-25 1.18755e-06 -4.56488e-20
131.99 0.00230934 1.22289e-20 9.13341e-08 -7.48064e-25 -4.11232e-06 -1.09443e-19
132.5 0.00231636 3.39842e-21 -3.2887e-07 -2.9038e-24 1.4655e-06 -4.00823e-20
133.01 0.0023237 2.42403e-21 -9.79851e-08 5.52373e-25 -3.79213e-06 1.82328e-20
133.52 0.00232996 7.68915e-22 -1.2829e-07 7.85673e-25 -2.69834e-06 -3.29865e-20
134.03 0.00233675 9.42635e-21 3.22485e-09 -9.11093e-25 -2.92932e-06 -3.59563e-20
134.54 0.00234419 8.08361e-22 4.83108e-08 3.09532e-24 1.09332e-06 -1.38496e-20
135.05 0.00235134 7.50569e-21 7.52671e-08 2.74523e-24 6.73065e-06 -6.94794e-20
135.56 0.00235841 1.04057e-20 3.42421e-08 7.85351e-25 -2.22243e-06 -2.64342e-20
136.07 0.0023651 5.18638e-21 -1.04138e-07 2.15031e-24 -7.07143e-06 -3.13672e-20
136.58 0.00237211 7.52002e-21 -1.49183e-07 1.07847e-24 1.56975e-06 -2.7415e-20
137.09 0.00237938 8.38962e-21 -6.0635e-08 5.22702e-25 3.95251e-06 3.86009e-21
137.6 0.00238551 8.02529e-21 -7.67451e-09 1.0078e-24 -5.90884e-06 9.81954e-22
138.11 0.00239223 4.62385e-21 1.24101e-07 -1.67967e-24 2.61518e-06 3.64698e-21
138.62 0.00239937 1.76449e-21 -5.20668e-08 -1.38544e-24 -6.09992e-06 -1.58731e-20
139.13 0.00240613 4.49591e-21 4.87911e-08 4.34502e-24 -3.4629e-06 -1.63127e-20
139.64 0.00241273 -5.17697e-23 1.9823e-07 3.72741e-25 -4.51858e-07 2.96418e-20
140.15 0.00241921 1.33036e-20 2.43201e-09 5.17794e-26 -4.56296e-06 -7.38124e-20
140.66 0.00242584 2.71835e-21 1.40837e-07 8.79774e-25 5.19087e-06 -2.93045e-20
141.17 0.00243289 8.71076e-21 -7.36478e-08 1.9756e-24 -7.88668e-06 -6.32451e-20
141.68 0.00243919 3.98408e-21 -2.25193e-07 1.39106e-24 -1.17646e-06 2.72255e-20
142.19 0.00244582 6.58186e-21 4.40483e-08 -1.8106e-24 9.25363e-07 -2.52958e-20
142.7 0.0024525 1.15342e-22 1.79246e-11 -4.27622e-24 -3.04779e-08 4.01431e-20
143.21 0.002459 6.56754e-21 -2.84016e-07 1.12163e-24 -3.98427e-07 -1.31206e-20
143.72 0.00246556 9.22572e-21 8.01855e-08 -1.48482e-25 -1.7049e-06 -3.38043e-20
144.23 0.00247206 3.26895e-21 -3.6325e-09 7.41222e-25 -7.69192e-08 -3.296e-20
144.74 0.00247887 8.96046e-21 2.28013e-07 -2.89366e-25 3.06319e-06 -8.97709e-20
145.25 0.00248497 1.0182e-20 -1.3016e-07 1.60817e-24 2.19792e-07 -9.41949e-20
145.76 0.00249135 1.12897e-20 -1.88755e-07 -3.47795e-24 -6.61468e-07 -9.96585e-20
146.27 0.00249763 2.48417e-22 -2.90926e-08 2.24737e-24 1.89977e-06 -9.81422e-20
146.78 0.00250419 7.94701e-21 4.02542e-10 -4.81862e-24 -2.63602e-08 -7.22933e-20
147.29 0.0025103 5.70634e-21 1.97271e-07 -5.26148e-25 4.1782e-06 -5.72622e-20
147.8 0.00251696 3.02347e-21 -2.19906e-07 -1.41974e-24 3.77975e-08 -7.96021e-20
148.31 0.00252293 1.58293e-20 -1.99173e-08 -1.50834e-24 -6.2594e-06 -9.02292e-20
148.82 0.00252939 8.01575e-21 -1.53081e-08 -3.89009e-24 9.98025e-07 -5.12244e-20
149.33 0.00253573 9.91799e-21 -5.49567e-08 3.37073e-25 3.56028e-06 -5.95924e-20
149.84 0.00254172 6.27718e-21 -4.40135e-08 -4.46221e-25 2.40659e-06 -3.67487e-20
150.35 0.0025479 9.60818e-21 1.22262e-07 -2.79825e-24 -3.73648e-07 -6.3345e-20
150.86 0.00255378 -4.95279e-21 -1.49247e-07 -7.93893e-24 -5.22879e-06 9.80058e-21
151.37 0.0025602 7.11854e-21 -2.28799e-07 -3.30716e-24 -2.51649e-06 -5.34875e-20
151.88 0.00256583 2.04132e-21 6.55769e-08 -4.36569e-24 4.54322e-06 5.61848e-21
152.39 0.00257221 -6.4446e-21 -8.87546e-09 2.88496e-24 5.80921e-07 2.68072e-20
152.9 0.00257831 3.73639e-21 7.70061e-09 2.80204e-24 1.59183e-07 2.80429e-21
153.41 0.00258437 -2.38052e-21 9.2951e-09 -2.49049e-25 -6.07003e-07 2.77516e-20
153.92 0.00259034 1.0661e-21 5.15399e-08 3.16123e-24 1.09772e-06 4.35599e-20
154.43 0.00259623 -8.50336e-21 -1.96657e-08 4.66448e-24 -4.34504e-07 9.79317e-21
154.94 0.00260204 1.06872e-20 -3.4227e-07 7.62004e-25 -8.06967e-07 -2.93631e-20
155.45 0.00260831 3.87328e-21 4.11417e-08 -3.06229e-24 -2.71952e-06 -2.28393e-20
155.96 0.00261396 4.3303e-21 -1.50322e-07 8.32109e-26 -3.23064e-06 -7.47187e-21
156.47 0.0026194 7.79404e-21 8.85423e-08 2.44078e-24 -3.1355e-07 1.01656e-20
156.98 0.00262567 1.83739e-21 2.03535e-07 -1.33273e-24 1.36329e-06 -4.09392e-21
157.49 0.00263116 -8.97347e-21 1.20086e-10 -1.2885e-24 -3.00091e-06 4.8698e-20
158 0.00263709 5.19265e-21 5.41082e-10 1.22624e-24 -1.98235e-08 2.31581e-20
158.51 0.00264268 -2.34583e-21 2.26171e-07 8.54548e-24 3.52721e-06 1.32073e-20
159.02 0.00264846 -5.77942e-21 -1.15463e-08 5.75849e-24 -2.47684e-07 3.10231e-21
159.53 0.00265437 -6.01807e-21 3.39091e-07 5.90207e-24 -4.09055e-08 -2.31535e-21
160.04 0.00265961 -2.37015e-21 8.13814e-08 7.91012e-24 1.72132e-06 2.68341e-20
160.55 0.00266539 -9.46487e-21 -3.40487e-07 8.44843e-25 6.30041e-07 -1.03723e-21
161.06 0.00267103 -4.33399e-21 -4.13423e-07 8.57282e-24 4.89662e-07 -7.47037e-21
161.57 0.0026766 -6.18125e-21 -2.24811e-09 1.86669e-24 1.47219e-07 2.17096e-20
162.08 0.00268174 -7.22051e-21 -5.84137e-08 6.92644e-25 -4.66816e-06 7.89204e-20
162.59 0.00268765 -9.94796e-21 7.85119e-09 5.36422e-25 -5.14219e-07 7.61553e-20
163.1 0.00269283 -1.7999e-20 2.74707e-07 4.8722e-24 3.54059e-06 6.79914e-20
163.61 0.00269851 -9.14014e-21 -6.80482e-08 1.60014e-24 1.55288e-06 6.63988e-22
164.12 0.00270414 -8.56943e-21 -3.11087e-08 6.9875e-24 2.05915e-06 2.97447e-20
164.63 0.00270939 -1.3815e-20 -2.07048e-07 5.16157e-24 8.93534e-07 2.76496e-21
165.14 0.00271463 -1.0594e-20 -2.5111e-09 4.38219e-24 1.64895e-07 2.56073e-20
165.65 0.00271996 -1.65939e-20 -1.65892e-07 4.5508e-24 -1.85875e-09 -8.1921e-21
166.16 0.00272555 -3.6792e-21 -1.38233e-07 4.16553e-24 2.59374e-06 -1.59455e-20
166.67 0.00273053 -1.40074e-20 2.46059e-11 1.83221e-24 -1.76513e-09 5.49907e-21
167.18 0.0027357 -7.00781e-21 -8.61652e-08 5.04881e-24 -1.87703e-06 5.35129e-20
167.69 0.00274071 -1.28707e-20 1.08282e-07 3.3385e-24 2.81182e-06 -2.03636e-20
168.2 0.00274607 -1.61569e-20 -5.29927e-08 5.00387e-24 -1.91421e-06 7.18541e-20
168.71 0.00275143 -6.55535e-21 -8.05657e-08 5.02799e-24 -1.73896e-06 4.13151e-20
169.22 0.00275638 -1.59187e-20 8.38205e-08 2.39488e-24 4.68205e-06 3.79994e-20
169.73 0.0027614 -3.27939e-21 -4.699e-08 1.29456e-24 -9.95198e-07 -1.05524e-20
170.24 0.00276655 -2.52019e-21 3.34939e-09 -2.63957e-24 -2.19535e-07 -4.11039e-20
170.75 0.00277128 -2.2267e-21 -7.08625e-08 3.34805e-24 -1.52311e-06 -1.12361e-20
171.26 0.00277648 6.15237e-21 -6.84509e-08 -1.46004e-25 -2.19693e-06 -4.58011e-20
171.77 0.00278146 7.87965e-22 -9.62761e-08 -3.6197e-25 -2.07327e-06 -5.00604e-20
172.28 0.00278654 6.11205e-21 1.37717e-08 -1.30417e-24 2.97988e-07 -2.41061e-20
172.79 0.00279143 -5.86242e-22 2.8946e-08 6.32219e-24 5.27983e-06 -8.43383e-20
173.3 0.00279624 3.81353e-21 2.67907e-07 4.29256e-24 6.12385e-07 -7.5522e-20
173.81 0.00280111 3.06788e-22 2.22786e-07 3.86594e-24 3.73643e-07 -2.87012e-20
174.32 0.002806 1.72879e-21 1.32976e-09 5.92872e-24 3.63626e-08 -5.14493e-20
174.83 0.00281064 -1.75539e-21 -1.85601e-07 5.89338e-24 -1.23648e-06 2.90781e-20
175.34 0.00281552 2.89661e-21 -6.68075e-08 2.89186e-24 -1.43327e-06 -4.44906e-21
175.85 0.00282041 2.61824e-22 -7.20157e-11 5.11082e-24 4.70429e-09 -1.51737e-20
176.36 0.00282496 2.80688e-21 2.53902e-07 1.60983e-24 1.50683e-07 -3.66765e-20
176.87 0.00282982 3.15864e-21 -2.91044e-08 9.76169e-26 -7.02117e-07 -4.63056e-20
177.38 0.00283428 -1.11361e-20 1.0534e-08 -6.70251e-25 2.2275e-07 2.9778e-20
177.89 0.00283886 -1.10606e-20 -1.52997e-08 3.37885e-24 1.00266e-06 -3.09742e-20
178.4 0.00284342 -1.36623e-20 3.20453e-08 3.14031e-24 6.92013e-07 3.90236e-20
178.91 0.00284802 -1.02879e-20 9.72824e-08 -1.52586e-24 6.09181e-06 -1.4699e-20
179.42 0.00285248 2.51197e-21 -8.29173e-08 -1.20601e-24 -7.38181e-06 -2.20446e-20
179.93 0.002857 -9.73944e-22 -5.24453e-08 -3.73611e-24 -2.19746e-06 -1.10008e-19
180.44 0.00286173 -9.71372e-21 1.79065e-08 -1.91852e-24 -1.17452e-06 -3.1796e-21
180.95 0.00286595 5.9581e-22 5.23371e-09 4.49827e-24 1.11103e-07 -2.46139e-20
181.46 0.00287035 -1.74563e-20 3.69116e-08 -1.10232e-24 2.17272e-06 8.28464e-20
181.97 0.0028749 -6.31852e-21 -1.37724e-07 4.44176e-24 6.09782e-06 -8.60579e-21
182.48 0.00287904 -5.2899e-21 -1.50335e-07 4.8498e-24 6.17165e-07 -2.03357e-20
182.99 0.00288334 -5.32675e-21 1.48746e-08 3.70871e-24 3.04007e-07 4.54276e-20
183.5 0.00288765 -1.61001e-21 -7.36681e-11 1.51406e-24 4.48695e-09 -2.51811e-20
184.01 0.00289218 -7.3568e-21 -2.14332e-08 3.26339e-24 -6.20358e-06 5.15092e-20
184.52 0.00289603 -1.00467e-20 3.52915e-08 2.2881e-24 7.60113e-07 5.92027e-20
185.03 0.00290026 -1.38874e-21 -9.80939e-08 2.7e-24 -5.78032e-06 -6.31578e-21
185.54 0.00290458 -1.35818e-20 3.19465e-09 1.11893e-23 -2.09663e-07 8.21121e-20
186.05 0.00290876 -1.09098e-20 -2.06136e-07 3.80998e-24 1.51757e-06 3.14499e-20
186.56 0.00291238 -1.72946e-20 1.53317e-07 8.25235e-24 3.31811e-06 1.15262e-19
187.07 0.00291676 -1.38719e-20 -8.01575e-08 6.48941e-24 -5.80957e-06 1.10969e-19
187.58 0.00292089 -1.08924e-20 1.39421e-07 7.1952e-24 1.33776e-06 6.77961e-20
188.09 0.00292477 -9.18771e-21 -1.3753e-09 7.74652e-24 -2.67288e-08 3.77252e-20
188.6 0.00292875 -3.62938e-21 3.10383e-09 1.02062e-23 -2.04236e-07 4.95582e-20
189.11 0.00293286 -7.14101e-21 1.84405e-07 3.39705e-24 -1.31147e-06 5.11011e-20
189.62 0.00293666 -4.24577e-21 -7.48976e-08 5.83519e-24 8.22842e-07 1.90962e-20
190.13 0.00294064 -4.49659e-21 8.40607e-08 8.94072e-24 -1.03114e-07 3.98305e-20
190.64 0.00294446 -1.36528e-20 5.83372e-08 4.96883e-24 -3.8063e-06 6.31032e-20
191.15 0.00294831 -9.55988e-21 1.01728e-07 5.47616e-24 -1.83302e-06 7.45675e-20
191.66 0.00295204 -5.00728e-21 -8.29376e-08 7.33025e-24 2.95382e-06 3.61877e-20
192.17 0.00295575 -1.72288e-20 -5.34507e-08 7.86468e-24 -5.53816e-06 6.78426e-20
192.68 0.00295936 -6.42224e-21 -1.47907e-07 5.77873e-24 -9.07188e-07 7.58797e-21
193.19 0.00296312 -2.13757e-21 9.42967e-08 8.20892e-24 2.81772e-06 -2.21919e-20
193.7 0.00296676 -1.18882e-20 7.25079e-08 6.84606e-24 4.12493e-07 4.10231e-20
194.21 0.00297037 -1.31245e-20 -1.94044e-07 2.43023e-24 8.21299e-07 4.6999e-22
194.72 0.00297384 -8.33583e-21 -2.91853e-09 2.85143e-24 -1.92976e-06 5.0681e-20
195.23 0.00297753 -1.07837e-20 -1.19922e-07 1.13745e-23 1.09938e-06 -8.64739e-22
195.74 0.0029811 -1.39122e-20 -1.47934e-08 1.17123e-23 9.79854e-07 2.94243e-20
196.25 0.00298454 -8.00148e-21 -2.63131e-08 8.81703e-24 -2.81792e-06 3.48126e-20
196.76 0.00298802 -1.27908e-20 1.11393e-08 8.4389e-24 -6.09206e-07 8.6205e-20
197.27 0.00299138 -6.43418e-21 -5.35093e-08 1.04007e-23 -1.16251e-06 1.92663e-20
197.78 0.00299459 -1.77665e-20 -3.9333e-08 6.04616e-24 -8.49731e-07 5.52359e-20
198.29 0.00299802 -9.54413e-21 -6.68376e-08 3.84246e-24 -3.89405e-07 -1.89646e-20
198.8 0.00300161 -1.14375e-20 1.46889e-08 7.9454e-24 3.22552e-07 5.98704e-20
199.31 0.00300488 -1.59864e-20 2.34735e-08 1.02997e-23 -1.56744e-06 2.31743e-20
199.82 0.00300834 -5.04967e-21 -1.40027e-07 1.12383e-23 -7.00136e-07 5.32108e-20
200.33 0.00301141 -2.24614e-20 7.7239e-08 9.86224e-24 -4.05918e-07 9.05333e-20
200.84 0.00301449 -2.1108e-20 -9.40774e-08 1.48089e-23 1.84799e-08 9.90877e-20
201.35 0.00301779 -1.13892e-20 2.17058e-07 1.17504e-23 -1.75125e-06 1.02866e-19
201.86 0.00302093 -4.19973e-21 -1.20588e-08 8.05974e-24 7.8841e-07 5.75712e-21
202.37 0.0030239 -1.21547e-20 -9.37987e-08 3.28518e-24 -4.04338e-07 7.52794e-20
202.88 0.00302709 -2.23987e-22 -5.51362e-08 1.00955e-23 -1.20251e-06 6.23323e-20
203.39 0.0030302 -5.66551e-21 1.13248e-07 2.38295e-24 -1.69287e-06 7.72484e-20
203.9 0.00303308 -7.51965e-21 6.80564e-08 5.18555e-24 4.5776e-06 9.19518e-20
204.41 0.00303606 -1.37237e-20 -1.4026e-07 6.3357e-24 1.10682e-08 6.85003e-20
204.92 0.00303896 -5.24047e-21 -9.32496e-09 7.59275e-24 6.12294e-07 -2.79608e-21
205.43 0.00304192 -1.23001e-20 -7.2979e-08 7.92585e-24 -8.27128e-07 4.73746e-20
205.94 0.00304477 -1.01208e-20 1.75521e-07 8.66154e-24 6.24027e-07 7.28069e-20
206.45 0.0030477 -5.70249e-21 -1.01971e-07 2.46426e-25 6.34446e-08 5.65593e-21
206.96 0.00305039 -6.30336e-21 -2.77933e-08 1.53254e-24 -6.05421e-07 4.67041e-20
207.47 0.00305343 -9.71091e-21 1.58683e-08 4.63801e-24 -1.04538e-06 1.30699e-19
207.98 0.0030559 -2.96644e-21 -1.46739e-08 1.93194e-24 -3.19737e-07 1.06075e-19
208.49 0.00305897 -1.92599e-20 1.97768e-08 8.33708e-24 -4.48272e-06 9.44467e-20
209 0.00306153 -1.34279e-20 5.01534e-08 1.0229e-23 -4.92561e-07 1.10661e-19
209.51 0.00306405 -4.07611e-21 -6.18771e-08 7.71757e-24 -6.41647e-06 4.8102e-20
210.02 0.00306681 -1.18744e-20 -5.46137e-09 4.78608e-24 3.59712e-07 1.18472e-19
210.53 0.0030694 -1.11673e-20 -1.24048e-07 4.52159e-24 3.78125e-07 7.7306e-20
211.04 0.00307206 -7.04154e-21 1.03069e-08 4.8158e-24 -6.52057e-07 1.54931e-19
211.55 0.00307452 2.19692e-21 2.64696e-08 3.3212e-24 -1.77549e-06 8.77667e-20
212.06 0.003077 -7.18932e-21 5.04594e-08 1.15896e-23 -4.56804e-07 1.36401e-19
212.57 0.0030793 -8.88968e-21 4.53469e-08 7.8611e-24 9.83964e-07 1.2545e-19
213.08 0.00308186 -1.19627e-21 5.27227e-09 9.91247e-24 1.13414e-07 1.0349e-19
213.59 0.00308433 1.37017e-21 1.31767e-08 7.37333e-24 2.41099e-06 -1.05061e-20
214.1 0.00308657 1.92859e-21 3.06333e-08 1.22853e-23 6.68509e-07 2.18425e-20
214.61 0.00308893 6.55265e-21 4.94958e-08 1.05389e-23 4.05696e-07 3.70989e-21
215.12 0.00309119 6.94333e-21 3.70021e-08 1.22317e-24 1.57244e-06 3.78191e-21
215.63 0.00309355 7.63274e-22 -1.2903e-08 7.02478e-24 -2.79141e-07 6.78934e-20
216.14 0.00309575 -3.49595e-21 7.2176e-10 2.06239e-24 -5.13251e-08 -6.08623e-21
216.65 0.00309783 -4.20349e-21 5.09305e-08 6.51718e-25 1.05233e-06 5.82627e-20
217.16 0.00310026 -2.81969e-21 1.1404e-08 1.09186e-23 -7.32972e-07 2.97651e-20
217.67 0.00310225 -4.96585e-21 3.58914e-10 5.56892e-24 -2.39613e-08 5.58239e-20
218.18 0.00310457 -5.22687e-21 2.99541e-08 3.63335e-24 -1.9195e-06 9.7943e-21
218.69 0.00310651 -1.22067e-22 3.58167e-08 8.54207e-24 -1.30981e-06 1.25228e-20
219.2 0.00310849 -9.69315e-21 -5.6507e-08 5.79087e-24 3.23023e-07 8.70407e-20
219.71 0.00311028 -1.97621e-20 -8.38371e-08 2.15421e-24 -2.44498e-06 1.1297e-19
220.22 0.00311235 -6.20868e-21 -7.3522e-08 8.66891e-24 -6.97734e-07 6.67593e-20
220.73 0.00311436 8.79809e-21 -2.23416e-08 6.96082e-24 3.43467e-07 1.81393e-20
221.24 0.00311634 1.68801e-20 8.12757e-08 -1.87173e-24 1.14248e-06 6.49632e-20
221.75 0.00311813 1.56348e-20 5.23708e-09 6.81106e-24 1.08945e-07 5.96048e-20
222.26 0.00312002 1.72737e-20 5.09677e-08 1.64925e-25 2.00007e-06 5.22069e-20
222.77 0.0031219 8.4542e-21 5.48673e-08 6.47047e-24 -4.28383e-07 7.74133e-20
223.28 0.00312352 6.5133e-21 4.74234e-09 4.85186e-24 -1.12595e-06 9.00827e-20
223.79 0.00312534 2.927e-22 2.56235e-08 1.23806e-23 -7.96052e-07 9.133e-20
224.3 0.00312702 1.99348e-20 -5.90378e-08 7.97766e-24 1.29849e-06 2.28562e-20
224.81 0.00312863 6.31309e-21 -5.17668e-08 6.58396e-24 -2.83888e-06 1.34341e-20
225.32 0.00313031 7.903e-21 4.68924e-08 8.63518e-24 1.02408e-06 5.98893e-20
225.83 0.00313197 9.67678e-21 4.17911e-08 1.31088e-23 -5.47249e-07 2.41416e-20
226.34 0.00313347 2.96901e-21 3.57131e-08 4.55734e-24 1.79707e-07 6.67353e-20
226.85 0.00313498 2.61684e-21 -8.2736e-08 1.488e-24 5.48372e-08 -2.0252e-21
227.36 0.00313657 -1.70803e-21 -5.21883e-08 1.3853e-23 5.95461e-07 7.57058e-20
227.87 0.00313803 -3.52798e-23 -4.46043e-08 1.64338e-23 2.43259e-07 6.06681e-20
228.38 0.00313946 -2.23085e-21 7.87755e-08 1.23443e-23 -4.41517e-07 8.15664e-21
228.89 0.00314081 2.12164e-21 -1.75124e-08 1.18485e-23 -3.83078e-07 7.42184e-20
229.4 0.00314219 4.1544e-22 -5.89325e-08 6.57605e-24 -5.98817e-07 5.47622e-20
229.91 0.00314364 9.98834e-21 -2.37147e-08 6.38956e-24 2.35965e-06 2.21951e-21
230.42 0.00314486 8.60454e-21 -6.58545e-08 5.20827e-24 1.47459e-07 -4.66182e-20
230.93 0.00314617 1.54643e-20 -4.03372e-09 8.28479e-24 2.66158e-07 -4.02446e-20
231.44 0.00314735 1.09401e-20 -1.50934e-08 1.0915e-23 -3.2905e-07 -5.60215e-21
231.95 0.00314865 2.48133e-20 -8.42417e-09 4.33093e-24 5.54743e-07 -9.18124e-20
232.46 0.00314975 2.62615e-20 7.45962e-10 5.90259e-24 -4.91065e-08 1.53953e-20
232.97 0.0031509 2.95262e-20 1.19368e-09 1.0175e-23 1.42664e-06 -3.40534e-21
233.48 0.003152 1.40754e-20 1.15378e-08 1.01236e-23 -3.18132e-07 -2.02034e-20
233.99 0.00315304 4.75803e-21 -1.44164e-08 4.28632e-24 -3.13253e-07 6.98178e-20
234.5 0.00315411 1.07288e-20 2.15576e-08 4.73301e-24 1.9803e-07 -6.00847e-22
235.01 0.0031551 2.3768e-20 2.59672e-08 3.4671e-24 1.52514e-06 3.88904e-21
235.52 0.0031561 1.27919e-20 1.34681e-09 9.15197e-25 -8.97813e-08 -3.51778e-20
236.03 0.00315702 6.82717e-21 1.89724e-08 5.67561e-24 1.2987e-07 -6.56096e-21
236.54 0.00315791 1.5541e-20 -1.12192e-08 6.29859e-24 -4.02122e-07 -6.35319e-20
237.05 0.00315877 6.65355e-21 -1.30902e-08 6.20089e-24 -2.86338e-07 5.39815e-20
237.56 0.00315964 1.36821e-20 1.91898e-11 8.426e-24 -7.81707e-10 -2.36253e-20
238.07 0.00316036 1.78207e-20 -1.55282e-08 2.57631e-24 -3.41617e-07 -1.26031e-19
238.58 0.00316122 2.23734e-20 1.77619e-09 5.92874e-24 -1.17936e-07 -5.58598e-20
239.09 0.00316196 1.78856e-20 -2.00482e-08 6.9963e-24 2.95396e-07 -8.93168e-20
239.6 0.00316264 2.11763e-20 -1.13551e-08 4.70178e-24 1.09376e-07 -8.34606e-20
240.11 0.00316334 2.21447e-20 -1.50873e-09 8.01045e-24 -4.93889e-07 -9.12482e-20
240.62 0.00316395 1.89888e-20 -7.43136e-09 2.12898e-24 -4.55078e-07 -6.46912e-20
241.13 0.00316458 2.45572e-20 -9.59641e-10 7.65136e-24 6.47166e-08 -1.07041e-19
241.64 0.00316513 1.19294e-20 -2.08914e-09 7.39327e-24 1.37452e-07 -2.34007e-22
242.15 0.00316565 1.61281e-20 -5.07045e-09 3.16515e-24 -1.10784e-07 4.90537e-20
242.66 0.00316617 2.20517e-20 1.56827e-09 9.89571e-25 2.28471e-07 -5.99765e-20
243.17 0.00316662 1.45746e-20 -2.31434e-09 9.69609e-24 -5.24513e-08 -3.30124e-21
243.68 0.00316704 2.40914e-20 7.13669e-09 4.8113e-24 1.55522e-07 -1.49063e-19
244.19 0.00316747 2.36912e-20 -1.06404e-09 4.34558e-24 7.22791e-08 -5.06074e-20
244.7 0.00316783 1.71507e-20 8.54799e-12 6.97034e-24 -3.10296e-10 -2.09057e-21
245.21 0.00316817 1.65778e-20 4.42561e-10 3.95874e-24 -1.53391e-07 -5.58129e-20
245.72 0.00316846 8.397e-21 2.9564e-11 8.49924e-24 6.39444e-10 -6.36925e-20
246.23 0.00316873 2.08751e-20 -3.36945e-10 1.09008e-23 2.6798e-08 -9.8519e-20
246.74 0.00316895 9.77399e-21 6.30063e-10 1.43445e-23 -7.47811e-08 -4.13012e-22
247.25 0.00316916 1.93328e-20 -5.38427e-09 8.68324e-24 -5.95777e-08 -1.16055e-19
247.76 0.00316932 2.28923e-20 1.32368e-12 1.20528e-23 -4.61961e-11 -6.58799e-20
248.27 0.00316945 2.35262e-20 2.60159e-09 9.0095e-24 5.73148e-08 -8.20003e-20
248.78 0.00316955 1.19534e-20 5.12498e-10 1.4111e-23 3.72168e-08 -7.94488e-20
249.29 0.00316961 5.45024e-21 1.96161e-09 7.72313e-24 -4.24054e-09 -3.57877e-22
249.8 0.00316964 1.85623e-20 -2.48294e-10 1.26642e-23 -2.77255e-09 -1.24742e-19
