0.01 -6.85079e-07 0 0 0 0 0 6.85079e-07 0 0 0 0 0
0.51 -3.4939e-05 0 0 0 0 0 3.4939e-05 0 0 0 0 0
1.01 -6.91926e-05 0 0 0 0 0 6.91926e-05 0 0 0 0 0
1.51 -0.000103446 0 0 0 0 0 0.000103446 0 0 0 0 0
2.01 -0.000137697 0 0 0 0 0 0.000137697 0 0 0 0 0
2.52 -0.000172633 0 0 0 0 0 0.000172633 0 0 0 0 0
3.03 -0.000207567 0 0 0 0 0 0.000207567 0 0 0 0 0
3.54 -0.000242498 0 0 0 0 0 0.000242498 0 0 0 0 0
4.05 -0.000277427 0 0 0 0 0 0.000277427 0 0 0 0 0
4.56 -0.000312354 0 0 0 0 0 0.000312354 0 0 0 0 0
5.07 -0.000347277 0 0 0 0 0 0.000347277 0 0 0 0 0
5.58 -0.000382196 0 0 0 0 0 0.000382196 0 0 0 0 0
6.09 -0.000417112 0 0 0 0 0 0.000417112 0 0 0 0 0
6.6 -0.000452023 0 0 0 0 0 0.000452023 0 0 0 0 0
7.11 -0.000809431 0 0 0 0 0 0.000809431 0 0 0 0 0
7.62 -0.00167945 0 0 0 0 0 0.00167945 0 0 0 0 0
8.13 -0.00246111 0 0 0 0 0 0.00246111 0 0 0 0 0
8.64 -0.00313363 0 0 0 0 0 0.00313363 0 0 0 0 0
9.15 -0.00394181 0 0 0 0 0 0.00394181 0 0 0 0 0
9.66 -0.00453905 0 0 0 0 0 0.00453905 0 0 0 0 0
10.17 -0.00499278 0 0 0 0 0 0.00499278 0 0 0 0 0
10.68 -0.00556268 0 0 0 0 0 0.00556268 0 0 0 0 0
11.19 -0.00615178 0 0 0 0 0 0.00615178 0 0 0 0 0
11.7 -0.00672904 0 0 0 0 0 0.00672904 0 0 0 0 0
12.21 -0.00756213 0 0 0 0 0 0.00756213 0 0 0 0 0
12.72 -0.00799042 0 0 0 0 0 0.00799042 0 0 0 0 0
13.23 -0.00858146 0 0 0 0 0 0.00858146 0 0 0 0 0
13.74 -0.00912916 0 0 0 0 0 0.00912916 0 0 0 0 0
14.25 -0.00973512 0 0 0 0 0 0.00973512 0 0 0 0 0
14.76 -0.0103501 0 0 0 0 0 0.0103501 0 0 0 0 0
15.27 -0.0109683 0 0 0 0 0 0.0109683 0 0 0 0 0
15.78 -0.0116009 0 0 0 0 0 0.0116009 0 0 0 0 0
16.28 -0.0122459 0 0 0 0 0 0.0122459 0 0 0 0 0
16.78 -0.012895 0 0 0 0 0 0.012895 0 0 0 0 0
17.28 -0.0135683 0 0 0 0 0 0.0135683 0 0 0 0 0
17.78 -0.0141329 0 0 0 0 0 0.0141329 0 0 0 0 0
18.28 -0.0148267 0 0 0 0 0 0.0148267 0 0 0 0 0
18.78 -0.0153626 0 0 0 0 0 0.0153626 0 0 0 0 0
19.28 -0.0159512 0 0 0 0 0 0.0159512 0 0 0 0 0
19.78 -0.0166285 0 0 0 0 0 0.0166285 0 0 0 0 0
20.28 -0.0171961 0 0 0 0 0 0.0171961 0 0 0 0 0
20.78 -0.0178165 0 0 0 0 0 0.0178165 0 0 0 0 0
21.28 -0.0184369 0 0 0 0 0 0.0184369 0 0 0 0 0
21.78 -0.0190869 0 0 0 0 0 0.0190869 0 0 0 0 0
22.28 -0.0196758 0 0 0 0 0 0.0196758 0 0 0 0 0
22.78 -0.0202253 0 0 0 0 0 0.0202253 0 0 0 0 0
23.28 -0.0209495 0 0 0 0 0 0.0209495 0 0 0 0 0
23.78 -0.0215526 0 0 0 0 0 0.0215526 0 0 0 0 0
24.28 -0.022284 0 0 0 0 0 0.022284 0 0 0 0 0
24.78 -0.0230062 0 0 0 0 0 0.0230062 0 0 0 0 0
25.28 -0.0236267 0 0 0 0 0 0.0236267 0 0 0 0 0
25.78 -0.0242293 0 0 0 0 0 0.0242293 0 0 0 0 0
26.28 -0.0246842 0 0 0 0 0 0.0246842 0 0 0 0 0
26.78 -0.025232 0 0 0 0 0 0.025232 0 0 0 0 0
27.28 -0.025948 0 0 0 0 0 0.025948 0 0 0 0 0
27.78 -0.0265768 0 0 0 0 0 0.0265768 0 0 0 0 0
28.28 -0.0271421 0 0 0 0 0 0.0271421 0 0 0 0 0
28.78 -0.0278092 0 0 0 0 0 0.0278092 0 0 0 0 0
29.28 -0.0284617 0 0 0 0 0 0.0284617 0 0 0 0 0
29.78 -0.0289995 0 0 0 0 0 0.0289995 0 0 0 0 0
30.28 -0.0296811 0 0 0 0 0 0.0296811 0 0 0 0 0
30.78 -0.0303839 0 0 0 0 0 0.0303839 0 0 0 0 0
31.28 -0.0308968 0 0 0 0 0 0.0308968 0 0 0 0 0
31.78 -0.0315009 0 0 0 0 0 0.0315009 0 0 0 0 0
32.29 -0.0321466 0 0 0 0 0 0.0321466 0 0 0 0 0
32.8 -0.0327658 0 0 0 0 0 0.0327658 0 0 0 0 0
33.31 -0.0333653 0 0 0 0 0 0.0333653 0 0 0 0 0
33.82 -0.0340642 0 0 0 0 0 0.0340642 0 0 0 0 0
34.33 -0.0345855 0 0 0 0 0 0.0345855 0 0 0 0 0
34.84 -0.0352343 0 0 0 0 0 0.0352343 0 0 0 0 0
35.35 -0.0358844 0 0 0 0 0 0.0358844 0 0 0 0 0
35.86 -0.0363226 0 0 0 0 0 0.0363226 0 0 0 0 0
36.37 -0.0371193 0 0 0 0 0 0.0371193 0 0 0 0 0
36.88 -0.0377216 0 0 0 0 0 0.0377216 0 0 0 0 0
37.39 -0.0384404 0 0 0 0 0 0.0384404 0 0 0 0 0
37.9 -0.0390148 0 0 0 0 0 0.0390148 0 0 0 0 0
38.41 -0.0396029 0 0 0 0 0 0.0396029 0 0 0 0 0
38.92 -0.0401893 0 0 0 0 0 0.0401893 0 0 0 0 0
39.43 -0.0408894 0 0 0 0 0 0.0408894 0 0 0 0 0
39.94 -0.0415425 0 0 0 0 0 0.0415425 0 0 0 0 0
40.45 -0.0421289 0 0 0 0 0 0.0421289 0 0 0 0 0
40.96 -0.042697 0 0 0 0 0 0.042697 0 0 0 0 0
41.47 -0.0432271 0 0 0 0 0 0.0432271 0 0 0 0 0
41.98 -0.0440003 0 0 0 0 0 0.0440003 0 0 0 0 0
42.49 -0.0448296 0 0 0 0 0 0.0448296 0 0 0 0 0
43 -0.045352 0 0 0 0 0 0.045352 0 0 0 0 0
43.51 -0.0458638 0 0 0 0 0 0.0458638 0 0 0 0 0
44.02 -0.0463908 0 0 0 0 0 0.0463908 0 0 0 0 0
44.53 -0.047079 0 0 0 0 0 0.047079 0 0 0 0 0
45.04 -0.0476732 0 0 0 0 0 0.0476732 0 0 0 0 0
45.55 -0.0483055 0 0 0 0 0 0.0483055 0 0 0 0 0
46.06 -0.0488732 0 0 0 0 0 0.0488732 0 0 0 0 0
46.57 -0.0494982 0 0 0 0 0 0.0494982 0 0 0 0 0
47.08 -0.050199 0 0 0 0 0 0.050199 0 0 0 0 0
47.59 -0.0507272 0 0 0 0 0 0.0507272 0 0 0 0 0
48.1 -0.0512595 0 0 0 0 0 0.0512595 0 0 0 0 0
48.61 -0.0518902 0 0 0 0 0 0.0518902 0 0 0 0 0
49.12 -0.0526247 0 0 0 0 0 0.0526247 0 0 0 0 0
49.63 -0.0532153 0 0 0 0 0 0.0532153 0 0 0 0 0
50.14 -0.0538079 0 0 0 0 0 0.0538079 0 0 0 0 0
50.65 -0.0544379 0 0 0 0 0 0.0544379 0 0 0 0 0
51.16 -0.0550747 0 0 0 0 0 0.0550747 0 0 0 0 0
51.67 -0.0555281 0 0 0 0 0 0.0555281 0 0 0 0 0
52.18 -0.0561614 0 0 0 0 0 0.0561614 0 0 0 0 0
52.69 -0.0567368 0 0 0 0 0 0.0567368 0 0 0 0 0
53.2 -0.0572916 0 0 0 0 0 0.0572916 0 0 0 0 0
53.71 -0.0578517 0 0 0 0 0 0.0578517 0 0 0 0 0
54.22 -0.0585379 0 0 0 0 0 0.0585379 0 0 0 0 0
54.73 -0.0592586 0 0 0 0 0 0.0592586 0 0 0 0 0
55.24 -0.0598525 0 0 0 0 0 0.0598525 0 0 0 0 0
55.75 -0.0603879 0 0 0 0 0 0.0603879 0 0 0 0 0
56.26 -0.0610402 0 0 0 0 0 0.0610402 0 0 0 0 0
56.77 -0.0616464 0 0 0 0 0 0.0616464 0 0 0 0 0
57.28 -0.0621294 0 0 0 0 0 0.0621294 0 0 0 0 0
57.79 -0.0628276 0 0 0 0 0 0.0628276 0 0 0 0 0
58.3 -0.0633713 0 0 0 0 0 0.0633713 0 0 0 0 0
58.81 -0.0639808 0 0 0 0 0 0.0639808 0 0 0 0 0
59.32 -0.0645933 0 0 0 0 0 0.0645933 0 0 0 0 0
59.83 -0.0652418 0 0 0 0 0 0.0652418 0 0 0 0 0
60.34 -0.0658451 0 0 0 0 0 0.0658451 0 0 0 0 0
60.85 -0.0664109 0 0 0 0 0 0.0664109 0 0 0 0 0
61.36 -0.0670427 0 0 0 0 0 0.0670427 0 0 0 0 0
61.87 -0.0676293 0 0 0 0 0 0.0676293 0 0 0 0 0
62.38 -0.0681211 0 0 0 0 0 0.0681211 0 0 0 0 0
62.89 -0.0687815 0 0 0 0 0 0.0687815 0 0 0 0 0
63.4 -0.0692707 0 0 0 0 0 0.0692707 0 0 0 0 0
63.91 -0.0699827 0 0 0 0 0 0.0699827 0 0 0 0 0
64.41 -0.0706097 0 0 0 0 0 0.0706097 0 0 0 0 0
64.91 -0.0711341 0 0 0 0 0 0.0711341 0 0 0 0 0
65.41 -0.0717514 0 0 0 0 0 0.0717514 0 0 0 0 0
65.91 -0.0722544 0 0 0 0 0 0.0722544 0 0 0 0 0
66.41 -0.0728204 0 0 0 0 0 0.0728204 0 0 0 0 0
66.91 -0.0733914 0 0 0 0 0 0.0733914 0 0 0 0 0
67.41 -0.0740011 0 0 0 0 0 0.0740011 0 0 0 0 0
67.91 -0.0746058 0 0 0 0 0 0.0746058 0 0 0 0 0
68.41 -0.0752149 0 0 0 0 0 0.0752149 0 0 0 0 0
68.91 -0.0756759 0 0 0 0 0 0.0756759 0 0 0 0 0
69.41 -0.0762261 0 0 0 0 0 0.0762261 0 0 0 0 0
69.91 -0.0768452 0 0 0 0 0 0.0768452 0 0 0 0 0
70.41 -0.0773303 0 0 0 0 0 0.0773303 0 0 0 0 0
70.91 -0.0780304 0 0 0 0 0 0.0780304 0 0 0 0 0
71.41 -0.0785193 0 0 0 0 0 0.0785193 0 0 0 0 0
71.91 -0.0791542 0 0 0 0 0 0.0791542 0 0 0 0 0
72.41 -0.0797253 0 0 0 0 0 0.0797253 0 0 0 0 0
72.91 -0.0802064 0 0 0 0 0 0.0802064 0 0 0 0 0
73.41 -0.0807706 0 0 0 0 0 0.0807706 0 0 0 0 0
73.91 -0.0812527 0 0 0 0 0 0.0812527 0 0 0 0 0
74.41 -0.081903 0 0 0 0 0 0.081903 0 0 0 0 0
74.91 -0.0824626 0 0 0 0 0 0.0824626 0 0 0 0 0
75.41 -0.0829955 0 0 0 0 0 0.0829955 0 0 0 0 0
75.91 -0.0835552 0 0 0 0 0 0.0835552 0 0 0 0 0
76.41 -0.0841924 0 0 0 0 0 0.0841924 0 0 0 0 0
76.91 -0.0846804 0 0 0 0 0 0.0846804 0 0 0 0 0
77.41 -0.0852807 0 0 0 0 0 0.0852807 0 0 0 0 0
77.91 -0.0858238 0 0 0 0 0 0.0858238 0 0 0 0 0
78.41 -0.0864904 0 0 0 0 0 0.0864904 0 0 0 0 0
78.91 -0.0869404 0 0 0 0 0 0.0869404 0 0 0 0 0
79.41 -0.0874699 0 0 0 0 0 0.0874699 0 0 0 0 0
79.91 -0.0879493 0 0 0 0 0 0.0879493 0 0 0 0 0
80.41 -0.0886188 0 0 0 0 0 0.0886188 0 0 0 0 0
80.91 -0.0891154 0 0 0 0 0 0.0891154 0 0 0 0 0
81.41 -0.0896494 0 0 0 0 0 0.0896494 0 0 0 0 0
81.91 -0.0902196 0 0 0 0 0 0.0902196 0 0 0 0 0
82.41 -0.0907558 0 0 0 0 0 0.0907558 0 0 0 0 0
82.91 -0.0912977 0 0 0 0 0 0.0912977 0 0 0 0 0
83.41 -0.0918144 0 0 0 0 0 0.0918144 0 0 0 0 0
83.91 -0.0922533 0 0 0 0 0 0.0922533 0 0 0 0 0
84.41 -0.0927665 0 0 0 0 0 0.0927665 0 0 0 0 0
84.91 -0.0934061 0 0 0 0 0 0.0934061 0 0 0 0 0
85.41 -0.0939929 0 0 0 0 0 0.0939929 0 0 0 0 0
85.91 -0.0944065 0 0 0 0 0 0.0944065 0 0 0 0 0
86.41 -0.0950949 0 0 0 0 0 0.0950949 0 0 0 0 0
86.91 -0.0956335 0 0 0 0 0 0.0956335 0 0 0 0 0
87.41 -0.0962057 0 0 0 0 0 0.0962057 0 0 0 0 0
87.91 -0.096703 0 0 0 0 0 0.096703 0 0 0 0 0
88.41 -0.0973007 0 0 0 0 0 0.0973007 0 0 0 0 0
88.91 -0.0976899 0 0 0 0 0 0.0976899 0 0 0 0 0
89.41 -0.0981381 0 0 0 0 0 0.0981381 0 0 0 0 0
89.91 -0.0988054 0 0 0 0 0 0.0988054 0 0 0 0 0
90.41 -0.0992935 0 0 0 0 0 0.0992935 0 0 0 0 0
90.91 -0.0997481 0 0 0 0 0 0.0997481 0 0 0 0 0
91.41 -2727.54 0 0 0 0 0 2727.54 0 0 0 0 0
91.91 -6256.41 0 0 0 0 0 6256.41 0 0 0 0 0
92.41 -9810.38 0 0 0 0 0 9810.38 0 0 0 0 0
92.91 -13402.8 0 0 0 0 0 13402.8 0 0 0 0 0
93.41 -17060.8 0 0 0 0 0 17060.8 0 0 0 0 0
93.91 -20575.7 0 0 0 0 0 20575.7 0 0 0 0 0
94.41 -23939.1 0 0 0 0 0 23939.1 0 0 0 0 0
94.91 -27278.4 0 0 0 0 0 27278.4 0 0 0 0 0
95.41 -30969.9 0 0 0 0 0 30969.9 0 0 0 0 0
95.91 -34573 0 0 0 0 0 34573 0 0 0 0 0
96.41 -38015.8 0 0 0 0 0 38015.8 0 0 0 0 0
96.91 -41639.7 0 0 0 0 0 41639.7 0 0 0 0 0
97.41 -44853.1 0 0 0 0 0 44853.1 0 0 0 0 0
97.91 -48430.1 0 0 0 0 0 48430.1 0 0 0 0 0
98.41 -51830.6 0 0 0 0 0 51830.6 0 0 0 0 0
98.91 -54993.4 0 0 0 0 0 54993.4 0 0 0 0 0
99.41 -58640.1 0 0 0 0 0 58640.1 0 0 0 0 0
99.91 -62097.2 0 0 0 0 0 62097.2 0 0 0 0 0
100.41 -65718.6 0 0 0 0 0 65718.6 0 0 0 0 0
100.91 -68827.1 0 0 0 0 0 68827.1 0 0 0 0 0
101.41 -72292.5 0 0 0 0 0 72292.5 0 0 0 0 0
101.91 -75818.5 0 0 0 0 0 75818.5 0 0 0 0 0
102.41 -79074.7 0 0 0 0 0 79074.7 0 0 0 0 0
102.91 -82438.9 0 0 0 0 0 82438.9 0 0 0 0 0
103.41 -86028.9 0 0 0 0 0 86028.9 0 0 0 0 0
103.91 -89291.5 0 0 0 0 0 89291.5 0 0 0 0 0
104.41 -92583.5 0 0 0 0 0 92583.5 0 0 0 0 0
104.91 -95931.6 0 0 0 0 0 95931.6 0 0 0 0 0
105.41 -99452.2 0 0 0 0 0 99452.2 0 0 0 0 0
105.91 -102750 0 0 0 0 0 102750 0 0 0 0 0
106.41 -106318 0 0 0 0 0 106318 0 0 0 0 0
106.91 -109210 0 0 0 0 0 109210 0 0 0 0 0
107.41 -112480 0 0 0 0 0 112480 0 0 0 0 0
107.91 -115828 0 0 0 0 0 115828 0 0 0 0 0
108.41 -119000 0 0 0 0 0 119000 0 0 0 0 0
108.91 -122493 0 0 0 0 0 122493 0 0 0 0 0
109.41 -125549 0 0 0 0 0 125549 0 0 0 0 0
109.91 -128967 0 0 0 0 0 128967 0 0 0 0 0
110.41 -132111 0 0 0 0 0 132111 0 0 0 0 0
110.91 -135517 0 0 0 0 0 135517 0 0 0 0 0
111.41 -138548 0 0 0 0 0 138548 0 0 0 0 0
111.91 -141741 0 0 0 0 0 141741 0 0 0 0 0
112.41 -145016 0 0 0 0 0 145016 0 0 0 0 0
112.91 -148428 0 0 0 0 0 148428 0 0 0 0 0
113.41 -151663 0 0 0 0 0 151663 0 0 0 0 0
113.91 -154643 0 0 0 0 0 154643 0 0 0 0 0
114.41 -157940 0 0 0 0 0 157940 0 0 0 0 0
114.91 -161115 0 0 0 0 0 161115 0 0 0 0 0
115.41 -164164 0 0 0 0 0 164164 0 0 0 0 0
115.91 -167348 0 0 0 0 0 167348 0 0 0 0 0
116.41 -170655 0 0 0 0 0 170655 0 0 0 0 0
116.91 -173681 0 0 0 0 0 173681 0 0 0 0 0
117.41 -176929 0 0 0 0 0 176929 0 0 0 0 0
117.91 -180071 0 0 0 0 0 180071 0 0 0 0 0
118.41 -182662 0 0 0 0 0 182662 0 0 0 0 0
118.91 -186372 0 0 0 0 0 186372 0 0 0 0 0
119.41 -189421 0 0 0 0 0 189421 0 0 0 0 0
119.91 -192629 0 0 0 0 0 192629 0 0 0 0 0
120.41 -195289 0 0 0 0 0 195289 0 0 0 0 0
120.91 -198598 0 0 0 0 0 198598 0 0 0 0 0
121.41 -201546 0 0 0 0 0 201546 0 0 0 0 0
121.91 -204700 0 0 0 0 0 204700 0 0 0 0 0
122.41 -207765 0 0 0 0 0 207765 0 0 0 0 0
122.91 -210876 0 0 0 0 0 210876 0 0 0 0 0
123.41 -213788 0 0 0 0 0 213788 0 0 0 0 0
123.91 -216718 0 0 0 0 0 216718 0 0 0 0 0
124.41 -219553 0 0 0 0 0 219553 0 0 0 0 0
124.91 -222877 0 0 0 0 0 222877 0 0 0 0 0
125.41 -225733 0 0 0 0 0 225733 0 0 0 0 0
125.91 -228696 0 0 0 0 0 228696 0 0 0 0 0
126.41 -231867 0 0 0 0 0 231867 0 0 0 0 0
126.91 -234581 0 0 0 0 0 234581 0 0 0 0 0
127.41 -237841 0 0 0 0 0 237841 0 0 0 0 0
127.91 -240603 0 0 0 0 0 240603 0 0 0 0 0
128.42 -243648 0 0 0 0 0 243648 0 0 0 0 0
128.93 -246583 0 0 0 0 0 246583 0 0 0 0 0
129.44 -249620 0 0 0 0 0 249620 0 0 0 0 0
129.95 -252332 0 0 0 0 0 252332 0 0 0 0 0
130.46 -255293 0 0 0 0 0 255293 0 0 0 0 0
130.97 -258376 0 0 0 0 0 258376 0 0 0 0 0
131.48 -261212 0 0 0 0 0 261212 0 0 0 0 0
131.99 -264340 0 0 0 0 0 264340 0 0 0 0 0
132.5 -267174 0 0 0 0 0 267174 0 0 0 0 0
133.01 -270248 0 0 0 0 0 270248 0 0 0 0 0
133.52 -272772 0 0 0 0 0 272772 0 0 0 0 0
134.03 -275497 0 0 0 0 0 275497 0 0 0 0 0
134.54 -278658 0 0 0 0 0 278658 0 0 0 0 0
135.05 -281577 0 0 0 0 0 281577 0 0 0 0 0
135.56 -284542 0 0 0 0 0 284542 0 0 0 0 0
136.07 -287217 0 0 0 0 0 287217 0 0 0 0 0
136.58 -290128 0 0 0 0 0 290128 0 0 0 0 0
137.09 -293170 0 0 0 0 0 293170 0 0 0 0 0
137.6 -295557 0 0 0 0 0 295557 0 0 0 0 0
138.11 -298380 0 0 0 0 0 298380 0 0 0 0 0
138.62 -301320 0 0 0 0 0 301320 0 0 0 0 0
139.13 -304073 0 0 0 0 0 304073 0 0 0 0 0
139.64 -306786 0 0 0 0 0 306786 0 0 0 0 0
140.15 -309402 0 0 0 0 0 309402 0 0 0 0 0
140.66 -312148 0 0 0 0 0 312148 0 0 0 0 0
141.17 -315074 0 0 0 0 0 315074 0 0 0 0 0
141.68 -317630 0 0 0 0 0 317630 0 0 0 0 0
142.19 -320410 0 0 0 0 0 320410 0 0 0 0 0
142.7 -323177 0 0 0 0 0 323177 0 0 0 0 0
143.21 -325757 0 0 0 0 0 325757 0 0 0 0 0
143.72 -328492 0 0 0 0 0 328492 0 0 0 0 0
144.23 -331214 0 0 0 0 0 331214 0 0 0 0 0
144.74 -333940 0 0 0 0 0 333940 0 0 0 0 0
145.25 -336477 0 0 0 0 0 336477 0 0 0 0 0
145.76 -339074 0 0 0 0 0 339074 0 0 0 0 0
146.27 -341707 0 0 0 0 0 341707 0 0 0 0 0
146.78 -344410 0 0 0 0 0 344410 0 0 0 0 0
147.29 -346890 0 0 0 0 0 346890 0 0 0 0 0
147.8 -349595 0 0 0 0 0 349595 0 0 0 0 0
148.31 -352003 0 0 0 0 0 352003 0 0 0 0 0
148.82 -354764 0 0 0 0 0 354764 0 0 0 0 0
149.33 -357373 0 0 0 0 0 357373 0 0 0 0 0
149.84 -359781 0 0 0 0 0 359781 0 0 0 0 0
150.35 -362327 0 0 0 0 0 362327 0 0 0 0 0
150.86 -364702 0 0 0 0 0 364702 0 0 0 0 0
151.37 -367339 0 0 0 0 0 367339 0 0 0 0 0
151.88 -369601 0 0 0 0 0 369601 0 0 0 0 0
152.39 -372343 0 0 0 0 0 372343 0 0 0 0 0
152.9 -374859 0 0 0 0 0 374859 0 0 0 0 0
153.41 -377345 0 0 0 0 0 377345 0 0 0 0 0
153.92 -379807 0 0 0 0 0 379807 0 0 0 0 0
154.43 -382152 0 0 0 0 0 382152 0 0 0 0 0
154.94 -384482 0 0 0 0 0 384482 0 0 0 0 0
155.45 -387189 0 0 0 0 0 387189 0 0 0 0 0
155.96 -389440 0 0 0 0 0 389440 0 0 0 0 0
156.47 -391685 0 0 0 0 0 391685 0 0 0 0 0
156.98 -394289 0 0 0 0 0 394289 0 0 0 0 0
157.49 -396481 0 0 0 0 0 396481 0 0 0 0 0
158 -398995 0 0 0 0 0 398995 0 0 0 0 0
158.51 -401197 0 0 0 0 0 401197 0 0 0 0 0
159.02 -403659 0 0 0 0 0 403659 0 0 0 0 0
159.53 -406036 0 0 0 0 0 406036 0 0 0 0 0
160.04 -408205 0 0 0 0 0 408205 0 0 0 0 0
160.55 -410506 0 0 0 0 0 410506 0 0 0 0 0
161.06 -412812 0 0 0 0 0 412812 0 0 0 0 0
161.57 -415232 0 0 0 0 0 415232 0 0 0 0 0
162.08 -417213 0 0 0 0 0 417213 0 0 0 0 0
162.59 -419767 0 0 0 0 0 419767 0 0 0 0 0
163.1 -421781 0 0 0 0 0 421781 0 0 0 0 0
163.61 -424185 0 0 0 0 0 424185 0 0 0 0 0
164.12 -426551 0 0 0 0 0 426551 0 0 0 0 0
164.63 -428641 0 0 0 0 0 428641 0 0 0 0 0
165.14 -430844 0 0 0 0 0 430844 0 0 0 0 0
165.65 -432984 0 0 0 0 0 432984 0 0 0 0 0
166.16 -435314 0 0 0 0 0 435314 0 0 0 0 0
166.67 -437377 0 0 0 0 0 437377 0 0 0 0 0
167.18 -439463 0 0 0 0 0 439463 0 0 0 0 0
167.69 -441498 0 0 0 0 0 441498 0 0 0 0 0
168.2 -443729 0 0 0 0 0 443729 0 0 0 0 0
168.71 -445991 0 0 0 0 0 445991 0 0 0 0 0
169.22 -447948 0 0 0 0 0 447948 0 0 0 0 0
169.73 -450030 0 0 0 0 0 450030 0 0 0 0 0
170.24 -452171 0 0 0 0 0 452171 0 0 0 0 0
170.75 -454042 0 0 0 0 0 454042 0 0 0 0 0
171.26 -456212 0 0 0 0 0 456212 0 0 0 0 0
171.77 -458272 0 0 0 0 0 458272 0 0 0 0 0
172.28 -460383 0 0 0 0 0 460383 0 0 0 0 0
172.79 -462324 0 0 0 0 0 462324 0 0 0 0 0
173.3 -464274 0 0 0 0 0 464274 0 0 0 0 0
173.81 -466298 0 0 0 0 0 466298 0 0 0 0 0
174.32 -468377 0 0 0 0 0 468377 0 0 0 0 0
174.83 -470212 0 0 0 0 0 470212 0 0 0 0 0
175.34 -472282 0 0 0 0 0 472282 0 0 0 0 0
175.85 -474302 0 0 0 0 0 474302 0 0 0 0 0
176.36 -476086 0 0 0 0 0 476086 0 0 0 0 0
176.87 -478130 0 0 0 0 0 478130 0 0 0 0 0
177.38 -479986 0 0 0 0 0 479986 0 0 0 0 0
177.89 -481870 0 0 0 0 0 481870 0 0 0 0 0
178.4 -483729 0 0 0 0 0 483729 0 0 0 0 0
178.91 -485573 0 0 0 0 0 485573 0 0 0 0 0
179.42 -487280 0 0 0 0 0 487280 0 0 0 0 0
179.93 -489292 0 0 0 0 0 489292 0 0 0 0 0
180.44 -491279 0 0 0 0 0 491279 0 0 0 0 0
180.95 -492996 0 0 0 0 0 492996 0 0 0 0 0
181.46 -494783 0 0 0 0 0 494783 0 0 0 0 0
181.97 -496597 0 0 0 0 0 496597 0 0 0 0 0
182.48 -498317 0 0 0 0 0 498317 0 0 0 0 0
182.99 -500135 0 0 0 0 0 500135 0 0 0 0 0
183.5 -501916 0 0 0 0 0 501916 0 0 0 0 0
184.01 -503755 0 0 0 0 0 503755 0 0 0 0 0
184.52 -505335 0 0 0 0 0 505335 0 0 0 0 0
185.03 -507034 0 0 0 0 0 507034 0 0 0 0 0
185.54 -508873 0 0 0 0 0 508873 0 0 0 0 0
186.05 -510539 0 0 0 0 0 510539 0 0 0 0 0
186.56 -512008 0 0 0 0 0 512008 0 0 0 0 0
187.07 -513820 0 0 0 0 0 513820 0 0 0 0 0
187.58 -515524 0 0 0 0 0 515524 0 0 0 0 0
188.09 -517160 0 0 0 0 0 517160 0 0 0 0 0
188.6 -518799 0 0 0 0 0 518799 0 0 0 0 0
189.11 -520450 0 0 0 0 0 520450 0 0 0 0 0
189.62 -522030 0 0 0 0 0 522030 0 0 0 0 0
190.13 -523665 0 0 0 0 0 523665 0 0 0 0 0
190.64 -525256 0 0 0 0 0 525256 0 0 0 0 0
191.15 -526816 0 0 0 0 0 526816 0 0 0 0 0
191.66 -528329 0 0 0 0 0 528329 0 0 0 0 0
192.17 -529851 0 0 0 0 0 529851 0 0 0 0 0
192.68 -531318 0 0 0 0 0 531318 0 0 0 0 0
193.19 -532875 0 0 0 0 0 532875 0 0 0 0 0
193.7 -534385 0 0 0 0 0 534385 0 0 0 0 0
194.21 -535829 0 0 0 0 0 535829 0 0 0 0 0
194.72 -537275 0 0 0 0 0 537275 0 0 0 0 0
195.23 -538768 0 0 0 0 0 538768 0 0 0 0 0
195.74 -540305 0 0 0 0 0 540305 0 0 0 0 0
196.25 -541693 0 0 0 0 0 541693 0 0 0 0 0
196.76 -543143 0 0 0 0 0 543143 0 0 0 0 0
197.27 -544517 0 0 0 0 0 544517 0 0 0 0 0
197.78 -545797 0 0 0 0 0 545797 0 0 0 0 0
198.29 -547220 0 0 0 0 0 547220 0 0 0 0 0
198.8 -548746 0 0 0 0 0 548746 0 0 0 0 0
199.31 -550069 0 0 0 0 0 550069 0 0 0 0 0
199.82 -551510 0 0 0 0 0 551510 0 0 0 0 0
200.33 -552743 0 0 0 0 0 552743 0 0 0 0 0
200.84 -553979 0 0 0 0 0 553979 0 0 0 0 0
201.35 -555314 0 0 0 0 0 555314 0 0 0 0 0
201.86 -556663 0 0 0 0 0 556663 0 0 0 0 0
202.37 -557845 0 0 0 0 0 557845 0 0 0 0 0
202.88 -559198 0 0 0 0 0 559198 0 0 0 0 0
203.39 -560435 0 0 0 0 0 560435 0 0 0 0 0
203.9 -561605 0 0 0 0 0 561605 0 0 0 0 0
204.41 -562825 0 0 0 0 0 562825 0 0 0 0 0
204.92 -564062 0 0 0 0 0 564062 0 0 0 0 0
205.43 -565249 0 0 0 0 0 565249 0 0 0 0 0
205.94 -566388 0 0 0 0 0 566388 0 0 0 0 0
206.45 -567625 0 0 0 0 0 567625 0 0 0 0 0
206.96 -568729 0 0 0 0 0 568729 0 0 0 0 0
207.47 -570012 0 0 0 0 0 570012 0 0 0 0 0
207.98 -570987 0 0 0 0 0 570987 0 0 0 0 0
208.49 -572251 0 0 0 0 0 572251 0 0 0 0 0
209 -573322 0 0 0 0 0 573322 0 0 0 0 0
209.51 -574283 0 0 0 0 0 574283 0 0 0 0 0
210.02 -575505 0 0 0 0 0 575505 0 0 0 0 0
210.53 -576533 0 0 0 0 0 576533 0 0 0 0 0
211.04 -577669 0 0 0 0 0 577669 0 0 0 0 0
211.55 -578672 0 0 0 0 0 578672 0 0 0 0 0
212.06 -579677 0 0 0 0 0 579677 0 0 0 0 0
212.57 -580608 0 0 0 0 0 580608 0 0 0 0 0
213.08 -581687 0 0 0 0 0 581687 0 0 0 0 0
213.59 -582690 0 0 0 0 0 582690 0 0 0 0 0
214.1 -583610 0 0 0 0 0 583610 0 0 0 0 0
214.61 -584569 0 0 0 0 0 584569 0 0 0 0 0
215.12 -585496 0 0 0 0 0 585496 0 0 0 0 0
215.63 -586474 0 0 0 0 0 586474 0 0 0 0 0
216.14 -587391 0 0 0 0 0 587391 0 0 0 0 0
216.65 -588217 0 0 0 0 0 588217 0 0 0 0 0
217.16 -589252 0 0 0 0 0 589252 0 0 0 0 0
217.67 -590061 0 0 0 0 0 590061 0 0 0 0 0
218.18 -591025 0 0 0 0 0 591025 0 0 0 0 0
218.69 -591800 0 0 0 0 0 591800 0 0 0 0 0
219.2 -592610 0 0 0 0 0 592610 0 0 0 0 0
219.71 -593311 0 0 0 0 0 593311 0 0 0 0 0
220.22 -594178 0 0 0 0 0 594178 0 0 0 0 0
220.73 -595018 0 0 0 0 0 595018 0 0 0 0 0
221.24 -595821 0 0 0 0 0 595821 0 0 0 0 0
221.75 -596580 0 0 0 0 0 596580 0 0 0 0 0
222.26 -597337 0 0 0 0 0 597337 0 0 0 0 0
222.77 -598133 0 0 0 0 0 598133 0 0 0 0 0
223.28 -598773 0 0 0 0 0 598773 0 0 0 0 0
223.79 -599532 0 0 0 0 0 599532 0 0 0 0 0
224.3 -600199 0 0 0 0 0 600199 0 0 0 0 0
224.81 -600864 0 0 0 0 0 600864 0 0 0 0 0
225.32 -601587 0 0 0 0 0 601587 0 0 0 0 0
225.83 -602259 0 0 0 0 0 602259 0 0 0 0 0
226.34 -602872 0 0 0 0 0 602872 0 0 0 0 0
226.85 -603470 0 0 0 0 0 603470 0 0 0 0 0
227.36 -604137 0 0 0 0 0 604137 0 0 0 0 0
227.87 -604747 0 0 0 0 0 604747 0 0 0 0 0
228.38 -605323 0 0 0 0 0 605323 0 0 0 0 0
228.89 -605891 0 0 0 0 0 605891 0 0 0 0 0
229.4 -606438 0 0 0 0 0 606438 0 0 0 0 0
229.91 -607037 0 0 0 0 0 607037 0 0 0 0 0
230.42 -607537 0 0 0 0 0 607537 0 0 0 0 0
230.93 -608103 0 0 0 0 0 608103 0 0 0 0 0
231.44 -608575 0 0 0 0 0 608575 0 0 0 0 0
231.95 -609123 0 0 0 0 0 609123 0 0 0 0 0
232.46 -609572 0 0 0 0 0 609572 0 0 0 0 0
232.97 -610024 0 0 0 0 0 610024 0 0 0 0 0
233.48 -610485 0 0 0 0 0 610485 0 0 0 0 0
233.99 -610913 0 0 0 0 0 610913 0 0 0 0 0
234.5 -611354 0 0 0 0 0 611354 0 0 0 0 0
235.01 -611754 0 0 0 0 0 611754 0 0 0 0 0
235.52 -612179 0 0 0 0 0 612179 0 0 0 0 0
236.03 -612552 0 0 0 0 0 612552 0 0 0 0 0
236.54 -612916 0 0 0 0 0 612916 0 0 0 0 0
237.05 -613267 0 0 0 0 0 613267 0 0 0 0 0
237.56 -613632 0 0 0 0 0 613632 0 0 0 0 0
238.07 -613914 0 0 0 0 0 613914 0 0 0 0 0
238.58 -614284 0 0 0 0 0 614284 0 0 0 0 0
239.09 -614577 0 0 0 0 0 614577 0 0 0 0 0
239.6 -614858 0 0 0 0 0 614858 0 0 0 0 0
240.11 -615151 0 0 0 0 0 615151 0 0 0 0 0
240.62 -615394 0 0 0 0 0 615394 0 0 0 0 0
241.13 -615663 0 0 0 0 0 615663 0 0 0 0 0
241.64 -615890 0 0 0 0 0 615890 0 0 0 0 0
242.15 -616097 0 0 0 0 0 616097 0 0 0 0 0
242.66 -616313 0 0 0 0 0 616313 0 0 0 0 0
243.17 -616496 0 0 0 0 0 616496 0 0 0 0 0
243.68 -616670 0 0 0 0 0 616670 0 0 0 0 0
244.19 -616850 0 0 0 0 0 616850 0 0 0 0 0
244.7 -616996 0 0 0 0 0 616996 0 0 0 0 0
245.21 -617137 0 0 0 0 0 617137 0 0 0 0 0
245.72 -617254 0 0 0 0 0 617254 0 0 0 0 0
246.23 -617361 0 0 0 0 0 617361 0 0 0 0 0
246.74 -617456 0 0 0 0 0 617456 0 0 0 0 0
247.25 -617542 0 0 0 0 0 617542 0 0 0 0 0
247.76 -617609 0 0 0 0 0 617609 0 0 0 0 0
248.27 -617659 0 0 0 0 0 617659 0 0 0 0 0
248.78 -617703 0 0 0 0 0 617703 0 0 0 0 0
249.29 -617729 0 0 0 0 0 617729 0 0 0 0 0
249.8 -617742 0 0 0 0 0 617742 0 0 0 0 0
