0.01 1.02762e-08
0.51 5.24085e-07
1.01 1.03789e-06
1.51 1.55168e-06
2.01 2.06546e-06
2.52 2.58949e-06
3.03 3.1135e-06
3.54 3.63747e-06
4.05 4.16141e-06
4.56 4.68531e-06
5.07 5.20915e-06
5.58 5.73294e-06
6.09 6.25668e-06
6.6 6.78035e-06
7.11 1.21415e-05
7.62 2.51918e-05
8.13 3.69166e-05
8.64 4.70045e-05
9.15 5.91272e-05
9.66 6.80858e-05
10.17 7.48918e-05
10.68 8.34402e-05
11.19 9.22766e-05
11.7 0.000100936
12.21 0.000113432
12.72 0.000119856
13.23 0.000128722
13.74 0.000136937
14.25 0.000146027
14.76 0.000155251
15.27 0.000164524
15.78 0.000174014
16.28 0.000183689
16.78 0.000193426
17.28 0.000203525
17.78 0.000211993
18.28 0.0002224
18.78 0.000230438
19.28 0.000239268
19.78 0.000249428
20.28 0.000257941
20.78 0.000267248
21.28 0.000276554
21.78 0.000286303
22.28 0.000295136
22.78 0.000303379
23.28 0.000314242
23.78 0.000323289
24.28 0.00033426
24.78 0.000345093
25.28 0.000354401
25.78 0.000363439
26.28 0.000370263
26.78 0.00037848
27.28 0.00038922
27.78 0.000398652
28.28 0.000407132
28.78 0.000417138
29.28 0.000426925
29.78 0.000434992
30.28 0.000445216
30.78 0.000455758
31.28 0.000463452
31.78 0.000472513
32.29 0.000482199
32.8 0.000491487
33.31 0.000500479
33.82 0.000510964
34.33 0.000518782
34.84 0.000528515
35.35 0.000538266
35.86 0.000544839
36.37 0.000556789
36.88 0.000565823
37.39 0.000576606
37.9 0.000585222
38.41 0.000594043
38.92 0.00060284
39.43 0.000613341
39.94 0.000623138
40.45 0.000631933
40.96 0.000640456
41.47 0.000648407
41.98 0.000660004
42.49 0.000672443
43 0.000680281
43.51 0.000687957
44.02 0.000695862
44.53 0.000706185
45.04 0.000715098
45.55 0.000724582
46.06 0.000733098
46.57 0.000742473
47.08 0.000752985
47.59 0.000760908
48.1 0.000768892
48.61 0.000778353
49.12 0.000789371
49.63 0.000798229
50.14 0.000807118
50.65 0.000816568
51.16 0.000826121
51.67 0.000832921
52.18 0.000842421
52.69 0.000851052
53.2 0.000859374
53.71 0.000867776
54.22 0.000878068
54.73 0.000888879
55.24 0.000897787
55.75 0.000905819
56.26 0.000915602
56.77 0.000924696
57.28 0.000931941
57.79 0.000942414
58.3 0.00095057
58.81 0.000959711
59.32 0.000968899
59.83 0.000978627
60.34 0.000987677
60.85 0.000996163
61.36 0.00100564
61.87 0.00101444
62.38 0.00102182
62.89 0.00103172
63.4 0.00103906
63.91 0.00104974
64.41 0.00105915
64.91 0.00106701
65.41 0.00107627
65.91 0.00108382
66.41 0.00109231
66.91 0.00110087
67.41 0.00111002
67.91 0.00111909
68.41 0.00112822
68.91 0.00113514
69.41 0.00114339
69.91 0.00115268
70.41 0.00115995
70.91 0.00117046
71.41 0.00117779
71.91 0.00118731
72.41 0.00119588
72.91 0.0012031
73.41 0.00121156
73.91 0.00121879
74.41 0.00122854
74.91 0.00123694
75.41 0.00124493
75.91 0.00125333
76.41 0.00126289
76.91 0.00127021
77.41 0.00127921
77.91 0.00128736
78.41 0.00129736
78.91 0.00130411
79.41 0.00131205
79.91 0.00131924
80.41 0.00132928
80.91 0.00133673
81.41 0.00134474
81.91 0.00135329
82.41 0.00136134
82.91 0.00136947
83.41 0.00137722
83.91 0.0013838
84.41 0.0013915
84.91 0.00140109
85.41 0.00140989
85.91 0.0014161
86.41 0.00142642
86.91 0.0014345
87.41 0.00144309
87.91 0.00145054
88.41 0.00145951
88.91 0.00146535
89.41 0.00147207
89.91 0.00148208
90.41 0.0014894
90.91 0.00149622
91.41 0.00150505
91.91 0.00151159
92.41 0.00151817
92.91 0.00152482
93.41 0.00153159
93.91 0.0015381
94.41 0.00154433
94.91 0.00155052
95.41 0.00155735
95.91 0.00156402
96.41 0.0015704
96.91 0.00157711
97.41 0.00158306
97.91 0.00158969
98.41 0.00159598
98.91 0.00160184
99.41 0.00160859
99.91 0.00161499
100.41 0.0016217
100.91 0.00162746
101.41 0.00163387
101.91 0.0016404
102.41 0.00164643
102.91 0.00165266
103.41 0.00165931
103.91 0.00166535
104.41 0.00167145
104.91 0.00167765
105.41 0.00168417
105.91 0.00169028
106.41 0.00169689
106.91 0.00170224
107.41 0.0017083
107.91 0.0017145
108.41 0.00172037
108.91 0.00172684
109.41 0.0017325
109.91 0.00173883
110.41 0.00174465
110.91 0.00175096
111.41 0.00175657
111.91 0.00176248
112.41 0.00176855
112.91 0.00177487
113.41 0.00178086
113.91 0.00178638
114.41 0.00179248
114.91 0.00179836
115.41 0.00180401
115.91 0.0018099
116.41 0.00181603
116.91 0.00182163
117.41 0.00182765
117.91 0.00183346
118.41 0.00183826
118.91 0.00184513
119.41 0.00185078
119.91 0.00185672
120.41 0.00186165
120.91 0.00186777
121.41 0.00187323
121.91 0.00187907
122.41 0.00188475
122.91 0.00189051
123.41 0.0018959
123.91 0.00190133
124.41 0.00190658
124.91 0.00191273
125.41 0.00191802
125.91 0.00192351
126.41 0.00192938
126.91 0.00193441
127.41 0.00194045
127.91 0.00194556
128.42 0.0019512
128.93 0.00195664
129.44 0.00196226
129.95 0.00196728
130.46 0.00197277
130.97 0.00197847
131.48 0.00198373
131.99 0.00198952
132.5 0.00199477
133.01 0.00200046
133.52 0.00200513
134.03 0.00201018
134.54 0.00201603
135.05 0.00202144
135.56 0.00202693
136.07 0.00203188
136.58 0.00203727
137.09 0.00204291
137.6 0.00204733
138.11 0.00205255
138.62 0.002058
139.13 0.0020631
139.64 0.00206812
140.15 0.00207297
140.66 0.00207805
141.17 0.00208347
141.68 0.0020882
142.19 0.00209335
142.7 0.00209848
143.21 0.00210325
143.72 0.00210832
144.23 0.00211336
144.74 0.00211841
145.25 0.00212311
145.76 0.00212791
146.27 0.00213279
146.78 0.0021378
147.29 0.00214239
147.8 0.0021474
148.31 0.00215186
148.82 0.00215697
149.33 0.0021618
149.84 0.00216626
150.35 0.00217098
150.86 0.00217537
151.37 0.00218026
151.88 0.00218445
152.39 0.00218952
152.9 0.00219418
153.41 0.00219879
153.92 0.00220335
154.43 0.00220769
154.94 0.002212
155.45 0.00221702
155.96 0.00222118
156.47 0.00222534
156.98 0.00223017
157.49 0.00223422
158 0.00223888
158.51 0.00224296
159.02 0.00224752
159.53 0.00225192
160.04 0.00225594
160.55 0.0022602
161.06 0.00226447
161.57 0.00226895
162.08 0.00227262
162.59 0.00227735
163.1 0.00228107
163.61 0.00228553
164.12 0.00228991
164.63 0.00229378
165.14 0.00229786
165.65 0.00230182
166.16 0.00230614
166.67 0.00230996
167.18 0.00231382
167.69 0.00231759
168.2 0.00232172
168.71 0.00232591
169.22 0.00232953
169.73 0.00233339
170.24 0.00233735
170.75 0.00234082
171.26 0.00234484
171.77 0.00234865
172.28 0.00235256
172.79 0.00235616
173.3 0.00235977
173.81 0.00236352
174.32 0.00236736
174.83 0.00237076
175.34 0.0023746
175.85 0.00237834
176.36 0.00238164
176.87 0.00238543
177.38 0.00238886
177.89 0.00239235
178.4 0.00239579
178.91 0.00239921
179.42 0.00240237
179.93 0.0024061
180.44 0.00240978
180.95 0.00241296
181.46 0.00241626
181.97 0.00241962
182.48 0.00242281
182.99 0.00242618
183.5 0.00242947
184.01 0.00243288
184.52 0.00243581
185.03 0.00243895
185.54 0.00244236
186.05 0.00244544
186.56 0.00244816
187.07 0.00245152
187.58 0.00245467
188.09 0.0024577
188.6 0.00246074
189.11 0.0024638
189.62 0.00246672
190.13 0.00246975
190.64 0.0024727
191.15 0.00247558
191.66 0.00247839
192.17 0.00248121
192.68 0.00248392
193.19 0.0024868
193.7 0.0024896
194.21 0.00249228
194.72 0.00249495
195.23 0.00249772
195.74 0.00250056
196.25 0.00250314
196.76 0.00250582
197.27 0.00250836
197.78 0.00251074
198.29 0.00251337
198.8 0.0025162
199.31 0.00251865
199.82 0.00252132
200.33 0.0025236
200.84 0.00252589
201.35 0.00252836
201.86 0.00253086
202.37 0.00253305
202.88 0.00253555
203.39 0.00253784
203.9 0.00254001
204.41 0.00254227
204.92 0.00254456
205.43 0.00254676
205.94 0.00254887
206.45 0.00255116
206.96 0.0025532
207.47 0.00255558
207.98 0.00255738
208.49 0.00255972
209 0.00256171
209.51 0.00256349
210.02 0.00256575
210.53 0.00256765
211.04 0.00256976
211.55 0.00257161
212.06 0.00257348
212.57 0.0025752
213.08 0.0025772
213.59 0.00257906
214.1 0.00258076
214.61 0.00258254
215.12 0.00258425
215.63 0.00258606
216.14 0.00258776
216.65 0.00258929
217.16 0.00259121
217.67 0.00259271
218.18 0.00259449
218.69 0.00259593
219.2 0.00259743
219.71 0.00259872
220.22 0.00260033
220.73 0.00260189
221.24 0.00260337
221.75 0.00260478
222.26 0.00260618
222.77 0.00260765
223.28 0.00260884
223.79 0.00261024
224.3 0.00261148
224.81 0.00261271
225.32 0.00261405
225.83 0.0026153
226.34 0.00261643
226.85 0.00261754
227.36 0.00261877
227.87 0.0026199
228.38 0.00262097
228.89 0.00262202
229.4 0.00262303
229.91 0.00262414
230.42 0.00262507
230.93 0.00262612
231.44 0.00262699
231.95 0.002628
232.46 0.00262884
232.97 0.00262967
233.48 0.00263053
233.99 0.00263132
234.5 0.00263214
235.01 0.00263288
235.52 0.00263366
236.03 0.00263435
236.54 0.00263503
237.05 0.00263568
237.56 0.00263636
238.07 0.00263688
238.58 0.00263756
239.09 0.00263811
239.6 0.00263863
240.11 0.00263917
240.62 0.00263962
241.13 0.00264012
241.64 0.00264054
242.15 0.00264092
242.66 0.00264132
243.17 0.00264166
243.68 0.00264198
244.19 0.00264231
244.7 0.00264259
245.21 0.00264285
245.72 0.00264306
246.23 0.00264326
246.74 0.00264344
247.25 0.0026436
247.76 0.00264372
248.27 0.00264381
248.78 0.00264389
249.29 0.00264394
249.8 0.00264397
