0.01 -7.38095e-05 7.53926e-24 -1.38413e-06 4.70944e-23 6.59925e-07 3.39267e-24 -7.38095e-05 7.53926e-24 1.38413e-06 -4.7803e-23 -6.59925e-07 3.39267e-24 -7.38095e-05 -7.53926e-24 1.38413e-06 2.61441e-23 -6.59925e-07 -3.39267e-24 -7.38095e-05 -7.53926e-24 -1.38413e-06 -2.54355e-23 6.59925e-07 -3.39267e-24
0.51 -7.38095e-05 -8.70949e-23 -7.05898e-05 -2.42395e-21 3.36705e-05 -1.21476e-22 -7.38095e-05 -2.3567e-22 7.05898e-05 3.1899e-21 -3.36705e-05 -2.38282e-23 -7.38095e-05 8.70949e-23 7.05898e-05 1.57785e-21 -3.36705e-05 1.21476e-22 -7.38095e-05 2.3567e-22 -7.05898e-05 -9.00627e-22 3.36705e-05 2.38282e-23
1.01 -7.38095e-05 1.56244e-21 -0.000139795 -6.71411e-21 6.66804e-05 3.01209e-22 -7.38095e-05 8.36101e-22 0.000139795 4.50794e-21 -6.66804e-05 7.7858e-22 -7.38095e-05 -1.56244e-21 0.000139795 2.18913e-20 -6.66804e-05 -3.01209e-22 -7.38095e-05 -8.36101e-22 -0.000139795 -1.26306e-20 6.66804e-05 -7.7858e-22
1.51 -7.38095e-05 -1.18133e-21 -0.000208998 -1.88511e-20 9.96896e-05 -1.4181e-21 -7.38095e-05 -2.78196e-21 0.000208998 3.40419e-20 -9.96896e-05 -3.66118e-22 -7.38095e-05 1.18133e-21 0.000208998 7.37295e-21 -9.96896e-05 1.4181e-21 -7.38095e-05 2.78196e-21 -0.000208998 -7.01946e-21 9.96896e-05 3.66118e-22
2.01 -7.38095e-05 -2.9562e-21 -0.00105243 -3.03089e-20 0.000130582 1.56092e-21 -7.38096e-05 2.26635e-21 0.000895932 -1.28155e-20 -0.000130583 -1.87148e-21 -7.38096e-05 2.9562e-21 0.00070186 1.60147e-21 -0.000130587 -1.56092e-21 -7.38095e-05 -2.26635e-21 -0.000897061 -9.19076e-21 0.000130579 1.87148e-21
2.52 -7.38088e-05 -3.4722e-22 -0.0136238 -1.52117e-20 0.000130546 -6.74112e-22 -7.38103e-05 -1.28237e-21 0.0104176 1.65421e-20 -0.000130641 -5.95059e-23 -7.38103e-05 3.4722e-22 0.00741154 1.18366e-20 -0.000130633 6.74112e-22 -7.38088e-05 1.28237e-21 -0.0105324 -4.08603e-21 0.000130553 5.95058e-23
3.03 -7.38081e-05 -4.52319e-21 -0.0236765 -4.85855e-20 0.000131129 -1.5748e-21 -7.3811e-05 -3.68976e-21 0.0181385 2.28925e-20 -0.000131159 -2.12255e-21 -7.3811e-05 4.52319e-21 0.0154648 4.64808e-21 -0.000131304 1.5748e-21 -7.38081e-05 3.68976e-21 -0.0225635 1.29522e-20 0.000130983 2.12255e-21
3.54 -7.38082e-05 -3.47878e-23 -0.0326743 -3.41366e-20 0.000130857 1.70703e-21 -7.38109e-05 3.07642e-21 0.0271844 4.1055e-21 -0.000130956 -3.37734e-22 -7.38109e-05 3.47878e-23 0.026263 3.38046e-20 -0.000131019 -1.70703e-21 -7.38082e-05 -3.07642e-21 -0.0324327 -3.39845e-20 0.000130794 3.37735e-22
4.05 -7.38085e-05 -2.99454e-21 -0.041737 -1.46951e-20 0.000130508 1.11476e-21 -7.38105e-05 1.45342e-21 0.0373613 6.56467e-21 -0.000130646 -1.80855e-21 -7.38105e-05 2.99454e-21 0.0370481 -1.43864e-20 -0.000130627 -1.11476e-21 -7.38085e-05 -1.45342e-21 -0.0412139 -2.06755e-20 0.000130528 1.80855e-21
4.56 -7.38088e-05 -4.23174e-21 -0.0498938 -3.30991e-20 0.000131748 1.28779e-21 -7.38103e-05 1.5346e-21 0.0455545 7.71176e-21 -0.000132062 -2.502e-21 -7.38103e-05 4.23174e-21 0.04845 -7.99815e-21 -0.000131834 -1.28779e-21 -7.38088e-05 -1.5346e-21 -0.0503499 -2.26088e-20 0.000131975 2.502e-21
5.07 -7.38094e-05 -2.18396e-21 -0.0587171 -2.39457e-20 0.000131286 1.19911e-21 -7.38097e-05 1.7573e-21 0.0580804 1.18659e-20 -0.000131298 -1.39119e-21 -7.38097e-05 2.18396e-21 0.0579327 2.7375e-21 -0.000131305 -1.19911e-21 -7.38094e-05 -1.7573e-21 -0.0586382 -2.89293e-20 0.00013128 1.39119e-21
5.58 -7.38089e-05 -2.68753e-21 -0.0687215 -1.16805e-20 0.000131203 -1.29868e-22 -7.38102e-05 -7.37002e-22 0.0658847 1.67005e-20 -0.000131296 -1.4118e-21 -7.38102e-05 2.68753e-21 0.0672912 -1.44232e-20 -0.000131279 1.29868e-22 -7.38089e-05 7.37002e-22 -0.0699502 -9.53698e-21 0.00013122 1.4118e-21
6.09 -7.38086e-05 -3.43157e-21 -0.0786452 -4.02248e-20 0.000130755 -4.1949e-21 -7.38104e-05 -8.21762e-21 0.0747344 5.94049e-20 -0.000130882 -1.04939e-21 -7.38104e-05 3.43157e-21 0.0768892 6.8806e-21 -0.00013086 4.1949e-21 -7.38086e-05 8.21762e-21 -0.0805636 2.04145e-20 0.000130777 1.04939e-21
6.6 -7.38095e-05 -4.05575e-21 -0.0875867 -3.35778e-20 0.00013063 -2.29769e-21 -7.38096e-05 -4.90792e-21 0.0872851 5.13499e-20 -0.000130653 -1.73762e-21 -7.38096e-05 4.05575e-21 0.0872226 -5.82222e-21 -0.000130636 2.29769e-21 -7.38095e-05 4.90792e-21 -0.0873365 -3.6751e-21 0.000130647 1.73762e-21
7.11 -7.38102e-05 -3.8152e-21 -0.0955488 -2.55777e-20 0.000130736 -1.18937e-21 -7.38089e-05 -2.86131e-21 0.0983011 3.68431e-20 -0.00013068 -1.81629e-21 -7.38089e-05 3.8152e-21 0.0984873 -1.14822e-20 -0.000130656 1.18937e-21 -7.38102e-05 2.86131e-21 -0.0954745 -9.0459e-21 0.00013076 1.81629e-21
7.62 -7.38095e-05 -1.50297e-21 -0.106265 1.23412e-20 0.000131258 -2.6995e-21 -7.38096e-05 -5.15634e-21 0.106021 2.91417e-20 -0.000131267 -2.98418e-22 -7.38096e-05 1.50297e-21 0.106504 -2.69491e-20 -0.000131265 2.6995e-21 -7.38095e-05 5.15634e-21 -0.106722 2.09415e-20 0.000131261 2.98418e-22
8.13 -7.38097e-05 -3.10902e-21 -0.115765 -1.70288e-20 0.000130917 -1.47731e-21 -7.38094e-05 -3.2493e-21 0.116614 2.23021e-20 -0.000130874 -1.38511e-21 -7.38094e-05 3.10902e-21 0.116331 -1.31732e-20 -0.000130897 1.47731e-21 -7.38097e-05 3.2493e-21 -0.115726 9.26252e-21 0.000130894 1.38511e-21
8.64 -7.38094e-05 -2.68398e-21 -0.12545 -2.37058e-20 0.000130863 7.62288e-22 -7.38096e-05 8.74907e-22 0.125272 6.2462e-22 -0.000130844 -1.5767e-21 -7.38096e-05 2.68398e-21 0.125819 -2.36075e-21 -0.000130872 -7.62288e-22 -7.38094e-05 -8.74907e-22 -0.126306 -9.11631e-21 0.000130834 1.5767e-21
9.15 -7.38093e-05 2.21625e-24 -0.13564 2.99929e-21 0.000130682 1.36395e-21 -7.38097e-05 2.46373e-21 0.134695 1.01232e-20 -0.000130709 -2.53819e-22 -7.38097e-05 -2.21625e-24 0.13507 -2.97373e-21 -0.000130708 -1.36395e-21 -7.38093e-05 -2.46373e-21 -0.135998 -3.40513e-20 0.000130683 2.53819e-22
9.66 -7.38092e-05 -1.07914e-21 -0.144778 1.05234e-20 0.000130857 -7.31705e-22 -7.38098e-05 -1.52323e-21 0.143864 2.96822e-20 -0.000130829 -4.39841e-22 -7.38098e-05 1.07914e-21 0.144687 -2.10075e-20 -0.000130892 7.31705e-22 -7.38092e-05 1.52323e-21 -0.146274 -1.48863e-20 0.000130795 4.39841e-22
10.17 -7.38088e-05 -1.68575e-21 -0.155282 -2.5308e-20 0.000130654 2.36184e-21 -7.38103e-05 3.95035e-21 0.151987 -2.93039e-20 -0.000130748 -1.34235e-21 -7.38103e-05 1.68575e-21 0.153819 8.94253e-21 -0.000130744 -2.36184e-21 -7.38088e-05 -3.95035e-21 -0.157071 -9.06031e-21 0.000130658 1.34235e-21
10.68 -7.38088e-05 -3.83627e-21 -0.163404 -9.8213e-21 0.000130852 3.31973e-21 -7.38103e-05 5.27826e-21 0.159853 -1.67246e-20 -0.000130992 -2.67057e-21 -7.38103e-05 3.83627e-21 0.165001 -2.74281e-20 -0.000130943 -3.31973e-21 -7.38088e-05 -5.27826e-21 -0.168032 -3.45323e-20 0.0001309 2.67057e-21
11.19 -7.38085e-05 -1.5581e-21 -0.174084 -7.47892e-22 0.000130655 -6.21299e-22 -7.38106e-05 -1.41338e-21 0.169605 2.71752e-20 -0.00013078 -7.16412e-22 -7.38106e-05 1.5581e-21 0.173362 -1.43879e-20 -0.000130779 6.21299e-22 -7.38085e-05 1.41338e-21 -0.177829 -1.34453e-20 0.000130656 7.16412e-22
11.7 -7.38087e-05 -7.05622e-21 -0.183431 -5.00073e-20 0.000130674 8.74497e-22 -7.38104e-05 2.60127e-22 0.179877 1.60086e-20 -0.000130769 -3.93399e-21 -7.38104e-05 7.05622e-21 0.183164 -1.85249e-20 -0.000130773 -8.74496e-22 -7.38087e-05 -2.60127e-22 -0.186756 -1.85216e-20 0.00013067 3.93399e-21
12.21 -7.38087e-05 -3.35569e-21 -0.191992 -1.24281e-20 0.000130677 -9.17459e-22 -7.38103e-05 -2.28432e-21 0.18849 3.37379e-20 -0.000130775 -1.62159e-21 -7.38103e-05 3.35569e-21 0.193796 -2.01679e-20 -0.000130774 9.17459e-22 -7.38087e-05 2.28432e-21 -0.197289 -1.15459e-20 0.000130678 1.62159e-21
12.72 -7.38084e-05 -4.18258e-21 -0.202281 -1.19313e-20 0.000130659 2.24831e-22 -7.38106e-05 -3.75925e-22 0.197457 2.5718e-20 -0.000130797 -2.277e-21 -7.38106e-05 4.18258e-21 0.202695 -2.86922e-20 -0.000130792 -2.24831e-22 -7.38084e-05 3.75925e-22 -0.207464 -2.20586e-20 0.000130664 2.277e-21
13.23 -7.38082e-05 -3.51973e-21 -0.212222 -2.30796e-20 0.000130656 2.52851e-22 -7.38109e-05 -2.01396e-22 0.206503 4.33933e-20 -0.000130814 -1.92805e-21 -7.38109e-05 3.51973e-21 0.211887 -1.11056e-20 -0.000130814 -2.5285e-22 -7.38082e-05 2.01396e-22 -0.217605 -4.14308e-20 0.000130656 1.92805e-21
13.74 -7.38073e-05 -2.66208e-21 -0.222921 -5.31159e-21 0.000130776 -1.69574e-21 -7.38117e-05 -3.56024e-21 0.213563 5.48305e-20 -0.00013103 -1.10545e-21 -7.38117e-05 2.66208e-21 0.220243 -2.05506e-20 -0.000131036 1.69574e-21 -7.38073e-05 3.56024e-21 -0.229665 -2.02472e-20 0.00013077 1.10545e-21
14.25 -7.38075e-05 -4.33561e-21 -0.231333 -1.57931e-20 0.000130709 -2.49712e-21 -7.38115e-05 -5.32042e-21 0.222787 5.70109e-20 -0.000130928 -1.84988e-21 -7.38115e-05 4.33561e-21 0.230963 -2.63262e-20 -0.000130948 2.49712e-21 -7.38075e-05 5.32042e-21 -0.23973 -5.32906e-21 0.000130688 1.84988e-21
14.76 -7.38073e-05 2.5037e-21 -0.240804 2.10068e-20 0.000130569 -1.75238e-21 -7.38118e-05 -2.69673e-21 0.231053 6.13114e-20 -0.000130846 1.66548e-21 -7.38118e-05 -2.5037e-21 0.240815 3.30427e-21 -0.000130838 1.75238e-21 -7.38073e-05 2.69673e-21 -0.250476 -3.51241e-20 0.000130577 -1.66548e-21
15.27 -7.38079e-05 3.53818e-21 -0.248108 2.15765e-20 0.000130853 -9.45986e-22 -7.38111e-05 -1.04697e-21 0.241459 3.99076e-20 -0.000131018 2.06749e-21 -7.38111e-05 -3.53818e-21 0.252381 1.27849e-20 -0.00013104 9.45985e-22 -7.38079e-05 1.04697e-21 -0.259269 -2.97456e-20 0.00013083 -2.06749e-21
15.78 -7.38086e-05 -1.94625e-21 -0.255821 -6.16414e-22 0.000130705 1.05595e-21 -7.38105e-05 1.5432e-21 0.251685 2.34841e-20 -0.000130816 -1.2374e-21 -7.38105e-05 1.94625e-21 0.263984 -1.82833e-20 -0.000130821 -1.05595e-21 -7.38086e-05 -1.5432e-21 -0.268163 -3.84683e-20 0.000130701 1.2374e-21
16.28 -7.38087e-05 -2.90682e-21 -0.26484 -6.22411e-22 0.00013071 -1.14784e-22 -7.38104e-05 -7.50759e-22 0.261198 7.12338e-20 -0.000130808 -1.5318e-21 -7.38104e-05 2.90682e-21 0.273723 -2.76108e-20 -0.000130811 1.14784e-22 -7.38087e-05 7.50759e-22 -0.2774 -6.39367e-20 0.000130707 1.5318e-21
16.78 -7.38088e-05 1.88772e-21 -0.273338 1.52826e-20 0.000130723 3.6103e-22 -7.38102e-05 1.00495e-21 0.270419 6.22309e-20 -0.000130806 9.41209e-22 -7.38102e-05 -1.88772e-21 0.283999 3.05312e-21 -0.000130804 -3.6103e-22 -7.38088e-05 -1.00495e-21 -0.286898 -7.19943e-20 0.000130725 -9.41209e-22
17.28 -7.38089e-05 2.88669e-21 -0.281868 1.93686e-20 0.000130732 -2.06389e-21 -7.38102e-05 -3.18772e-21 0.279001 7.89769e-20 -0.000130811 1.92837e-21 -7.38102e-05 -2.88669e-21 0.294191 8.66174e-21 -0.000130812 2.06389e-21 -7.38089e-05 3.18772e-21 -0.297069 -4.80218e-20 0.000130731 -1.92837e-21
17.78 -7.38088e-05 2.04131e-21 -0.29075 -1.03069e-20 0.000130963 -5.36136e-22 -7.38103e-05 -5.86627e-22 0.287729 5.69474e-20 -0.000131005 1.19101e-21 -7.38103e-05 -2.04131e-21 0.303674 3.01316e-20 -0.000131053 5.36136e-22 -7.38088e-05 5.86627e-22 -0.30721 -5.12531e-20 0.000130915 -1.19101e-21
18.28 -7.38093e-05 -2.37071e-21 -0.299553 -8.51678e-21 0.000130755 -5.02764e-22 -7.38097e-05 -1.35123e-21 0.298593 5.84675e-20 -0.000130793 -1.17279e-21 -7.38097e-05 2.37071e-21 0.314047 -1.45106e-20 -0.000130779 5.02764e-22 -7.38093e-05 1.35123e-21 -0.314864 -4.53395e-20 0.000130768 1.17279e-21
18.78 -7.38101e-05 -9.26574e-22 -0.307125 -1.02108e-20 0.000131016 -1.4732e-21 -7.3809e-05 -2.83386e-21 0.309393 5.26713e-20 -0.000130975 -2.19686e-22 -7.3809e-05 9.26574e-22 0.325157 1.20663e-21 -0.000130949 1.47321e-21 -7.38101e-05 2.83386e-21 -0.322617 -2.5146e-20 0.000131041 2.19686e-22
19.28 -7.38106e-05 4.05584e-21 -0.31469 2.29685e-20 0.000130807 -4.05398e-21 -7.38084e-05 -6.56328e-21 0.319351 7.44021e-20 -0.000130674 2.92517e-21 -7.38084e-05 -4.05584e-21 0.336261 1.64108e-20 -0.000130679 4.05398e-21 -7.38106e-05 6.56328e-21 -0.331648 -1.0665e-20 0.000130802 -2.92517e-21
19.78 -7.38101e-05 2.75559e-22 -0.325163 -3.29935e-20 0.000130833 -6.12655e-22 -7.38089e-05 -1.05495e-21 0.327667 4.4812e-20 -0.000130764 2.61787e-22 -7.38089e-05 -2.75559e-22 0.344497 3.56679e-20 -0.000130763 6.12656e-22 -7.38101e-05 1.05495e-21 -0.341989 -3.45661e-20 0.000130833 -2.61787e-22
20.28 -7.38098e-05 7.79792e-22 -0.334383 5.66893e-21 0.000130828 -2.80167e-21 -7.38093e-05 -4.91407e-21 0.335431 6.47387e-20 -0.000130814 9.40482e-22 -7.38093e-05 -7.79792e-22 0.354072 1.89596e-21 -0.000130796 2.80167e-21 -7.38098e-05 4.91407e-21 -0.352831 -1.70127e-20 0.000130846 -9.40482e-22
20.78 -7.38102e-05 -4.20984e-22 -0.343195 7.37694e-21 0.000130844 -2.24985e-21 -7.38089e-05 -4.14198e-21 0.346124 7.28115e-20 -0.000130757 1.95679e-22 -7.38089e-05 4.20984e-22 0.363815 -1.1473e-20 -0.000130764 2.24985e-21 -7.38102e-05 4.14198e-21 -0.360966 -3.25821e-20 0.000130837 -1.95678e-22
21.28 -7.38107e-05 1.19797e-21 -0.349602 -3.12572e-20 0.000130883 -2.98446e-21 -7.38083e-05 -5.16601e-21 0.354774 5.8711e-20 -0.000130739 1.19811e-21 -7.38083e-05 -1.19797e-21 0.376128 4.28824e-20 -0.000130739 2.98446e-21 -7.38107e-05 5.16601e-21 -0.370955 -8.53877e-21 0.000130883 -1.19811e-21
21.78 -7.38114e-05 2.06178e-21 -0.35711 -2.9275e-21 0.000130923 -2.9769e-21 -7.38076e-05 -4.99087e-21 0.365302 7.59733e-20 -0.000130704 1.65828e-21 -7.38076e-05 -2.06178e-21 0.387342 2.29429e-20 -0.000130695 2.97691e-21 -7.38114e-05 4.99087e-21 -0.379058 -2.75039e-20 0.000130932 -1.65828e-21
22.28 -7.38118e-05 -3.05986e-21 -0.364681 -5.01398e-20 0.000130965 -2.52041e-21 -7.38072e-05 -5.12397e-21 0.374395 8.37197e-20 -0.000130716 -1.16382e-21 -7.38072e-05 3.05986e-21 0.398513 2.04118e-20 -0.000130693 2.52041e-21 -7.38118e-05 5.12397e-21 -0.388551 -3.39478e-20 0.000130988 1.16382e-21
22.78 -7.38121e-05 -2.80661e-22 -0.374899 -2.72569e-20 0.000130973 -2.28029e-21 -7.3807e-05 -4.17071e-21 0.385947 7.15141e-20 -0.000130665 2.76351e-22 -7.3807e-05 2.80661e-22 0.406816 2.45232e-20 -0.000130668 2.28029e-21 -7.38121e-05 4.17071e-21 -0.395801 -3.10059e-20 0.00013097 -2.7635e-22
23.28 -7.38122e-05 -4.73192e-22 -0.385751 -1.12256e-20 0.00013098 -3.84492e-21 -7.38069e-05 -7.03245e-21 0.397217 6.48037e-20 -0.000130663 4.65994e-22 -7.38069e-05 4.73192e-22 0.414632 6.61643e-21 -0.000130663 3.84492e-21 -7.38122e-05 7.03245e-21 -0.403169 3.49927e-21 0.00013098 -4.65993e-22
23.78 -7.38118e-05 1.72162e-21 -0.397149 3.34953e-21 0.000130968 -1.48927e-21 -7.38072e-05 -2.36777e-21 0.407091 4.67159e-20 -0.000130695 1.19838e-21 -7.38072e-05 -1.72162e-21 0.421887 1.33671e-20 -0.000130692 1.48927e-21 -7.38118e-05 2.36777e-21 -0.411917 -2.37221e-20 0.00013097 -1.19838e-21
24.28 -7.38117e-05 -2.54208e-21 -0.406361 -4.45087e-20 0.000130968 -1.6249e-21 -7.38073e-05 -3.40986e-21 0.415896 3.61533e-20 -0.000130705 -1.05457e-21 -7.38073e-05 2.54208e-21 0.431297 1.98132e-20 -0.000130704 1.6249e-21 -7.38117e-05 3.40986e-21 -0.421754 -3.03073e-21 0.000130969 1.05457e-21
24.78 -7.38124e-05 1.53067e-21 -0.414574 -2.3226e-20 0.000131013 -1.9853e-21 -7.38066e-05 -3.2993e-21 0.427003 6.99368e-20 -0.000130668 1.18909e-21 -7.38066e-05 -1.53067e-21 0.441697 3.80863e-20 -0.00013067 1.9853e-21 -7.38124e-05 3.2993e-21 -0.429282 -3.78953e-20 0.000131012 -1.18908e-21
25.28 -7.38124e-05 -2.02362e-22 -0.425063 -1.34871e-20 0.000131012 -1.08047e-21 -7.38066e-05 -1.98917e-21 0.437454 4.58504e-20 -0.000130669 9.38714e-23 -7.38066e-05 2.02362e-22 0.449826 1.1518e-20 -0.00013067 1.08047e-21 -7.38124e-05 1.98917e-21 -0.437446 -2.65302e-20 0.000131011 -9.38709e-23
25.78 -7.3812e-05 1.78603e-21 -0.435269 -1.93343e-22 0.000130993 -1.00994e-21 -7.3807e-05 -1.49006e-21 0.445933 4.44514e-20 -0.000130698 1.14318e-21 -7.3807e-05 -1.78603e-21 0.458228 1.75366e-20 -0.000130698 1.00994e-21 -7.3812e-05 1.49006e-21 -0.447569 -2.99828e-20 0.000130993 -1.14318e-21
26.28 -7.38118e-05 1.05665e-21 -0.446223 -1.35783e-20 0.000131 -6.53143e-22 -7.38073e-05 -9.82035e-22 0.455782 4.96011e-20 -0.000130755 6.86736e-22 -7.38073e-05 -1.05665e-21 0.465988 2.38385e-20 -0.000130733 6.53143e-22 -7.38118e-05 9.82035e-22 -0.456194 -4.0065e-20 0.000131022 -6.86735e-22
26.78 -7.38116e-05 -3.93518e-21 -0.455519 -2.66954e-20 0.000130943 -1.98179e-21 -7.38074e-05 -4.31486e-21 0.464566 5.78831e-20 -0.000130685 -1.73225e-21 -7.38074e-05 3.93518e-21 0.475128 -1.15326e-20 -0.000130694 1.98179e-21 -7.38116e-05 4.31486e-21 -0.466182 -1.59681e-20 0.000130934 1.73225e-21
27.28 -7.38112e-05 9.02997e-22 -0.464539 -4.42573e-21 0.000130959 -2.23113e-21 -7.38079e-05 -3.86063e-21 0.471612 4.4961e-20 -0.000130764 8.99649e-22 -7.38079e-05 -9.02997e-22 0.48472 1.31887e-20 -0.000130763 2.23113e-21 -7.38112e-05 3.86063e-21 -0.47764 -7.46671e-21 0.00013096 -8.99648e-22
27.78 -7.38109e-05 -3.29946e-21 -0.474395 -1.38431e-20 0.000130948 -5.83201e-22 -7.38081e-05 -1.67013e-21 0.480444 4.47311e-20 -0.000130781 -1.65404e-21 -7.38081e-05 3.29946e-21 0.493429 -1.82054e-20 -0.000130781 5.832e-22 -7.38109e-05 1.67013e-21 -0.487376 -2.85036e-20 0.000130948 1.65404e-21
28.28 -7.38104e-05 4.184e-21 -0.484881 1.45192e-20 0.000130919 -3.24546e-21 -7.38086e-05 -5.07912e-21 0.488669 6.04671e-20 -0.000130813 2.84249e-21 -7.38086e-05 -4.184e-21 0.501492 2.61074e-20 -0.000130814 3.24546e-21 -7.38104e-05 5.07912e-21 -0.497716 -1.11444e-20 0.000130918 -2.84249e-21
28.78 -7.38109e-05 -2.2833e-21 -0.494127 -3.10179e-20 0.000130893 -1.58801e-21 -7.38082e-05 -3.29485e-21 0.499987 6.61778e-20 -0.000130719 -9.23188e-22 -7.38082e-05 2.2833e-21 0.510753 8.83502e-21 -0.000130733 1.58801e-21 -7.38109e-05 3.29485e-21 -0.505044 -3.41724e-20 0.000130879 9.23189e-22
29.28 -7.38117e-05 -3.83191e-21 -0.501252 -2.57757e-20 0.000131006 -2.60581e-21 -7.38074e-05 -5.42254e-21 0.510416 8.79247e-20 -0.000130752 -1.5604e-21 -7.38074e-05 3.83191e-21 0.522203 -1.14513e-20 -0.000130753 2.60581e-21 -7.38117e-05 5.42254e-21 -0.51304 -3.5252e-20 0.000131006 1.5604e-21
29.78 -7.3811e-05 1.11642e-21 -0.511367 -1.12685e-20 0.000130968 -1.27847e-21 -7.38081e-05 -2.10022e-21 0.517617 3.96544e-20 -0.000130797 8.35583e-22 -7.38081e-05 -1.11642e-21 0.53062 2.21072e-20 -0.000130795 1.27847e-21 -7.3811e-05 2.10022e-21 -0.524356 -1.92577e-20 0.00013097 -8.35583e-22
30.28 -7.38106e-05 -1.35883e-21 -0.520945 -3.25707e-20 0.000130947 -2.18074e-21 -7.38084e-05 -4.1925e-21 0.525742 6.32562e-20 -0.000130811 -3.18379e-22 -7.38084e-05 1.35883e-21 0.539529 1.93653e-20 -0.000130815 2.18074e-21 -7.38106e-05 4.1925e-21 -0.534774 -2.25345e-20 0.000130943 3.18379e-22
30.78 -7.38098e-05 -2.33238e-21 -0.532539 -1.38621e-20 0.000130903 -3.22493e-21 -7.38093e-05 -6.26034e-21 0.533602 6.87292e-20 -0.000130877 -6.43381e-22 -7.38093e-05 2.33238e-21 0.546475 -8.80293e-21 -0.000130873 3.22493e-21 -7.38098e-05 6.26034e-21 -0.545372 -7.92192e-21 0.000130907 6.43381e-22
31.28 -7.38103e-05 -5.03173e-21 -0.540203 -3.87446e-20 0.000130942 -3.73317e-21 -7.38087e-05 -7.68289e-21 0.543676 8.23724e-20 -0.000130845 -1.99076e-21 -7.38087e-05 5.03173e-21 0.557277 -1.01397e-20 -0.000130846 3.73317e-21 -7.38103e-05 7.68289e-21 -0.553813 -7.74393e-21 0.000130941 1.99076e-21
31.78 -7.38102e-05 -1.6504e-21 -0.547402 -1.70637e-20 0.000130943 -2.99679e-21 -7.38088e-05 -5.7208e-21 0.550323 5.50253e-20 -0.000130862 -3.21614e-22 -7.38088e-05 1.6504e-21 0.56856 1.02341e-21 -0.000130862 2.99679e-21 -7.38102e-05 5.7208e-21 -0.565635 5.40607e-22 0.000130943 3.21615e-22
32.29 -7.38102e-05 -4.70001e-21 -0.55584 -4.61625e-20 0.000130945 -1.06239e-21 -7.38089e-05 -2.79741e-21 0.558725 3.8817e-20 -0.000130862 -2.31283e-21 -7.38089e-05 4.70001e-21 0.578935 5.08814e-22 -0.000130866 1.06239e-21 -7.38102e-05 2.79741e-21 -0.576093 -1.1638e-20 0.000130941 2.31283e-21
32.8 -7.38109e-05 -4.85101e-21 -0.56272 -4.17367e-20 0.000130985 -3.02406e-21 -7.38082e-05 -6.36845e-21 0.568449 5.88806e-20 -0.000130826 -2.02676e-21 -7.38082e-05 4.85101e-21 0.590898 -5.39008e-21 -0.000130827 3.02406e-21 -7.38109e-05 6.36845e-21 -0.585179 2.98191e-21 0.000130984 2.02676e-21
33.31 -7.38107e-05 -3.65613e-21 -0.573267 -5.06172e-20 0.000130946 -3.5897e-21 -7.38083e-05 -7.16661e-21 0.578517 6.87021e-20 -0.000130793 -1.28253e-21 -7.38083e-05 3.65613e-21 0.599134 1.50935e-20 -0.000130803 3.5897e-21 -7.38107e-05 7.16661e-21 -0.593982 9.0955e-22 0.000130937 1.28253e-21
33.82 -7.38107e-05 -1.5418e-21 -0.582257 -1.6511e-20 0.000130979 -2.32934e-21 -7.38084e-05 -4.49507e-21 0.587135 8.00539e-20 -0.000130846 -3.8837e-22 -7.38084e-05 1.5418e-21 0.608989 1.52762e-21 -0.000130844 2.32934e-21 -7.38107e-05 4.49507e-21 -0.604086 -3.63925e-20 0.000130981 3.8837e-22
34.33 -7.38105e-05 -2.22577e-21 -0.591122 -3.06652e-20 0.000130984 -9.04678e-22 -7.38085e-05 -2.04999e-21 0.595337 5.07107e-20 -0.000130868 -1.0202e-21 -7.38085e-05 2.22577e-21 0.618892 9.04315e-21 -0.000130868 9.04677e-22 -7.38105e-05 2.04999e-21 -0.614675 -3.07955e-20 0.000130984 1.0202e-21
34.84 -7.3811e-05 -3.72191e-21 -0.599564 -2.78236e-20 0.000131024 -2.37351e-21 -7.3808e-05 -4.98244e-21 0.605995 4.83938e-20 -0.000130862 -1.54506e-21 -7.3808e-05 3.72191e-21 0.629329 -8.33499e-21 -0.000130843 2.37351e-21 -7.3811e-05 4.98244e-21 -0.622694 4.90742e-24 0.000131043 1.54506e-21
35.35 -7.38118e-05 -7.8812e-21 -0.609179 -5.32896e-20 0.00013106 -2.70116e-21 -7.38073e-05 -6.3518e-21 0.618799 6.40669e-20 -0.000130795 -3.70632e-21 -7.38073e-05 7.8812e-21 0.638369 -2.32678e-20 -0.000130795 2.70116e-21 -7.38118e-05 6.3518e-21 -0.628748 -2.36075e-21 0.00013106 3.70632e-21
35.86 -7.38117e-05 -7.46093e-21 -0.619761 -3.65845e-20 0.000131063 -2.41323e-21 -7.38074e-05 -5.75322e-21 0.628959 7.27763e-20 -0.000130809 -3.53558e-21 -7.38074e-05 7.46093e-21 0.646529 -3.58902e-20 -0.000130809 2.41323e-21 -7.38117e-05 5.75322e-21 -0.63733 -1.68846e-20 0.000131064 3.53558e-21
36.37 -7.38116e-05 -5.4796e-21 -0.630165 -3.81199e-20 0.000131059 -1.55689e-21 -7.38074e-05 -3.83623e-21 0.639212 5.69857e-20 -0.000130809 -2.63695e-21 -7.38074e-05 5.4796e-21 0.654857 -1.51072e-20 -0.000130809 1.55689e-21 -7.38116e-05 3.83623e-21 -0.645816 -1.97158e-20 0.000131059 2.63695e-21
36.88 -7.38116e-05 -8.41937e-21 -0.640515 -5.53317e-20 0.000131065 -1.47879e-21 -7.38074e-05 -4.2448e-21 0.649656 4.957e-20 -0.000130812 -4.22243e-21 -7.38074e-05 8.41937e-21 0.663224 -2.64482e-20 -0.000130813 1.47879e-21 -7.38116e-05 4.2448e-21 -0.654088 -8.32699e-21 0.000131065 4.22242e-21
37.39 -7.38116e-05 -4.86874e-21 -0.650762 -3.30729e-20 0.000131065 -1.85259e-21 -7.38075e-05 -4.25606e-21 0.659569 5.35499e-20 -0.000130822 -2.25525e-21 -7.38075e-05 4.86874e-21 0.671684 -1.42221e-20 -0.000130822 1.85259e-21 -7.38116e-05 4.25606e-21 -0.662874 -1.22037e-20 0.000131066 2.25525e-21
37.9 -7.38118e-05 -5.92702e-21 -0.659443 -5.06685e-20 0.000131087 -4.17198e-21 -7.38073e-05 -8.64278e-21 0.669116 9.79804e-20 -0.00013082 -2.38712e-21 -7.38073e-05 5.92702e-21 0.681689 -6.91308e-21 -0.00013082 4.17198e-21 -7.38118e-05 8.64278e-21 -0.672012 -1.40274e-20 0.000131088 2.38712e-21
38.41 -7.38116e-05 -3.97322e-21 -0.669892 -2.70102e-20 0.000131076 -2.54913e-21 -7.38075e-05 -5.3466e-21 0.678647 6.22493e-20 -0.000130837 -1.64651e-21 -7.38075e-05 3.97322e-21 0.68993 -1.15898e-20 -0.000130833 2.54913e-21 -7.38116e-05 5.3466e-21 -0.68114 -1.03128e-20 0.000131079 1.64651e-21
38.92 -7.38117e-05 -3.2921e-21 -0.678725 -4.20371e-20 0.000131267 -5.59626e-21 -7.38073e-05 -1.07224e-20 0.687941 7.97622e-20 -0.000131057 -7.12862e-22 -7.38073e-05 3.2921e-21 0.699906 1.00428e-20 -0.000131005 5.59626e-21 -7.38117e-05 1.07224e-20 -0.690127 2.43841e-20 0.000131319 7.12863e-22
39.43 -7.38121e-05 -5.88457e-21 -0.687676 -4.7362e-20 0.000131112 -3.02124e-21 -7.3807e-05 -6.55658e-21 0.698597 5.4497e-20 -0.00013081 -2.57958e-21 -7.3807e-05 5.88457e-21 0.709433 -9.80313e-21 -0.000130811 3.02124e-21 -7.38121e-05 6.55658e-21 -0.698517 9.19465e-21 0.000131112 2.57958e-21
39.94 -7.38122e-05 -4.4221e-21 -0.697183 -4.03111e-20 0.000131131 -4.92425e-21 -7.38068e-05 -9.72003e-21 0.708838 9.35367e-20 -0.00013081 -1.44232e-21 -7.38068e-05 4.4221e-21 0.718558 -2.65661e-21 -0.000130809 4.92425e-21 -7.38122e-05 9.72003e-21 -0.706897 8.7626e-22 0.000131132 1.44232e-21
40.45 -7.38121e-05 -1.22532e-21 -0.707638 -3.11766e-20 0.000131126 -6.37402e-21 -7.38069e-05 -1.17407e-20 0.718879 7.14446e-20 -0.000130816 5.36936e-22 -7.38069e-05 1.22532e-21 0.726715 1.92534e-20 -0.000130816 6.37403e-21 -7.38121e-05 1.17407e-20 -0.715476 4.25878e-20 0.000131126 -5.36933e-22
40.96 -7.38124e-05 -8.33428e-21 -0.716553 -5.83119e-20 0.000131145 -3.79581e-21 -7.38067e-05 -8.41347e-21 0.728874 7.62343e-20 -0.000130806 -3.74377e-21 -7.38067e-05 8.33428e-21 0.736402 -2.26496e-20 -0.000130805 3.79581e-21 -7.38124e-05 8.41347e-21 -0.724077 5.49664e-21 0.000131146 3.74377e-21
41.47 -7.38123e-05 -2.21696e-21 -0.726568 -2.96231e-20 0.000131148 -4.64586e-21 -7.38067e-05 -8.80497e-21 0.738692 8.15737e-20 -0.000130812 -3.16045e-22 -7.38067e-05 2.21696e-21 0.744963 8.07475e-21 -0.000130813 4.64586e-21 -7.38123e-05 8.80497e-21 -0.732849 3.94823e-21 0.000131147 3.16046e-22
41.98 -7.38123e-05 -6.2357e-21 -0.735496 -6.09398e-20 0.000131163 -4.63573e-21 -7.38067e-05 -9.53803e-21 0.74738 7.31349e-20 -0.000130851 -2.46536e-21 -7.38067e-05 6.2357e-21 0.754715 3.58155e-22 -0.000130832 4.63573e-21 -7.38123e-05 9.53803e-21 -0.742617 1.95139e-20 0.000131183 2.46536e-21
42.49 -7.3812e-05 -6.8821e-21 -0.744329 -4.93151e-20 0.000131137 -3.16799e-21 -7.38071e-05 -7.00812e-21 0.754896 7.65741e-20 -0.000130845 -3.08517e-21 -7.38071e-05 6.8821e-21 0.764323 -1.75391e-20 -0.000130845 3.16799e-21 -7.3812e-05 7.00812e-21 -0.753757 -8.49538e-21 0.000131137 3.08517e-21
43 -7.3812e-05 -2.11846e-21 -0.752167 -4.76261e-20 0.000131141 -5.21283e-21 -7.3807e-05 -9.81052e-21 0.762884 7.81785e-20 -0.000130845 -1.57409e-22 -7.3807e-05 2.11846e-21 0.77502 2.70323e-20 -0.000130845 5.21283e-21 -7.3812e-05 9.81052e-21 -0.764307 1.71096e-20 0.000131141 1.57411e-22
43.51 -7.38114e-05 -8.73113e-22 -0.761443 -2.38389e-20 0.000131108 -2.99479e-21 -7.38077e-05 -5.57187e-21 0.769347 3.72288e-20 -0.000130891 9.33557e-23 -7.38077e-05 8.73113e-22 0.784266 1.53483e-20 -0.00013089 2.99479e-21 -7.38114e-05 5.57187e-21 -0.776356 1.68899e-20 0.000131109 -9.33548e-23
44.02 -7.38107e-05 -6.23826e-21 -0.772003 -6.69199e-20 0.000131294 -4.05574e-21 -7.38083e-05 -8.49102e-21 0.777424 7.14511e-20 -0.000131105 -2.57516e-21 -7.38083e-05 6.23826e-21 0.791845 6.31545e-21 -0.000131151 4.05574e-21 -7.38107e-05 8.49102e-21 -0.786927 1.10291e-20 0.000131247 2.57516e-21
44.53 -7.38106e-05 -1.714e-21 -0.781648 -2.13269e-20 0.000131074 -5.17216e-21 -7.38084e-05 -9.66145e-21 0.786488 6.82152e-20 -0.000130941 5.11095e-23 -7.38084e-05 1.714e-21 0.801049 4.6613e-21 -0.00013094 5.17216e-21 -7.38106e-05 9.66145e-21 -0.7962 2.56238e-20 0.000131075 -5.11086e-23
45.04 -7.38102e-05 -3.11545e-21 -0.791394 -4.58296e-20 0.000131053 -4.07287e-21 -7.38088e-05 -7.93814e-21 0.79446 5.93657e-20 -0.000130968 -9.03282e-22 -7.38088e-05 3.11545e-21 0.809765 1.55561e-20 -0.000130969 4.07287e-21 -7.38102e-05 7.93814e-21 -0.806704 1.77384e-20 0.000131053 9.03283e-22
45.55 -7.38102e-05 -8.41383e-21 -0.802322 -5.97583e-20 0.000131056 -5.19846e-21 -7.38088e-05 -1.09616e-20 0.805248 5.57908e-20 -0.000130976 -3.52404e-21 -7.38088e-05 8.41383e-21 0.817293 -2.19803e-20 -0.000130975 5.19846e-21 -7.38102e-05 1.09616e-20 -0.81436 5.0688e-20 0.000131056 3.52404e-21
46.06 -7.381e-05 -4.21733e-21 -0.811637 -4.38109e-20 0.000131072 -3.65539e-21 -7.38091e-05 -7.39016e-21 0.813755 4.10009e-20 -0.000131001 -1.57013e-21 -7.38091e-05 4.21733e-21 0.826328 2.83614e-21 -0.000131016 3.65539e-21 -7.381e-05 7.39016e-21 -0.824372 3.07836e-20 0.000131057 1.57013e-21
46.57 -7.38096e-05 -7.33179e-21 -0.822112 -5.82138e-20 0.000131032 -2.40949e-21 -7.38094e-05 -5.72232e-21 0.822622 3.90973e-20 -0.00013101 -3.46727e-21 -7.38094e-05 7.33179e-21 0.834299 -1.30059e-20 -0.00013102 2.40949e-21 -7.38096e-05 5.72232e-21 -0.833894 1.64943e-20 0.000131023 3.46727e-21
47.08 -7.38091e-05 -6.04729e-21 -0.832846 -3.53581e-20 0.000131005 -1.98229e-21 -7.38099e-05 -4.71065e-21 0.831127 2.77334e-20 -0.000131052 -2.86076e-21 -7.38099e-05 6.04729e-21 0.842011 -2.33846e-20 -0.000131052 1.98229e-21 -7.38091e-05 4.71065e-21 -0.843734 1.803e-20 0.000131004 2.86076e-21
47.59 -7.38087e-05 -7.90728e-21 -0.841582 -6.92653e-20 0.000130985 -2.90254e-21 -7.38103e-05 -6.72038e-21 0.838068 3.0244e-20 -0.000131081 -3.6826e-21 -7.38103e-05 7.90728e-21 0.851651 -7.54577e-21 -0.000131082 2.90254e-21 -7.38087e-05 6.72038e-21 -0.855176 3.50421e-20 0.000130984 3.6826e-21
48.1 -7.38081e-05 -8.47546e-21 -0.851951 -5.66638e-20 0.000130952 -4.97304e-21 -7.38109e-05 -1.0566e-20 0.845902 8.53682e-20 -0.000131119 -3.59911e-21 -7.38109e-05 8.47546e-21 0.859653 -2.56728e-20 -0.000131119 4.97304e-21 -7.38081e-05 1.0566e-20 -0.865697 1.72684e-20 0.000130952 3.59911e-21
48.61 -7.3809e-05 -6.81265e-21 -0.858697 -6.53239e-20 0.000131042 -3.28943e-21 -7.38101e-05 -7.21444e-21 0.856343 4.06936e-20 -0.000131091 -3.02536e-21 -7.38101e-05 6.81265e-21 0.871143 -8.56179e-22 -0.00013111 3.28943e-21 -7.3809e-05 7.21444e-21 -0.873701 2.93889e-20 0.000131023 3.02536e-21
49.12 -7.38091e-05 -2.06486e-21 -0.867043 -3.80244e-20 0.000131025 -4.71847e-21 -7.381e-05 -8.90767e-21 0.865201 3.8035e-20 -0.000131069 -2.21196e-22 -7.381e-05 2.06486e-21 0.881184 1.79526e-20 -0.000131077 4.71847e-21 -7.38091e-05 8.90767e-21 -0.883111 4.84839e-20 0.000131017 2.21196e-22
49.63 -7.38089e-05 -2.15089e-21 -0.876348 -3.42088e-20 0.000131015 -3.55241e-21 -7.38102e-05 -6.81784e-21 0.873561 2.84492e-20 -0.000131085 -4.85174e-22 -7.38102e-05 2.15089e-21 0.890185 1.33059e-20 -0.000131093 3.55241e-21 -7.38089e-05 6.81784e-21 -0.893057 3.77724e-20 0.000131007 4.85173e-22
50.14 -7.38086e-05 -1.0147e-20 -0.886801 -6.51005e-20 0.000130995 -1.73701e-21 -7.38104e-05 -5.03414e-21 0.882922 2.75444e-20 -0.000131103 -5.0973e-21 -7.38104e-05 1.0147e-20 0.898072 -3.34603e-20 -0.000131102 1.73701e-21 -7.38086e-05 5.03414e-21 -0.901936 2.13683e-20 0.000130997 5.0973e-21
50.65 -7.3808e-05 -4.9697e-21 -0.896086 -3.06248e-20 0.000130931 -3.10507e-21 -7.3811e-05 -6.53694e-21 0.889653 4.14973e-20 -0.000131101 -2.07504e-21 -7.3811e-05 4.9697e-21 0.907015 -1.76557e-20 -0.00013111 3.10507e-21 -7.3808e-05 6.53694e-21 -0.913543 2.20016e-20 0.000130922 2.07504e-21
51.16 -7.38083e-05 -4.49724e-21 -0.904122 -3.48341e-20 0.000130992 -2.2483e-21 -7.38107e-05 -4.90127e-21 0.898991 2.70241e-20 -0.000131133 -1.98276e-21 -7.38107e-05 4.49724e-21 0.917251 -8.85466e-21 -0.000131134 2.2483e-21 -7.38083e-05 4.90127e-21 -0.922395 2.05874e-20 0.000130991 1.98276e-21
51.67 -7.38092e-05 -6.17496e-21 -0.911765 -4.81315e-20 0.00013104 -2.26077e-21 -7.38099e-05 -5.23745e-21 0.910215 9.0906e-21 -0.000131085 -2.87692e-21 -7.38099e-05 6.17496e-21 0.927864 -1.18523e-20 -0.000131082 2.26077e-21 -7.38092e-05 5.23745e-21 -0.929377 4.17887e-20 0.000131043 2.87692e-21
52.18 -7.38086e-05 -5.95434e-21 -0.920946 -3.23102e-20 0.000131015 -2.68922e-21 -7.38105e-05 -5.97e-21 0.91677 4.88215e-20 -0.000131131 -2.67893e-21 -7.38105e-05 5.95434e-21 0.936873 -2.55321e-20 -0.000131131 2.68922e-21 -7.38086e-05 5.97e-21 -0.941046 9.17223e-21 0.000131016 2.67893e-21
52.69 -7.38087e-05 -7.39041e-21 -0.928854 -1.89828e-20 0.000131024 -1.79794e-21 -7.38104e-05 -4.62881e-21 0.92525 2.00591e-20 -0.000131124 -3.61293e-21 -7.38104e-05 7.39041e-21 0.947161 -5.28039e-20 -0.000131123 1.79794e-21 -7.38087e-05 4.62881e-21 -0.950756 2.49112e-20 0.000131024 3.61293e-21
53.2 -7.38082e-05 -8.49152e-21 -0.939749 -2.99984e-20 0.000131005 1.6204e-21 -7.38108e-05 1.33889e-21 0.934191 -1.08966e-20 -0.000131159 -4.8404e-21 -7.38108e-05 8.49152e-21 0.95443 -5.24722e-20 -0.000131159 -1.6204e-21 -7.38082e-05 -1.33889e-21 -0.959986 -2.09049e-21 0.000131006 4.8404e-21
53.71 -7.3809e-05 -8.54767e-21 -0.946736 -2.13168e-20 0.000131275 1.03311e-22 -7.381e-05 -1.41149e-21 0.944861 -8.01219e-21 -0.000131287 -4.58677e-21 -7.381e-05 8.54767e-21 0.965237 -6.17044e-20 -0.000131333 -1.03311e-22 -7.3809e-05 1.41149e-21 -0.967605 2.17377e-20 0.000131229 4.58677e-21
54.22 -7.38094e-05 -4.60257e-21 -0.953037 5.93344e-21 0.000131073 4.17745e-23 -7.38097e-05 -7.8505e-22 0.952434 -2.79614e-21 -0.000131089 -2.4672e-21 -7.38097e-05 4.60257e-21 0.97742 -5.06373e-20 -0.00013109 -4.17745e-23 -7.38094e-05 7.8505e-22 -0.978033 1.04301e-20 0.000131072 2.4672e-21
54.73 -7.38099e-05 -5.17319e-21 -0.961304 -2.05386e-20 0.000131145 -2.09452e-21 -7.38091e-05 -4.74991e-21 0.96302 1.53757e-20 -0.000131081 -2.37271e-21 -7.38091e-05 5.17319e-21 0.987162 -2.97145e-20 -0.0001311 2.09452e-21 -7.38099e-05 4.74991e-21 -0.985649 3.07668e-20 0.000131126 2.37271e-21
55.24 -7.38103e-05 -3.94533e-21 -0.970204 -1.3436e-20 0.000131162 -1.74953e-22 -7.38087e-05 -1.05359e-21 0.973676 9.23461e-21 -0.000131082 -2.07548e-21 -7.38087e-05 3.94533e-21 0.996547 -2.48851e-20 -0.000131064 1.74953e-22 -7.38103e-05 1.05359e-21 -0.992879 1.00622e-21 0.00013118 2.07548e-21
55.75 -7.381e-05 -2.41895e-21 -0.979598 -4.72634e-21 0.000131732 -1.11924e-21 -7.3809e-05 -2.47362e-21 0.982646 1.1843e-20 -0.000131517 -1.08331e-21 -7.3809e-05 2.41895e-21 1.00401 -1.87722e-20 -0.000131671 1.11924e-21 -7.381e-05 2.47362e-21 -1.00262 1.21869e-20 0.000131578 1.08331e-21
56.26 -7.38105e-05 -5.07552e-21 -0.987018 -2.17339e-20 0.000131547 -1.05655e-21 -7.38086e-05 -2.85707e-21 0.991653 6.81798e-21 -0.000131338 -2.51458e-21 -7.38086e-05 5.07552e-21 1.01505 -2.7567e-20 -0.000131433 1.05655e-21 -7.38105e-05 2.85707e-21 -1.01144 2.09402e-20 0.000131451 2.51458e-21
56.77 -7.38105e-05 -7.36862e-21 -0.99652 -5.16938e-20 0.000131835 -2.34309e-21 -7.38085e-05 -5.60928e-21 1.0009 3.3963e-21 -0.000131688 -3.49936e-21 -7.38085e-05 7.36862e-21 1.02372 -1.98834e-20 -0.000131719 2.34309e-21 -7.38105e-05 5.60928e-21 -1.01967 5.1097e-20 0.000131804 3.49936e-21
57.28 -7.38106e-05 -5.14422e-21 -1.00567 -1.67173e-20 0.000131265 3.88039e-23 -7.38084e-05 -8.91681e-22 1.01021 -8.07708e-22 -0.000131186 -2.75608e-21 -7.38084e-05 5.14422e-21 1.03334 -3.3247e-20 -0.000131132 -3.88043e-23 -7.38106e-05 8.91681e-22 -1.02822 9.47838e-21 0.00013132 2.75608e-21
57.79 -7.38105e-05 -1.64403e-21 -1.0156 -8.32833e-23 0.000131057 3.47661e-22 -7.38085e-05 3.20514e-22 1.01963 -1.52561e-20 -0.000130979 -9.43486e-22 -7.38085e-05 1.64403e-21 1.04147 -1.58835e-20 -0.00013094 -3.47661e-22 -7.38105e-05 -3.20514e-22 -1.03701 1.21459e-20 0.000131096 9.43485e-22
58.3 -7.38105e-05 -4.56364e-21 -1.0244 -3.4489e-20 0.000131098 8.67531e-22 -7.38086e-05 7.1356e-22 1.02853 -9.19944e-21 -0.000130989 -2.60078e-21 -7.38086e-05 4.56364e-21 1.0504 -9.83383e-21 -0.000130984 -8.67532e-22 -7.38105e-05 -7.1356e-22 -1.04621 2.27798e-21 0.000131103 2.60078e-21
58.81 -7.38106e-05 2.93865e-22 -1.03364 1.599e-20 0.000131115 3.4759e-26 -7.38085e-05 5.50036e-23 1.03807 3.66736e-21 -0.000131006 1.5702e-22 -7.38085e-05 -2.93865e-22 1.05914 -1.31365e-20 -0.000130991 -3.47364e-26 -7.38106e-05 -5.50036e-23 -1.05456 -4.20177e-21 0.00013113 -1.5702e-22
59.32 -7.38105e-05 -1.98018e-21 -1.04285 -1.89317e-21 0.000131149 -8.45937e-22 -7.38085e-05 -1.89799e-21 1.04718 2.22532e-20 -0.000131029 -8.99953e-22 -7.38085e-05 1.98018e-21 1.06776 -1.73429e-20 -0.00013103 8.45937e-22 -7.38105e-05 1.89799e-21 -1.06343 -3.81592e-21 0.000131148 8.99953e-22
59.83 -7.38107e-05 -5.21297e-21 -1.05067 -2.8085e-20 0.000131719 2.15199e-23 -7.38083e-05 -9.35749e-22 1.05673 6.22846e-21 -0.000131427 -2.78958e-21 -7.38083e-05 5.21297e-21 1.07679 -2.25475e-20 -0.000131574 -2.15204e-23 -7.38107e-05 9.35749e-22 -1.0723 2.8697e-21 0.000131572 2.78958e-21
60.34 -7.38107e-05 -2.98284e-21 -1.06015 -1.29539e-20 0.000131194 1.28534e-22 -7.38084e-05 -3.25536e-22 1.06485 1.46985e-21 -0.000131119 -1.61791e-21 -7.38084e-05 2.98284e-21 1.08659 -1.6018e-20 -0.000131055 -1.28534e-22 -7.38107e-05 3.25536e-22 -1.0812 1.69762e-21 0.000131258 1.61791e-21
60.85 -7.38107e-05 -5.08283e-21 -1.06938 -3.03172e-20 0.000131148 -5.49894e-22 -7.38084e-05 -1.9434e-21 1.07435 1.52871e-20 -0.000131003 -2.61321e-21 -7.38084e-05 5.08283e-21 1.0948 -1.90529e-20 -0.000131013 5.49894e-22 -7.38107e-05 1.9434e-21 -1.08994 3.59771e-21 0.000131138 2.61321e-21
61.36 -7.38107e-05 -5.7083e-21 -1.07859 -1.57337e-20 0.000131324 -4.95127e-22 -7.38083e-05 -1.96143e-21 1.08367 1.24576e-20 -0.00013121 -2.95767e-21 -7.38083e-05 5.7083e-21 1.10356 -3.97114e-20 -0.00013118 4.95127e-22 -7.38107e-05 1.96143e-21 -1.09815 6.60283e-21 0.000131355 2.95767e-21
61.87 -7.3811e-05 -6.60385e-21 -1.08671 -2.53289e-20 0.000131516 -1.17744e-21 -7.3808e-05 -3.36114e-21 1.09253 4.37771e-20 -0.000131451 -3.30864e-21 -7.3808e-05 6.60385e-21 1.11355 -3.88163e-20 -0.000131339 1.17744e-21 -7.3811e-05 3.36114e-21 -1.1065 -1.11206e-20 0.000131629 3.30864e-21
62.38 -7.3811e-05 -7.27945e-21 -1.09595 -2.91186e-20 0.00013139 -1.10201e-21 -7.38081e-05 -3.35121e-21 1.10259 1.7461e-20 -0.000131156 -3.68375e-21 -7.38081e-05 7.27945e-21 1.12125 -4.15886e-20 -0.000131216 1.10201e-21 -7.3811e-05 3.35121e-21 -1.11526 1.51007e-20 0.00013133 3.68375e-21
62.89 -7.38113e-05 -5.17071e-21 -1.10537 -1.91546e-20 0.000131179 2.06526e-21 -7.38078e-05 2.76319e-21 1.11287 -3.58907e-21 -0.000130979 -3.14909e-21 -7.38078e-05 5.17071e-21 1.13005 -3.10605e-20 -0.000130972 -2.06526e-21 -7.38113e-05 -2.76319e-21 -1.12249 -2.32381e-20 0.000131186 3.14909e-21
63.4 -7.38114e-05 -1.0063e-21 -1.11363 1.73418e-20 0.000131453 9.80767e-22 -7.38077e-05 1.58314e-21 1.12188 -3.15684e-21 -0.000131171 -7.2108e-22 -7.38077e-05 1.0063e-21 1.13902 -2.71126e-20 -0.000131236 -9.80767e-22 -7.38114e-05 -1.58314e-21 -1.13146 -1.22177e-20 0.000131389 7.2108e-22
63.91 -7.38113e-05 -3.73815e-21 -1.12287 3.7076e-21 0.000131219 1.38596e-21 -7.38077e-05 1.80418e-21 1.13091 2.48726e-21 -0.000130971 -2.2566e-21 -7.38077e-05 3.73815e-21 1.14781 -4.00109e-20 -0.000131002 -1.38596e-21 -7.38113e-05 -1.80418e-21 -1.14011 -2.00036e-20 0.000131188 2.2566e-21
64.41 -7.38114e-05 -8.13214e-21 -1.13131 -2.68643e-20 0.000131225 3.19222e-22 -7.38076e-05 -9.43859e-22 1.13971 1.21594e-20 -0.000130977 -4.4051e-21 -7.38076e-05 8.13214e-21 1.15677 -5.21203e-20 -0.000130996 -3.19224e-22 -7.38114e-05 9.43859e-22 -1.14856 -2.97724e-21 0.000131206 4.4051e-21
64.91 -7.38114e-05 -6.08027e-21 -1.14054 -2.0349e-20 0.000131616 8.26057e-22 -7.38076e-05 3.55108e-22 1.14785 -1.71249e-20 -0.000131546 -3.40344e-21 -7.38076e-05 6.08027e-21 1.16549 -3.87043e-20 -0.000131392 -8.26058e-22 -7.38114e-05 -3.55108e-22 -1.15654 1.36871e-20 0.00013177 3.40344e-21
65.41 -7.38115e-05 -2.51203e-21 -1.14875 2.0669e-21 0.000131917 1.01077e-21 -7.38075e-05 1.35582e-21 1.15722 -1.14728e-20 -0.000131712 -1.53128e-21 -7.38075e-05 2.51203e-21 1.17378 -2.64626e-20 -0.000131679 -1.01077e-21 -7.38115e-05 -1.35582e-21 -1.16496 -1.69065e-21 0.00013195 1.53128e-21
65.91 -7.38117e-05 -1.6762e-21 -1.15644 1.87036e-20 0.00013244 6.10206e-22 -7.38073e-05 7.8866e-22 1.16585 -2.3851e-20 -0.000132208 -1.00977e-21 -7.38073e-05 1.6762e-21 1.18306 -3.49827e-20 -0.000132176 -6.10207e-22 -7.38117e-05 -7.8866e-22 -1.17331 1.61943e-20 0.000132471 1.00976e-21
66.41 -7.38116e-05 -6.24548e-21 -1.16541 -3.0173e-20 0.000131251 -2.08716e-21 -7.38075e-05 -4.9371e-21 1.17438 4.42861e-20 -0.000130988 -2.94707e-21 -7.38075e-05 6.24548e-21 1.19177 -3.04951e-20 -0.000131006 2.08716e-21 -7.38116e-05 4.9371e-21 -1.183 3.67625e-21 0.000131232 2.94707e-21
66.91 -7.38112e-05 -5.53506e-21 -1.17438 1.20129e-20 0.000131234 -2.55679e-22 -7.38079e-05 -1.49659e-21 1.18166 -4.35725e-21 -0.000131019 -2.90986e-21 -7.38079e-05 5.53506e-21 1.20003 -6.57743e-20 -0.000131036 2.55678e-22 -7.38112e-05 1.49659e-21 -1.19292 1.8903e-20 0.000131217 2.90986e-21
67.41 -7.38109e-05 -6.17848e-21 -1.18299 -1.56216e-20 0.000131301 6.80136e-22 -7.38081e-05 7.32112e-23 1.18913 1.21176e-20 -0.000131129 -3.42863e-21 -7.38081e-05 6.17848e-21 1.20864 -4.43863e-20 -0.000131133 -6.80136e-22 -7.38109e-05 -7.32112e-23 -1.20254 -1.28172e-20 0.000131297 3.42863e-21
67.91 -7.3811e-05 -6.3849e-21 -1.19188 -2.04134e-20 0.00013137 -1.83549e-22 -7.38081e-05 -1.52521e-21 1.19825 1.95209e-20 -0.000131164 -3.37746e-21 -7.38081e-05 6.3849e-21 1.2167 -4.16023e-20 -0.0001312 1.83549e-22 -7.3811e-05 1.52521e-21 -1.21073 -4.6955e-21 0.000131334 3.37746e-21
68.41 -7.38111e-05 -3.98644e-21 -1.20054 -2.10512e-20 0.000131459 1.38167e-21 -7.3808e-05 1.75001e-21 1.20695 -2.48173e-21 -0.000131331 -2.38847e-21 -7.3808e-05 3.98644e-21 1.22564 -1.7663e-20 -0.000131274 -1.38167e-21 -7.38111e-05 -1.75001e-21 -1.21862 -1.45077e-20 0.000131516 2.38847e-21
68.91 -7.38113e-05 -3.80681e-21 -1.20875 1.53639e-21 0.000131324 1.72768e-21 -7.38078e-05 2.40849e-21 1.2164 1.88845e-22 -0.000131098 -2.35718e-21 -7.38078e-05 3.80681e-21 1.23426 -3.8505e-20 -0.000131115 -1.72768e-21 -7.38113e-05 -2.40849e-21 -1.2268 -2.35734e-20 0.000131306 2.35718e-21
69.41 -7.38115e-05 -4.66174e-21 -1.21719 -3.07002e-20 0.00013156 3.09166e-21 -7.38075e-05 4.71202e-21 1.22541 -3.53485e-20 -0.000131412 -3.06902e-21 -7.38075e-05 4.66174e-21 1.24333 -1.45673e-20 -0.000131321 -3.09166e-21 -7.38115e-05 -4.71202e-21 -1.23414 -1.04073e-20 0.000131651 3.06902e-21
69.91 -7.38117e-05 -3.96242e-21 -1.22573 -2.21154e-20 0.000131261 6.14769e-22 -7.38074e-05 3.69472e-22 1.23508 5.87613e-21 -0.000131009 -2.23226e-21 -7.38074e-05 3.96242e-21 1.2516 -1.63692e-20 -0.000131002 -6.1477e-22 -7.38117e-05 -3.69472e-22 -1.24217 -9.45706e-21 0.000131267 2.23226e-21
70.41 -7.38115e-05 -2.35388e-21 -1.23468 5.47665e-21 0.000131266 2.67038e-22 -7.38075e-05 4.21939e-23 1.2433 1.24392e-20 -0.000131037 -1.30773e-21 -7.38075e-05 2.35388e-21 1.2597 -2.83383e-20 -0.000131027 -2.67038e-22 -7.38115e-05 -4.21939e-23 -1.25098 -1.28448e-20 0.000131276 1.30773e-21
70.91 -7.38117e-05 -5.83465e-21 -1.24299 -1.55856e-20 0.000131469 1.5633e-21 -7.38073e-05 1.7325e-21 1.25275 4.78708e-22 -0.000131164 -3.41002e-21 -7.38073e-05 5.83465e-21 1.26804 -4.10797e-20 -0.000131207 -1.5633e-21 -7.38117e-05 -1.7325e-21 -1.25875 -1.72944e-20 0.000131426 3.41002e-21
71.41 -7.3812e-05 -2.86186e-21 -1.25111 -3.92139e-20 0.000131484 1.51375e-21 -7.3807e-05 2.19881e-21 1.26182 -4.28654e-21 -0.000131208 -1.81225e-21 -7.3807e-05 2.86186e-21 1.27726 1.14223e-20 -0.000131186 -1.51375e-21 -7.3812e-05 -2.19881e-21 -1.2663 -1.70642e-20 0.000131507 1.81225e-21
71.91 -7.38122e-05 -2.27869e-21 -1.26002 -2.49681e-20 0.000131337 1.22916e-21 -7.38069e-05 1.79387e-21 1.27127 -1.19683e-20 -0.000131068 -1.44742e-21 -7.38069e-05 2.27869e-21 1.28552 2.8399e-21 -0.00013102 -1.22916e-21 -7.38122e-05 -1.79387e-21 -1.27375 -5.45024e-21 0.000131385 1.44742e-21
72.41 -7.38123e-05 -4.17554e-21 -1.26815 -3.40476e-20 0.00013144 3.17363e-21 -7.38068e-05 4.95097e-21 1.28007 -2.36555e-20 -0.000131094 -2.82455e-21 -7.38068e-05 4.17554e-21 1.29393 -6.49764e-21 -0.000131115 -3.17363e-21 -7.38123e-05 -4.95097e-21 -1.28224 -2.44223e-20 0.000131419 2.82454e-21
72.91 -7.38121e-05 -4.06934e-21 -1.27676 -2.44574e-20 0.000131318 2.26683e-21 -7.38069e-05 3.33313e-21 1.28814 -5.58293e-21 -0.000130998 -2.59826e-21 -7.38069e-05 4.06934e-21 1.30238 -1.50598e-20 -0.000131006 -2.26683e-21 -7.38121e-05 -3.33313e-21 -1.29108 -2.67822e-20 0.00013131 2.59826e-21
73.41 -7.38123e-05 -3.62784e-21 -1.28483 -1.74767e-20 0.000131333 2.62928e-21 -7.38067e-05 4.07026e-21 1.29697 -2.33985e-20 -0.000130999 -2.43011e-21 -7.38067e-05 3.62784e-21 1.31123 -1.77507e-20 -0.000131 -2.62928e-21 -7.38123e-05 -4.07026e-21 -1.2991 -1.61265e-20 0.000131333 2.43011e-21
73.91 -7.38125e-05 -4.34035e-21 -1.29337 -4.50901e-20 0.000131671 1.26581e-21 -7.38065e-05 1.4746e-21 1.30579 -7.83914e-21 -0.000131409 -2.55593e-21 -7.38065e-05 4.34035e-21 1.31989 2.9381e-21 -0.000131315 -1.26581e-21 -7.38125e-05 -1.4746e-21 -1.30646 -6.47515e-21 0.000131765 2.55592e-21
74.41 -7.38125e-05 -5.06178e-21 -1.30145 -1.95196e-20 0.000131861 5.60319e-22 -7.38065e-05 6.55994e-23 1.31509 -6.39941e-21 -0.000131366 -2.80952e-21 -7.38065e-05 5.06178e-21 1.32733 -2.96418e-20 -0.000131506 -5.60321e-22 -7.38125e-05 -6.55994e-23 -1.31518 5.77138e-21 0.000131721 2.80952e-21
74.91 -7.38127e-05 9.99506e-23 -1.31036 -1.94829e-20 0.000131729 3.40236e-21 -7.38064e-05 6.1634e-21 1.32338 -2.96128e-20 -0.000131466 -5.82696e-22 -7.38064e-05 -9.99506e-23 1.33661 2.04647e-20 -0.000131355 -3.40236e-21 -7.38127e-05 -6.1634e-21 -1.3224 -3.02483e-20 0.00013184 5.82694e-22
75.41 -7.38128e-05 -1.56008e-21 -1.31933 -2.62246e-20 0.000131177 1.47896e-21 -7.38062e-05 2.37936e-21 1.33307 -1.41864e-20 -0.000130871 -1.11014e-21 -7.38062e-05 1.56008e-21 1.34461 1.10761e-20 -0.000130786 -1.47896e-21 -7.38128e-05 -2.37936e-21 -1.32996 -8.92081e-21 0.000131262 1.11014e-21
75.91 -7.38129e-05 -5.14587e-21 -1.32718 -2.92142e-20 0.000132679 3.86144e-21 -7.38061e-05 6.01176e-21 1.3416 -2.83169e-20 -0.000132323 -3.47163e-21 -7.38061e-05 5.14587e-21 1.35245 -2.0753e-20 -0.000132276 -3.86145e-21 -7.38129e-05 -6.01176e-21 -1.33751 -3.00618e-20 0.000132727 3.47163e-21
76.41 -7.38132e-05 -1.75361e-21 -1.3359 -2.10227e-20 0.000131682 2.67446e-21 -7.38059e-05 4.50227e-21 1.35126 -1.49037e-20 -0.000131322 -1.43706e-21 -7.38059e-05 1.75361e-21 1.36121 3.99877e-21 -0.000131248 -2.67446e-21 -7.38132e-05 -4.50227e-21 -1.34506 -2.88207e-20 0.000131756 1.43706e-21
76.91 -7.38129e-05 -7.02538e-21 -1.3456 -3.50444e-20 0.000131622 2.53067e-21 -7.38061e-05 3.25697e-21 1.36061 -1.6012e-20 -0.000131178 -4.22716e-21 -7.38061e-05 7.02538e-21 1.36767 -3.31823e-20 -0.000131215 -2.53067e-21 -7.38129e-05 -3.25697e-21 -1.35305 -1.56078e-20 0.000131586 4.22715e-21
77.41 -7.3813e-05 -3.153e-21 -1.35401 -8.49696e-21 0.00013147 2.54717e-21 -7.3806e-05 4.01075e-21 1.36915 -2.87306e-20 -0.000131047 -2.16103e-21 -7.3806e-05 3.153e-21 1.37617 -2.21186e-20 -0.000131054 -2.54717e-21 -7.3813e-05 -4.01075e-21 -1.3611 -1.0218e-20 0.000131463 2.16102e-21
77.91 -7.38133e-05 -3.8706e-21 -1.36245 -3.36346e-20 0.000131632 4.88698e-21 -7.38057e-05 8.10232e-21 1.37908 -3.08077e-20 -0.000131131 -2.98193e-21 -7.38057e-05 3.8706e-21 1.38405 -3.94275e-21 -0.000131182 -4.88698e-21 -7.38133e-05 -8.10232e-21 -1.36797 -4.78776e-20 0.00013158 2.98192e-21
78.41 -7.38134e-05 -6.81256e-21 -1.37116 -3.731e-20 0.000131957 3.52325e-21 -7.38056e-05 5.08937e-21 1.38709 -2.14514e-22 -0.000131674 -4.29901e-21 -7.38056e-05 6.81256e-21 1.39299 -2.88464e-20 -0.000131492 -3.52325e-21 -7.38134e-05 -5.08937e-21 -1.37511 -4.92025e-20 0.000132139 4.299e-21
78.91 -7.38134e-05 2.16078e-21 -1.37867 1.69416e-21 0.000131852 5.65031e-22 -7.38056e-05 1.42443e-21 1.39609 1.00474e-20 -0.000131279 1.04898e-21 -7.38056e-05 -2.16078e-21 1.40062 1.92945e-20 -0.00013139 -5.65031e-22 -7.38134e-05 -1.42443e-21 -1.3844 -2.38865e-20 0.000131741 -1.04898e-21
79.41 -7.38134e-05 -7.33442e-22 -1.38694 -1.21324e-22 0.000132345 3.83972e-21 -7.38056e-05 6.79747e-21 1.40441 -2.22284e-20 -0.000131786 -1.10979e-21 -7.38056e-05 7.33442e-22 1.40873 -6.98913e-21 -0.000131878 -3.83972e-21 -7.38134e-05 -6.79747e-21 -1.39224 -4.37898e-20 0.000132253 1.10979e-21
79.91 -7.38135e-05 4.20386e-22 -1.39533 -7.94989e-21 0.000131472 4.08852e-21 -7.38055e-05 7.46253e-21 1.4128 -2.09654e-20 -0.000130969 -5.39756e-22 -7.38055e-05 -4.20386e-22 1.41773 1.20468e-20 -0.000130996 -4.08853e-21 -7.38135e-05 -7.46253e-21 -1.40055 -5.15143e-20 0.000131445 5.39754e-22
80.41 -7.38138e-05 -6.96003e-22 -1.40319 -6.54967e-21 0.000132016 1.44369e-21 -7.38053e-05 2.47721e-21 1.42143 1.62598e-20 -0.000131527 -6.41823e-22 -7.38053e-05 6.96003e-22 1.42626 -2.06367e-22 -0.000131512 -1.44369e-21 -7.38138e-05 -2.47721e-21 -1.40786 -4.03178e-20 0.000132031 6.41821e-22
80.91 -7.38138e-05 -1.57011e-21 -1.41134 -2.19276e-20 0.000131449 1.77396e-21 -7.38052e-05 2.91026e-21 1.43018 8.74551e-21 -0.00013089 -1.17065e-21 -7.38052e-05 1.57011e-21 1.43462 6.68319e-21 -0.000130939 -1.77397e-21 -7.38138e-05 -2.91026e-21 -1.41632 -3.70082e-20 0.0001314 1.17065e-21
81.41 -7.38142e-05 -6.81214e-22 -1.41944 -1.02982e-20 0.000131769 1.76631e-21 -7.38049e-05 3.06262e-21 1.43919 -1.97029e-20 -0.000131287 -6.94236e-22 -7.38049e-05 6.81214e-22 1.44342 3.68763e-21 -0.000131216 -1.76631e-21 -7.38142e-05 -3.06262e-21 -1.4229 -1.0042e-20 0.000131841 6.94235e-22
81.91 -7.38144e-05 -1.06125e-21 -1.42646 -4.5076e-22 0.00013174 2.29015e-21 -7.38047e-05 3.93764e-21 1.44771 -1.04864e-20 -0.000131106 -9.95248e-22 -7.38047e-05 1.06125e-21 1.45216 -9.84896e-21 -0.000131165 -2.29016e-21 -7.38144e-05 -3.93764e-21 -1.43154 -2.77556e-20 0.000131681 9.95246e-22
82.41 -7.38148e-05 -1.49386e-21 -1.43533 -2.82286e-20 0.000131973 4.30536e-21 -7.38043e-05 7.49626e-21 1.45727 -3.40224e-20 -0.000131488 -1.60318e-21 -7.38043e-05 1.49386e-21 1.46059 1.37336e-20 -0.000131349 -4.30537e-21 -7.38148e-05 -7.49626e-21 -1.43717 -3.87815e-20 0.000132111 1.60317e-21
82.91 -7.3815e-05 2.14185e-21 -1.44306 -1.45767e-22 0.000131559 4.71169e-21 -7.38041e-05 8.90982e-21 1.46655 -3.69615e-20 -0.000130917 2.63603e-22 -7.38041e-05 -2.14185e-21 1.46876 2.09643e-20 -0.000130913 -4.71169e-21 -7.3815e-05 -8.90982e-21 -1.44522 -4.9578e-20 0.000131563 -2.63607e-22
83.41 -7.3815e-05 1.28124e-21 -1.45102 4.43608e-21 0.000131568 3.73406e-21 -7.3804e-05 6.98331e-21 1.47475 -1.77798e-20 -0.000130916 -1.34855e-23 -7.3804e-05 -1.28124e-21 1.4771 8.02066e-21 -0.000130916 -3.73406e-21 -7.3815e-05 -6.98331e-21 -1.45338 -5.00471e-20 0.000131569 1.34826e-23
83.91 -7.38151e-05 -3.10135e-21 -1.45948 -5.98103e-21 0.000132279 2.73399e-21 -7.3804e-05 4.3578e-21 1.482 -1.14624e-20 -0.000131899 -2.16836e-21 -7.3804e-05 3.10135e-21 1.48599 -2.41318e-20 -0.000131618 -2.73399e-21 -7.38151e-05 -4.3578e-21 -1.46045 -3.08574e-20 0.00013256 2.16835e-21
84.41 -7.38152e-05 5.70601e-22 -1.4662 -1.99539e-20 0.000131619 1.08502e-21 -7.38038e-05 2.06623e-21 1.49105 -1.47847e-20 -0.000130916 1.02047e-22 -7.38038e-05 -5.70601e-22 1.49439 2.55e-20 -0.000130939 -1.08502e-21 -7.38152e-05 -2.06623e-21 -1.46979 -5.28491e-21 0.000131596 -1.02048e-22
84.91 -7.38149e-05 -2.54314e-21 -1.47591 -1.46394e-20 0.000131798 3.0563e-21 -7.38041e-05 5.04426e-21 1.49952 -2.16499e-20 -0.0001311 -1.93033e-21 -7.38041e-05 2.54314e-21 1.50062 -1.00513e-20 -0.000131157 -3.0563e-21 -7.38149e-05 -5.04426e-21 -1.47762 -2.7337e-20 0.000131741 1.93033e-21
85.41 -7.38118e-05 -2.71528e-21 -1.48909 -2.69698e-20 0.000132825 5.56952e-22 -7.38072e-05 4.98217e-22 1.5011 -1.66767e-20 -0.000132166 -1.55504e-21 -7.38072e-05 2.71528e-21 1.50132 5.99847e-22 -0.000132551 -5.56952e-22 -7.38118e-05 -4.98217e-22 -1.49345 1.18423e-20 0.000132439 1.55504e-21
85.91 -7.38097e-05 1.38559e-21 -1.50401 -6.29275e-21 0.000133735 2.39325e-21 -7.38094e-05 4.5813e-21 1.50435 -4.63479e-20 -0.000133786 2.92952e-22 -7.38094e-05 -1.38559e-21 1.50431 1.97587e-20 -0.000133716 -2.39325e-21 -7.38097e-05 -4.5813e-21 -1.50322 1.84993e-21 0.000133806 -2.92952e-22
86.41 -7.38096e-05 3.69154e-21 -1.51139 1.67193e-20 0.000135283 1.91489e-21 -7.38095e-05 4.14849e-21 1.51191 -1.69919e-20 -0.000135228 1.61457e-21 -7.38095e-05 -3.69154e-21 1.51158 1.91417e-20 -0.000135276 -1.91489e-21 -7.38096e-05 -4.14849e-21 -1.51159 -2.3306e-20 0.000135235 -1.61457e-21
86.91 -7.38096e-05 2.89283e-21 -1.51902 2.8488e-20 0.000137715 -3.4403e-23 -7.38095e-05 4.78711e-22 1.51922 -1.74719e-20 -0.000137698 1.55222e-21 -7.38095e-05 -2.89283e-21 1.51911 -3.90874e-22 -0.000137712 3.4403e-23 -7.38096e-05 -4.78711e-22 -1.51905 1.28172e-20 0.000137702 -1.55222e-21
87.41 -7.38095e-05 1.55575e-20 -1.52543 9.55288e-20 0.000140639 1.12773e-21 -7.38095e-05 4.94531e-21 1.527 -2.82583e-20 -0.000140328 8.1023e-21 -7.38095e-05 -1.55575e-20 1.52544 5.5568e-20 -0.000140642 -1.12773e-21 -7.38095e-05 -4.94531e-21 -1.52724 -1.98016e-20 0.000140325 -8.1023e-21
87.91 -7.38095e-05 5.74502e-22 -1.53397 -4.80745e-21 0.000141792 -1.95978e-21 -7.38095e-05 -3.43199e-21 1.53421 -2.96132e-20 -0.00014175 6.73386e-22 -7.38095e-05 -5.74502e-22 1.53373 1.03808e-20 -0.000141792 1.95978e-21 -7.38095e-05 3.43199e-21 -1.53394 6.29437e-20 0.000141751 -6.73386e-22
88.41 -7.38095e-05 1.15572e-21 -1.54131 -4.29351e-20 0.00014386 4.69078e-21 -7.38095e-05 8.68769e-21 1.54116 -5.38463e-20 -0.000143887 -2.59427e-22 -7.38095e-05 -1.15572e-21 1.54151 5.41797e-20 -0.000143861 -4.69078e-21 -7.38095e-05 -8.68769e-21 -1.54138 -3.05312e-20 0.000143887 2.59427e-22
88.91 -7.38095e-05 2.01422e-21 -1.54853 -9.61972e-21 0.000146966 -1.63681e-21 -7.38095e-05 -2.57953e-21 1.54837 1.63154e-20 -0.000146983 1.38232e-21 -7.38095e-05 -2.01422e-21 1.54852 2.91761e-20 -0.000146968 1.63681e-21 -7.38095e-05 2.57953e-21 -1.54852 8.73326e-21 0.000146981 -1.38232e-21
89.41 -7.38095e-05 -1.32988e-21 -1.55585 -2.50713e-20 0.000148642 2.34568e-21 -7.38096e-05 3.9877e-21 1.55599 -4.61988e-20 -0.000148593 -1.14917e-21 -7.38096e-05 1.32988e-21 1.55585 1.21633e-20 -0.000148646 -2.34568e-21 -7.38095e-05 -3.9877e-21 -1.55629 7.47467e-21 0.000148589 1.14917e-21
89.91 -7.38095e-05 8.00177e-22 -1.56333 3.4063e-20 0.000150964 9.09275e-22 -7.38095e-05 1.79177e-21 1.56325 -1.53911e-20 -0.000150975 2.57578e-22 -7.38095e-05 -8.00177e-22 1.56333 -2.62875e-20 -0.000150965 -9.09275e-22 -7.38095e-05 -1.79177e-21 -1.56331 -2.01398e-21 0.000150974 -2.57578e-22
90.41 -7.38095e-05 4.4411e-21 -1.5708 -6.81095e-21 0.000152878 4.39533e-21 -7.38095e-05 8.76833e-21 1.57079 -3.78012e-20 -0.000152876 1.55136e-21 -7.38095e-05 -4.4411e-21 1.57065 4.99608e-20 -0.000152879 -4.39533e-21 -7.38095e-05 -8.76833e-21 -1.57069 -4.73664e-20 0.000152875 -1.55136e-21
90.91 -7.38095e-05 -4.66802e-21 -1.57803 -5.62924e-20 0.000155092 -4.97339e-22 -7.38095e-05 -1.77093e-21 1.57805 9.71766e-21 -0.000155092 -2.40138e-21 -7.38095e-05 4.66802e-21 1.57806 1.09539e-20 -0.000155092 4.97339e-22 -7.38095e-05 1.77093e-21 -1.57804 7.48915e-21 0.000155092 2.40138e-21
91.41 -7.38095e-05 3.58178e-22 -1.58532 -2.33945e-20 0.000157284 4.48322e-22 -7.38095e-05 8.76641e-22 1.58528 -1.71355e-20 -0.000157282 1.07575e-22 -7.38095e-05 -3.58178e-22 1.58531 2.68727e-20 -0.000157285 -4.48322e-22 -7.38095e-05 -8.76641e-22 -1.58538 8.61883e-21 0.00015728 -1.07575e-22
91.91 -7.38095e-05 -5.15882e-22 -1.59258 -1.4566e-20 0.000159438 6.65547e-21 -7.38095e-05 1.19234e-20 1.59266 -8.26686e-20 -0.000159427 -1.51996e-21 -7.38095e-05 5.15882e-22 1.59264 9.58031e-21 -0.000159438 -6.65547e-21 -7.38095e-05 -1.19234e-20 -1.59268 -3.31289e-20 0.000159427 1.51996e-21
92.41 -7.38095e-05 5.52495e-21 -1.5999 2.82718e-20 0.000161458 2.58668e-21 -7.38095e-05 5.70453e-21 1.60005 -5.25651e-21 -0.000161441 2.46866e-21 -7.38095e-05 -5.52495e-21 1.59989 2.54005e-20 -0.000161456 -2.58668e-21 -7.38095e-05 -5.70453e-21 -1.59991 -5.01604e-20 0.000161443 -2.46866e-21
92.91 -7.38095e-05 -4.07641e-21 -1.60722 -1.08635e-20 0.000163574 -4.59239e-21 -7.38095e-05 -9.05604e-21 1.60721 6.27714e-20 -0.000163572 -1.31964e-21 -7.38095e-05 4.07641e-21 1.6072 -2.87447e-20 -0.000163574 4.59239e-21 -7.38095e-05 9.05604e-21 -1.60723 2.51829e-20 0.000163571 1.31964e-21
93.41 -7.38095e-05 3.41991e-21 -1.6144 -4.87945e-20 0.000165742 9.96628e-21 -7.38095e-05 1.86386e-20 1.61443 -8.8913e-20 -0.000165743 -3.58576e-23 -7.38095e-05 -3.41991e-21 1.61453 8.20489e-20 -0.000165741 -9.96628e-21 -7.38095e-05 -1.86386e-20 -1.61448 -9.21077e-20 0.000165744 3.58576e-23
93.91 -7.38095e-05 -8.21826e-21 -1.62165 -2.24563e-20 0.000167859 3.71615e-21 -7.38095e-05 5.17495e-21 1.62175 -5.15679e-20 -0.000167843 -5.0862e-21 -7.38095e-05 8.21826e-21 1.62167 -5.73443e-20 -0.000167859 -3.71615e-21 -7.38095e-05 -5.17495e-21 -1.62174 1.32845e-21 0.000167843 5.0862e-21
94.41 -7.38095e-05 8.38428e-21 -1.62888 1.5267e-20 0.000170131 3.01301e-21 -7.38095e-05 7.00907e-21 1.62889 -2.6693e-20 -0.000170136 3.91684e-21 -7.38095e-05 -8.38428e-21 1.62889 6.6176e-20 -0.000170131 -3.01301e-21 -7.38095e-05 -7.00907e-21 -1.62883 -4.13977e-20 0.000170137 -3.91684e-21
94.91 -7.38095e-05 1.34642e-21 -1.63606 7.18809e-21 0.000172226 3.59358e-21 -7.38095e-05 6.74178e-21 1.6361 -5.33835e-20 -0.00017222 4.76091e-23 -7.38095e-05 -1.34642e-21 1.63608 5.90326e-21 -0.000172226 -3.59358e-21 -7.38095e-05 -6.74178e-21 -1.6361 -1.20984e-20 0.000172221 -4.76091e-23
95.41 -7.38095e-05 -3.90132e-23 -1.6433 -8.01507e-20 0.000174265 9.89297e-22 -7.38095e-05 1.77939e-21 1.64329 -3.32761e-20 -0.000174266 -2.05805e-22 -7.38095e-05 3.90132e-23 1.6433 7.97768e-20 -0.000174265 -9.89297e-22 -7.38095e-05 -1.77939e-21 -1.64329 1.59955e-20 0.000174266 2.05805e-22
95.91 -7.38095e-05 -1.98976e-21 -1.65045 -7.37818e-20 0.000176422 -4.0761e-21 -7.38095e-05 -7.73351e-21 1.65047 4.50596e-20 -0.000176416 -3.01162e-22 -7.38095e-05 1.98976e-21 1.65043 5.44437e-20 -0.000176422 4.0761e-21 -7.38095e-05 7.73351e-21 -1.65048 3.00496e-20 0.000176416 3.01162e-22
96.41 -7.38095e-05 -4.23109e-21 -1.65762 -3.65063e-20 0.000178522 5.54832e-21 -7.38095e-05 9.22931e-21 1.65762 -3.67295e-20 -0.000178522 -3.2982e-21 -7.38095e-05 4.23109e-21 1.65761 -4.56018e-21 -0.000178522 -5.54832e-21 -7.38095e-05 -9.22931e-21 -1.65762 -5.29e-20 0.000178522 3.2982e-21
96.91 -7.38095e-05 5.85946e-21 -1.66475 2.68868e-22 0.000180637 -9.17694e-23 -7.38095e-05 9.29745e-22 1.66476 5.99122e-21 -0.000180635 3.14817e-21 -7.38095e-05 -5.85946e-21 1.66475 5.66391e-20 -0.000180638 9.17694e-23 -7.38095e-05 -9.29745e-22 -1.66477 -1.50359e-20 0.000180635 -3.14817e-21
97.41 -7.38095e-05 2.82716e-22 -1.67187 -8.19238e-21 0.000182723 3.25478e-22 -7.38095e-05 6.40674e-22 1.6719 1.79481e-20 -0.000182715 9.02182e-23 -7.38095e-05 -2.82716e-22 1.67185 1.09415e-20 -0.000182724 -3.25478e-22 -7.38095e-05 -6.40674e-22 -1.67192 -2.41709e-20 0.000182715 -9.02182e-23
97.91 -7.38095e-05 -3.99803e-21 -1.679 -6.48999e-20 0.000184824 -2.16948e-21 -7.38095e-05 -4.66558e-21 1.67898 -1.20768e-22 -0.000184826 -1.73075e-21 -7.38095e-05 3.99803e-21 1.67898 2.60605e-20 -0.000184824 2.16948e-21 -7.38095e-05 4.66558e-21 -1.67898 4.5439e-20 0.000184826 1.73075e-21
98.41 -7.38095e-05 5.59572e-21 -1.68609 5.65539e-21 0.000186965 2.58151e-21 -7.38095e-05 5.70842e-21 1.68609 -2.66664e-20 -0.000186966 2.50744e-21 -7.38095e-05 -5.59572e-21 1.68607 4.87026e-20 -0.000186965 -2.58151e-21 -7.38095e-05 -5.70842e-21 -1.68606 -2.87856e-20 0.000186966 -2.50744e-21
98.91 -7.38095e-05 -1.84887e-21 -1.69319 -1.19349e-20 0.000189015 -5.68187e-22 -7.38095e-05 -1.37182e-21 1.69315 -7.64253e-21 -0.000189015 -8.8172e-22 -7.38095e-05 1.84887e-21 1.69313 -6.02742e-21 -0.000189016 5.68187e-22 -7.38095e-05 1.37182e-21 -1.69318 2.09701e-20 0.000189014 8.8172e-22
99.41 -7.38095e-05 -1.37193e-21 -1.7003 -4.68058e-20 0.000190993 -8.60269e-23 -7.38095e-05 -4.11861e-22 1.70015 9.94163e-21 -0.000191023 -7.17009e-22 -7.38095e-05 1.37193e-21 1.70034 3.34799e-20 -0.000190993 8.60269e-23 -7.38095e-05 4.11861e-22 -1.70016 -5.93721e-21 0.000191023 7.17009e-22
99.91 -7.38095e-05 -1.09719e-21 -1.70726 -4.06249e-20 0.000193114 1.95424e-21 -7.38095e-05 3.32425e-21 1.70735 4.05174e-21 -0.000193096 -9.5165e-22 -7.38095e-05 1.09719e-21 1.70722 2.9977e-20 -0.000193115 -1.95424e-21 -7.38095e-05 -3.32425e-21 -1.70733 -3.63372e-20 0.000193095 9.5165e-22
100.41 -7.38095e-05 -5.02476e-21 -1.71432 -4.47524e-20 0.000195144 2.46447e-21 -7.38095e-05 3.51145e-21 1.71436 -9.20732e-21 -0.000195134 -3.14574e-21 -7.38095e-05 5.02476e-21 1.71429 -4.04335e-21 -0.000195144 -2.46447e-21 -7.38095e-05 -3.51145e-21 -1.71435 -2.48897e-20 0.000195134 3.14574e-21
100.91 -7.38095e-05 -6.49364e-21 -1.72123 -3.56638e-20 0.000197252 4.76774e-22 -7.38095e-05 -3.52987e-22 1.72144 1.31742e-20 -0.000197212 -3.55902e-21 -7.38095e-05 6.49364e-21 1.72121 -2.7398e-20 -0.000197253 -4.76774e-22 -7.38095e-05 3.52987e-22 -1.72144 -9.73463e-21 0.000197212 3.55902e-21
101.41 -7.38095e-05 -1.98885e-21 -1.72826 -1.31614e-20 0.000199427 1.38699e-21 -7.38095e-05 2.1331e-21 1.7283 -1.47932e-20 -0.000199415 -1.32205e-21 -7.38095e-05 1.98885e-21 1.72829 -6.14615e-21 -0.000199428 -1.38699e-21 -7.38095e-05 -2.1331e-21 -1.72838 -5.92352e-21 0.000199415 1.32205e-21
101.91 -7.38095e-05 1.13578e-21 -1.73519 -4.55881e-21 0.000201409 6.52838e-22 -7.38095e-05 1.39138e-21 1.73544 -3.13579e-20 -0.000201364 4.84849e-22 -7.38095e-05 -1.13578e-21 1.73517 1.55918e-20 -0.000201409 -6.52838e-22 -7.38095e-05 -1.39138e-21 -1.73541 1.7842e-20 0.000201364 -4.84849e-22
102.41 -7.38095e-05 -2.78907e-21 -1.74236 -4.07211e-21 0.000203331 8.93571e-22 -7.38095e-05 1.09236e-21 1.74221 -3.36797e-20 -0.000203374 -1.6574e-21 -7.38095e-05 2.78907e-21 1.74245 -2.30158e-20 -0.00020333 -8.93571e-22 -7.38095e-05 -1.09236e-21 -1.74217 2.30771e-20 0.000203376 1.6574e-21
102.91 -7.38095e-05 4.63724e-22 -1.74914 1.9776e-20 0.000205753 2.93889e-21 -7.38095e-05 5.39437e-21 1.74922 -1.12493e-20 -0.000205748 -3.01661e-22 -7.38095e-05 -4.63724e-22 1.74922 -1.5258e-20 -0.00020575 -2.93889e-21 -7.38095e-05 -5.39437e-21 -1.74911 -4.11394e-20 0.00020575 3.01661e-22
103.41 -7.38095e-05 1.94096e-21 -1.75596 3.21263e-21 0.000208084 -1.21835e-22 -7.38095e-05 1.42846e-22 1.75616 9.70479e-21 -0.000208015 1.05993e-21 -7.38095e-05 -1.94096e-21 1.75603 1.5637e-20 -0.000208082 1.21835e-22 -7.38095e-05 -1.42846e-22 -1.75605 -1.10977e-20 0.000208017 -1.05993e-21
103.91 -7.38095e-05 -1.68257e-21 -1.76283 6.92431e-21 0.00021062 9.44341e-22 -7.38095e-05 1.39092e-21 1.76282 -4.34861e-20 -0.000210677 -1.07564e-21 -7.38095e-05 1.68257e-21 1.76295 -2.32619e-20 -0.000210619 -9.44341e-22 -7.38095e-05 -1.39092e-21 -1.76279 2.9983e-20 0.000210678 1.07564e-21
104.41 -7.38095e-05 1.15171e-21 -1.76928 1.73066e-20 0.000214403 5.95267e-22 -7.38096e-05 1.29038e-21 1.7692 1.30217e-20 -0.000214413 5.04125e-22 -7.38096e-05 -1.15171e-21 1.76932 -6.11858e-21 -0.00021441 -5.95267e-22 -7.38095e-05 -1.29038e-21 -1.76932 -2.55547e-20 0.000214407 -5.04125e-22
104.91 -7.38082e-05 4.36215e-21 -1.77546 2.7652e-20 0.000215984 -1.01214e-21 -7.38086e-05 -1.01239e-21 1.77535 5.12995e-20 -0.000215975 2.52015e-21 -7.38108e-05 -4.36215e-21 1.77533 1.47027e-20 -0.000216142 1.01214e-21 -7.38104e-05 1.01239e-21 -1.77525 -4.14856e-20 0.000216085 -2.52015e-21
105.41 -7.38097e-05 3.64846e-22 -1.78028 7.44845e-21 0.000217829 8.36453e-23 -7.38096e-05 2.19276e-22 1.78039 -1.45278e-20 -0.000217845 1.79318e-22 -7.38093e-05 -3.64846e-22 1.78038 -3.90252e-21 -0.000217807 -8.36452e-23 -7.38095e-05 -2.19276e-22 -1.7803 1.23995e-20 0.000217839 -1.79318e-22
105.91 -7.38096e-05 -1.00495e-20 -1.78486 -8.66115e-20 0.000219284 4.63418e-21 -7.38093e-05 6.49055e-21 1.78501 4.30172e-21 -0.000219263 -6.23636e-21 -7.38095e-05 1.00495e-20 1.78495 -1.09594e-20 -0.000219276 -4.63418e-21 -7.38098e-05 -6.49055e-21 -1.78501 -6.73015e-20 0.000219294 6.23636e-21
