0.01 -470.604 2.08107e-14 1.43566e-11 3.91139e-22 -8.77712e-10 2.09646e-12 470.604 -2.08107e-14 -1.43566e-11 -3.91139e-22 -7.01512e-10 1.92711e-13 -235.302 1.6115e-14 -1.11054e-07 -5.65445e-16 25.9689 1.03793e-12 235.302 -1.6115e-14 1.11054e-07 5.65445e-16 -25.9689 -7.10266e-14
0.51 -24000.5 2.44929e-13 4.09184e-12 1.0224e-13 -3.37825e-10 3.60918e-11 24000.5 -2.44929e-13 -4.09184e-12 -1.0224e-13 -1.12277e-10 -9.14959e-12 -12000.3 1.2335e-12 -5.66625e-06 -1.67195e-13 1324.98 6.94661e-11 12000.3 -1.2335e-12 5.66625e-06 1.67195e-13 -1324.98 4.54409e-12
1.01 -47530.2 -1.15911e-12 3.95205e-12 4.99826e-13 -3.57917e-10 -1.89399e-10 47530.2 1.15911e-12 -3.95205e-12 -4.99826e-13 -7.68086e-11 6.18968e-11 -23765.1 -1.81051e-13 -1.12213e-05 -9.66549e-13 2623.96 4.04429e-11 23765.1 1.81051e-13 1.12213e-05 9.66549e-13 -2623.96 -5.1306e-11
1.51 -71059.5 -1.06927e-11 5.20251e-12 1.10146e-12 -3.97704e-10 -1.10357e-09 71059.5 1.06927e-11 -5.20251e-12 -1.10146e-12 -1.74572e-10 -7.26359e-11 -35529.7 1.98358e-12 -1.67763e-05 -1.78299e-12 3922.92 1.52274e-10 35529.7 -1.98358e-12 1.67763e-05 1.78299e-12 -3922.92 -3.32587e-11
2.01 -93080.4 -2.78026e-12 -0.172142 -3.59385e-12 -93.039 -1.3054e-10 93080.4 2.78026e-12 0.172142 3.59385e-12 111.975 -1.75289e-10 -46543.9 2.58777e-12 -0.0860928 6.32856e-12 5157.37 2.11466e-10 46543.9 -2.58777e-12 0.0860928 -6.32856e-12 -5152.21 -5.62e-11
2.52 -93087.9 -1.769e-12 -3.09665 6.43515e-13 240.373 -1.61502e-11 93087.9 1.769e-12 3.09665 -6.43515e-13 100.258 -1.7844e-10 -46535.8 -2.19774e-12 -1.54835 -1.06743e-12 5097.64 -8.39603e-11 46535.8 2.19774e-12 1.54835 1.06743e-12 -5004.74 -4.79042e-11
3.03 -93480.2 -3.92608e-12 -6.18453 -5.73516e-13 -3759.2 -3.45292e-10 93480.2 3.92608e-12 6.18453 5.73516e-13 4439.5 -8.65761e-11 -46888.7 2.74078e-12 -3.09228 1.31391e-12 5917.54 1.42696e-10 46888.7 -2.74078e-12 3.09228 -1.31391e-12 -5732.01 2.17511e-11
3.54 -93311.1 -6.4829e-13 -5.70598 -2.14095e-12 -1606.74 -1.19776e-10 93311.1 6.4829e-13 5.70598 2.14095e-12 2234.39 4.84646e-11 -46720.3 3.66547e-12 -2.85301 3.64056e-12 5480.99 2.64797e-10 46720.3 -3.66547e-12 2.85301 -3.64056e-12 -5309.81 -4.48688e-11
4.05 -93076.4 -2.38519e-12 -4.17976 -3.06082e-12 556.086 -2.11403e-10 93076.4 2.38519e-12 4.17976 3.06082e-12 -96.3121 -5.09675e-11 -46518.2 4.76344e-12 -2.0899 5.42571e-12 5036.66 2.7203e-10 46518.2 -4.76344e-12 2.0899 -5.42571e-12 -4911.26 1.3776e-11
4.56 -94022.6 3.67034e-12 -3.05295 -3.96805e-12 6004.18 4.39674e-10 94022.6 -3.67034e-12 3.05295 3.96805e-12 -5668.35 -3.59364e-11 -46779.1 -4.04913e-12 -1.5265 7.06012e-12 4007.73 -2.38559e-10 46779.1 4.04913e-12 1.5265 -7.06012e-12 -3916.14 -4.38866e-12
5.07 -93585.9 8.47915e-12 -0.656699 -2.71214e-12 -161.855 8.93755e-10 93585.9 -8.47915e-12 0.656699 2.71214e-12 234.092 3.8951e-11 -46799.5 2.36993e-12 -0.328372 4.7724e-12 5199.89 1.91859e-10 46799.5 -2.36993e-12 0.328372 -4.7724e-12 -5180.18 -4.96633e-11
5.58 -93555.6 -1.69181e-12 -2.6889 -1.34223e-12 462.587 -1.32244e-10 93555.6 1.69181e-12 2.6889 1.34223e-12 -166.808 -5.38551e-11 -46760.9 1.96562e-12 -1.34447 2.48241e-12 5078.64 1.07902e-10 46760.9 -1.96562e-12 1.34447 -2.48241e-12 -4997.97 1.00352e-11
6.09 -93248.5 7.21501e-12 -3.71075 3.29347e-12 616.637 6.57329e-10 93248.5 -7.21501e-12 3.71075 -3.29347e-12 -208.455 1.36322e-10 -46601.7 -3.17728e-12 -1.8554 -5.33888e-12 5033.22 -1.83379e-10 46601.7 3.17728e-12 1.8554 5.33888e-12 -4921.9 -7.25792e-12
6.6 -93122.2 -1.53194e-11 -0.203154 5.8641e-13 461.637 -1.34618e-09 93122.2 1.53194e-11 0.203154 -5.8641e-13 -439.29 -3.3895e-10 -46543.3 -1.42937e-12 -0.101599 -6.92137e-13 5049.91 -6.92566e-11 46543.3 1.42937e-12 0.101599 6.92137e-13 -5043.81 -1.65057e-11
7.11 -93169.6 3.80867e-12 2.82017 -6.56415e-13 609.119 5.3911e-10 93169.6 -3.80867e-12 -2.82017 6.56415e-13 -919.337 -1.20157e-10 -46560 1.2966e-12 1.41006 1.40166e-12 5017.25 3.81146e-11 46560 -1.2966e-12 -1.41006 -1.40166e-12 -5101.85 3.96812e-11
7.62 -93565.1 -2.6926e-12 -0.226089 2.51403e-12 67.1619 -4.88059e-11 93565.1 2.6926e-12 0.226089 -2.51403e-12 -42.2921 -2.4738e-10 -46780 5.20692e-12 -0.113067 -4.15913e-12 5152.52 2.53291e-10 46780 -5.20692e-12 0.113067 4.15913e-12 -5145.73 5.91247e-11
8.13 -93303.2 3.42354e-12 0.711422 9.65342e-14 -606.481 5.31228e-10 93303.2 -3.42354e-12 -0.711422 -9.65342e-14 528.224 -1.54639e-10 -46674.9 -4.40336e-13 0.355689 6.92384e-14 5269.58 1.63596e-11 46674.9 4.40336e-13 -0.355689 -6.92384e-14 -5290.92 -4.27798e-11
8.64 -93273.2 2.61991e-13 -0.325368 -2.44901e-12 -752.257 2.37317e-10 93273.2 -2.61991e-13 0.325368 2.44901e-12 788.048 -2.08498e-10 -46666 -2.86524e-12 -0.162706 4.36281e-12 5298.87 -1.20221e-10 46666 2.86524e-12 0.162706 -4.36281e-12 -5289.11 -5.16929e-11
9.15 -93160.9 3.9177e-12 -0.915843 -1.69387e-12 47.6058 4.00513e-10 93160.9 -3.9177e-12 0.915843 1.69387e-12 53.137 3.04338e-11 -46578.9 2.49927e-12 -0.457944 2.8781e-12 5135.46 1.57913e-10 46578.9 -2.49927e-12 0.457944 -2.8781e-12 -5107.98 -7.95649e-12
9.66 -93265.9 7.47332e-12 -1.22268 3.05593e-13 -1634.92 8.6386e-10 93265.9 -7.47332e-12 1.22268 -3.05593e-13 1769.42 -4.17948e-11 -46697 6.76824e-12 -0.611362 -4.38303e-13 5475.07 2.97951e-10 46697 -6.76824e-12 0.611362 4.38303e-13 -5438.39 1.08143e-10
10.17 -93164.6 1.24853e-12 -3.2012 -3.87843e-12 136.284 1.86466e-10 93164.6 -1.24853e-12 3.2012 3.87843e-12 215.848 -4.91275e-11 -46578.3 4.80562e-12 -1.60062 6.71681e-12 5122.7 2.4773e-10 46578.3 -4.80562e-12 1.60062 -6.71681e-12 -5026.66 4.06071e-11
10.68 -93322 1.05849e-12 -3.21845 -6.27207e-12 1305.23 3.02127e-10 93322 -1.05849e-12 3.21845 6.27207e-12 -951.205 -1.85693e-10 -46611.5 -4.00788e-12 -1.60925 1.09455e-11 4899.93 -2.39128e-10 46611.5 4.00788e-12 1.60925 -1.09455e-11 -4803.37 -1.34476e-12
11.19 -93176.4 -3.72646e-12 -4.37385 -9.95878e-14 73.1085 -3.52309e-10 93176.4 3.72646e-12 4.37385 9.95878e-14 408.015 -5.76015e-11 -46587.1 -1.43113e-12 -2.18695 2.86127e-13 5138.22 -4.21373e-11 46587.1 1.43113e-12 2.18695 -2.86127e-13 -5007 -4.37307e-11
11.7 -93179.3 -2.31387e-12 -3.49351 -5.03467e-12 -58.9624 -9.49656e-11 93179.3 2.31387e-12 3.49351 5.03467e-12 443.249 -1.5956e-10 -46593.3 3.69918e-12 -1.74678 9.08448e-12 5162.76 1.37103e-10 46593.3 -3.69918e-12 1.74678 -9.08448e-12 -5057.95 8.48472e-11
12.21 -93182.6 -3.84054e-12 -3.41913 -7.37252e-13 56.3474 -4.15049e-10 93182.6 3.84054e-12 3.41913 7.37252e-13 319.756 -7.4102e-12 -46590.5 -4.73566e-12 -1.70958 1.50454e-12 5139.96 -3.00518e-10 46590.5 4.73566e-12 1.70958 -1.50454e-12 -5037.38 1.6378e-11
12.72 -93183.8 4.74669e-13 -4.68974 -2.61951e-12 181.78 1.26342e-10 93183.8 -4.74669e-13 4.68974 2.61951e-12 334.091 -7.41284e-11 -46586.7 -1.8966e-12 -2.34489 4.76496e-12 5117.73 -9.46185e-11 46586.7 1.8966e-12 2.34489 -4.76496e-12 -4977.04 -1.91776e-11
13.23 -93188.9 1.15625e-12 -5.59036 -2.28348e-12 60.0015 2.75208e-10 93188.9 -1.15625e-12 5.59036 2.28348e-12 554.938 -1.48021e-10 -46594.3 4.01715e-12 -2.7952 4.14424e-12 5143.94 2.80499e-10 46594.3 -4.01715e-12 2.7952 -4.14424e-12 -4976.23 -3.94699e-11
13.74 -93308.7 2.78125e-12 -9.17958 6.18055e-13 -62.5939 4.09458e-10 93308.7 -2.78125e-12 9.17958 -6.18055e-13 1072.35 -1.0352e-10 -46660.4 -1.12033e-12 -4.58981 -8.50478e-13 5182.04 -6.22495e-11 46660.4 1.12033e-12 4.58981 8.50478e-13 -4906.66 -4.97016e-12
14.25 -93248.1 -7.90103e-12 -8.46164 6.77686e-13 -455.302 -5.91451e-10 93248.1 7.90103e-12 8.46164 -6.77686e-13 1386.08 -2.77662e-10 -46645.1 3.53253e-12 -4.23084 -8.26238e-13 5255.02 1.48498e-10 46645.1 -3.53253e-12 4.23084 8.26238e-13 -5001.17 6.34539e-11
14.76 -93169.1 7.66612e-12 -9.48764 3.57862e-12 315.369 7.82405e-10 93169.1 -7.66612e-12 9.48764 -3.57862e-12 728.272 6.08679e-11 -46576 3.47867e-12 -4.74384 -6.26874e-12 5100.11 1.30185e-10 46576 -3.47867e-12 4.74384 6.26874e-12 -4815.47 7.85348e-11
15.27 -93331.6 -7.34926e-13 -6.61509 3.15522e-12 -519.492 -7.04837e-11 93331.6 7.34926e-13 6.61509 -3.15522e-12 1247.15 -1.03582e-11 -46688.6 8.70609e-12 -3.30757 -5.62691e-12 5268.63 4.24096e-10 46688.6 -8.70609e-12 3.30757 5.62691e-12 -5070.18 9.8269e-11
15.78 -93207.3 -2.14644e-12 -4.06372 -2.40122e-12 -66.117 -5.65833e-11 93207.3 2.14644e-12 4.06372 2.40122e-12 513.126 -1.79525e-10 -46607.8 -2.38199e-12 -2.03188 4.22625e-12 5166.87 -1.56464e-10 46607.8 2.38199e-12 2.03188 -4.22625e-12 -5044.95 1.35447e-11
16.28 -93206 2.7136e-12 -3.57666 -1.48367e-12 -49.8527 2.91133e-10 93206 -2.7136e-12 3.57666 1.48367e-12 443.285 7.36267e-12 -46606.4 -5.01382e-12 -1.78835 2.7392e-12 5162.6 -3.11707e-10 46606.4 5.01382e-12 1.78835 -2.7392e-12 -5055.3 1.0878e-11
16.78 -93209.9 2.61553e-12 -2.84306 6.07469e-13 76.5514 2.51099e-10 93209.9 -2.61553e-12 2.84306 -6.07469e-13 236.185 3.6609e-11 -46603.1 -8.60791e-13 -1.42155 -1.17386e-12 5136.3 -2.45166e-11 46603.1 8.60791e-13 1.42155 1.17386e-12 -5051.01 -2.71308e-11
17.28 -93214.8 -3.16859e-12 -2.80775 4.18005e-12 -0.195878 -1.89191e-10 93214.8 3.16859e-12 2.80775 -4.18005e-12 309.048 -1.59353e-10 -46608.5 6.75522e-12 -1.4039 -7.31944e-12 5151.71 3.54706e-10 46608.5 -6.75522e-12 1.4039 7.31944e-12 -5067.47 5.0607e-11
17.78 -93366.3 8.19588e-13 -3.20366 1.80839e-12 -1229.24 6.89196e-11 93366.3 -8.19588e-13 3.20366 -1.80839e-12 1581.64 2.12351e-11 -46732.2 5.71904e-12 -1.60185 -3.22602e-12 5404.25 3.5438e-10 46732.2 -5.71904e-12 1.60185 3.22602e-12 -5308.14 -1.12379e-11
18.28 -93216.4 1.09187e-12 -0.86769 -7.01546e-13 356.687 1.8986e-10 93216.4 -1.09187e-12 0.86769 7.01546e-13 -261.241 -6.97541e-11 -46594.7 5.89182e-12 -0.433867 1.36996e-12 5077.22 3.1121e-10 46594.7 -5.89182e-12 0.433867 -1.36996e-12 -5051.19 4.22996e-11
18.78 -93374.4 -3.23185e-12 2.34923 1.31248e-12 641.441 -1.1158e-10 93374.4 3.23185e-12 -2.34923 -1.31248e-12 -899.856 -2.43923e-10 -46661.3 -2.27222e-12 1.17459 -2.16068e-12 5023.09 -2.18542e-10 46661.3 2.27222e-12 -1.17459 2.16068e-12 -5093.57 8.22088e-11
19.28 -93192.8 -1.85632e-12 4.52966 7.30743e-12 -164.211 5.33716e-11 93192.8 1.85632e-12 -4.52966 -7.30743e-12 -334.052 -2.57567e-10 -46601 5.8125e-12 2.26481 -1.27213e-11 5168.23 3.14278e-10 46601 -5.8125e-12 -2.26481 1.27213e-11 -5304.12 3.44715e-11
19.78 -93233.9 -3.88447e-13 2.44855 9.15574e-13 -14.5939 1.39406e-10 93233.9 3.88447e-13 -2.44855 -9.15574e-13 -254.747 -1.82136e-10 -46616.6 -2.70407e-12 1.22425 -1.57644e-12 5145.05 -1.20818e-10 46616.6 2.70407e-12 -1.22425 1.57644e-12 -5218.51 -4.14262e-11
20.28 -93250.2 3.94009e-12 1.11879 3.91818e-12 462.056 6.76789e-10 93250.2 -3.94009e-12 -1.11879 -3.91818e-12 -585.123 -2.43379e-10 -46606.7 -2.0124e-13 0.559375 -6.71638e-12 5054.23 -3.03626e-11 46606.7 2.0124e-13 -0.559375 6.71638e-12 -5087.79 1.82882e-11
20.78 -93235.6 1.66735e-12 2.82268 2.56056e-12 -222.218 2.36332e-10 93235.6 -1.66735e-12 -2.82268 -2.56056e-12 -88.2768 -5.29233e-11 -46625.3 -3.65587e-12 1.41132 -4.31939e-12 5185.51 -8.97895e-11 46625.3 3.65587e-12 -1.41132 4.31939e-12 -5270.19 -1.29563e-10
21.28 -93243 2.68668e-12 5.05198 4.37931e-12 -47.0537 4.00692e-10 93243 -2.68668e-12 -5.05198 -4.37931e-12 -508.664 -1.05157e-10 -46621.3 -5.85842e-12 2.52597 -7.53133e-12 5146.76 -2.51796e-10 46621.3 5.85842e-12 -2.52597 7.53133e-12 -5298.31 -9.97089e-11
21.78 -93244.8 1.09516e-11 8.04503 4.85321e-12 145.601 1.30194e-09 93244.8 -1.09516e-11 -8.04503 -4.85321e-12 -1030.55 -9.72637e-11 -46613.6 -6.27427e-12 4.02249 -8.4014e-12 5102.69 -3.08215e-10 46613.6 6.27427e-12 -4.02249 8.4014e-12 -5344.04 -6.8241e-11
22.28 -93263.9 2.01413e-12 9.60701 1.4204e-12 506.509 2.5368e-10 93263.9 -2.01413e-12 -9.60701 -1.4204e-12 -1563.28 -3.21252e-11 -46608.5 9.60011e-13 4.80348 -2.18399e-12 5029.14 1.74952e-10 46608.5 -9.60011e-13 -4.80348 2.18399e-12 -5317.35 -1.17351e-10
22.78 -93248.6 -5.87607e-12 10.7721 2.6769e-12 -192.415 -3.2494e-10 93248.6 5.87607e-12 -10.7721 -2.6769e-12 -992.515 -3.21428e-10 -46627.5 1.10897e-11 5.38602 -4.5276e-12 5164.36 6.67685e-10 46627.5 -1.10897e-11 -5.38602 4.5276e-12 -5487.52 -2.30449e-12
23.28 -93250.6 6.19705e-13 11.1951 4.51369e-12 -119.508 3.22886e-10 93250.6 -6.19705e-13 -11.1951 -4.51369e-12 -1111.95 -2.54718e-10 -46625.5 4.20663e-12 5.59751 -7.63427e-12 5149.19 2.58029e-10 46625.5 -4.20663e-12 -5.59751 7.63427e-12 -5485.04 -5.63074e-12
23.78 -93257.4 2.75312e-12 9.7203 2.81407e-12 -31.7992 6.74221e-10 93257.4 -2.75312e-12 -9.7203 -2.81407e-12 -1037.43 -3.71377e-10 -46626.1 3.56262e-12 4.86013 -4.91092e-12 5135.16 2.61879e-10 46626.1 -3.56262e-12 -4.86013 4.91092e-12 -5426.76 -4.8122e-11
24.28 -93261 2.53728e-12 9.3135 5.97149e-13 -74.9802 5.18554e-10 93261 -2.53728e-12 -9.3135 -5.97149e-13 -949.504 -2.39453e-10 -46629.7 5.23633e-12 4.65673 -8.23957e-13 5144.72 3.76088e-10 46629.7 -5.23633e-12 -4.65673 8.23957e-13 -5424.12 -6.19087e-11
24.78 -93264.2 -3.27167e-12 12.1274 3.3237e-12 -158.191 -6.55661e-11 93264.2 3.27167e-12 -12.1274 -3.3237e-12 -1175.82 -2.94318e-10 -46633.5 3.90197e-12 6.06366 -5.76256e-12 5155.73 2.73807e-10 46633.5 -3.90197e-12 -6.06366 5.76256e-12 -5519.55 -3.96888e-11
25.28 -93263.9 4.74374e-12 12.0921 1.22958e-12 -148.247 7.06049e-10 93263.9 -4.74374e-12 -12.0921 -1.22958e-12 -1181.88 -1.84238e-10 -46633 -6.71815e-13 6.04601 -2.07415e-12 5153.81 -8.91616e-12 46633 6.71815e-13 -6.04601 2.07415e-12 -5516.57 -3.13928e-11
25.78 -93267.6 3.58219e-12 10.4084 2.2544e-12 -117.616 6.48444e-10 93267.6 -3.58219e-12 -10.4084 -2.2544e-12 -1027.3 -2.54403e-10 -46634.3 2.13427e-12 5.20415 -3.96475e-12 5151.33 1.47592e-10 46634.3 -2.13427e-12 -5.20415 3.96475e-12 -5463.58 -1.95356e-11
26.28 -93290.4 1.31944e-12 9.44456 1.4029e-12 480.494 3.12014e-10 93290.4 -1.31944e-12 -9.44456 -1.4029e-12 -1519.4 -1.66876e-10 -46622.8 -1.45557e-12 4.72226 -2.46313e-12 5036.08 -4.8517e-11 46622.8 1.45557e-12 -4.72226 2.46313e-12 -5319.41 -3.88175e-11
26.78 -93245.1 1.75739e-12 8.78099 2.61278e-13 -336.25 3.32645e-10 93245.1 -1.75739e-12 -8.78099 -2.61278e-13 -629.659 -1.39332e-10 -46632.2 2.49377e-12 4.39047 -1.48711e-13 5196.65 1.30443e-10 46632.2 -2.49377e-12 -4.39047 1.48711e-13 -5460.08 1.91832e-11
27.28 -93278.9 -2.30447e-13 6.90555 3.27804e-12 -52.1308 2.30226e-10 93278.9 2.30447e-13 -6.90555 -3.27804e-12 -707.479 -2.55575e-10 -46638.7 4.37267e-13 3.45275 -5.63789e-12 5146.02 2.16753e-11 46638.7 -4.37267e-13 -3.45275 5.63789e-12 -5353.18 4.56068e-12
27.78 -93281.2 -5.9055e-12 5.90423 -1.12121e-12 -50.1246 -3.30243e-10 93281.2 5.9055e-12 -5.90423 1.12121e-12 -599.34 -3.19362e-10 -46640.2 -1.69726e-12 2.95209 2.15274e-12 5147.76 -8.22212e-11 46640.2 1.69726e-12 -2.95209 -2.15274e-12 -5324.89 -1.96145e-11
28.28 -93282.1 4.82457e-12 3.69101 6.37432e-12 -67.0546 6.84128e-10 93282.1 -4.82457e-12 -3.69101 -6.37432e-12 -338.956 -1.53425e-10 -46642.2 -3.03361e-12 1.84548 -1.11453e-11 5155.61 -2.27917e-10 46642.2 3.03361e-12 -1.84548 1.11453e-11 -5266.34 4.58997e-11
28.78 -93239.2 2.74764e-12 5.64406 6.96092e-13 -427.663 4.24072e-10 93239.2 -2.74764e-12 -5.64406 -6.96092e-13 -193.183 -1.21832e-10 -46634 5.92994e-12 2.82201 -1.0115e-12 5220.73 2.52079e-10 46634 -5.92994e-12 -2.82201 1.0115e-12 -5390.05 1.03718e-10
29.28 -93291.6 -2.27381e-13 8.94197 1.09458e-12 -92.2198 2.07369e-10 93291.6 2.27381e-13 -8.94197 -1.09458e-12 -891.397 -2.32381e-10 -46645.9 -4.9951e-12 4.47096 -1.57242e-12 5150.57 -2.90334e-10 46645.9 4.9951e-12 -4.47096 1.57242e-12 -5418.83 -9.37216e-12
29.78 -93294 8.49488e-13 6.10338 2.2135e-12 -28.6607 3.89602e-10 93294 -8.49488e-13 -6.10338 -2.2135e-12 -642.711 -2.96158e-10 -46645.7 -2.71232e-12 3.05167 -3.845e-12 5143.82 -2.45302e-10 46645.7 2.71232e-12 -3.05167 3.845e-12 -5326.92 8.25626e-11
30.28 -93291.5 -9.87709e-13 4.6601 1.94997e-12 -151.727 1.62125e-10 93291.5 9.87709e-13 -4.6601 -1.94997e-12 -360.884 -2.70773e-10 -46649.8 1.74134e-12 2.33003 -3.21148e-12 5170.95 4.4143e-11 46649.8 -1.74134e-12 -2.33003 3.21148e-12 -5310.75 6.03374e-11
30.78 -93299.4 1.27147e-12 1.05507 2.70298e-12 86.2719 3.0603e-10 93299.4 -1.27147e-12 -1.05507 -2.70298e-12 -202.33 -1.66169e-10 -46645.9 -9.04845e-12 0.527515 -4.41797e-12 5131.49 -4.5261e-10 46645.9 9.04845e-12 -0.527515 4.41797e-12 -5163.14 -9.02974e-11
31.28 -93302.1 2.82634e-12 3.38468 1.82437e-12 -56.1206 5.06357e-10 93302.1 -2.82634e-12 -3.38468 -1.82437e-12 -316.194 -1.9546e-10 -46651.9 2.41613e-12 1.69232 -2.72248e-12 5155.16 1.16815e-10 46651.9 -2.41613e-12 -1.69232 2.72248e-12 -5256.7 2.81529e-11
31.78 -93308.1 3.23399e-12 2.85205 2.80101e-12 -17.9607 6.10541e-10 93308.1 -3.23399e-12 -2.85205 -2.80101e-12 -295.765 -2.54801e-10 -46653.6 -2.86516e-12 1.42601 -4.63571e-12 5149.01 -6.2063e-11 46653.6 2.86516e-12 -1.42601 4.63571e-12 -5234.57 -1.09847e-10
32.29 -93308.7 2.69972e-13 2.794 -1.30926e-12 -132.577 3.11349e-10 93308.7 -2.69972e-13 -2.794 1.30926e-12 -174.762 -2.81652e-10 -46658.4 5.06465e-12 1.39698 2.57737e-12 5171.85 2.47989e-10 46658.4 -5.06465e-12 -1.39698 -2.57737e-12 -5255.67 5.58905e-11
32.8 -93310.6 9.45214e-12 5.5843 1.04421e-12 -83.3167 1.25198e-09 93310.6 -9.45214e-12 -5.5843 -1.04421e-12 -530.957 -2.12246e-10 -46656.3 5.22431e-12 2.79213 -1.41038e-12 5156.6 3.77839e-10 46656.3 -5.22431e-12 -2.79213 1.41038e-12 -5324.13 -6.43801e-11
33.31 -93285 -3.72371e-12 5.07257 2.4157e-12 -293.578 -1.7072e-10 93285 3.72371e-12 -5.07257 -2.4157e-12 -264.404 -2.38888e-10 -46651.9 4.58812e-12 2.53626 -3.8305e-12 5197.86 2.66327e-10 46651.9 -4.58812e-12 -2.53626 3.8305e-12 -5350.03 8.95983e-12
33.82 -93315.3 2.86e-12 4.76908 2.03226e-12 12.4107 6.36819e-10 93315.3 -2.86e-12 -4.76908 -2.03226e-12 -537.009 -3.22218e-10 -46655.3 -4.60042e-12 2.38452 -3.3376e-12 5139.54 -2.96648e-10 46655.3 4.60042e-12 -2.38452 3.3376e-12 -5282.61 2.06226e-11
34.33 -93325 3.01233e-12 4.11123 -1.20961e-13 -35.7716 5.56833e-10 93325 -3.01233e-12 -4.11123 1.20961e-13 -416.464 -2.25476e-10 -46662.3 -2.51851e-12 2.05559 3.72542e-13 5150.94 -1.37934e-10 46662.3 2.51851e-12 -2.05559 -3.72542e-13 -5274.27 -1.31768e-11
34.84 -93337.3 2.79847e-12 6.37114 8.67418e-13 436.638 5.85662e-10 93337.3 -2.79847e-12 -6.37114 -8.67418e-13 -1137.46 -2.77831e-10 -46649.1 4.72319e-14 3.18555 -1.19468e-12 5053.52 -4.49741e-11 46649.1 -4.72319e-14 -3.18555 1.19468e-12 -5244.66 4.7808e-11
35.35 -93326.1 3.02336e-12 9.38279 -1.05244e-12 -93.9785 4.90042e-10 93326.1 -3.02336e-12 -9.38279 1.05244e-12 -938.128 -1.57473e-10 -46663 1.39988e-12 4.69137 2.37967e-12 5151.94 1.03863e-10 46663 -1.39988e-12 -4.69137 -2.37967e-12 -5433.42 -1.98697e-11
35.86 -93332.4 -9.30852e-12 8.96867 -1.17515e-12 -88.4587 -6.86774e-10 93332.4 9.30852e-12 -8.96867 1.17515e-12 -898.095 -3.37163e-10 -46666.1 -2.62828e-12 4.48431 2.55664e-12 5152.03 -1.62111e-10 46666.1 2.62828e-12 -4.48431 -2.55664e-12 -5421.08 4.41384e-12
36.37 -93330.8 4.01195e-12 8.8179 -1.13087e-12 -105.269 5.39728e-10 93330.8 -4.01195e-12 -8.8179 1.13087e-12 -864.7 -9.8414e-11 -46666 -3.09125e-12 4.40893 2.33274e-12 5155.57 -1.23716e-10 46666 3.09125e-12 -4.40893 -2.33274e-12 -5420.1 -6.17587e-11
36.88 -93334.2 -1.16075e-12 8.90975 -2.87269e-12 -102.545 1.78087e-10 93334.2 1.16075e-12 -8.90975 2.87269e-12 -877.527 -3.05769e-10 -46667.6 3.92847e-12 4.45485 5.51306e-12 5155.03 1.71764e-10 46667.6 -3.92847e-12 -4.45485 -5.51306e-12 -5422.32 6.39438e-11
37.39 -93337.7 3.23949e-12 8.58685 -4.21607e-13 -77.913 6.12589e-10 93337.7 -3.23949e-12 -8.58685 4.21607e-13 -866.64 -2.56245e-10 -46668.5 4.98021e-12 4.2934 1.08171e-12 5151 2.78761e-10 46668.5 -4.98021e-12 -4.2934 -1.08171e-12 -5408.6 2.00521e-11
37.9 -93344.8 3.40194e-12 9.4313 1.86882e-12 -87.9044 5.05701e-10 93344.8 -3.40194e-12 -9.4313 -1.86882e-12 -949.539 -1.31488e-10 -46672.1 2.07122e-12 4.71563 -2.73085e-12 5151.67 1.55242e-10 46672.1 -2.07122e-12 -4.71563 2.73085e-12 -5434.61 -3.09683e-11
38.41 -93346.4 2.50985e-12 8.54924 9.45076e-13 0.617521 4.53163e-10 93346.4 -2.50985e-12 -8.54924 -9.45076e-13 -941.034 -1.7708e-10 -46669.8 6.18361e-13 4.2746 -1.30778e-12 5136 5.50588e-11 46669.8 -6.18361e-13 -4.2746 1.30778e-12 -5392.48 -1.79571e-11
38.92 -93493.2 1.26875e-12 9.25579 5.1131e-12 1284.94 1.97154e-10 93493.2 -1.26875e-12 -9.25579 -5.1131e-12 -2303.08 -5.75907e-11 -46693 -4.28499e-13 4.62787 -8.44131e-12 4888.35 -1.01281e-10 46693 4.28499e-13 -4.62787 8.44131e-12 -5166.02 7.55708e-11
39.43 -93350.1 1.20182e-11 10.6419 4.62433e-13 -121.041 1.3145e-09 93350.1 -1.20182e-11 -10.6419 -4.62433e-13 -1049.57 7.50174e-12 -46675.6 3.49265e-13 5.32094 -3.44256e-13 5156.09 1.40273e-13 46675.6 -3.49265e-13 -5.32094 3.44256e-13 -5475.35 2.08157e-11
39.94 -93356.6 6.74775e-13 11.3617 3.64571e-12 -100.723 2.66206e-10 93356.6 -6.74775e-13 -11.3617 -3.64571e-12 -1149.06 -1.9198e-10 -46677.8 4.53453e-12 5.68081 -5.8631e-12 5150.99 3.17177e-10 46677.8 -4.53453e-12 -5.68081 5.8631e-12 -5491.83 -4.51049e-11
40.45 -93357.1 3.62074e-12 10.9538 7.23603e-12 -115.865 6.78603e-10 93357.1 -3.62074e-12 -10.9538 -7.23603e-12 -1089.05 -2.80321e-10 -46678.8 -1.24781e-11 5.47686 -1.22037e-11 5154.83 -6.63773e-10 46678.8 1.24781e-11 -5.47686 1.22037e-11 -5483.44 -8.49156e-11
40.96 -93360.3 -7.10524e-13 12.0086 5.44892e-14 -110.455 2.012e-10 93360.3 7.10524e-13 -12.0086 -5.44892e-14 -1210.49 -2.79358e-10 -46679.7 -1.3286e-13 6.00428 5.32738e-13 5151.81 -3.07809e-11 46679.7 1.3286e-13 -6.00428 -5.32738e-13 -5512.07 2.28093e-11
41.47 -93363.5 -2.57223e-12 11.8087 4.53348e-12 -145.239 -3.16962e-11 93363.5 2.57223e-12 -11.8087 -4.53348e-12 -1153.72 -2.51249e-10 -46682.7 -5.90223e-12 5.90433 -7.53706e-12 5159.28 -2.74471e-10 46682.7 5.90223e-12 -5.90433 7.53706e-12 -5513.54 -7.96628e-11
41.98 -93382.8 7.32605e-12 11.6839 2.27246e-12 404.407 9.43706e-10 93382.8 -7.32605e-12 -11.6839 -2.27246e-12 -1689.63 -1.37841e-10 -46671.1 4.98009e-12 5.84191 -3.39356e-12 5051.75 1.95749e-10 46671.1 -4.98009e-12 -5.84191 3.39356e-12 -5402.26 1.03056e-10
42.49 -93371.3 5.34426e-12 10.2924 8.67183e-14 -105.856 7.3975e-10 93371.3 -5.34426e-12 -10.2924 -8.67183e-14 -1026.31 -1.51881e-10 -46685.7 8.96239e-13 5.14619 3.69015e-13 5154.96 9.14673e-11 46685.7 -8.96239e-13 -5.14619 -3.69015e-13 -5463.73 -3.7693e-11
43 -93372.6 3.99332e-12 10.4409 5.29322e-12 -115.52 6.34574e-10 93372.6 -3.99332e-12 -10.4409 -5.29322e-12 -1032.98 -1.95309e-10 -46686.7 2.16514e-12 5.22044 -8.83543e-12 5156.65 8.90581e-11 46686.7 -2.16514e-12 -5.22044 8.83543e-12 -5469.87 4.08503e-11
43.51 -93377.4 6.73485e-12 7.70113 3.2334e-12 -63.6288 8.85143e-10 93377.4 -6.73485e-12 -7.70113 -3.2334e-12 -783.496 -1.44309e-10 -46688.2 5.67293e-12 3.85054 -5.42877e-12 5152.14 2.61911e-10 46688.2 -5.67293e-12 -3.85054 5.42877e-12 -5383.17 7.84645e-11
44.02 -93519.9 -6.16399e-12 5.03679 1.55022e-12 -1283.34 -2.19527e-10 93519.9 6.16399e-12 -5.03679 -1.55022e-12 729.296 -4.58512e-10 -46807.9 -4.93041e-12 2.51837 -2.16611e-12 5406.9 -2.46566e-10 46807.9 4.93041e-12 -2.51837 2.16611e-12 -5558 -4.92592e-11
44.53 -93383.1 6.78705e-12 4.71722 5.46896e-12 -23.8171 9.74129e-10 93383.1 -6.78705e-12 -4.71722 -5.46896e-12 -495.078 -2.27554e-10 -46690.6 -7.70405e-12 2.35859 -9.1644e-12 5150.56 -3.86661e-10 46690.6 7.70405e-12 -2.35859 9.1644e-12 -5292.08 -7.5582e-11
45.04 -93385.3 4.85193e-12 2.98564 3.31868e-12 -45.113 7.37324e-10 93385.3 -4.85193e-12 -2.98564 -3.31868e-12 -283.307 -2.03612e-10 -46693.2 3.70801e-12 1.4928 -5.40544e-12 5158.38 1.99733e-10 46693.2 -3.70801e-12 -1.4928 5.40544e-12 -5247.95 2.27481e-11
45.55 -93389 5.5948e-12 2.85153 1.75319e-12 -14.8668 7.83388e-10 93389 -5.5948e-12 -2.85153 -1.75319e-12 -298.801 -1.6796e-10 -46693.9 4.43138e-12 1.42574 -2.34777e-12 5152.86 1.50727e-10 46693.9 -4.43138e-12 -1.42574 2.34777e-12 -5238.4 1.15155e-10
46.06 -93403.9 1.22085e-11 1.98334 2.18335e-12 -418.236 1.46018e-09 93403.9 -1.22085e-11 -1.98334 -2.18335e-12 200.068 -1.17244e-10 -46717.4 3.54281e-12 0.991649 -3.39357e-12 5235.31 1.62456e-10 46717.4 -3.54281e-12 -0.991649 3.39357e-12 -5294.81 5.01127e-11
46.57 -93392.9 -7.07638e-13 0.443671 -1.10754e-12 -261.692 3.8089e-11 93392.9 7.07638e-13 -0.443671 1.10754e-12 212.888 -1.15929e-10 -46706.4 7.92527e-12 0.221813 2.43207e-12 5206.79 4.3391e-10 46706.4 -7.92527e-12 -0.221813 -2.43207e-12 -5220.1 4.16058e-11
47.08 -93397.8 1.19677e-11 -1.67433 -9.19792e-13 5.95392 1.47368e-09 93397.8 -1.19677e-11 1.67433 9.19792e-13 178.223 -1.57239e-10 -46699.3 1.55433e-12 -0.837188 2.01667e-12 5158.31 5.7061e-11 46699.3 -1.55433e-12 0.837188 -2.01667e-12 -5108.08 3.61987e-11
47.59 -93401.1 7.99981e-12 -3.42543 -8.16753e-13 4.8959 1.18844e-09 93401.1 -7.99981e-12 3.42543 8.16753e-13 371.901 -3.08462e-10 -46701.7 -3.35357e-12 -1.71274 1.98114e-12 5162.22 -2.40221e-10 46701.7 3.35357e-12 1.71274 -1.98114e-12 -5059.46 3.90061e-11
48.1 -93403.2 6.22895e-13 -5.88928 1.43856e-12 71.0069 2.4148e-10 93403.2 -6.22895e-13 5.88928 -1.43856e-12 576.813 -1.72962e-10 -46701.1 -3.36407e-12 -2.94466 -1.80852e-12 5154.19 -1.69798e-10 46701.1 3.36407e-12 2.94466 1.80852e-12 -4977.51 -3.20469e-11
48.61 -93425.1 -2.68006e-12 -2.39027 2.76488e-13 -476.032 -1.99214e-10 93425.1 2.68006e-12 2.39027 -2.76488e-13 738.962 -9.55919e-11 -46732 6.73146e-12 -1.19516 4.13433e-14 5256.71 4.39492e-10 46732 -6.73146e-12 1.19516 -4.13433e-14 -5185 -3.56043e-11
49.12 -93411.1 -1.88908e-12 -1.83457 4.70881e-12 -188.225 -1.22469e-10 93411.1 1.88908e-12 1.83457 -4.70881e-12 390.027 -8.53303e-11 -46713.6 -3.23575e-12 -0.917307 -7.84642e-12 5197.82 -2.35151e-10 46713.6 3.23575e-12 0.917307 7.84642e-12 -5142.78 4.10062e-11
49.63 -93413.3 3.40253e-12 -2.75435 3.21151e-12 -180.741 6.18252e-10 93413.3 -3.40253e-12 2.75435 -3.21151e-12 483.72 -2.43974e-10 -46714.8 6.38048e-12 -1.3772 -5.2957e-12 5198.31 3.59069e-10 46714.8 -6.38048e-12 1.3772 5.2957e-12 -5115.68 2.37599e-11
50.14 -93413 -5.28724e-12 -3.7687 -3.51835e-12 72.7169 -3.47995e-10 93413 5.28724e-12 3.7687 3.51835e-12 341.84 -2.33601e-10 -46705.1 6.74107e-13 -1.88437 6.73982e-12 5150.13 9.57102e-13 46705.1 -6.74107e-13 1.88437 -6.73982e-12 -5037.07 3.94893e-11
50.65 -93389.2 5.5934e-12 -6.30895 1.07848e-12 -169.817 7.5849e-10 93389.2 -5.5934e-12 6.30895 -1.07848e-12 863.801 -1.43215e-10 -46703.7 -4.03634e-12 -3.1545 -1.45971e-12 5201.95 -2.47649e-10 46703.7 4.03634e-12 3.1545 1.45971e-12 -5012.68 5.46797e-12
51.16 -93422.3 1.44673e-12 -4.99897 2.78027e-13 18.1182 2.48174e-10 93422.3 -1.44673e-12 4.99897 -2.78027e-13 531.769 -8.90345e-11 -46712.4 3.85645e-14 -2.49951 -1.34999e-13 5163.93 -8.76189e-11 46712.4 -3.85645e-14 2.49951 1.34999e-13 -5013.96 8.99328e-11
51.67 -93422.2 1.29321e-12 -1.48902 -6.45138e-13 105.153 3.40732e-10 93422.2 -1.29321e-12 1.48902 6.45138e-13 58.6395 -1.98479e-10 -46707.6 8.25878e-12 -0.744532 1.55955e-12 5139.64 3.85081e-10 46707.6 -8.25878e-12 0.744532 -1.55955e-12 -5094.97 1.10446e-10
52.18 -93429.9 1.70813e-13 -4.06297 1.07742e-14 49.5181 -5.15995e-12 93429.9 -1.70813e-13 4.06297 -1.07742e-14 397.408 2.39494e-11 -46714.6 2.84068e-12 -2.03151 4.28451e-13 5156.25 7.2972e-11 46714.6 -2.84068e-12 2.03151 -4.28451e-13 -5034.36 9.74689e-11
52.69 -93430.2 -6.78791e-13 -3.50494 -1.90037e-12 57.8611 9.27461e-11 93430.2 6.78791e-13 3.50494 1.90037e-12 327.682 -1.67413e-10 -46714.2 7.33476e-13 -1.75249 3.78367e-12 5153.5 -5.61646e-11 46714.2 -7.33476e-13 1.75249 -3.78367e-12 -5048.35 1.00173e-10
53.2 -93436.2 2.23449e-12 -5.40697 -6.7647e-12 59.6996 5.88439e-10 93436.2 -2.23449e-12 5.40697 6.7647e-12 535.067 -3.42644e-10 -46717.9 2.2005e-12 -2.70351 1.21319e-11 5157.29 1.40162e-10 46717.9 -2.2005e-12 2.70351 -1.21319e-11 -4995.08 -8.13253e-12
53.71 -93577.9 -5.36362e-12 -2.06605 -4.91069e-12 -1188.49 -3.43687e-10 93577.9 5.36362e-12 2.06605 4.91069e-12 1415.76 -2.46311e-10 -46836 -4.26044e-12 -1.03305 8.98572e-12 5405.58 -3.06331e-10 46836 4.26044e-12 1.03305 -8.98572e-12 -5343.6 5.07047e-11
54.22 -93435.6 4.928e-12 -0.591168 -2.62699e-12 -19.1094 5.81399e-10 93435.6 -4.928e-12 0.591168 2.62699e-12 84.1379 -3.93191e-11 -46718.8 8.31284e-12 -0.295606 4.80919e-12 5163.19 3.71823e-10 46718.8 -8.31284e-12 0.295606 -4.80919e-12 -5145.45 1.26948e-10
54.73 -93458.2 -1.01898e-11 1.57385 -2.9128e-13 -516.466 -1.01565e-09 93458.2 1.01898e-11 -1.57385 2.9128e-13 343.343 -1.05224e-10 -46748.6 -1.01862e-12 0.786901 8.831e-13 5258.58 -1.38567e-10 46748.6 1.01862e-12 -0.786901 -8.831e-13 -5305.79 7.74501e-11
55.24 -93464.6 6.33977e-12 3.47218 -1.98993e-12 444.506 5.68604e-10 93464.6 -6.33977e-12 -3.47218 1.98993e-12 -826.446 1.28771e-10 -46713.7 -2.77117e-12 1.73607 3.67736e-12 5064.82 -2.79031e-10 46713.7 2.77117e-12 -1.73607 -3.67736e-12 -5168.98 1.12761e-10
55.75 -93823 8.50222e-12 2.15738 3.76204e-14 -4081.89 8.91578e-10 93823 -8.50222e-12 -2.15738 -3.76204e-14 3844.58 4.36662e-11 -47069.3 6.21159e-12 1.07867 1.1757e-13 5983.61 1.69981e-10 47069.3 -6.21159e-12 -1.07867 -1.1757e-13 -6048.33 2.02715e-10
56.26 -93692.9 4.69523e-13 4.0082 -1.52661e-12 -2557.2 5.26422e-11 93692.9 -4.69523e-13 -4.0082 1.52661e-12 2116.3 -9.94672e-13 -46944.3 -5.18729e-13 2.00408 2.97487e-12 5670.78 -9.47724e-11 46944.3 5.18729e-13 -2.00408 -2.97487e-12 -5791.03 6.36487e-11
56.77 -93920.5 -9.99928e-13 4.09541 -1.21067e-12 -850.223 -3.84482e-11 93920.5 9.99928e-13 -4.09541 1.21067e-12 399.728 -7.15439e-11 -46991.7 3.20265e-12 2.04768 2.61007e-12 5345.13 8.38807e-11 46991.7 -3.20265e-12 -2.04768 -2.61007e-12 -5467.99 1.08279e-10
57.28 -93538.7 5.89349e-12 4.70029 -2.92634e-12 1381.28 6.91685e-10 93538.7 -5.89349e-12 -4.70029 2.92634e-12 -1898.31 -4.34008e-11 -46713.8 -9.24791e-13 2.35013 5.3585e-12 4880.93 -7.81882e-11 46713.8 9.24791e-13 -2.35013 -5.3585e-12 -5021.94 2.27007e-11
57.79 -93390.6 3.23569e-12 4.1314 -1.35188e-12 1001.56 5.86265e-10 93390.6 -3.23569e-12 -4.1314 1.35188e-12 -1456.02 -2.30339e-10 -46654.8 -3.62833e-13 2.06568 2.4205e-12 4949.1 -1.02305e-10 46654.8 3.62833e-13 -2.06568 -2.4205e-12 -5073.04 8.05346e-11
58.3 -93408.7 -4.15807e-12 4.04688 -3.63145e-12 85.7245 -4.38064e-10 93408.7 4.15807e-12 -4.04688 3.63145e-12 -530.881 -1.93232e-11 -46699.4 1.64314e-12 2.02342 6.51307e-12 5131.63 9.20827e-11 46699.4 -1.64314e-12 -2.02342 -6.51307e-12 -5253.03 6.50558e-12
58.81 -93421.1 4.73043e-14 4.37903 1.6437e-13 343.774 1.36127e-10 93421.1 -4.73043e-14 -4.37903 -1.6437e-13 -825.467 -1.30924e-10 -46695.4 -1.42614e-12 2.18949 -3.01351e-13 5080.54 -9.41951e-11 46695.4 1.42614e-12 -2.18949 3.01351e-13 -5211.91 8.6269e-12
59.32 -93441.2 -3.62408e-12 4.20814 -5.65567e-14 -50.4593 -1.71188e-10 93441.2 3.62408e-12 -4.20814 5.65567e-14 -412.436 -2.27461e-10 -46720.9 5.0051e-12 2.10405 2.44677e-13 5160.07 2.10621e-10 46720.9 -5.0051e-12 -2.10405 -2.44677e-13 -5286.31 8.96851e-11
59.83 -93786.3 3.92464e-13 5.1267 -2.94333e-12 -3920.01 1.27625e-10 93786.3 -3.92464e-13 -5.1267 2.94333e-12 3356.08 -8.44536e-11 -47043.6 9.91311e-12 2.56333 5.39251e-12 5943.57 4.58765e-10 47043.6 -9.91311e-12 -2.56333 -5.39251e-12 -6097.37 1.36021e-10
60.34 -93489.4 -6.59486e-12 4.90197 -1.8286e-12 1640.98 -4.73687e-10 93489.4 6.59486e-12 -4.90197 1.8286e-12 -2180.2 -2.51748e-10 -46679 -4.63684e-12 2.45096 3.331e-12 4826.38 -3.45224e-10 46679 4.63684e-12 -2.45096 -3.331e-12 -4973.43 6.70142e-11
60.85 -93431.5 -7.90702e-12 4.7802 -2.16037e-12 -313.044 -6.04647e-10 93431.5 7.90702e-12 -4.7802 2.16037e-12 -212.778 -2.65126e-10 -46726 1.27824e-12 2.39008 4.05232e-12 5210.38 3.46524e-12 46726 -1.27824e-12 -2.39008 -4.05232e-12 -5353.79 7.32291e-11
61.36 -93568.2 -5.27727e-12 5.10133 -2.57837e-12 759.197 -4.67723e-10 93568.2 5.27727e-12 -5.10133 2.57837e-12 -1320.34 -1.12776e-10 -46752.6 1.91576e-12 2.55064 4.80954e-12 5004.95 7.56733e-12 46752.6 -1.91576e-12 -2.55064 -4.80954e-12 -5157.99 1.07378e-10
61.87 -93722.4 -1.03988e-12 6.25609 -2.23144e-12 2905.74 -1.55721e-10 93722.4 1.03988e-12 -6.25609 2.23144e-12 -3593.91 4.13344e-11 -46745.8 3.25968e-12 3.12802 4.28722e-12 4586.06 5.56243e-11 46745.8 -3.25968e-12 -3.12802 -4.28722e-12 -4773.74 1.39957e-10
62.38 -93572.4 -3.35259e-12 6.1429 -2.70318e-12 -1635.42 -4.00435e-10 93572.4 3.35259e-12 -6.1429 2.70318e-12 959.697 3.165e-11 -46847.3 4.42814e-12 3.07143 5.1395e-12 5477.3 1.01937e-10 46847.3 -4.42814e-12 -3.07143 -5.1395e-12 -5661.58 1.63751e-10
62.89 -93434.1 -6.01347e-12 7.31878 -5.45963e-12 106.112 -4.59884e-10 93434.1 6.01347e-12 -7.31878 5.45963e-12 -911.178 -2.01598e-10 -46710 2.27323e-12 3.65937 9.66511e-12 5122.42 4.48533e-11 46710 -2.27323e-12 -3.65937 -9.66511e-12 -5341.98 9.15406e-11
63.4 -93600.3 1.90356e-12 7.68327 -1.7819e-12 -1775.01 3.62325e-10 93600.3 -1.90356e-12 -7.68327 1.7819e-12 929.845 -1.52934e-10 -46866.1 3.56532e-12 3.84161 3.10335e-12 5503.39 7.10457e-11 46866.1 -3.56532e-12 -3.84161 -3.10335e-12 -5733.88 1.42874e-10
63.91 -93445.4 7.29371e-12 7.64946 -3.8139e-12 -907.815 7.938e-10 93445.4 -7.29371e-12 -7.64946 3.8139e-12 66.3747 8.50756e-12 -46755 -6.81367e-12 3.82471 6.76116e-12 5323.17 -4.14528e-10 46755 6.81367e-12 -3.82471 -6.76116e-12 -5552.65 5.70748e-12
64.41 -93449.8 1.24074e-12 8.07261 -4.94654e-12 -575.423 6.06118e-11 93449.8 -1.24074e-12 -8.07261 4.94654e-12 -312.565 7.58696e-11 -46744.1 3.23712e-13 4.03628 9.01546e-12 5256.74 -5.61041e-11 46744.1 -3.23712e-13 -4.03628 -9.01546e-12 -5498.92 7.55269e-11
64.91 -93791.9 1.13268e-12 7.89908 -4.42844e-12 3969.05 1.24209e-10 93791.9 -1.13268e-12 -7.89908 4.42844e-12 -4837.95 3.8548e-13 -46738.5 -1.70639e-12 3.94952 7.98113e-12 4376.02 -1.89335e-10 46738.5 1.70639e-12 -3.94952 -7.98113e-12 -4612.99 8.69522e-11
65.41 -93958.4 9.83855e-12 8.40035 -2.66162e-12 794.28 1.0479e-09 93958.4 -9.83855e-12 -8.40035 2.66162e-12 -1718.32 3.43387e-11 -46945 3.12313e-12 4.20015 4.71117e-12 5012.92 7.21082e-11 46945 -3.12313e-12 -4.20015 -4.71117e-12 -5264.93 1.1528e-10
65.91 -94321.4 -7.28197e-12 9.30683 -1.69617e-12 726.819 -4.85216e-10 94321.4 7.28197e-12 -9.30683 1.69617e-12 -1750.57 -3.15801e-10 -47128.8 -1.13591e-12 4.65339 3.00795e-12 5044.5 -1.71477e-10 47128.8 1.13591e-12 -4.65339 -3.00795e-12 -5323.7 1.03323e-10
66.41 -93462.6 -4.48918e-13 8.62407 -9.00349e-13 -576.291 -1.36492e-10 93462.6 4.48918e-13 -8.62407 9.00349e-13 -372.356 8.71115e-11 -46750.3 1.30486e-12 4.31201 1.9985e-12 5256.51 7.28211e-11 46750.3 -1.30486e-12 -4.31201 -1.9985e-12 -5515.23 5.4706e-12
66.91 -93468 -6.30954e-12 6.98989 -2.77903e-12 -507.973 -6.97884e-10 93468 6.30954e-12 -6.98989 2.77903e-12 -260.915 3.83455e-12 -46751 1.22374e-12 3.49492 5.1375e-12 5246.56 -4.72055e-11 46751 -1.22374e-12 -3.49492 -5.1375e-12 -5456.26 1.2063e-10
67.41 -93530.9 -8.83951e-12 5.94674 -4.30203e-12 -166.3 -8.9411e-10 93530.9 8.83951e-12 -5.94674 4.30203e-12 -487.842 -7.8236e-11 -46769.6 -1.03852e-12 2.97335 7.77371e-12 5184.46 -1.27838e-10 46769.6 1.03852e-12 -2.97335 -7.77371e-12 -5362.87 6.55268e-11
67.91 -93568.1 2.7135e-12 5.9978 -3.34415e-12 -1024.24 1.55359e-10 93568.1 -2.7135e-12 -5.9978 3.34415e-12 364.477 1.43125e-10 -46821.5 5.42402e-12 2.99888 6.16152e-12 5356.32 2.80039e-10 46821.5 -5.42402e-12 -2.99888 -6.16152e-12 -5536.25 4.54019e-11
68.41 -93659.1 1.51416e-12 6.52516 -3.94748e-12 1440.32 2.77258e-10 93659.1 -1.51416e-12 -6.52516 3.94748e-12 -2158.09 -1.107e-10 -46771 4.43669e-13 3.26256 7.00677e-12 4872.22 -2.65037e-11 46771 -4.43669e-13 -3.26256 -7.00677e-12 -5067.98 5.31239e-11
68.91 -93527.9 -2.8111e-12 7.34237 -4.277e-12 -542.483 -1.3817e-10 93527.9 2.8111e-12 -7.34237 4.277e-12 -265.177 -1.71051e-10 -46782.1 5.30648e-12 3.67116 7.55321e-12 5255.99 2.17256e-10 46782.1 -5.30648e-12 -3.67116 -7.55321e-12 -5476.26 1.01133e-10
69.41 -93724.3 6.53301e-12 8.45115 -6.45046e-12 2306.76 6.92772e-10 93724.3 -6.53301e-12 -8.45115 6.45046e-12 -3236.38 2.58589e-11 -46769.1 1.38918e-12 4.22555 1.13106e-11 4700.37 3.98769e-11 46769.1 -1.38918e-12 -4.22555 -1.13106e-11 -4953.9 4.3474e-11
69.91 -93473.9 6.84054e-12 9.11729 -2.98095e-12 85.7541 6.78612e-10 93473.9 -6.84054e-12 -9.11729 2.98095e-12 -1088.66 7.38479e-11 -46730 -6.27684e-12 4.55862 5.36261e-12 5125.04 -3.84654e-10 46730 6.27684e-12 -4.55862 -5.36261e-12 -5398.55 8.04345e-12
70.41 -93485.9 1.7109e-12 8.42248 -1.64884e-12 183.969 1.52594e-10 93485.9 -1.7109e-12 -8.42248 1.64884e-12 -1110.44 3.56049e-11 -46732.5 3.24034e-12 4.21122 2.97836e-12 5107.65 9.37217e-11 46732.5 -3.24034e-12 -4.21122 -2.97836e-12 -5360.32 1.00699e-10
70.91 -93603.2 8.51821e-12 9.25433 -5.20725e-12 -1222.18 6.39644e-10 93603.2 -8.51821e-12 -9.25433 5.20725e-12 204.207 2.97358e-10 -46845.5 2.16701e-12 4.62714 9.28608e-12 5390.92 9.25794e-11 46845.5 -2.16701e-12 -4.62714 -9.28608e-12 -5668.55 3.74411e-11
71.41 -93624.5 3.42482e-12 10.5258 -3.48245e-12 490.271 2.9159e-10 93624.5 -3.42482e-12 -10.5258 3.48245e-12 -1648.11 8.5141e-11 -46789 8.38264e-12 5.26286 6.1322e-12 5050.42 3.61548e-10 46789 -8.38264e-12 -5.26286 -6.1322e-12 -5366.19 1.41411e-10
71.91 -93522.1 -1.11281e-12 11.1735 -2.80249e-12 1151.64 1.48476e-11 93522.1 1.11281e-12 -11.1735 2.80249e-12 -2380.73 -1.37256e-10 -46711.9 -7.22317e-12 5.58673 4.93303e-12 4912.49 -4.01011e-10 46711.9 7.22317e-12 -5.58673 -4.93303e-12 -5247.69 -3.23786e-11
72.41 -93567.8 9.94028e-12 11.4659 -6.28031e-12 -672.347 1.0284e-09 93567.8 -9.94028e-12 -11.4659 6.28031e-12 -588.904 6.50293e-11 -46805.5 5.53965e-12 5.73294 1.0985e-11 5275.64 2.5563e-10 46805.5 -5.53965e-12 -5.73294 -1.0985e-11 -5619.61 7.67494e-11
72.91 -93490.4 -4.00595e-12 11.0134 -5.09394e-12 -305.899 -4.90751e-10 93490.4 4.00595e-12 -11.0134 5.09394e-12 -905.58 5.00964e-11 -46752.7 -1.65833e-12 5.5067 8.96108e-12 5199.7 -7.88137e-11 46752.7 1.65833e-12 -5.5067 -8.96108e-12 -5530.1 -2.0686e-11
73.41 -93496.3 3.81411e-12 11.7794 -5.29737e-12 -131.157 2.46247e-10 93496.3 -3.81411e-12 -11.7794 5.29737e-12 -1164.58 1.73305e-10 -46748.6 3.94695e-12 5.88968 9.27363e-12 5163.88 1.99298e-10 46748.6 -3.94695e-12 -5.88968 -9.27363e-12 -5517.27 3.75193e-11
73.91 -93762.7 1.46473e-13 12.5463 -4.0015e-12 2339.84 1.28009e-10 93762.7 -1.46473e-13 -12.5463 4.0015e-12 -3719.93 -1.11897e-10 -46785.4 3.21506e-12 6.27311 7.12511e-12 4687.71 9.35151e-11 46785.4 -3.21506e-12 -6.27311 -7.12511e-12 -5064.1 9.93885e-11
74.41 -93815.2 -8.0294e-13 12.5228 -3.52835e-12 -3797.24 1.89215e-12 93815.2 8.0294e-13 -12.5228 3.52835e-12 2419.73 -9.02155e-11 -47050.3 3.05223e-12 6.26139 6.37526e-12 5906 1.38879e-10 47050.3 -3.05223e-12 -6.26139 -6.37526e-12 -6281.68 4.42549e-11
74.91 -93803.7 -9.97992e-12 13.2174 -4.1725e-12 2780.6 -8.54003e-10 93803.7 9.97992e-12 -13.2174 4.1725e-12 -4234.51 -2.43789e-10 -46788.5 -6.42335e-12 6.60866 7.08253e-12 4601.34 -3.52987e-10 46788.5 6.42335e-12 -6.60866 -7.08253e-12 -4997.86 -3.24143e-11
75.41 -93394.8 -3.14527e-12 13.7804 -2.71088e-12 2103.07 -5.11959e-10 93394.8 3.14527e-12 -13.7804 2.71088e-12 -3618.91 1.6598e-10 -46610.2 5.08668e-12 6.89019 4.72346e-12 4711.81 2.91821e-10 46610.2 -5.08668e-12 -6.89019 -4.72346e-12 -5125.23 1.33794e-11
75.91 -94448 -4.19009e-12 14.2536 -7.67801e-12 1114.87 -3.35166e-10 94448 4.19009e-12 -14.2536 7.67801e-12 -2682.76 -1.25744e-10 -47175 4.02386e-12 7.12678 1.34328e-11 4964.7 1.81451e-10 47175 -4.02386e-12 -7.12678 -1.34328e-11 -5392.31 5.99801e-11
76.41 -93735.6 -2.08905e-12 15.288 -4.30492e-12 1790.97 -2.20118e-10 93735.6 2.08905e-12 -15.288 4.30492e-12 -3472.65 -9.67817e-12 -46792.2 -3.99939e-12 7.64396 7.44661e-12 4789.41 -2.62248e-10 46792.2 3.99939e-12 -7.64396 -7.44661e-12 -5248.04 2.22848e-11
76.91 -93663 -7.69921e-12 14.381 -7.0757e-12 -1096.4 -7.61484e-10 93663 7.69921e-12 -14.381 7.0757e-12 -485.513 -8.54286e-11 -46868.5 7.10737e-12 7.19047 1.25503e-11 5359.01 3.79446e-10 46868.5 -7.10737e-12 -7.19047 -1.25503e-11 -5790.44 4.69965e-11
77.41 -93562 1.14256e-12 14.668 -4.92966e-12 -326.745 -8.63178e-12 93562 -1.14256e-12 -14.668 4.92966e-12 -1286.73 1.34314e-10 -46787.9 -1.81479e-12 7.33396 8.61318e-12 5200.44 -9.59273e-11 46787.9 1.81479e-12 -7.33396 -8.61318e-12 -5640.48 -1.29603e-11
77.91 -93649.5 -9.29959e-12 15.8708 -8.23904e-12 -1514.66 -9.07444e-10 93649.5 9.29959e-12 -15.8708 8.23904e-12 -231.127 -1.15511e-10 -46877.4 -4.12548e-12 7.93536 1.42904e-11 5438.1 -2.13791e-10 46877.4 4.12548e-12 -7.93536 -1.42904e-11 -5914.23 -3.37379e-11
78.41 -93958.8 9.73967e-13 16.4032 -8.1902e-12 4624.18 1.89573e-10 93958.8 -9.73967e-13 -16.4032 8.1902e-12 -6428.53 -8.24369e-11 -46793.1 2.12262e-12 8.20155 1.44282e-11 4238.42 5.81157e-12 46793.1 -2.12262e-12 -8.20155 -1.44282e-11 -4730.52 1.21545e-10
78.91 -93780.9 -3.65791e-12 16.3241 5.06712e-13 -3085.2 -2.72611e-10 93780.9 3.65791e-12 -16.3241 -5.06712e-13 1289.55 -1.29759e-10 -47004 -7.38954e-13 8.16201 -1.02314e-12 5755.47 -1.19579e-10 47004 7.38954e-13 -8.16201 1.02314e-12 -6245.19 7.52414e-11
79.41 -94137.3 -6.33887e-12 16.4818 -5.18232e-12 -2575.9 -6.7876e-10 94137.3 6.33887e-12 -16.4818 5.18232e-12 762.898 -1.85156e-11 -47162.3 1.57411e-12 8.2409 8.86096e-12 5673.97 1.24766e-10 47162.3 -1.57411e-12 -8.2409 -8.86096e-12 -6168.42 -3.03191e-11
79.91 -93535 -1.28971e-12 16.812 -4.84598e-12 -884.259 -3.16924e-10 93535 1.28971e-12 -16.812 4.84598e-12 -965.06 1.75056e-10 -46795.2 -2.44701e-12 8.40597 8.20288e-12 5305.05 -1.2737e-10 46795.2 2.44701e-12 -8.40597 -8.20288e-12 -5809.41 -1.9451e-11
80.41 -93927.5 -4.36536e-12 17.7811 -2.18361e-12 208.721 -3.89283e-10 93927.5 4.36536e-12 -17.7811 2.18361e-12 -2164.64 -9.09067e-11 -46948.6 3.77145e-12 8.89053 3.76267e-12 5108.33 2.12578e-10 46948.6 -3.77145e-12 -8.89053 -3.76267e-12 -5641.76 1.37092e-11
80.91 -93498.5 -1.54667e-12 18.0182 -3.08312e-12 -1468.29 -2.69165e-10 93498.5 1.54667e-12 -18.0182 3.08312e-12 -513.71 9.90322e-11 -46799.3 -2.75068e-12 9.00909 5.35673e-12 5416.27 -1.15203e-10 46799.3 2.75068e-12 -9.00909 -5.35673e-12 -5956.82 -4.98372e-11
81.41 -93754.2 6.61026e-13 19.5297 -2.57628e-12 1677.55 1.59194e-12 93754.2 -6.61026e-13 -19.5297 2.57628e-12 -3825.82 7.11209e-11 -46804.2 -3.23521e-12 9.76484 4.4288e-12 4804.38 -1.41498e-10 46804.2 3.23521e-12 -9.76484 -4.4288e-12 -5390.27 -5.26151e-11
81.91 -93679.1 1.56602e-13 20.3115 -3.43994e-12 -1756.88 1.16235e-10 93679.1 -1.56602e-13 -20.3115 3.43994e-12 -477.382 -9.90083e-11 -46899.9 -5.66252e-13 10.1557 5.92486e-12 5478.79 -3.06807e-11 46899.9 5.66252e-13 -10.1557 -5.92486e-12 -6088.13 -3.29443e-12
82.41 -93898.2 -2.83536e-12 22.0045 -6.18646e-12 3413.94 -3.55608e-10 93898.2 2.83536e-12 -22.0045 6.18646e-12 -5834.43 4.3719e-11 -46807.7 -3.71711e-12 11.0022 1.06243e-11 4463.49 -1.92537e-10 46807.7 3.71711e-12 -11.0022 -1.06243e-11 -5123.63 -3.04901e-11
82.91 -93547.4 3.689e-12 22.8076 -4.65731e-12 -130.924 3.82638e-10 93547.4 -3.689e-12 -22.8076 4.65731e-12 -2377.91 2.31522e-11 -46769.8 1.8585e-12 11.4038 7.75312e-12 5144.51 1.39029e-10 46769.8 -1.8585e-12 -11.4038 -7.75312e-12 -5828.74 -2.75188e-11
83.41 -93550.5 -3.15709e-12 23.0142 -3.92382e-12 -225.81 -5.16701e-10 93550.5 3.15709e-12 -23.0142 3.92382e-12 -2305.75 1.69421e-10 -46775 -1.53977e-12 11.5071 6.57133e-12 5163.06 -3.41582e-11 46775 1.53977e-12 -11.5071 -6.57133e-12 -5853.48 -5.8228e-11
83.91 -94154.1 4.82321e-12 23.3091 -5.13294e-12 7155.04 5.27588e-10 94154.1 -4.82321e-12 -23.3091 5.13294e-12 -9719.04 2.96438e-12 -46789.7 -4.17013e-12 11.6545 8.95472e-12 3734.14 -2.34884e-10 46789.7 4.17013e-12 -11.6545 -8.95472e-12 -4433.42 -1.53241e-11
84.41 -93568.4 -2.9002e-12 23.9775 -1.0292e-12 -845.083 -3.12398e-10 93568.4 2.9002e-12 -23.9775 1.0292e-12 -1792.44 -6.62304e-12 -46807.6 -3.65138e-13 11.9887 1.70604e-12 5284.75 -3.22078e-11 46807.6 3.65138e-13 -11.9887 -1.70604e-12 -6004.07 1.02995e-11
84.91 -93697.9 -5.37823e-12 22.6017 -5.22119e-12 -1729.46 -5.28165e-10 93697.9 5.37823e-12 -22.6017 5.22119e-12 -756.725 -6.34398e-11 -46907.3 -1.83439e-12 11.3008 9.06281e-12 5469.8 -3.78404e-11 46907.3 1.83439e-12 -11.3008 -9.06281e-12 -6147.85 -7.22231e-11
85.41 -94443.5 4.54959e-12 9.63809 -2.21133e-12 -10233.8 3.14486e-10 94443.5 -4.54959e-12 -9.63809 2.21133e-12 9173.65 1.85969e-10 -47615.9 4.77283e-12 4.81902 3.96129e-12 7221.13 2.97204e-10 47615.9 -4.77283e-12 -4.81902 -3.96129e-12 -7510.28 -1.08342e-11
85.91 -95345.6 -4.34683e-12 0.694235 -2.19909e-12 1839.76 -4.35475e-10 95345.6 4.34683e-12 -0.694235 2.19909e-12 -1916.13 -4.2676e-11 -47601 -3.21301e-13 0.347095 3.63279e-12 4897.93 4.07134e-11 47601 3.21301e-13 -0.347095 -3.63279e-12 -4918.76 -5.99915e-11
86.41 -96411 -9.72039e-13 0.245895 -3.14443e-13 -1267.25 -1.81455e-10 96411 9.72039e-13 -0.245895 3.14443e-13 1240.2 7.45307e-11 -48254.7 -2.41949e-13 0.122925 2.57331e-13 5572.94 5.31915e-11 48254.7 2.41949e-13 -0.122925 -2.57331e-13 -5580.31 -6.77085e-11
86.91 -98158.3 -7.27881e-12 0.125395 1.66126e-12 -350.849 -5.38552e-10 98158.3 7.27881e-12 -0.125395 -1.66126e-12 337.055 -2.62118e-10 -49092.8 5.15368e-13 0.0626741 -3.0399e-12 5488.17 -5.24497e-11 49092.8 -5.15368e-13 -0.0626741 3.0399e-12 -5491.93 8.33718e-11
87.41 -100138 -2.48707e-12 -0.111002 7.30264e-12 -8275.23 -3.04569e-10 100138 2.48707e-12 0.111002 -7.30264e-12 8287.44 3.0991e-11 -50390.6 6.13775e-12 -0.0555248 -1.35761e-11 7167.2 3.09169e-10 50390.6 -6.13775e-12 0.0555248 1.35761e-11 -7163.86 5.90955e-11
87.91 -101056 -4.76198e-12 0.0131595 2.75703e-12 -1095.38 -5.10125e-10 101056 4.76198e-12 -0.0131595 -2.75703e-12 1093.93 -1.36924e-11 -50570.4 9.71352e-12 0.0065559 -4.72792e-12 5795.78 4.80084e-10 50570.4 -9.71352e-12 -0.0065559 4.72792e-12 -5796.17 1.02728e-10
88.41 -102554 3.86399e-12 -0.0157344 -5.18305e-12 697.651 3.88909e-10 102554 -3.86399e-12 0.0157344 5.18305e-12 -695.921 3.61302e-11 -51250.1 5.77405e-12 -0.00789139 8.72047e-12 5523.5 2.89863e-10 51250.1 -5.77405e-12 0.00789139 -8.72047e-12 -5523.03 5.65804e-11
88.91 -104764 4.00902e-13 -0.0826647 3.16114e-12 393.131 -9.08156e-11 104764 -4.00902e-13 0.0826647 -3.16114e-12 -384.038 1.34915e-10 -52366.9 7.68337e-12 -0.0413571 -5.52263e-12 5705.95 4.29788e-10 52366.9 -7.68337e-12 0.0413571 5.52263e-12 -5703.46 3.12137e-11
89.41 -105936 4.07496e-12 -0.144996 -3.65924e-12 -1393.06 5.40781e-10 105936 -4.07496e-12 0.144996 3.65924e-12 1409.01 -9.25357e-11 -53022 -1.15592e-12 -0.0725229 6.31766e-12 6124.45 -1.36392e-10 53022 1.15592e-12 0.0725229 -6.31766e-12 -6120.1 6.70364e-11
89.91 -107612 3.52427e-12 -0.0306864 -6.82351e-13 265.507 2.97838e-10 107612 -3.52427e-12 0.0306864 6.82351e-13 -262.131 8.98323e-11 -53795.8 2.60857e-12 -0.0153686 1.09943e-12 5888.34 4.38621e-11 53795.8 -2.60857e-12 0.0153686 -1.09943e-12 -5887.42 1.12652e-10
90.41 -108972 1.54917e-12 -0.0166319 -2.97774e-12 -73.9128 2.5686e-10 108972 -1.54917e-12 0.0166319 2.97774e-12 75.7423 -8.64512e-11 -54488.7 -8.07303e-12 -0.0083417 4.72664e-12 6030.58 -5.00599e-10 54488.7 8.07303e-12 0.0083417 -4.72664e-12 -6030.08 1.62177e-11
90.91 -110551 1.31641e-11 0.0193079 -1.9936e-12 10.0198 1.24254e-09 110551 -1.31641e-11 -0.0193079 1.9936e-12 -12.1437 2.05506e-10 -55275 2.77577e-12 0.00962783 3.73782e-12 6101.05 2.58912e-10 55275 -2.77577e-12 -0.00962783 -3.73782e-12 -6101.63 -9.23662e-11
91.41 -112112 -8.77278e-12 -0.0544715 -3.56775e-13 -92.477 -9.49207e-10 112112 8.77278e-12 0.0544715 3.56775e-13 98.4688 -1.57988e-11 -56059.8 -1.29336e-12 -0.0272622 5.79368e-13 6207.71 -4.44973e-11 56059.8 1.29336e-12 0.0272622 -5.79368e-13 -6206.07 -3.31044e-11
91.91 -113645 -8.25642e-12 0.018925 -8.55998e-12 -291.16 -7.81312e-10 113645 8.25642e-12 -0.018925 8.55998e-12 289.078 -1.26895e-10 -56833.6 6.17984e-14 0.00943567 1.45841e-11 6331.5 1.48384e-10 56833.6 -6.17984e-14 -0.00943567 -1.45841e-11 -6332.06 -1.44676e-10
92.41 -115082 7.88587e-13 0.0625734 -1.23574e-13 -399.409 -1.04936e-10 115082 -7.88587e-13 -0.0625734 1.23574e-13 392.526 1.91681e-10 -57556.6 4.07675e-12 0.0312595 -2.04561e-13 6432.21 3.31655e-10 57556.6 -4.07675e-12 -0.0312595 2.04561e-13 -6434.09 -8.70501e-11
92.91 -116596 3.17297e-12 -0.0161691 3.42668e-12 -67.3529 1.00353e-10 116596 -3.17297e-12 0.0161691 -3.42668e-12 69.1315 2.48674e-10 -58300.5 3.82537e-12 -0.00811209 -5.51686e-12 6450.17 1.36783e-10 58300.5 -3.82537e-12 0.00811209 5.51686e-12 -6449.69 9.27393e-11
93.41 -118142 6.23295e-12 0.0379604 -1.04726e-11 41.882 7.57844e-10 118142 -6.23295e-12 -0.0379604 1.04726e-11 -46.0577 -7.22197e-11 -59069.5 -1.20864e-11 0.0189523 1.75387e-11 6513.81 -5.17056e-10 59069.5 1.20864e-11 -0.0189523 -1.75387e-11 -6514.95 -2.08126e-10
93.91 -119645 4.05563e-12 0.0142008 -9.2164e-12 -421.555 3.98884e-10 119645 -4.05563e-12 -0.0142008 9.2164e-12 419.993 4.72361e-11 -59839.1 1.90118e-12 0.00707217 1.62774e-11 6688.61 1.18708e-10 59839.1 -1.90118e-12 -0.00707217 -1.62774e-11 -6689.03 -4.63708e-12
94.41 -121273 2.36907e-13 0.0327906 9.46336e-13 140.473 7.23371e-11 121273 -2.36907e-13 -0.0327906 -9.46336e-13 -144.08 -4.62774e-11 -60630.8 3.01988e-12 0.0163667 -2.23712e-12 6667.1 2.87761e-10 60630.8 -3.01988e-12 -0.0163667 2.23712e-12 -6668.08 -1.06568e-10
94.91 -122762 -2.07858e-12 0.00929218 -3.71276e-12 -138.306 -1.93538e-10 122762 2.07858e-12 -0.00929218 3.71276e-12 137.284 -3.51067e-11 -61386.3 2.07825e-12 0.00461711 6.2078e-12 6804.58 8.3523e-11 61386.3 -2.07825e-12 -0.00461711 -6.2078e-12 -6804.86 4.11719e-11
95.41 -124218 1.34342e-12 0.00274973 -1.25132e-12 24.6317 3.59624e-11 124218 -1.34342e-12 -0.00274973 1.25132e-12 -24.9342 1.11814e-10 -62107.9 -9.13325e-12 0.00134554 2.1292e-12 6852.7 -4.46263e-10 62107.9 9.13325e-12 -0.00134554 -2.1292e-12 -6852.78 -1.01731e-10
95.91 -125753 2.68436e-12 -0.00952345 3.95251e-12 -160.192 1.4315e-10 125753 -2.68436e-12 0.00952345 -3.95251e-12 161.24 1.52129e-10 -62882.7 3.24114e-12 -0.00479141 -6.56691e-12 6974.07 1.9907e-10 62882.7 -3.24114e-12 0.00479141 6.56691e-12 -6973.78 -4.60194e-12
96.41 -127252 3.06668e-12 -0.00468772 -9.26263e-12 -13.6392 2.9598e-10 127252 -3.06668e-12 0.00468772 9.26263e-12 14.1549 4.13552e-11 -63626.4 -2.54945e-12 -0.0023739 1.60568e-11 7027.78 -8.01582e-11 63626.4 2.54945e-12 0.0023739 -1.60568e-11 -7027.64 -7.28088e-11
96.91 -128759 2.43166e-12 -0.00543593 3.39233e-12 -57.8394 -1.39006e-11 128759 -2.43166e-12 0.00543593 -3.39233e-12 58.4373 2.81383e-10 -64381.7 3.11663e-12 -0.00274837 -6.20398e-12 7119.74 1.55642e-10 64381.7 -3.11663e-12 0.00274837 6.20398e-12 -7119.58 3.13557e-11
97.41 -130244 -1.52788e-12 -0.0178298 -2.46326e-13 -216.936 -1.70373e-10 130244 1.52788e-12 0.0178298 2.46326e-13 218.897 2.3057e-12 -65130.2 -7.80663e-12 -0.00894566 3.97351e-13 7233.24 -4.63751e-10 65130.2 7.80663e-12 0.00894566 -3.97351e-13 -7232.7 -4.647e-12
97.91 -131744 -7.87457e-12 -0.00664129 4.59369e-13 55.1443 -6.28007e-10 131744 7.87457e-12 0.00664129 -4.59369e-13 -54.4138 -2.38196e-10 -65870.1 2.06683e-12 -0.00335175 -4.80597e-13 7262.19 9.21877e-11 65870.1 -2.06683e-12 0.00335175 4.80597e-13 -7261.99 3.18223e-11
98.41 -133270 1.06183e-11 0.005431 -7.7549e-14 31.2942 1.01253e-09 133270 -1.06183e-11 -0.005431 7.7549e-14 -31.8916 1.55479e-10 -66634 -6.82803e-12 0.00268404 -2.88078e-13 7351.13 -1.70992e-10 66634 6.82803e-12 -0.00268404 2.88078e-13 -7351.29 -2.3869e-10
98.91 -134731 -9.52732e-12 -0.0395729 -3.28281e-13 -40.3887 -1.11492e-09 134731 9.52732e-12 0.0395729 3.28281e-13 44.7418 6.69191e-11 -67367.2 -7.25179e-12 -0.0198183 6.96546e-13 7446.07 -3.60257e-10 67367.2 7.25179e-12 0.0198183 -6.96546e-13 -7444.88 -7.48509e-11
99.41 -136152 1.42574e-12 0.0119531 -6.60661e-13 790.572 6.39968e-12 136152 -1.42574e-12 -0.0119531 6.60661e-13 -791.887 1.50432e-10 -68045.2 -5.8271e-12 0.0059444 1.22555e-12 7359.83 -2.48147e-10 68045.2 5.8271e-12 -0.0059444 -1.22555e-12 -7360.19 -1.0148e-10
99.91 -137647 -9.59209e-12 -0.013297 -3.04257e-12 -496.803 -9.2645e-10 137647 9.59209e-12 0.013297 3.04257e-12 498.265 -1.2868e-10 -68842.6 1.4269e-11 -0.00668099 5.25234e-12 7697.34 8.22474e-10 68842.6 -1.4269e-11 0.00668099 -5.25234e-12 -7696.94 3.36645e-11
100.41 -139097 5.40485e-12 -0.0104642 -5.87411e-12 -257.975 4.70419e-10 139097 -5.40485e-12 0.0104642 5.87411e-12 259.126 1.24115e-10 -69558.3 -8.95748e-12 -0.00526496 1.03585e-11 7730.09 -4.57621e-10 69558.3 8.95748e-12 0.00526496 -1.03585e-11 -7729.78 -7.98275e-11
100.91 -140589 -5.38225e-12 -0.0120107 -4.22563e-12 -1071.72 -5.22498e-10 140589 5.38225e-12 0.0120107 4.22563e-12 1073.04 -6.95494e-11 -70335.9 -9.00683e-12 -0.00603855 7.66753e-12 7973.61 -4.11872e-10 70335.9 9.00683e-12 0.00603855 -7.66753e-12 -7973.24 -1.28538e-10
101.41 -142149 6.12167e-13 -0.0247624 -2.83647e-12 -329.605 6.41665e-11 142149 -6.12167e-13 0.0247624 2.83647e-12 332.329 3.17191e-12 -71087.3 -5.64978e-12 -0.0124148 4.96904e-12 7912.81 -2.53507e-10 71087.3 5.64978e-12 0.0124148 -4.96904e-12 -7912.07 -8.54803e-11
101.91 -143550 4.71299e-12 0.00318976 -1.7589e-13 -1199.84 3.53004e-10 143550 -4.71299e-12 -0.00318976 1.7589e-13 1199.49 1.65425e-10 -71821.5 6.17636e-12 0.00156099 2.13659e-13 8162.42 3.66326e-10 71821.5 -6.17636e-12 -0.00156099 -2.13659e-13 -8162.51 4.25573e-12
102.41 -144935 8.7703e-12 0.063566 -2.67096e-12 1051.35 1.2785e-09 144935 -8.7703e-12 -0.063566 2.67096e-12 -1058.34 -3.13764e-10 -72427.4 3.37204e-12 0.0879139 4.74784e-12 7752.48 7.75577e-11 72427.4 -3.37204e-12 -0.0879139 -4.74784e-12 -7757.75 1.24764e-10
102.91 -146560 9.28149e-13 0.0872545 -3.39297e-12 99.7444 -1.14046e-10 146560 -9.28149e-13 -0.0872545 3.39297e-12 -109.342 2.16142e-10 -73275.2 -7.20484e-12 -0.138858 5.73064e-12 7772.24 -2.24904e-10 73275.2 7.20484e-12 0.138858 -5.73064e-12 -7763.91 -2.07387e-10
103.41 -147966 -4.73419e-12 0.0624801 1.23736e-12 -516.135 -4.5988e-10 147966 4.73419e-12 -0.0624801 -1.23736e-12 509.262 -6.08803e-11 -73999.1 4.52866e-12 -0.00740964 -2.24818e-12 7217.53 2.20979e-10 73999.1 -4.52866e-12 0.00740964 2.24818e-12 -7217.09 5.07408e-11
103.91 -149324 -1.37511e-11 0.0383042 -2.11499e-12 360.403 -1.28321e-09 149324 1.37511e-11 -0.0383042 2.11499e-12 -364.617 -2.29411e-10 -74603.5 7.12034e-12 -8.40058 3.7201e-12 5995.81 2.34017e-10 74603.5 -7.12034e-12 8.40058 -3.7201e-12 -5491.78 1.93203e-10
104.41 -151120 -5.46273e-12 -0.237853 -9.54294e-14 73.5481 -4.88223e-10 151120 5.46273e-12 0.237853 9.54294e-14 -47.3842 -1.12678e-10 -75557.5 -7.60261e-12 -0.292695 7.57427e-14 3300.53 -3.88416e-10 75557.5 7.60261e-12 0.292695 -7.57427e-14 -3282.97 -6.77406e-11
104.91 -151779 3.65178e-12 -1.01759 3.69844e-12 227.737 4.07891e-10 151779 -3.65178e-12 1.01759 -3.69844e-12 -115.802 -6.19435e-12 -75963.1 5.03285e-13 -2.71993 -6.61178e-12 2244.01 -2.61925e-14 75963.1 -5.03285e-13 2.71993 6.61178e-12 -2080.81 3.02233e-11
105.41 -152821 -6.15022e-13 0.435841 1.00173e-13 -59.3416 6.1819e-11 152821 6.15022e-13 -0.435841 -1.00173e-13 11.3991 -1.29471e-10 -76352.8 1.56915e-11 5.38195 -1.97591e-13 1252.04 4.65296e-10 76352.8 -1.56915e-11 -5.38195 1.97591e-13 -1574.96 4.76195e-10
105.91 -153857 1.1347e-11 1.5233 -1.13819e-11 -267.31 1.0438e-09 153857 -1.1347e-11 -1.5233 1.13819e-11 99.7466 2.04368e-10 -76936.6 -7.21271e-12 0.666514 2.00944e-11 1345.54 -3.68944e-10 76936.6 7.21271e-12 -0.666514 -2.00944e-11 -1385.53 -6.38182e-11
