0.01 0 0.000112115 0.000264876 0.000376991 0.000117459 0.000259532 0.000117459 0.000259532
0.51 0 0.00571781 0.0135087 0.0192265 0.00599042 0.0132361 0.00599042 0.0132361
1.01 0 0.0113235 0.0267524 0.0380758 0.0118633 0.0262125 0.0118633 0.0262125
1.51 0 0.016929 0.0399958 0.0569248 0.0177361 0.0391887 0.0177361 0.0391887
2.01 0 0.0221752 0.0536164 0.0757732 0.0240205 0.0521233 0.0238452 0.0519435
2.52 0 0.022177 0.0728396 0.0949978 0.0365807 0.0646786 0.0333818 0.0614896
3.03 0 0.0222704 0.0919871 0.114221 0.0471095 0.0754205 0.0408201 0.0689516
3.54 0 0.0222302 0.111248 0.133444 0.0558684 0.0840777 0.0500215 0.0781527
4.05 0 0.0221742 0.130521 0.152665 0.0646688 0.0927561 0.0603449 0.0884563
4.56 0 0.0223997 0.149492 0.171884 0.0725602 0.100805 0.0692703 0.0977956
5.07 0 0.0222956 0.168808 0.191102 0.0818189 0.110076 0.0811453 0.109395
5.58 0 0.0222884 0.188031 0.210318 0.0917713 0.120005 0.0889867 0.117241
6.09 0 0.0222152 0.207353 0.229532 0.101611 0.129749 0.0977686 0.125933
6.6 0 0.0221851 0.226582 0.248743 0.110515 0.138618 0.110295 0.138419
7.11 0 0.0221964 0.245798 0.267952 0.118458 0.146571 0.121353 0.149496
7.62 0 0.0222906 0.264869 0.287157 0.129338 0.157584 0.129104 0.157352
8.13 0 0.0222283 0.284185 0.306361 0.138829 0.167011 0.139577 0.167731
8.64 0 0.0222211 0.303373 0.32556 0.148526 0.176703 0.148208 0.176349
9.15 0 0.0221943 0.322589 0.344757 0.158619 0.186743 0.157673 0.185799
9.66 0 0.0222194 0.341747 0.36395 0.167937 0.196132 0.166713 0.194831
10.17 0 0.0221952 0.360969 0.383139 0.178267 0.206391 0.17496 0.203089
10.68 0 0.0222327 0.380122 0.402324 0.186323 0.214467 0.18297 0.211173
11.19 0 0.0221981 0.399336 0.421506 0.197085 0.225214 0.192568 0.220699
11.7 0 0.0221987 0.418512 0.440682 0.20644 0.234572 0.202835 0.230963
12.21 0 0.0221995 0.437683 0.459855 0.214991 0.243122 0.21146 0.239591
12.72 0 0.0221998 0.456849 0.479022 0.225276 0.253405 0.22043 0.248565
13.23 0 0.022201 0.476012 0.498185 0.235235 0.263368 0.229461 0.257595
13.74 0 0.0222296 0.495166 0.517343 0.245995 0.274168 0.236519 0.264685
14.25 0 0.0222151 0.514342 0.536495 0.254424 0.282588 0.245697 0.273835
14.76 0 0.0221963 0.533466 0.555642 0.263812 0.291934 0.254007 0.282139
15.27 0 0.022235 0.552591 0.574783 0.271214 0.299404 0.264394 0.292557
15.78 0 0.0222054 0.57174 0.593918 0.278841 0.306982 0.274646 0.302782
16.28 0 0.0222051 0.590493 0.612672 0.287855 0.315995 0.284162 0.312299
16.78 0 0.022206 0.609242 0.63142 0.296338 0.324477 0.2934 0.32154
17.28 0 0.0222072 0.627982 0.650162 0.304876 0.333018 0.301976 0.330117
17.78 0 0.0222433 0.646684 0.668897 0.313909 0.342125 0.310629 0.338786
18.28 0 0.0222076 0.665447 0.687626 0.322518 0.350651 0.321613 0.349763
18.78 0 0.0222452 0.684153 0.706348 0.330085 0.358259 0.332496 0.360701
19.28 0 0.022202 0.70288 0.725062 0.337664 0.365802 0.342349 0.37048
19.78 0 0.0222118 0.721586 0.74377 0.348147 0.376293 0.350677 0.378824
20.28 0 0.0222156 0.740296 0.762471 0.357335 0.385476 0.35848 0.386643
20.78 0 0.0222122 0.758979 0.781164 0.366196 0.394348 0.369117 0.39726
21.28 0 0.0222139 0.777662 0.799849 0.372576 0.400725 0.377798 0.405947
21.78 0 0.0222143 0.79634 0.818526 0.38005 0.408194 0.388361 0.416517
22.28 0 0.0222189 0.815015 0.837196 0.387583 0.415725 0.397501 0.425671
22.78 0 0.0222152 0.833668 0.855857 0.397853 0.426007 0.408993 0.437143
23.28 0 0.0222157 0.852321 0.874509 0.408697 0.436849 0.420272 0.448424
23.78 0 0.0222174 0.870963 0.893153 0.420097 0.44825 0.430147 0.458303
24.28 0 0.0222182 0.889597 0.911788 0.429316 0.457471 0.438947 0.467102
24.78 0 0.022219 0.908223 0.930414 0.437521 0.465678 0.450063 0.478219
25.28 0 0.0222189 0.92684 0.949031 0.44801 0.476167 0.460515 0.488671
25.78 0 0.0222198 0.945447 0.967639 0.458224 0.486381 0.468988 0.497145
26.28 0 0.0222252 0.964053 0.986237 0.469134 0.497285 0.478891 0.507068
26.78 0 0.0222144 0.982632 1.00482 0.478497 0.506653 0.487586 0.515731
27.28 0 0.0222225 1.00121 1.0234 0.487511 0.515671 0.494655 0.522816
27.78 0 0.022223 1.01978 1.04197 0.497373 0.525534 0.503482 0.531643
28.28 0 0.0222232 1.03833 1.06053 0.507874 0.536036 0.511693 0.539854
28.78 0 0.022213 1.05689 1.07908 0.517131 0.545288 0.522979 0.551119
29.28 0 0.0222255 1.07542 1.09761 0.524219 0.552383 0.533471 0.561635
29.78 0 0.0222261 1.09394 1.11614 0.534345 0.56251 0.540661 0.568827
30.28 0 0.0222255 1.11246 1.13465 0.543942 0.572109 0.548766 0.576928
30.78 0 0.0222273 1.13096 1.15316 0.555538 0.583702 0.556629 0.584798
31.28 0 0.022228 1.14945 1.17165 0.563201 0.59137 0.566704 0.594871
31.78 0 0.0222294 1.16793 1.19013 0.570402 0.598571 0.573353 0.601523
32.29 0 0.0222296 1.18677 1.20897 0.578851 0.607022 0.581745 0.609912
32.8 0 0.02223 1.20559 1.2278 0.58571 0.613881 0.59149 0.619659
33.31 0 0.0222239 1.22441 1.24661 0.596273 0.624441 0.60153 0.629686
33.82 0 0.0222312 1.24321 1.26541 0.605245 0.633415 0.61018 0.638353
34.33 0 0.0222334 1.26199 1.2842 0.61412 0.642295 0.618376 0.646551
34.84 0 0.0222364 1.28078 1.30297 0.62251 0.650676 0.629094 0.657283
35.35 0 0.0222337 1.29953 1.32173 0.632152 0.660326 0.641865 0.67004
35.86 0 0.0222352 1.31827 1.34048 0.642738 0.670914 0.652024 0.680201
36.37 0 0.0222348 1.33701 1.35921 0.653143 0.68132 0.662274 0.69045
36.88 0 0.0222356 1.35573 1.37793 0.663493 0.691671 0.67272 0.700897
37.39 0 0.0222365 1.37443 1.39664 0.673742 0.70192 0.682634 0.710813
37.9 0 0.0222382 1.39312 1.41533 0.682419 0.7106 0.692187 0.720368
38.41 0 0.0222386 1.4118 1.43401 0.692867 0.721046 0.701721 0.729904
38.92 0 0.0222735 1.43042 1.45267 0.701615 0.729808 0.711171 0.739429
39.43 0 0.0222394 1.4491 1.47132 0.71065 0.738832 0.721674 0.749855
39.94 0 0.022241 1.46773 1.48995 0.720153 0.748336 0.731922 0.760106
40.45 0 0.0222411 1.48635 1.50856 0.730612 0.758796 0.741959 0.770143
40.96 0 0.0222419 1.50495 1.52717 0.739521 0.767706 0.751962 0.780147
41.47 0 0.0222426 1.52354 1.54575 0.749541 0.777727 0.761776 0.789962
41.98 0 0.0222472 1.54211 1.56432 0.758424 0.786604 0.770518 0.798722
42.49 0 0.0222445 1.56066 1.58287 0.767309 0.795498 0.777976 0.806165
43 0 0.0222448 1.57919 1.60141 0.775147 0.803336 0.785965 0.814154
43.51 0 0.0222459 1.59771 1.61993 0.784435 0.812625 0.792418 0.820608
44.02 0 0.0222799 1.61619 1.63844 0.795156 0.823419 0.800404 0.828609
44.53 0 0.0222473 1.6347 1.65692 0.804656 0.832848 0.809546 0.837739
45.04 0 0.0222478 1.65317 1.67539 0.814414 0.842607 0.817507 0.8457
45.55 0 0.0222487 1.67163 1.69385 0.825341 0.853535 0.828298 0.856493
46.06 0 0.0222523 1.69007 1.71228 0.834701 0.862909 0.836767 0.864956
46.57 0 0.0222496 1.70848 1.7307 0.845169 0.87337 0.845637 0.873826
47.08 0 0.0222508 1.72688 1.7491 0.855892 0.884089 0.854154 0.882351
47.59 0 0.0222516 1.74526 1.76748 0.864639 0.892837 0.861087 0.889283
48.1 0 0.0222521 1.76362 1.78585 0.875017 0.903215 0.868913 0.897111
48.61 0 0.0222573 1.78198 1.80419 0.881798 0.910014 0.87933 0.907523
49.12 0 0.022254 1.8003 1.82252 0.890111 0.918316 0.888213 0.916409
49.63 0 0.0222545 1.8186 1.84083 0.899421 0.927627 0.89657 0.924766
50.14 0 0.0222544 1.83689 1.85912 0.909857 0.938057 0.905947 0.934149
50.65 0 0.0222487 1.85516 1.87739 0.919173 0.947372 0.912636 0.940824
51.16 0 0.0222566 1.87341 1.89564 0.927193 0.955397 0.922007 0.95021
51.67 0 0.0222566 1.89164 1.91387 0.934807 0.963009 0.933259 0.961465
52.18 0 0.0222584 1.90985 1.93209 0.94401 0.972216 0.939795 0.968002
52.69 0 0.0222585 1.92805 1.95028 0.951914 0.980119 0.948279 0.976486
53.2 0 0.02226 1.94622 1.96845 0.962821 0.991029 0.957211 0.985419
53.71 0 0.0222937 1.96434 1.9866 0.969937 0.998216 0.967823 0.996045
54.22 0 0.0222598 1.9825 2.00474 0.976089 1.0043 0.975476 1.00368
54.73 0 0.0222652 2.00062 2.02285 0.984393 1.01262 0.986035 1.01424
55.24 0 0.0222667 2.01871 2.04094 0.993197 1.0214 0.99679 1.02502
55.75 0 0.0223521 2.03669 2.05901 1.0031 1.03152 1.00543 1.03366
56.26 0 0.0223211 2.05476 2.07706 1.01034 1.03868 1.01456 1.04278
56.77 0 0.0223753 2.07271 2.09508 1.01974 1.04811 1.02401 1.05234
57.28 0 0.0222844 2.09082 2.11309 1.02859 1.05679 1.03343 1.06171
57.79 0 0.0222491 2.10887 2.13107 1.03852 1.06669 1.04278 1.071
58.3 0 0.0222534 2.12679 2.14903 1.0474 1.0756 1.0516 1.0798
58.81 0 0.0222563 2.14474 2.16697 1.05663 1.08482 1.06117 1.08938
59.32 0 0.0222611 2.16265 2.18489 1.06588 1.09409 1.07025 1.09846
59.83 0 0.0223434 2.18048 2.20279 1.07413 1.10253 1.07954 1.10776
60.34 0 0.0222726 2.19847 2.22066 1.08304 1.11122 1.08809 1.11635
60.85 0 0.0222588 2.21627 2.23851 1.09242 1.12064 1.09739 1.12559
61.36 0 0.0222914 2.2341 2.25634 1.10157 1.1298 1.10684 1.13511
61.87 0 0.0223281 2.25184 2.27414 1.10952 1.13775 1.11595 1.14431
62.38 0 0.0222924 2.26964 2.29192 1.11914 1.14743 1.12556 1.15377
62.89 0 0.0222594 2.28743 2.30968 1.12837 1.15657 1.13596 1.16418
63.4 0 0.022299 2.30513 2.32741 1.13684 1.16513 1.14486 1.17307
63.91 0 0.0222621 2.3229 2.34512 1.14596 1.17419 1.15392 1.18212
64.41 0 0.0222632 2.34022 2.36246 1.15436 1.18258 1.16276 1.19096
64.91 0 0.0223447 2.35745 2.37977 1.16327 1.19149 1.17138 1.1998
65.41 0 0.0223844 2.37468 2.39706 1.17181 1.20015 1.18051 1.2089
65.91 0 0.0224708 2.39187 2.41433 1.17959 1.20804 1.18924 1.21773
66.41 0 0.0222662 2.40934 2.43158 1.18846 1.21669 1.19743 1.22564
66.91 0 0.0222675 2.42655 2.4488 1.19744 1.22567 1.20471 1.23292
67.41 0 0.0222825 2.44374 2.46599 1.20604 1.23428 1.21222 1.24046
67.91 0 0.0222914 2.46089 2.48317 1.21501 1.24328 1.22127 1.24949
68.41 0 0.0223131 2.47804 2.50031 1.22348 1.25172 1.23022 1.25853
68.91 0 0.0222818 2.49519 2.51743 1.23182 1.26007 1.23946 1.26769
69.41 0 0.0223286 2.51224 2.53453 1.24005 1.26829 1.24878 1.27713
69.91 0 0.0222689 2.52935 2.55161 1.24872 1.27694 1.25819 1.28642
70.41 0 0.0222718 2.5464 2.56865 1.25768 1.28589 1.26643 1.29465
70.91 0 0.0222997 2.56339 2.58567 1.26613 1.29442 1.27578 1.30401
71.41 0 0.0223048 2.58039 2.60267 1.2741 1.30235 1.28502 1.3133
71.91 0 0.0222804 2.59737 2.61964 1.28292 1.31112 1.29451 1.32277
72.41 0 0.0222913 2.61432 2.63659 1.29123 1.31949 1.30316 1.33139
72.91 0 0.0222728 2.63125 2.65351 1.29978 1.32801 1.31123 1.33945
73.41 0 0.0222743 2.64814 2.6704 1.30784 1.33607 1.32009 1.34831
73.91 0 0.0223377 2.66498 2.68727 1.31622 1.34447 1.3292 1.35757
74.41 0 0.0223502 2.68177 2.70411 1.32486 1.35326 1.33796 1.3662
74.91 0 0.0223475 2.69862 2.72092 1.33317 1.36142 1.34685 1.37523
75.41 0 0.0222501 2.7155 2.73771 1.3421 1.37024 1.35637 1.38462
75.91 0 0.022501 2.73197 2.75447 1.35029 1.37877 1.36508 1.39363
76.41 0 0.0223313 2.74892 2.7712 1.35877 1.38703 1.37463 1.40297
76.91 0 0.022314 2.76564 2.7879 1.36872 1.39702 1.3837 1.41195
77.41 0 0.0222899 2.78233 2.80458 1.37703 1.40528 1.39229 1.42053
77.91 0 0.0223108 2.79893 2.82123 1.38559 1.4139 1.40213 1.43037
78.41 0 0.0223845 2.8155 2.83785 1.39383 1.42208 1.41078 1.43926
78.91 0 0.0223421 2.83212 2.85445 1.40198 1.43036 1.41903 1.44728
79.41 0 0.022427 2.84859 2.87101 1.41029 1.43877 1.4275 1.45586
79.91 0 0.0222835 2.8653 2.88755 1.41838 1.44663 1.43589 1.46411
80.41 0 0.022377 2.88168 2.90406 1.42623 1.45458 1.44472 1.47309
80.91 0 0.0222748 2.89831 2.92054 1.43443 1.46269 1.45321 1.48141
81.41 0 0.0223357 2.91469 2.93699 1.4423 1.47056 1.46258 1.49093
81.91 0 0.0223178 2.93111 2.95341 1.4496 1.47792 1.47077 1.49902
82.41 0 0.02237 2.94748 2.9698 1.45805 1.48632 1.48087 1.5093
82.91 0 0.0222864 2.9639 2.98617 1.46601 1.49425 1.48974 1.51799
83.41 0 0.0222872 2.98023 3.0025 1.47398 1.50222 1.49793 1.52618
83.91 0 0.022431 2.9964 3.01881 1.48192 1.51017 1.50601 1.5346
84.41 0 0.0222914 3.01283 3.03508 1.48922 1.51748 1.51419 1.54242
84.91 0 0.0223223 3.02902 3.05133 1.49904 1.52737 1.52261 1.55086
85.41 0 0.0224999 3.04508 3.06754 1.51325 1.542 1.52352 1.5518
85.91 0 0.0227148 3.06104 3.08373 1.52735 1.5561 1.52803 1.55686
86.41 0 0.0229686 3.07693 3.09988 1.53529 1.56442 1.53557 1.56465
86.91 0 0.0233849 3.09287 3.11601 1.54326 1.5729 1.5434 1.57302
87.41 0 0.0238565 3.10833 3.1321 1.55087 1.5813 1.55095 1.58099
87.91 0 0.0240752 3.12421 3.14816 1.559 1.58953 1.55903 1.58952
88.41 0 0.0244322 3.1398 3.16419 1.56655 1.59749 1.56651 1.59749
88.91 0 0.0249587 3.15532 3.18019 1.57434 1.60596 1.57424 1.60588
89.41 0 0.0252378 3.171 3.19616 1.58211 1.61413 1.58199 1.61394
89.91 0 0.0256372 3.18655 3.2121 1.58985 1.62233 1.58981 1.62231
90.41 0 0.0259611 3.20216 3.228 1.59768 1.63058 1.59766 1.63056
90.91 0 0.0263372 3.21766 3.24387 1.6053 1.63867 1.60532 1.63869
91.41 0 0.0267093 3.23309 3.25971 1.61298 1.64683 1.61293 1.64677
91.91 0 0.0270743 3.24858 3.27552 1.62064 1.65496 1.62067 1.65497
92.41 0 0.0274168 3.26397 3.2913 1.62832 1.66307 1.6284 1.66313
92.91 0 0.0277774 3.27937 3.30704 1.63598 1.67118 1.63597 1.67116
93.41 0 0.0281459 3.29472 3.32276 1.64353 1.6792 1.64357 1.67924
93.91 0 0.0285039 3.31005 3.33844 1.6512 1.68733 1.65123 1.68734
94.41 0 0.0288916 3.32529 3.35408 1.65878 1.69539 1.65881 1.69543
94.91 0 0.0292464 3.34055 3.36969 1.66635 1.70342 1.66637 1.70342
95.41 0 0.0295933 3.35578 3.38527 1.67393 1.71143 1.67393 1.71144
95.91 0 0.029959 3.37095 3.40082 1.68148 1.71945 1.68147 1.71943
96.41 0 0.030316 3.38611 3.41633 1.68901 1.72742 1.689 1.72742
96.91 0 0.0306751 3.40122 3.43181 1.69651 1.73539 1.69651 1.73538
97.41 0 0.0310288 3.41631 3.44726 1.70402 1.74334 1.704 1.74332
97.91 0 0.0313864 3.43135 3.46267 1.71149 1.75126 1.71148 1.75126
98.41 0 0.0317499 3.44638 3.47804 1.71896 1.75919 1.71896 1.75919
98.91 0 0.032098 3.46137 3.49338 1.72642 1.7671 1.72638 1.76705
99.41 0 0.0324364 3.47631 3.50869 1.73381 1.7749 1.73381 1.77493
99.91 0 0.0327925 3.49124 3.52397 1.74125 1.78282 1.74125 1.78279
100.41 0 0.0331379 3.50613 3.5392 1.74865 1.79065 1.74864 1.79063
100.91 0 0.0334934 3.52096 3.55441 1.75601 1.79848 1.75602 1.79844
101.41 0 0.0338651 3.53579 3.56958 1.76335 1.80627 1.76333 1.80624
101.91 0 0.0341988 3.55056 3.58471 1.77071 1.81408 1.77074 1.81405
102.41 0 0.034529 3.56532 3.59981 1.77801 1.82175 1.77805 1.82184
102.91 0 0.0349161 3.58002 3.61487 1.78528 1.82957 1.78538 1.82967
103.41 0 0.035251 3.59468 3.6299 1.7925 1.83736 1.79262 1.83742
103.91 0 0.0355744 3.60936 3.64489 1.79964 1.84518 1.79969 1.84527
104.41 0 0.0360024 3.62398 3.65984 1.80656 1.8534 1.8065 1.85335
104.91 0 0.0369609 3.63772 3.67476 1.81363 1.86111 1.81369 1.86116
105.41 0 0.0387694 3.65079 3.68964 1.82037 1.86909 1.82045 1.86918
105.91 0 0.0406022 3.6639 3.70449 1.82681 1.87757 1.82689 1.87764
