0.01 0.000376991 0 0 0 0 0 0.000188496 2.30213e-20 -8.861e-05 1.10081e-35 4.05449e-14 1.7587e-22 0.000188496 2.29859e-20 8.861e-05 1.09611e-35 -4.0539e-14 1.7587e-22
0.51 0.0192265 0 0 0 0 0 0.00961326 5.74172e-19 -0.000828952 2.94864e-34 2.06854e-12 -2.91964e-21 0.00961326 5.41522e-19 0.000828952 2.85157e-34 -2.06854e-12 -5.78747e-21
1.01 0.0380758 0 0 0 0 0 0.0190379 2.27863e-18 -0.00156928 3.15286e-32 4.0965e-12 1.54134e-20 0.0190379 2.316e-18 0.00156928 3.16082e-32 -4.0965e-12 2.25153e-20
1.51 0.0569248 0 0 0 0 0 0.0284624 7.72922e-18 -0.00230959 6.64293e-32 6.12441e-12 -2.43545e-20 0.0284624 7.75858e-18 0.00230959 6.72819e-32 -6.12442e-12 -2.03999e-20
2.01 0.0757732 0 0 0 0 0 0.0380719 3.36259e-18 -0.00303426 -2.09437e-29 -3.67733e-08 1.18419e-20 0.0378944 3.96437e-18 0.00297064 1.15463e-29 -3.67893e-08 -2.05933e-20
2.52 0.0949978 0 0 0 0 0 0.0506296 3.87658e-18 -0.00293256 -8.49445e-29 -6.61651e-07 -4.54083e-20 0.0474357 3.98964e-18 0.00307281 -1.47736e-28 -6.61667e-07 -1.73668e-20
3.03 0.114221 0 0 0 0 0 0.061265 4.42573e-18 -0.00429765 -1.11735e-27 -1.32143e-06 -3.16923e-20 0.0548859 4.23396e-18 0.00173241 -1.01391e-27 -1.32145e-06 -4.65644e-20
3.54 0.133444 0 0 0 0 0 0.069973 2.80709e-18 -0.00356835 1.88343e-28 -1.21918e-06 -2.72994e-20 0.0640871 3.19195e-18 0.00245108 5.39289e-28 -1.2192e-06 -2.81231e-20
4.05 0.152665 0 0 0 0 0 0.0787124 4.30359e-18 -0.00282993 -3.30268e-28 -8.93078e-07 6.92505e-21 0.0744006 4.94467e-18 0.00317472 4.81987e-29 -8.93094e-07 6.489e-21
4.56 0.171884 0 0 0 0 0 0.0866826 -5.99756e-19 -0.00102751 -3.63954e-28 -6.52317e-07 -2.38633e-20 0.083533 7.35153e-19 0.00503669 4.14587e-31 -6.52333e-07 -3.98295e-20
5.07 0.191102 0 0 0 0 0 0.0959475 4.1336e-18 -0.00307491 -3.32291e-29 -1.40308e-07 1.94017e-20 0.0952699 4.40363e-18 0.0029618 2.0341e-29 -1.40324e-07 1.01524e-20
5.58 0.210318 0 0 0 0 0 0.105888 5.53761e-19 -0.00287131 -2.5735e-28 -5.74527e-07 -5.36798e-20 0.103114 6.02846e-19 0.00316349 -1.48827e-28 -5.74543e-07 -4.512e-20
6.09 0.229532 0 0 0 0 0 0.11568 -3.57023e-19 -0.00281343 -8.3772e-28 -7.92865e-07 -4.9953e-20 0.111851 1.17898e-21 0.00320205 -1.238e-27 -7.92881e-07 -4.75164e-21
6.6 0.248743 0 0 0 0 0 0.124566 2.93714e-18 -0.00284953 -7.60266e-29 -4.34001e-08 -1.30071e-19 0.124357 3.10195e-18 0.003158 -8.32939e-29 -4.34161e-08 -1.05471e-19
7.11 0.267952 0 0 0 0 0 0.132514 4.54493e-19 -0.00279124 4.15626e-28 6.02591e-07 -4.38347e-20 0.135425 4.06965e-19 0.00321927 3.63608e-28 6.02575e-07 -3.26693e-20
7.62 0.287157 0 0 0 0 0 0.143461 3.07554e-18 -0.00299593 -2.45187e-29 -4.83002e-08 -7.48827e-20 0.143228 1.5859e-18 0.00303947 -4.15766e-29 -4.83164e-08 -2.8495e-20
8.13 0.306361 0 0 0 0 0 0.15292 -7.97418e-20 -0.00321057 4.07507e-29 1.52017e-07 -2.6957e-20 0.153654 -9.58014e-19 0.00280835 3.91525e-29 1.52001e-07 -2.44748e-20
8.64 0.32556 0 0 0 0 0 0.162614 1.08958e-18 -0.00326208 -1.47503e-29 -6.95124e-08 -5.57319e-20 0.162279 6.08436e-19 0.00275495 -1.34101e-29 -6.95284e-08 -7.4711e-20
9.15 0.344757 0 0 0 0 0 0.172681 -7.07336e-20 -0.00299212 2.78531e-29 -1.95679e-07 -3.49822e-20 0.171736 -1.33529e-18 0.00301784 7.37975e-29 -1.95696e-07 -5.0217e-20
9.66 0.36395 0 0 0 0 0 0.182035 -9.15698e-19 -0.00356112 -6.3935e-29 -2.6124e-07 1.10146e-20 0.180772 -2.26392e-18 0.00245545 -7.57601e-29 -2.61256e-07 1.03332e-20
10.17 0.383139 0 0 0 0 0 0.192329 6.12782e-19 -0.00297026 -2.73848e-29 -6.83989e-07 -1.16666e-20 0.189025 -2.93932e-19 0.00303994 3.48187e-28 -6.84005e-07 -4.99201e-20
10.68 0.402324 0 0 0 0 0 0.200395 -3.82059e-19 -0.00258297 -2.17709e-28 -6.87677e-07 -2.11944e-20 0.197072 5.72824e-20 0.00343713 4.37167e-28 -6.87693e-07 -5.19979e-20
11.19 0.421506 0 0 0 0 0 0.211149 3.53488e-19 -0.00299582 -2.95752e-28 -9.34549e-07 -4.07679e-20 0.206633 9.1289e-21 0.00301512 -2.79839e-28 -9.34565e-07 -1.81325e-21
11.7 0.440682 0 0 0 0 0 0.220506 1.20767e-18 -0.00303724 -7.81274e-28 -7.46448e-07 -2.64297e-20 0.216899 1.37472e-18 0.00297388 -2.56401e-28 -7.46464e-07 -5.0513e-20
12.21 0.459855 0 0 0 0 0 0.229056 3.28058e-20 -0.00299839 -4.64363e-28 -7.30553e-07 -4.8489e-20 0.225525 -7.70256e-19 0.00301294 -3.86229e-28 -7.3057e-07 -2.99287e-20
12.72 0.479022 0 0 0 0 0 0.23934 6.53963e-19 -0.00296066 -6.05303e-28 -1.00204e-06 -3.94625e-20 0.234498 -2.10032e-19 0.00305075 -2.63204e-28 -1.00206e-06 -3.96439e-20
13.23 0.498185 0 0 0 0 0 0.249301 4.22393e-19 -0.00300476 -6.50231e-28 -1.19448e-06 -8.27274e-21 0.243528 3.34353e-20 0.00300698 -2.66373e-28 -1.19449e-06 -2.37021e-20
13.74 0.517343 0 0 0 0 0 0.260082 -2.01582e-18 -0.00306188 -1.12222e-27 -1.96138e-06 -2.22217e-20 0.250602 -2.33845e-18 0.00295739 -1.28541e-27 -1.9614e-06 -6.58594e-21
14.25 0.536495 0 0 0 0 0 0.268506 -4.25389e-19 -0.00318932 -1.74773e-27 -1.80798e-06 -4.88612e-20 0.259766 -1.41869e-19 0.00282613 -1.92366e-27 -1.808e-06 -4.17124e-20
14.76 0.555642 0 0 0 0 0 0.277873 -1.92265e-18 -0.00293169 4.5865e-28 -2.02721e-06 -2.8573e-20 0.268073 -2.73841e-18 0.00307879 -5.44798e-28 -2.02722e-06 7.38881e-21
15.27 0.574783 0 0 0 0 0 0.285309 -4.38579e-19 -0.00320721 7.1141e-28 -1.41343e-06 6.96885e-21 0.278475 -4.01391e-19 0.0028135 5.17067e-29 -1.41345e-06 2.06286e-20
15.78 0.593918 0 0 0 0 0 0.292912 -1.36817e-18 -0.00304246 -1.83645e-28 -8.68283e-07 -1.33716e-20 0.288714 -1.25397e-18 0.00297042 1.12393e-28 -8.68299e-07 -1.64118e-20
16.28 0.612672 0 0 0 0 0 0.301925 -1.09786e-18 -0.00303531 -3.32073e-28 -7.64213e-07 -2.18062e-20 0.298231 -1.81755e-18 0.0029775 -1.88384e-28 -7.6423e-07 -1.92109e-20
16.78 0.63142 0 0 0 0 0 0.310407 -7.17709e-19 -0.00299051 2.0804e-28 -6.07465e-07 -2.72725e-20 0.30747 -1.73896e-18 0.00302254 1.56253e-28 -6.07481e-07 -2.62207e-21
17.28 0.650162 0 0 0 0 0 0.318947 3.15966e-18 -0.0030163 1.37684e-28 -5.99921e-07 -2.42897e-20 0.316047 2.05421e-18 0.00299706 -1.69707e-28 -5.99938e-07 2.21095e-20
17.78 0.668897 0 0 0 0 0 0.328017 4.18242e-19 -0.00343488 1.7366e-28 -6.84514e-07 -1.95856e-20 0.324707 -1.80627e-19 0.00258801 9.84916e-30 -6.8453e-07 1.52167e-20
18.28 0.687626 0 0 0 0 0 0.336585 -1.44683e-18 -0.00288998 -8.83981e-29 -1.85391e-07 -1.84257e-20 0.335688 -2.74019e-18 0.00312348 -6.89509e-29 -1.85407e-07 -5.52291e-21
18.78 0.706348 0 0 0 0 0 0.344172 1.20021e-18 -0.00278844 1.26337e-28 5.01966e-07 -4.5307e-20 0.346599 8.92195e-19 0.00323496 2.0039e-28 5.0195e-07 -1.07125e-20
19.28 0.725062 0 0 0 0 0 0.351733 8.36715e-19 -0.00304568 -2.53861e-28 9.67857e-07 -4.74433e-20 0.356414 -9.83941e-21 0.00296629 7.70443e-28 9.67841e-07 2.52521e-20
19.78 0.74377 0 0 0 0 0 0.36222 -1.795e-18 -0.00300384 8.58086e-30 5.23187e-07 -6.18555e-20 0.364751 -2.15972e-18 0.00301072 7.64027e-29 5.23171e-07 -4.43851e-20
20.28 0.762471 0 0 0 0 0 0.371406 -2.50548e-18 -0.00284892 2.32363e-29 2.39059e-07 -1.29535e-20 0.372561 -3.01422e-18 0.00316666 9.38799e-29 2.39043e-07 3.52429e-20
20.78 0.781164 0 0 0 0 0 0.380272 1.81138e-18 -0.0030723 1.54225e-28 6.03127e-07 -2.5551e-20 0.383189 9.30339e-19 0.00294237 3.39486e-28 6.03111e-07 1.87264e-20
21.28 0.799849 0 0 0 0 0 0.38665 6.80357e-19 -0.00300616 1.09261e-28 1.07946e-06 -2.46187e-20 0.391873 1.21498e-18 0.00300897 7.7457e-28 1.07944e-06 3.81951e-20
21.78 0.818526 0 0 0 0 0 0.394122 1.19601e-18 -0.00293138 -6.78614e-29 1.71898e-06 1.88105e-20 0.402439 1.42334e-18 0.00308387 1.11616e-27 1.71897e-06 9.12641e-20
22.28 0.837196 0 0 0 0 0 0.401654 2.00462e-18 -0.00280555 1.55292e-27 2.05273e-06 -2.73492e-20 0.411586 1.4447e-18 0.0032109 1.97037e-27 2.05271e-06 -1.46923e-21
22.78 0.855857 0 0 0 0 0 0.41193 2.25272e-18 -0.00303565 6.43407e-28 2.30167e-06 -4.10668e-20 0.423068 2.1888e-18 0.00297983 1.5397e-27 2.30166e-06 1.36457e-20
23.28 0.874509 0 0 0 0 0 0.422773 1.39012e-19 -0.00300981 1.08671e-27 2.39205e-06 -5.63249e-20 0.434348 -4.35242e-19 0.0030058 2.60301e-27 2.39203e-06 4.55246e-21
23.78 0.893153 0 0 0 0 0 0.434173 -5.17897e-19 -0.00298561 -2.83531e-28 2.07694e-06 -3.91856e-20 0.444225 -2.2462e-18 0.00303043 5.66732e-28 2.07692e-06 1.33601e-20
24.28 0.911788 0 0 0 0 0 0.443394 -4.92653e-19 -0.0030016 1.1377e-27 1.99001e-06 -7.98362e-21 0.453024 -3.29346e-19 0.00301467 1.30529e-27 1.99e-06 1.56189e-20
24.78 0.930414 0 0 0 0 0 0.4516 1.6693e-18 -0.00302005 -1.32908e-28 2.59125e-06 6.79626e-21 0.464141 1.61808e-18 0.00299642 1.0812e-27 2.59123e-06 4.87641e-20
25.28 0.949031 0 0 0 0 0 0.462089 1.06339e-18 -0.00301682 3.50012e-28 2.58371e-06 -7.69213e-21 0.474593 6.39479e-19 0.00299963 7.85732e-28 2.58369e-06 2.61457e-20
25.78 0.967639 0 0 0 0 0 0.472303 -1.65017e-19 -0.00301239 -4.08571e-28 2.22395e-06 -2.90715e-20 0.483066 -6.0187e-19 0.00300429 2.73602e-28 2.22394e-06 2.90575e-21
26.28 0.986237 0 0 0 0 0 0.48321 2.10151e-18 -0.00281566 -2.22228e-28 2.01802e-06 1.27268e-20 0.49298 2.03925e-18 0.00320245 1.95501e-28 2.018e-06 7.00501e-20
26.78 1.00482 0 0 0 0 0 0.492575 1.76834e-18 -0.00309059 1.58546e-27 1.87623e-06 -2.0781e-20 0.501658 1.34697e-18 0.00292467 1.65524e-27 1.87622e-06 1.54432e-20
27.28 1.0234 0 0 0 0 0 0.501591 4.26999e-19 -0.00300269 1.14944e-28 1.47551e-06 -1.36793e-20 0.508735 4.47457e-19 0.0030147 8.31584e-28 1.47549e-06 2.21859e-20
27.78 1.04197 0 0 0 0 0 0.511453 1.15159e-18 -0.0030055 7.91129e-28 1.26156e-06 -3.43988e-20 0.517562 4.52685e-19 0.00301204 5.79894e-28 1.26154e-06 -2.15504e-20
28.28 1.06053 0 0 0 0 0 0.521955 1.65389e-18 -0.00301874 -2.83497e-28 7.88663e-07 -2.62319e-20 0.525773 4.67203e-19 0.00299885 4.23246e-28 7.88647e-07 3.53185e-20
28.78 1.07908 0 0 0 0 0 0.53121 9.09963e-20 -0.00313176 6.33794e-28 1.20597e-06 1.33217e-20 0.537049 -1.29851e-18 0.00288313 7.5188e-28 1.20595e-06 4.06676e-20
29.28 1.09761 0 0 0 0 0 0.538301 1.33416e-18 -0.00300961 1.67704e-27 1.91063e-06 -1.28063e-20 0.547553 6.18005e-19 0.00300858 1.97147e-27 1.91061e-06 1.8288e-20
29.78 1.11614 0 0 0 0 0 0.548428 2.66904e-19 -0.00299802 -7.96189e-29 1.30411e-06 -2.62323e-20 0.554744 -4.72101e-19 0.00302033 3.48421e-28 1.3041e-06 1.67364e-22
30.28 1.13465 0 0 0 0 0 0.558025 4.35924e-19 -0.00304415 4.34025e-28 9.95727e-07 -3.01613e-20 0.562847 -4.09625e-19 0.00297403 7.08555e-28 9.9571e-07 -3.20128e-20
30.78 1.15316 0 0 0 0 0 0.56962 7.48632e-20 -0.0029768 2.04614e-28 2.25445e-07 -4.02721e-20 0.570713 -2.41408e-19 0.00304188 3.17984e-28 2.25429e-07 1.43874e-20
31.28 1.17165 0 0 0 0 0 0.577285 2.72395e-18 -0.00301674 7.68819e-28 7.23209e-07 -1.18801e-20 0.580787 7.49851e-19 0.00300211 9.3561e-28 7.23193e-07 8.62469e-21
31.78 1.19013 0 0 0 0 0 0.584487 1.38267e-18 -0.00300594 3.37129e-28 6.09404e-07 -3.05514e-20 0.587438 -6.3476e-19 0.00301329 5.76126e-28 6.09388e-07 1.36421e-20
32.29 1.20897 0 0 0 0 0 0.592937 2.156e-18 -0.00304462 5.08012e-28 5.96999e-07 -4.11662e-20 0.595828 -2.92785e-20 0.00297465 3.98318e-28 5.96983e-07 -2.75709e-20
32.8 1.2278 0 0 0 0 0 0.599795 5.37076e-19 -0.00301865 1.21046e-27 1.1932e-06 -3.52071e-20 0.605574 -3.18587e-19 0.00300074 1.37465e-27 1.19319e-06 -4.08797e-20
33.31 1.24661 0 0 0 0 0 0.610357 1.01002e-18 -0.00309015 1.05605e-27 1.08386e-06 -5.43297e-20 0.615608 1.71198e-20 0.00292763 1.43569e-27 1.08384e-06 -1.46064e-20
33.82 1.26541 0 0 0 0 0 0.61933 1.26304e-19 -0.00298945 4.86205e-28 1.01901e-06 -5.86508e-20 0.624267 -8.69994e-19 0.00303024 7.76447e-28 1.019e-06 -9.74025e-21
34.33 1.2842 0 0 0 0 0 0.628207 -1.82763e-18 -0.00300816 3.94642e-28 8.78452e-07 -6.51024e-20 0.632464 -2.88649e-18 0.00301213 3.79685e-28 8.78436e-07 -3.15351e-20
34.84 1.30297 0 0 0 0 0 0.636593 -1.72281e-19 -0.00284231 1.12077e-27 1.36132e-06 -4.01653e-20 0.643189 -2.89063e-18 0.00317875 1.2827e-27 1.36131e-06 -1.29882e-20
35.35 1.32173 0 0 0 0 0 0.646239 -1.1242e-18 -0.00300979 2.98158e-27 2.00482e-06 -1.54903e-20 0.655952 -2.03398e-18 0.00301057 2.69545e-27 2.0048e-06 -1.61672e-20
35.86 1.34048 0 0 0 0 0 0.656826 3.26691e-18 -0.00300954 2.76773e-27 1.91633e-06 -3.72972e-20 0.666113 1.74877e-18 0.00301122 2.45084e-27 1.91632e-06 -1.64982e-20
36.37 1.35921 0 0 0 0 0 0.667231 1.83381e-18 -0.00301564 1.95921e-27 1.88412e-06 1.18313e-20 0.676362 5.24668e-19 0.00300501 1.65926e-27 1.88411e-06 1.59277e-20
36.88 1.37793 0 0 0 0 0 0.677582 2.057e-19 -0.00301453 2.86971e-27 1.90375e-06 -5.62016e-20 0.686808 -9.48545e-19 0.00300635 2.09993e-27 1.90373e-06 -6.29893e-20
37.39 1.39664 0 0 0 0 0 0.687831 4.28145e-18 -0.00300747 1.78477e-27 1.83475e-06 -1.75021e-20 0.696723 2.38981e-18 0.00301362 1.67915e-27 1.83474e-06 -2.65656e-20
37.9 1.41533 0 0 0 0 0 0.696509 2.8696e-18 -0.00300817 2.76177e-27 2.01519e-06 6.18816e-21 0.706277 1.74459e-18 0.00301337 3.2919e-27 2.01517e-06 1.63652e-20
38.41 1.43401 0 0 0 0 0 0.706956 2.82124e-18 -0.00298152 1.70201e-27 1.82672e-06 -2.64537e-21 0.715813 7.57161e-19 0.00304012 1.95532e-27 1.8267e-06 1.61147e-20
38.92 1.45267 0 0 0 0 0 0.715712 -6.49864e-19 -0.00255271 2.19643e-27 1.97768e-06 -4.1083e-20 0.7253 -2.85239e-19 0.00347816 3.65431e-27 1.97767e-06 1.07271e-20
39.43 1.47132 0 0 0 0 0 0.724741 -2.00792e-18 -0.00301534 2.84192e-27 2.27386e-06 2.63418e-20 0.735765 -2.29669e-18 0.00300653 2.98996e-27 2.27384e-06 3.98981e-20
39.94 1.48995 0 0 0 0 0 0.734244 7.53955e-19 -0.00300628 2.91658e-27 2.42764e-06 -7.81431e-20 0.746014 -5.89477e-19 0.00301601 4.16241e-27 2.42763e-06 -2.18568e-20
40.45 1.50856 0 0 0 0 0 0.744704 2.55283e-19 -0.00301276 1.92872e-27 2.34049e-06 -5.00341e-20 0.756051 5.53368e-19 0.00300955 4.30893e-27 2.34047e-06 3.25495e-20
40.96 1.52717 0 0 0 0 0 0.753613 1.09283e-18 -0.00300745 4.40702e-27 2.56588e-06 -6.11761e-20 0.766055 1.10463e-18 0.00301506 4.42405e-27 2.56586e-06 -2.87642e-20
41.47 1.54575 0 0 0 0 0 0.763634 7.34675e-19 -0.00301991 2.05751e-27 2.52316e-06 -7.23219e-20 0.775869 7.42461e-19 0.00300281 3.66274e-27 2.52315e-06 -4.97089e-21
41.98 1.56432 0 0 0 0 0 0.772514 3.23688e-19 -0.00283648 3.62112e-27 2.49649e-06 -5.28889e-20 0.78462 5.82623e-19 0.00318745 4.40997e-27 2.49647e-06 6.78009e-21
42.49 1.58287 0 0 0 0 0 0.781404 1.60729e-18 -0.0030121 3.24639e-27 2.19918e-06 -5.63738e-20 0.792071 1.11924e-18 0.00301111 3.27776e-27 2.19916e-06 -2.51159e-20
43 1.60141 0 0 0 0 0 0.789242 4.49152e-19 -0.00301488 1.84752e-27 2.23091e-06 -2.19498e-20 0.80006 2.471e-19 0.00300841 3.45314e-27 2.23089e-06 4.65626e-20
43.51 1.61993 0 0 0 0 0 0.79853 -1.75226e-18 -0.00300694 7.45705e-28 1.6455e-06 -5.00607e-20 0.806513 -2.2497e-18 0.00301665 1.52374e-27 1.64549e-06 2.32017e-20
44.02 1.63844 0 0 0 0 0 0.809288 1.98699e-18 -0.00342982 1.44169e-27 1.07621e-06 -7.7935e-20 0.814506 2.58712e-18 0.00260274 1.66488e-27 1.0762e-06 -5.37484e-20
44.53 1.65692 0 0 0 0 0 0.818752 -2.0085e-18 -0.00300391 8.46573e-28 1.00793e-06 -1.09686e-19 0.823643 -1.478e-18 0.00302004 1.67977e-27 1.00792e-06 -3.16242e-20
45.04 1.67539 0 0 0 0 0 0.828511 1.88503e-18 -0.00301702 5.04041e-28 6.37946e-07 -6.30111e-20 0.831603 1.02895e-18 0.00300707 7.64825e-28 6.3793e-07 1.1247e-21
45.55 1.69385 0 0 0 0 0 0.839438 -2.12455e-18 -0.00300744 1.27617e-27 6.09291e-07 -1.43365e-19 0.842395 -3.01525e-18 0.00301687 1.44189e-27 6.09275e-07 -9.02052e-20
46.06 1.71228 0 0 0 0 0 0.848805 -4.3972e-18 -0.00314624 4.77616e-28 4.23787e-07 -6.04862e-20 0.850862 -4.10694e-18 0.00287902 6.16325e-28 4.23771e-07 -1.12009e-20
46.57 1.7307 0 0 0 0 0 0.859269 1.66608e-18 -0.0030986 2.46638e-28 9.4807e-08 -4.37349e-20 0.859731 8.63495e-19 0.00292597 2.2172e-28 9.47909e-08 -1.62535e-20
47.08 1.7491 0 0 0 0 0 0.86999 -5.25823e-19 -0.00301614 -5.16828e-28 -3.57745e-07 -2.71581e-20 0.868253 -1.18752e-18 0.00300874 -4.61513e-28 -3.57761e-07 -5.33471e-21
47.59 1.76748 0 0 0 0 0 0.878738 -3.35452e-18 -0.00302256 -1.25539e-27 -7.319e-07 -9.42238e-20 0.875185 -1.95529e-18 0.00300253 -1.16115e-27 -7.31917e-07 -6.90592e-20
48.1 1.78585 0 0 0 0 0 0.889116 2.59673e-19 -0.00300882 -2.1934e-27 -1.25835e-06 -1.09581e-19 0.883012 7.22432e-20 0.00301639 -2.43127e-27 -1.25836e-06 -5.9102e-20
48.61 1.80419 0 0 0 0 0 0.895906 2.30338e-18 -0.00318119 -7.76598e-28 -5.10719e-07 -1.1165e-19 0.893426 2.07874e-18 0.00284541 -8.01565e-28 -5.10735e-07 -7.92953e-20
49.12 1.82252 0 0 0 0 0 0.904214 -2.31481e-18 -0.00308227 -3.18756e-28 -3.91983e-07 -1.12518e-19 0.902311 -2.35457e-18 0.00294344 -5.85365e-28 -3.91999e-07 -2.746e-20
49.63 1.84083 0 0 0 0 0 0.913524 -1.6846e-19 -0.00308296 -4.1983e-28 -5.88512e-07 -5.71119e-20 0.910668 -3.12021e-19 0.00294289 -6.92263e-28 -5.88528e-07 8.78423e-21
50.14 1.85912 0 0 0 0 0 0.923957 -1.0438e-18 -0.00300134 -1.46333e-27 -8.05247e-07 -5.27e-20 0.920048 -5.2136e-19 0.00302449 -1.06363e-27 -8.05263e-07 -5.1902e-20
50.65 1.87739 0 0 0 0 0 0.933272 -4.34851e-18 -0.00309063 -1.45168e-27 -1.34802e-06 -1.00265e-19 0.92673 -4.80311e-18 0.0029337 -1.65223e-27 -1.34804e-06 -4.51364e-20
51.16 1.89564 0 0 0 0 0 0.941295 -4.01598e-18 -0.00302414 -1.07546e-27 -1.06812e-06 -7.12526e-20 0.936108 -3.486e-18 0.00300227 -1.12235e-27 -1.06813e-06 -4.80973e-20
51.67 1.91387 0 0 0 0 0 0.948908 -3.44782e-19 -0.00298298 -4.72366e-28 -3.18149e-07 -8.86951e-20 0.947362 -1.22266e-19 0.00304342 -4.38546e-28 -3.18166e-07 -7.73021e-20
52.18 1.93209 0 0 0 0 0 0.958113 5.1085e-19 -0.00301066 -1.06538e-27 -8.68122e-07 -8.764e-20 0.953898 3.81802e-20 0.00301624 -1.06672e-27 -8.68138e-07 -6.25506e-20
52.69 1.95028 0 0 0 0 0 0.966017 -2.49061e-18 -0.00300597 -9.23838e-28 -7.48889e-07 -5.55656e-20 0.962383 -2.59414e-18 0.00302095 -7.43901e-28 -7.48905e-07 -5.77793e-20
53.2 1.96845 0 0 0 0 0 0.976925 -4.51359e-18 -0.00301201 -1.41025e-27 -1.1553e-06 -4.01174e-21 0.971315 -5.14269e-18 0.00301528 -3.09783e-28 -1.15531e-06 -3.25142e-20
53.71 1.9866 0 0 0 0 0 0.984076 -8.56249e-19 -0.00342399 -5.27144e-28 -4.41443e-07 -4.6615e-20 0.981934 -6.73175e-19 0.00261222 -2.58384e-28 -4.41459e-07 -6.02567e-20
54.22 2.00474 0 0 0 0 0 0.990193 -1.82876e-18 -0.00302205 -1.00345e-28 -1.26306e-07 6.64862e-21 0.989579 -2.68271e-18 0.0030052 -5.35406e-29 -1.26322e-07 -5.48683e-21
54.73 2.02285 0 0 0 0 0 0.998506 -1.04442e-18 -0.0031823 2.45401e-28 3.36291e-07 -3.57063e-20 1.00014 -1.82244e-18 0.00284637 2.36462e-28 3.36275e-07 -1.23644e-20
55.24 2.04094 0 0 0 0 0 1.0073 -4.85271e-18 -0.00285355 5.13159e-28 7.41906e-07 -1.25845e-21 1.0109 -4.98561e-18 0.00317553 2.96094e-28 7.41889e-07 1.57657e-20
55.75 2.05901 0 0 0 0 0 1.01731 -3.50334e-18 -0.00438834 2.54793e-28 4.60976e-07 1.96516e-20 1.01955 -4.98765e-18 0.00166329 2.54759e-28 4.6096e-07 4.72716e-20
56.26 2.07706 0 0 0 0 0 1.02451 -3.97836e-18 -0.00386627 8.37056e-28 8.56439e-07 -1.83093e-21 1.02867 -5.30267e-18 0.00217718 6.42554e-28 8.56423e-07 3.21292e-20
56.77 2.09508 0 0 0 0 0 1.03393 -5.3587e-19 -0.00330028 1.24527e-27 8.75071e-07 4.38204e-21 1.03818 -3.96698e-19 0.00275749 1.09612e-27 8.75055e-07 2.57184e-20
57.28 2.11309 0 0 0 0 0 1.04269 -4.26027e-18 -0.00253732 8.33257e-28 1.00431e-06 4.79495e-21 1.04757 -4.73654e-18 0.00349642 4.1868e-28 1.0043e-06 2.63695e-21
57.79 2.13107 0 0 0 0 0 1.0526 -6.33813e-18 -0.00266203 2.03576e-28 8.82759e-07 -3.9022e-21 1.05689 -5.42626e-18 0.00336239 3.62485e-29 8.82743e-07 8.72474e-22
58.3 2.14903 0 0 0 0 0 1.0615 -2.12852e-18 -0.00297024 5.63426e-28 8.64701e-07 -1.03688e-20 1.0657 -2.34422e-18 0.00305532 1.2173e-28 8.64685e-07 -2.37099e-20
58.81 2.16697 0 0 0 0 0 1.07073 -4.87479e-18 -0.0028829 -4.45507e-29 9.35672e-07 -2.71909e-20 1.07527 -5.71578e-18 0.00314344 -2.28836e-29 9.35656e-07 -3.41466e-21
59.32 2.18489 0 0 0 0 0 1.07998 -2.25206e-18 -0.00301641 3.74177e-28 8.99158e-07 -4.63383e-20 1.08435 -3.2725e-18 0.00301119 3.66713e-28 8.99142e-07 -1.93212e-20
59.83 2.20279 0 0 0 0 0 1.08833 -5.27652e-18 -0.00432276 9.18546e-28 1.09543e-06 1.45329e-20 1.09365 -5.84566e-18 0.00172657 4.65872e-28 1.09541e-06 7.47958e-21
60.34 2.22066 0 0 0 0 0 1.09713 -1.47307e-18 -0.00244793 5.595e-28 1.04741e-06 -3.42275e-20 1.10222 -8.58279e-19 0.00358271 2.52799e-28 1.04739e-06 -4.06285e-20
60.85 2.23851 0 0 0 0 0 1.10653 -2.70753e-18 -0.00310228 8.94317e-28 1.02139e-06 -2.01459e-20 1.11149 -3.36188e-18 0.00292471 5.8392e-28 1.02137e-06 -1.75279e-20
61.36 2.25634 0 0 0 0 0 1.11568 -3.3719e-18 -0.00274565 1.06117e-27 1.09e-06 -8.03614e-21 1.12098 -3.38969e-18 0.00328995 6.64867e-28 1.08999e-06 1.28212e-20
61.87 2.27414 0 0 0 0 0 1.12364 -1.78002e-18 -0.0020262 1.58498e-27 1.33674e-06 -2.66919e-20 1.13013 -1.65117e-18 0.0040191 1.16453e-27 1.33672e-06 -4.86378e-21
62.38 2.29192 0 0 0 0 0 1.13329 -2.72446e-18 -0.00354586 1.6844e-27 1.31256e-06 3.19241e-20 1.13967 -2.05684e-18 0.00249 1.18598e-27 1.31254e-06 4.36255e-20
62.89 2.30968 0 0 0 0 0 1.14247 -1.86276e-18 -0.00295306 9.87778e-28 1.56381e-06 2.44836e-20 1.15007 -2.43393e-18 0.0030741 -2.13196e-28 1.56379e-06 2.55126e-20
63.4 2.32741 0 0 0 0 0 1.15099 -5.26066e-18 -0.00358834 1.07944e-28 1.64169e-06 3.75689e-20 1.15897 -5.62699e-18 0.00244927 -3.03285e-28 1.64167e-06 7.22897e-20
63.91 2.34512 0 0 0 0 0 1.16007 -3.4003e-18 -0.00329256 7.63715e-28 1.63446e-06 6.26711e-20 1.16802 -3.20945e-18 0.00273531 -1.13357e-28 1.63445e-06 7.61629e-20
64.41 2.36246 0 0 0 0 0 1.16847 -5.98283e-18 -0.00317971 2.21237e-27 1.72488e-06 3.38953e-20 1.17686 -5.20359e-18 0.00284844 1.01203e-27 1.72486e-06 5.75695e-20
64.91 2.37977 0 0 0 0 0 1.17738 -5.60723e-18 -0.00166595 1.52274e-27 1.6878e-06 1.38643e-20 1.18559 -4.71997e-18 0.00438372 4.69905e-28 1.68778e-06 1.99971e-20
65.41 2.39706 0 0 0 0 0 1.18598 -6.85392e-18 -0.00273493 5.49886e-28 1.7949e-06 2.89562e-20 1.19471 -6.13279e-18 0.00332522 -1.22591e-28 1.79489e-06 4.32391e-20
65.91 2.41433 0 0 0 0 0 1.19382 -7.73912e-18 -0.00276591 4.1919e-28 1.98859e-06 6.22483e-21 1.20349 -8.04075e-18 0.00331709 -5.56265e-29 1.98857e-06 3.71433e-20
66.41 2.43158 0 0 0 0 0 1.20258 -3.90173e-18 -0.00317853 2.23939e-27 1.84271e-06 2.28617e-20 1.21154 -3.93611e-18 0.00285043 2.00587e-27 1.84269e-06 7.12865e-20
66.91 2.4488 0 0 0 0 0 1.21155 -6.15761e-18 -0.00316133 1.37347e-27 1.49353e-06 1.2968e-22 1.21881 -6.35899e-18 0.00286796 7.8961e-28 1.49352e-06 2.20998e-20
67.41 2.46599 0 0 0 0 0 1.22016 -5.33929e-18 -0.00305219 1.17934e-27 1.27064e-06 -2.74311e-20 1.22634 -5.07868e-18 0.00298105 4.13065e-28 1.27063e-06 -2.02187e-20
67.91 2.48317 0 0 0 0 0 1.22915 -4.03681e-18 -0.00334111 1.34339e-27 1.28155e-06 3.47177e-20 1.23538 -4.48254e-18 0.00269448 7.41376e-28 1.28154e-06 4.15955e-20
68.41 2.50031 0 0 0 0 0 1.2376 -6.49269e-18 -0.00251508 7.09206e-28 1.39423e-06 2.09942e-21 1.24438 -7.08861e-18 0.00352623 -6.64217e-29 1.39422e-06 2.31804e-20
68.91 2.51743 0 0 0 0 0 1.24595 -7.71807e-18 -0.0031736 6.69346e-28 1.56885e-06 4.29389e-20 1.25357 -8.36765e-18 0.00285946 -2.36483e-28 1.56883e-06 4.71688e-20
69.41 2.53453 0 0 0 0 0 1.25417 -9.93498e-18 -0.00221981 8.1038e-28 1.80576e-06 6.58962e-20 1.26296 -9.33708e-18 0.00382561 -8.30436e-28 1.80574e-06 5.82522e-20
69.91 2.55161 0 0 0 0 0 1.26283 -8.9056e-18 -0.00295502 1.12928e-27 1.94809e-06 2.83887e-20 1.27231 -8.03021e-18 0.00307464 3.12331e-28 1.94808e-06 7.63476e-20
70.41 2.56865 0 0 0 0 0 1.27179 -7.15114e-18 -0.0029248 6.37038e-28 1.79963e-06 -1.63057e-20 1.28054 -7.55109e-18 0.00310561 2.19692e-28 1.79962e-06 2.89768e-20
70.91 2.58567 0 0 0 0 0 1.28027 -8.17865e-18 -0.00339756 1.55833e-27 1.97737e-06 4.73022e-20 1.28989 -8.43116e-18 0.00264024 1.10773e-28 1.97736e-06 6.60791e-20
71.41 2.60267 0 0 0 0 0 1.28822 -3.48438e-18 -0.00281921 6.89995e-28 2.24904e-06 6.91652e-20 1.29916 -2.71099e-18 0.00321993 -3.89839e-28 2.24902e-06 7.73315e-20
71.91 2.61964 0 0 0 0 0 1.29702 -4.56341e-18 -0.00259183 5.89496e-28 2.38744e-06 2.9769e-20 1.30864 -3.49281e-18 0.00344086 -3.51635e-28 2.38742e-06 5.60019e-20
72.41 2.63659 0 0 0 0 0 1.30536 -6.48847e-18 -0.0032044 8.8483e-28 2.44992e-06 6.41975e-20 1.31728 -6.31835e-18 0.00283117 -1.27657e-27 2.44991e-06 5.36682e-20
72.91 2.65351 0 0 0 0 0 1.31389 -3.72142e-18 -0.00308052 1.02106e-27 2.35324e-06 3.55127e-20 1.32534 -3.73145e-18 0.00295017 -6.65151e-28 2.35323e-06 4.09543e-20
73.41 2.6704 0 0 0 0 0 1.32195 -5.04686e-18 -0.00301946 8.22501e-28 2.5169e-06 2.58018e-20 1.3342 -5.06644e-18 0.00301161 -1.05297e-27 2.51689e-06 2.89938e-20
73.91 2.68727 0 0 0 0 0 1.33034 -3.78188e-18 -0.00219598 1.54682e-27 2.68076e-06 -1.8576e-20 1.34339 -3.46104e-18 0.00385186 3.65119e-29 2.68074e-06 2.33297e-20
74.41 2.70411 0 0 0 0 0 1.33906 -6.18767e-18 -0.00425729 2.0403e-27 2.67575e-06 -2.06079e-20 1.35208 -5.48025e-18 0.00179385 7.12484e-28 2.67573e-06 -1.33853e-21
74.91 2.72092 0 0 0 0 0 1.34729 -4.84636e-18 -0.00204706 -9.94574e-28 2.82415e-06 2.19532e-20 1.36104 -3.33652e-18 0.00400335 -2.65354e-27 2.82413e-06 2.78611e-20
75.41 2.73771 0 0 0 0 0 1.35617 -3.34843e-18 -0.00225966 3.12592e-28 2.94446e-06 2.80066e-20 1.3705 -4.12873e-18 0.00376503 -8.10006e-28 2.94444e-06 4.94283e-20
75.91 2.75447 0 0 0 0 0 1.36453 -4.10449e-18 -0.00262282 1.37321e-27 3.04556e-06 -1.01386e-20 1.37935 -3.77291e-18 0.00346814 -1.91844e-27 3.04554e-06 -2.65346e-20
76.41 2.7712 0 0 0 0 0 1.3729 -1.96001e-18 -0.00236999 6.37389e-29 3.26657e-06 -1.64072e-21 1.3888 -1.89638e-18 0.00367614 -1.91564e-27 3.26655e-06 1.87592e-20
76.91 2.7879 0 0 0 0 0 1.38287 -1.70933e-18 -0.00333978 2.72133e-27 3.07278e-06 2.29396e-20 1.39783 -1.2906e-18 0.00270178 -3.37097e-28 3.07276e-06 6.81876e-21
77.41 2.80458 0 0 0 0 0 1.39115 -3.61308e-18 -0.00307734 8.09669e-28 3.1341e-06 1.55723e-20 1.40641 -3.03856e-18 0.00295787 -1.36509e-27 3.13408e-06 2.81196e-20
77.91 2.82123 0 0 0 0 0 1.39974 -5.12289e-18 -0.00347466 4.86015e-28 3.3911e-06 3.2805e-20 1.41625 -4.36423e-18 0.00256606 -3.44543e-27 3.39109e-06 9.33644e-21
78.41 2.83785 0 0 0 0 0 1.40795 -3.37884e-18 -0.0014224 2.64151e-27 3.50485e-06 3.83041e-21 1.42502 -3.84698e-18 0.00463777 -1.39829e-27 3.50483e-06 -6.71792e-21
78.91 2.85445 0 0 0 0 0 1.41617 -6.00734e-18 -0.00400432 -1.41247e-27 3.48796e-06 -4.45011e-20 1.43316 -6.38933e-18 0.00204467 -1.16404e-27 3.48794e-06 -9.74763e-21
79.41 2.87101 0 0 0 0 0 1.42453 -4.82537e-18 -0.00384407 -9.17434e-28 3.52167e-06 6.90089e-21 1.44168 -5.06021e-18 0.00222734 -3.48649e-27 3.52166e-06 -5.09738e-23
79.91 2.88755 0 0 0 0 0 1.43251 -3.90955e-18 -0.00325629 -1.69175e-27 3.59221e-06 4.8568e-20 1.45 -4.01122e-18 0.00277722 -4.13713e-27 3.5922e-06 6.81545e-20
80.41 2.90406 0 0 0 0 0 1.44041 -1.45755e-18 -0.00289854 -1.13895e-28 3.79928e-06 1.00217e-20 1.45891 -1.97642e-18 0.00315967 -1.28168e-27 3.79926e-06 4.22709e-20
80.91 2.92054 0 0 0 0 0 1.44856 -2.68402e-18 -0.00344704 3.03254e-28 3.84995e-06 -4.12016e-21 1.46731 -1.42306e-18 0.00258418 -1.36735e-27 3.84993e-06 1.30507e-20
81.41 2.93699 0 0 0 0 0 1.45643 -7.90189e-18 -0.0023942 -2.67885e-28 4.17291e-06 2.95222e-20 1.47675 -7.04512e-18 0.0036531 -1.78076e-27 4.17289e-06 6.32207e-20
81.91 2.95341 0 0 0 0 0 1.46376 -4.87426e-18 -0.00354176 -2.36147e-28 4.33995e-06 -6.70725e-21 1.4849 -5.33444e-18 0.00250081 -2.3365e-27 4.33993e-06 8.07476e-21
82.41 2.9698 0 0 0 0 0 1.47219 -4.2935e-18 -0.00180759 -8.62299e-28 4.70169e-06 -5.53951e-21 1.49508 -3.9635e-18 0.00424878 -4.95534e-27 4.70167e-06 -1.28748e-20
82.91 2.98617 0 0 0 0 0 1.48013 -4.47635e-18 -0.00298346 -3.95195e-27 4.87329e-06 3.3449e-20 1.50386 -4.52094e-18 0.00305083 -7.14463e-27 4.87328e-06 3.18343e-20
83.41 3.0025 0 0 0 0 0 1.4881 -5.94944e-18 -0.00301469 -2.82963e-27 4.91744e-06 -6.24503e-21 1.51206 -6.02262e-18 0.00301979 -5.54382e-27 4.91742e-06 -4.6545e-21
83.91 3.01881 0 0 0 0 0 1.49604 -6.73233e-18 -0.000555698 1.15329e-27 4.98045e-06 2.47533e-20 1.52031 -7.08921e-18 0.00551677 -2.44421e-27 4.98043e-06 2.28531e-20
84.41 3.03508 0 0 0 0 0 1.50335 -7.36024e-18 -0.00321981 -1.02074e-27 5.12325e-06 -3.84822e-20 1.52831 -7.18253e-18 0.0028158 -1.76239e-27 5.12323e-06 -5.18443e-21
84.91 3.05133 0 0 0 0 0 1.51321 -5.34018e-18 -0.00352536 5.28364e-28 4.8293e-06 -3.10575e-20 1.53673 -6.85457e-18 0.0025184 -3.01858e-27 4.82928e-06 -3.17064e-20
85.41 3.06754 0 0 0 0 0 1.52762 -5.01366e-18 -0.00644698 8.15394e-28 2.05938e-06 -4.06111e-21 1.53766 -5.13096e-18 -0.000356299 1.6058e-28 2.05936e-06 1.67199e-20
85.91 3.08373 0 0 0 0 0 1.54172 -2.70424e-18 -0.00245394 -7.05081e-29 1.48343e-07 -2.366e-20 1.54245 -3.52484e-18 0.0036935 -1.19235e-28 1.48327e-07 7.00764e-21
86.41 3.09988 0 0 0 0 0 1.54986 -2.84041e-18 -0.00353169 -4.16568e-29 5.25495e-08 -4.81846e-21 1.55011 -3.66303e-18 0.00268279 -4.42435e-29 5.25329e-08 2.40456e-20
86.91 3.11601 0 0 0 0 0 1.55808 -7.0856e-18 -0.00327954 -1.37813e-29 2.68017e-08 -5.36895e-21 1.55821 -9.76318e-18 0.0030449 -7.0379e-30 2.67847e-08 1.00487e-19
87.41 3.1321 0 0 0 0 0 1.56609 -1.41234e-18 -0.00600201 6.44259e-29 -2.37028e-08 -4.19606e-20 1.56597 -5.5749e-18 0.000446979 3.69317e-29 -2.372e-08 6.3734e-20
87.91 3.14816 0 0 0 0 0 1.57426 -5.62711e-18 -0.00362094 5.93222e-30 2.82132e-09 -8.40836e-20 1.57427 -6.19318e-18 0.00288582 -1.82412e-30 2.8039e-09 -3.3506e-20
88.41 3.16419 0 0 0 0 0 1.58202 -4.42549e-18 -0.00306646 5.74816e-32 -3.35364e-09 5.07709e-20 1.582 -5.16261e-18 0.00353461 2.63217e-30 -3.37132e-09 5.08927e-20
88.91 3.18019 0 0 0 0 0 1.59015 -4.75334e-18 -0.00323842 3.5973e-30 -1.76542e-08 -2.91448e-20 1.59006 -5.5548e-18 0.00350172 -4.58573e-30 -1.76722e-08 3.80509e-20
89.41 3.19616 0 0 0 0 0 1.59812 -9.00558e-18 -0.00387492 -1.91389e-29 -3.09709e-08 -4.36072e-20 1.59797 -8.58465e-18 0.00293892 -5.87289e-31 -3.09892e-08 -2.66899e-20
89.91 3.2121 0 0 0 0 0 1.60609 -7.78242e-18 -0.00337068 1.35302e-30 -6.54766e-09 -3.02002e-20 1.60606 -6.98033e-18 0.00354867 1.86166e-30 -6.56621e-09 -2.87003e-21
90.41 3.228 0 0 0 0 0 1.61413 -9.67707e-18 -0.00352731 9.00136e-30 -3.54429e-09 -2.34342e-20 1.61411 -1.02244e-17 0.00347759 1.13606e-29 -3.56307e-09 2.12245e-20
90.91 3.24387 0 0 0 0 0 1.62198 -2.3221e-18 -0.0035487 3.3156e-30 4.13501e-09 9.36407e-20 1.622 -1.18718e-18 0.00355556 2.09939e-30 4.11596e-09 9.65755e-20
91.41 3.25971 0 0 0 0 0 1.6299 -1.69215e-18 -0.00363248 1.26283e-30 -1.16291e-08 -4.54651e-20 1.62985 -2.63143e-18 0.00357004 1.66372e-30 -1.16485e-08 -2.13796e-20
91.91 3.27552 0 0 0 0 0 1.6378 -4.0616e-18 -0.00374712 -3.10958e-30 4.05371e-09 1.82661e-20 1.63782 -4.62344e-18 0.00355183 -8.07626e-30 4.03412e-09 -6.16043e-21
92.41 3.2913 0 0 0 0 0 1.6457 -2.29711e-18 -0.00382853 -1.62564e-29 1.33802e-08 2.18929e-20 1.64576 -2.67242e-18 0.00356088 -1.61913e-29 1.33604e-08 3.7241e-20
92.91 3.30704 0 0 0 0 0 1.65358 -1.68655e-18 -0.00376499 -3.96082e-30 -3.44474e-09 -3.09043e-20 1.65357 -2.79252e-18 0.00371967 -5.94047e-30 -3.46484e-09 5.02591e-20
93.41 3.32276 0 0 0 0 0 1.66137 -7.76154e-18 -0.0037768 -4.2455e-30 8.1211e-09 5.16098e-20 1.66141 -6.31648e-18 0.00380517 -7.57372e-30 8.10074e-09 7.06933e-20
93.91 3.33844 0 0 0 0 0 1.66927 -5.45566e-18 -0.0039797 2.11091e-30 3.04491e-09 -3.30453e-21 1.66928 -4.18463e-18 0.00369685 -2.25681e-30 3.02429e-09 -2.17919e-20
94.41 3.35408 0 0 0 0 0 1.67709 -4.74321e-18 -0.00384222 -1.15243e-29 7.01669e-09 1.35408e-20 1.67712 -5.46652e-18 0.00393673 -1.05484e-29 6.99578e-09 6.24692e-20
94.91 3.36969 0 0 0 0 0 1.68488 -5.75977e-18 -0.00398272 -4.22988e-30 1.99614e-09 2.70759e-21 1.68489 -6.32496e-18 0.00388995 -4.92093e-30 1.97498e-09 7.52079e-21
95.41 3.38527 0 0 0 0 0 1.69268 -3.88931e-18 -0.00397387 -2.29711e-31 5.9822e-10 -6.92504e-20 1.69269 -2.5014e-18 0.00399042 -3.42301e-31 5.76808e-10 -1.75537e-20
95.91 3.40082 0 0 0 0 0 1.70046 -4.1305e-18 -0.00408423 -1.01057e-30 -2.02391e-09 -6.74768e-20 1.70045 -4.71385e-18 0.00397665 -2.16808e-30 -2.04558e-09 4.91049e-20
96.41 3.41633 0 0 0 0 0 1.70822 -5.04634e-18 -0.00408219 -1.45943e-30 -9.90643e-10 -5.51319e-20 1.70821 -6.03326e-18 0.00407301 -6.96752e-32 -1.01258e-09 -3.40368e-20
96.91 3.43181 0 0 0 0 0 1.71595 -3.68976e-18 -0.00414445 1.67317e-30 -1.15035e-09 -8.85814e-21 1.71594 -2.76281e-18 0.00410559 1.08286e-30 -1.17254e-09 7.941e-20
97.41 3.44726 0 0 0 0 0 1.72368 -1.77248e-18 -0.0042446 2.20625e-31 -3.79829e-09 -7.8783e-20 1.72366 -1.00521e-18 0.00409887 4.10757e-31 -3.82074e-09 -5.92606e-21
97.91 3.46267 0 0 0 0 0 1.73138 -3.55242e-18 -0.00420048 -1.2331e-30 -1.40773e-09 -3.91409e-20 1.73137 -2.18137e-18 0.00423744 -1.33092e-30 -1.43044e-09 2.26857e-20
98.41 3.47804 0 0 0 0 0 1.73907 -2.35241e-18 -0.00425645 -1.45474e-30 1.1719e-09 3.10053e-20 1.73908 -9.56574e-19 0.00427749 -1.47537e-30 1.14893e-09 1.01885e-19
98.91 3.49338 0 0 0 0 0 1.74676 -2.56231e-18 -0.00432663 -3.17405e-30 -8.44387e-09 -9.3176e-20 1.74672 -6.28883e-19 0.00429925 -2.86e-30 -8.46709e-09 -2.39463e-20
99.41 3.50869 0 0 0 0 0 1.75436 -3.27186e-18 -0.00409228 4.69161e-31 2.56514e-09 -2.40956e-20 1.75437 -2.49004e-18 0.00462298 2.40686e-31 2.54167e-09 3.90423e-20
99.91 3.52397 0 0 0 0 0 1.76204 -1.54121e-18 -0.00457143 -5.06213e-31 -2.82891e-09 1.10131e-20 1.76202 -6.20824e-19 0.00423789 -2.05241e-30 -2.85263e-09 3.38357e-20
100.41 3.5392 0 0 0 0 0 1.76965 -8.09327e-18 -0.0045369 -2.23756e-30 -2.2237e-09 -5.41128e-20 1.76964 -5.31968e-18 0.00436367 -4.16287e-31 -2.24768e-09 -2.5854e-21
100.91 3.55441 0 0 0 0 0 1.77724 -4.21576e-18 -0.00485693 -3.38819e-30 -2.55338e-09 -8.16273e-20 1.77723 -1.09512e-18 0.00413752 -1.75833e-30 -2.57761e-09 -5.89818e-20
101.41 3.56958 0 0 0 0 0 1.78481 -3.02933e-18 -0.00465702 -1.47527e-30 -5.27846e-09 -5.09786e-20 1.78478 1.50248e-19 0.00443562 4.72965e-31 -5.30296e-09 -3.0772e-21
101.91 3.58471 0 0 0 0 0 1.79239 -6.68313e-18 -0.00499304 -1.51565e-31 6.94845e-10 4.53695e-20 1.7924 -4.26975e-18 0.00418774 -1.81621e-31 6.70101e-10 5.6297e-20
102.41 3.59981 0 0 0 0 0 1.79988 -1.08805e-17 -0.00425865 2.66622e-29 1.54122e-08 -4.08041e-20 1.79995 -6.56277e-18 0.00495594 2.1578e-29 1.46668e-08 -1.07706e-20
102.91 3.61487 0 0 0 0 0 1.80743 -3.22006e-18 -0.00447886 -4.96164e-30 2.34529e-08 4.44118e-20 1.80752 4.65381e-20 0.00455623 -9.55981e-30 2.19949e-08 4.49088e-20
103.41 3.6299 0 0 0 0 0 1.81493 -1.72215e-18 -0.00430244 1.96659e-30 2.69376e-08 -6.43084e-20 1.81502 1.97124e-18 0.00403857 4.47543e-30 2.72758e-08 -1.42262e-20
103.91 3.64489 0 0 0 0 0 1.82241 1.356e-18 -0.00330259 -1.46746e-29 2.61788e-08 -5.82348e-20 1.82248 4.04304e-18 0.00346212 -1.70816e-29 2.62396e-08 -1.61581e-20
104.41 3.65984 0 0 0 0 0 1.82998 -4.30888e-18 -0.00194334 9.0128e-30 5.85672e-08 -4.11365e-20 1.82992 2.23593e-19 0.00196944 8.06477e-30 5.85515e-08 2.12111e-20
104.91 3.67476 0 0 0 0 0 1.83734 -9.83957e-19 -0.00133577 3.73753e-28 -1.77773e-07 -1.13043e-20 1.83743 1.45816e-18 0.00145546 4.52704e-28 8.33133e-07 8.21442e-20
105.41 3.68964 0 0 0 0 0 1.84473 -4.04245e-18 -0.000855328 -8.1857e-27 -1.59168e-08 -1.91325e-20 1.84482 -1.39982e-18 0.00080104 -8.1175e-27 -1.2272e-07 1.80404e-20
105.91 3.70449 0 0 0 0 0 1.85219 -3.93942e-18 -0.000875838 -1.39607e-26 -2.68131e-07 5.68682e-20 1.85227 -7.37247e-21 0.000781763 -1.4087e-26 -1.80083e-07 5.10709e-20
